13.9677 	EXP 	Created window1 = Window(allowGUI=False, allowStencil=False, args=UNKNOWN, autoLog=True, bitsMode=UNKNOWN, blendMode='avg', color=array([0., 0., 0.]), colorSpace='rgb', fullscr=<method-wrapper '__getattribute__' of attributeSetter object at 0x00000264CE5E4940>, gamma=None, gammaErrorPolicy='raise', kwargs=UNKNOWN, lms=UNKNOWN, monitor=<psychopy.monitors.calibTools.Monitor object at 0x00000264CE6B6B70>, multiSample=False, name='window1', numSamples=2, pos=[0.0, 0.0], screen=0, size=array([1920, 1080]), stereo=False, units='height', useFBO=True, useRetina=False, viewOri=0.0, viewPos=None, viewScale=None, waitBlanking=True, winType='pyglet')
13.9678 	EXP 	window1: recordFrameIntervals = False
14.1327 	EXP 	window1: recordFrameIntervals = True
14.3163 	EXP 	window1: recordFrameIntervals = False
14.8318 	EXP 	Created text_3 = TextStim(__class__=<class 'psychopy.visual.text.TextStim'>, alignHoriz='center', alignVert='center', antialias=True, autoLog=True, bold=False, color='white', colorSpace='named', contrast=1.0, depth=0.0, flipHoriz=False, flipVert=False, font='Calibri', fontFiles=[], height=0.025, italic=False, languageStyle='LTR', name='text_3', opacity=1.0, ori=0, pos=array([-0.25,  0.  ]), rgb=array([255., 255., 255.]), text=str(...), units='height', win=Window(...), wrapWidth=1)
14.8438 	EXP 	Created pos0 = Polygon(__class__=<class 'psychopy.visual.polygon.Polygon'>, autoDraw=False, autoLog=True, closeShape=True, color=method-wrapper(...), colorSpace=None, contrast=1.0, depth=-1.0, fillColor=array([1., 1., 1.]), fillColorSpace='rgb', fillRGB=array([1., 1., 1.]), interpolate=True, lineColor=array([1., 1., 1.]), lineColorSpace='rgb', lineRGB=array([1., 1., 1.]), lineWidth=0.005, name='pos0', opacity=1.0, ori=array(90.), pos=array([0.5, 0. ]), size=array([0.1, 0.1]), units='height', vertices=ndarray(...), win=Window(...))
14.8506 	EXP 	Created pos90 = Polygon(__class__=<class 'psychopy.visual.polygon.Polygon'>, autoDraw=False, autoLog=True, closeShape=True, color=method-wrapper(...), colorSpace=None, contrast=1.0, depth=-2.0, fillColor=array([1., 1., 1.]), fillColorSpace='rgb', fillRGB=array([1., 1., 1.]), interpolate=True, lineColor=array([1., 1., 1.]), lineColorSpace='rgb', lineRGB=array([1., 1., 1.]), lineWidth=0.005, name='pos90', opacity=1.0, ori=array(0.), pos=array([0. , 0.5]), size=array([0.1, 0.1]), units='height', vertices=ndarray(...), win=Window(...))
14.8577 	EXP 	Created pos180 = Polygon(__class__=<class 'psychopy.visual.polygon.Polygon'>, autoDraw=False, autoLog=True, closeShape=True, color=method-wrapper(...), colorSpace=None, contrast=1.0, depth=-3.0, fillColor=array([1., 1., 1.]), fillColorSpace='rgb', fillRGB=array([1., 1., 1.]), interpolate=True, lineColor=array([1., 1., 1.]), lineColorSpace='rgb', lineRGB=array([1., 1., 1.]), lineWidth=1, name='pos180', opacity=1.0, ori=array(0.), pos=array([-0.5,  0. ]), size=array([0.1, 0.1]), units='height', vertices=ndarray(...), win=Window(...))
14.8647 	EXP 	Created pos270 = Polygon(__class__=<class 'psychopy.visual.polygon.Polygon'>, autoDraw=False, autoLog=True, closeShape=True, color=method-wrapper(...), colorSpace=None, contrast=1.0, depth=-4.0, fillColor=array([1., 1., 1.]), fillColorSpace='rgb', fillRGB=array([1., 1., 1.]), interpolate=True, lineColor=array([1., 1., 1.]), lineColorSpace='rgb', lineRGB=array([1., 1., 1.]), lineWidth=1, name='pos270', opacity=1.0, ori=array(0.), pos=array([ 0. , -0.5]), size=array([0.1, 0.1]), units='height', vertices=ndarray(...), win=Window(...))
14.8892 	EXP 	Created text_2 = TextStim(__class__=<class 'psychopy.visual.text.TextStim'>, alignHoriz='center', alignVert='center', antialias=True, autoLog=True, bold=False, color='white', colorSpace='named', contrast=1.0, depth=0.0, flipHoriz=False, flipVert=False, font='Calibri', fontFiles=[], height=0.025, italic=False, languageStyle='LTR', name='text_2', opacity=1.0, ori=0, pos=array([0., 0.]), rgb=array([255., 255., 255.]), text=str(...), units='height', win=Window(...), wrapWidth=1)
14.9244 	EXP 	text_3: autoDraw = True
20.4528 	DATA 	Keypress: space
20.6051 	EXP 	Imported Trials_.xlsx as conditions, 3 conditions, 4 params
20.6063 	EXP 	Created sequence: sequential, trialTypes=3, nReps=1, seed=None
20.6075 	EXP 	New trial (rep=0, index=0): OrderedDict([('Color1', [1, 1, 0]), ('Color2', [1, 1, 1]), ('Color3', [0, 0, 1]), ('Color4', [0, 0, 0])])
20.6221 	EXP 	text_3: autoDraw = False
20.6221 	EXP 	pos0: fillColor = '[1. 1. 1.] (rgb)'
20.6221 	EXP 	pos90: fillColor = '[1. 1. 0.] (rgb)'
20.6221 	EXP 	pos180: fillColor = '[0. 0. 1.] (rgb)'
20.6221 	EXP 	pos270: fillColor = '[0. 0. 0.] (rgb)'
20.6221 	EXP 	pos0: autoDraw = True
20.6221 	EXP 	pos90: autoDraw = True
20.6221 	EXP 	pos180: autoDraw = True
20.6221 	EXP 	pos270: autoDraw = True
21.6295 	EXP 	pos0: autoDraw = False
21.6295 	EXP 	pos90: autoDraw = False
21.6295 	EXP 	pos180: autoDraw = False
21.6295 	EXP 	pos270: autoDraw = False
24.6299 	DATA 	Mouse: Left button down, pos=(803,672)
24.6423 	EXP 	New trial (rep=0, index=1): OrderedDict([('Color1', [1, 1, 0]), ('Color2', [1, 1, 1]), ('Color3', [1, 0.5, 1]), ('Color4', [1, 1, 0])])
24.6527 	EXP 	pos0: autoDraw = False
24.6527 	EXP 	pos90: autoDraw = False
24.6527 	EXP 	pos180: autoDraw = False
24.6527 	EXP 	pos270: autoDraw = False
24.6527 	EXP 	pos0: fillColor = '[1. 1. 1.] (rgb)'
24.6527 	EXP 	pos90: fillColor = '[1. 1. 0.] (rgb)'
24.6527 	EXP 	pos180: fillColor = '[1.  0.5 1. ] (rgb)'
24.6527 	EXP 	pos270: fillColor = '[1. 1. 0.] (rgb)'
24.6527 	EXP 	pos0: autoDraw = True
24.6527 	EXP 	pos90: autoDraw = True
24.6527 	EXP 	pos180: autoDraw = True
24.6527 	EXP 	pos270: autoDraw = True
24.7456 	DATA 	Mouse:  Left button up, pos=(803,672)
25.6616 	EXP 	pos0: autoDraw = False
25.6616 	EXP 	pos90: autoDraw = False
25.6616 	EXP 	pos180: autoDraw = False
25.6616 	EXP 	pos270: autoDraw = False
27.3956 	DATA 	Mouse: Left button down, pos=(803,672)
27.4047 	EXP 	New trial (rep=0, index=2): OrderedDict([('Color1', [1, 1, 0]), ('Color2', [1, 1, 1]), ('Color3', [1, 1, 1]), ('Color4', [128, 128, 128])])
27.4151 	EXP 	pos0: autoDraw = False
27.4151 	EXP 	pos90: autoDraw = False
27.4151 	EXP 	pos180: autoDraw = False
27.4151 	EXP 	pos270: autoDraw = False
27.4151 	EXP 	pos0: fillColor = '[1. 1. 1.] (rgb)'
27.4151 	EXP 	pos90: fillColor = '[1. 1. 0.] (rgb)'
27.4151 	EXP 	pos180: fillColor = '[1. 1. 1.] (rgb)'
27.4151 	EXP 	pos270: fillColor = '[128. 128. 128.] (rgb)'
27.4151 	EXP 	pos0: autoDraw = True
27.4151 	EXP 	pos90: autoDraw = True
27.4151 	EXP 	pos180: autoDraw = True
27.4151 	EXP 	pos270: autoDraw = True
27.4948 	DATA 	Mouse:  Left button up, pos=(803,672)
28.4277 	EXP 	pos0: autoDraw = False
28.4277 	EXP 	pos90: autoDraw = False
28.4277 	EXP 	pos180: autoDraw = False
28.4277 	EXP 	pos270: autoDraw = False
29.5783 	DATA 	Mouse: Left button down, pos=(803,672)
29.5940 	EXP 	pos0: autoDraw = False
29.5940 	EXP 	pos90: autoDraw = False
29.5940 	EXP 	pos180: autoDraw = False
29.5940 	EXP 	pos270: autoDraw = False
29.5940 	EXP 	text_2: autoDraw = True
29.6798 	DATA 	Mouse:  Left button up, pos=(803,672)
37.0286 	DATA 	Keypress: space
37.6292 	DATA 	Mouse: Left button down, pos=(1311,469)
37.7601 	DATA 	Mouse:  Left button up, pos=(1311,469)
42.8273 	DATA 	Keypress: escape
43.2284 	EXP 	window1: mouseVisible = True
