13.5256 	DATA 	Keypress: capslock
13.7096 	EXP 	Created window1 = Window(allowGUI=False, allowStencil=False, args=UNKNOWN, autoLog=True, bitsMode=UNKNOWN, blendMode='avg', color=array([0., 0., 0.]), colorSpace='rgb', fullscr=<method-wrapper '__getattribute__' of attributeSetter object at 0x00000233609C3550>, gamma=None, gammaErrorPolicy='raise', kwargs=UNKNOWN, lms=UNKNOWN, monitor=<psychopy.monitors.calibTools.Monitor object at 0x0000023360A98780>, multiSample=False, name='window1', numSamples=2, pos=[0.0, 0.0], screen=0, size=array([1920, 1080]), stereo=False, units='height', useFBO=True, useRetina=False, viewOri=0.0, viewPos=None, viewScale=None, waitBlanking=True, winType='pyglet')
13.7097 	EXP 	window1: recordFrameIntervals = False
13.8743 	EXP 	window1: recordFrameIntervals = True
14.0584 	EXP 	window1: recordFrameIntervals = False
14.7907 	EXP 	Created text_3 = TextStim(__class__=<class 'psychopy.visual.text.TextStim'>, alignHoriz='center', alignVert='center', antialias=True, autoLog=True, bold=False, color='white', colorSpace='named', contrast=1.0, depth=0.0, flipHoriz=False, flipVert=False, font='Calibri', fontFiles=[], height=0.025, italic=False, languageStyle='LTR', name='text_3', opacity=1.0, ori=0, pos=array([-0.25,  0.  ]), rgb=array([255., 255., 255.]), text=str(...), units='height', win=Window(...), wrapWidth=1)
14.8049 	EXP 	Created pos0 = Polygon(__class__=<class 'psychopy.visual.polygon.Polygon'>, autoDraw=False, autoLog=True, closeShape=True, color=method-wrapper(...), colorSpace=None, contrast=1.0, depth=0.0, fillColor=array([1., 1., 1.]), fillColorSpace='rgb', fillRGB=array([1., 1., 1.]), interpolate=True, lineColor=array([1., 1., 1.]), lineColorSpace='rgb', lineRGB=array([1., 1., 1.]), lineWidth=0.005, name='pos0', opacity=1.0, ori=array(90.), pos=array([0.4, 0. ]), size=array([0.1, 0.1]), units='height', vertices=ndarray(...), win=Window(...))
14.8122 	EXP 	Created pos45 = Polygon(__class__=<class 'psychopy.visual.polygon.Polygon'>, autoDraw=False, autoLog=True, closeShape=True, color=method-wrapper(...), colorSpace=None, contrast=1.0, depth=-1.0, fillColor=array([1., 1., 1.]), fillColorSpace='rgb', fillRGB=array([1., 1., 1.]), interpolate=True, lineColor=array([1., 1., 1.]), lineColorSpace='rgb', lineRGB=array([1., 1., 1.]), lineWidth=1, name='pos45', opacity=1.0, ori=array(0.), pos=array([0.25, 0.25]), size=array([0.1, 0.1]), units='height', vertices=ndarray(...), win=Window(...))
14.8179 	EXP 	Created pos90 = Polygon(__class__=<class 'psychopy.visual.polygon.Polygon'>, autoDraw=False, autoLog=True, closeShape=True, color=method-wrapper(...), colorSpace=None, contrast=1.0, depth=-2.0, fillColor=array([1., 1., 1.]), fillColorSpace='rgb', fillRGB=array([1., 1., 1.]), interpolate=True, lineColor=array([1., 1., 1.]), lineColorSpace='rgb', lineRGB=array([1., 1., 1.]), lineWidth=0.005, name='pos90', opacity=1.0, ori=array(0.), pos=array([0. , 0.4]), size=array([0.1, 0.1]), units='height', vertices=ndarray(...), win=Window(...))
14.8233 	EXP 	Created pos135 = Polygon(__class__=<class 'psychopy.visual.polygon.Polygon'>, autoDraw=False, autoLog=True, closeShape=True, color=method-wrapper(...), colorSpace=None, contrast=1.0, depth=-3.0, fillColor=array([1., 1., 1.]), fillColorSpace='rgb', fillRGB=array([1., 1., 1.]), interpolate=True, lineColor=array([1., 1., 1.]), lineColorSpace='rgb', lineRGB=array([1., 1., 1.]), lineWidth=1, name='pos135', opacity=1.0, ori=array(0.), pos=array([-0.25,  0.25]), size=array([0.1, 0.1]), units='height', vertices=ndarray(...), win=Window(...))
14.8279 	EXP 	Created pos180 = Polygon(__class__=<class 'psychopy.visual.polygon.Polygon'>, autoDraw=False, autoLog=True, closeShape=True, color=method-wrapper(...), colorSpace=None, contrast=1.0, depth=-4.0, fillColor=array([1., 1., 1.]), fillColorSpace='rgb', fillRGB=array([1., 1., 1.]), interpolate=True, lineColor=array([1., 1., 1.]), lineColorSpace='rgb', lineRGB=array([1., 1., 1.]), lineWidth=1, name='pos180', opacity=1.0, ori=array(0.), pos=array([-0.4,  0. ]), size=array([0.1, 0.1]), units='height', vertices=ndarray(...), win=Window(...))
14.8327 	EXP 	Created pos225 = Polygon(__class__=<class 'psychopy.visual.polygon.Polygon'>, autoDraw=False, autoLog=True, closeShape=True, color=method-wrapper(...), colorSpace=None, contrast=1.0, depth=-5.0, fillColor=array([1., 1., 1.]), fillColorSpace='rgb', fillRGB=array([1., 1., 1.]), interpolate=True, lineColor=array([1., 1., 1.]), lineColorSpace='rgb', lineRGB=array([1., 1., 1.]), lineWidth=1, name='pos225', opacity=1.0, ori=array(0.), pos=array([-0.25, -0.25]), size=array([0.1, 0.1]), units='height', vertices=ndarray(...), win=Window(...))
14.8374 	EXP 	Created pos270 = Polygon(__class__=<class 'psychopy.visual.polygon.Polygon'>, autoDraw=False, autoLog=True, closeShape=True, color=method-wrapper(...), colorSpace=None, contrast=1.0, depth=-6.0, fillColor=array([1., 1., 1.]), fillColorSpace='rgb', fillRGB=array([1., 1., 1.]), interpolate=True, lineColor=array([1., 1., 1.]), lineColorSpace='rgb', lineRGB=array([1., 1., 1.]), lineWidth=1, name='pos270', opacity=1.0, ori=array(0.), pos=array([ 0. , -0.4]), size=array([0.1, 0.1]), units='height', vertices=ndarray(...), win=Window(...))
14.8421 	EXP 	Created pos315 = Polygon(__class__=<class 'psychopy.visual.polygon.Polygon'>, autoDraw=False, autoLog=True, closeShape=True, color=method-wrapper(...), colorSpace=None, contrast=1.0, depth=-7.0, fillColor=array([1., 1., 1.]), fillColorSpace='rgb', fillRGB=array([1., 1., 1.]), interpolate=True, lineColor=array([1., 1., 1.]), lineColorSpace='rgb', lineRGB=array([1., 1., 1.]), lineWidth=1, name='pos315', opacity=1.0, ori=array(0.), pos=array([ 0.25, -0.25]), size=array([0.1, 0.1]), units='height', vertices=ndarray(...), win=Window(...))
14.8467 	EXP 	Created response = Polygon(__class__=<class 'psychopy.visual.polygon.Polygon'>, autoDraw=False, autoLog=True, closeShape=True, color=method-wrapper(...), colorSpace=None, contrast=1.0, depth=-8.0, fillColor=array([1., 1., 1.]), fillColorSpace='rgb', fillRGB=array([1., 1., 1.]), interpolate=True, lineColor=array([1., 1., 1.]), lineColorSpace='rgb', lineRGB=array([1., 1., 1.]), lineWidth=1, name='response', opacity=1.0, ori=array(0.), pos=array([0., 0.]), size=array([0.1, 0.1]), units='height', vertices=ndarray(...), win=Window(...))
14.8595 	EXP 	Created text = TextStim(__class__=<class 'psychopy.visual.text.TextStim'>, alignHoriz='center', alignVert='center', antialias=True, autoLog=True, bold=False, color='black', colorSpace='named', contrast=1.0, depth=-10.0, flipHoriz=False, flipVert=False, font='Arial', fontFiles=[], height=0.05, italic=False, languageStyle='LTR', name='text', opacity=1.0, ori=0, pos=array([0., 0.]), rgb=array([0., 0., 0.]), text='+', units='height', win=Window(...), wrapWidth=1)
14.8656 	EXP 	Created pos0_2 = Polygon(__class__=<class 'psychopy.visual.polygon.Polygon'>, autoDraw=False, autoLog=True, closeShape=True, color=method-wrapper(...), colorSpace=None, contrast=1.0, depth=0.0, fillColor=array([1., 1., 1.]), fillColorSpace='rgb', fillRGB=array([1., 1., 1.]), interpolate=True, lineColor=array([1., 1., 1.]), lineColorSpace='rgb', lineRGB=array([1., 1., 1.]), lineWidth=0.005, name='pos0_2', opacity=1.0, ori=array(90.), pos=array([0.4, 0. ]), size=array([0.1, 0.1]), units='height', vertices=ndarray(...), win=Window(...))
14.8720 	EXP 	Created pos45_2 = Polygon(__class__=<class 'psychopy.visual.polygon.Polygon'>, autoDraw=False, autoLog=True, closeShape=True, color=method-wrapper(...), colorSpace=None, contrast=1.0, depth=-1.0, fillColor=array([1., 1., 1.]), fillColorSpace='rgb', fillRGB=array([1., 1., 1.]), interpolate=True, lineColor=array([1., 1., 1.]), lineColorSpace='rgb', lineRGB=array([1., 1., 1.]), lineWidth=1, name='pos45_2', opacity=1.0, ori=array(0.), pos=array([0.25, 0.25]), size=array([0.1, 0.1]), units='height', vertices=ndarray(...), win=Window(...))
14.8789 	EXP 	Created pos90_2 = Polygon(__class__=<class 'psychopy.visual.polygon.Polygon'>, autoDraw=False, autoLog=True, closeShape=True, color=method-wrapper(...), colorSpace=None, contrast=1.0, depth=-2.0, fillColor=array([1., 1., 1.]), fillColorSpace='rgb', fillRGB=array([1., 1., 1.]), interpolate=True, lineColor=array([1., 1., 1.]), lineColorSpace='rgb', lineRGB=array([1., 1., 1.]), lineWidth=0.005, name='pos90_2', opacity=1.0, ori=array(0.), pos=array([0. , 0.4]), size=array([0.1, 0.1]), units='height', vertices=ndarray(...), win=Window(...))
14.8858 	EXP 	Created pos135_2 = Polygon(__class__=<class 'psychopy.visual.polygon.Polygon'>, autoDraw=False, autoLog=True, closeShape=True, color=method-wrapper(...), colorSpace=None, contrast=1.0, depth=-3.0, fillColor=array([1., 1., 1.]), fillColorSpace='rgb', fillRGB=array([1., 1., 1.]), interpolate=True, lineColor=array([1., 1., 1.]), lineColorSpace='rgb', lineRGB=array([1., 1., 1.]), lineWidth=1, name='pos135_2', opacity=1.0, ori=array(0.), pos=array([-0.25,  0.25]), size=array([0.1, 0.1]), units='height', vertices=ndarray(...), win=Window(...))
14.8922 	EXP 	Created pos180_2 = Polygon(__class__=<class 'psychopy.visual.polygon.Polygon'>, autoDraw=False, autoLog=True, closeShape=True, color=method-wrapper(...), colorSpace=None, contrast=1.0, depth=-4.0, fillColor=array([1., 1., 1.]), fillColorSpace='rgb', fillRGB=array([1., 1., 1.]), interpolate=True, lineColor=array([1., 1., 1.]), lineColorSpace='rgb', lineRGB=array([1., 1., 1.]), lineWidth=1, name='pos180_2', opacity=1.0, ori=array(0.), pos=array([-0.4,  0. ]), size=array([0.1, 0.1]), units='height', vertices=ndarray(...), win=Window(...))
14.8993 	EXP 	Created pos225_2 = Polygon(__class__=<class 'psychopy.visual.polygon.Polygon'>, autoDraw=False, autoLog=True, closeShape=True, color=method-wrapper(...), colorSpace=None, contrast=1.0, depth=-5.0, fillColor=array([1., 1., 1.]), fillColorSpace='rgb', fillRGB=array([1., 1., 1.]), interpolate=True, lineColor=array([1., 1., 1.]), lineColorSpace='rgb', lineRGB=array([1., 1., 1.]), lineWidth=1, name='pos225_2', opacity=1.0, ori=array(0.), pos=array([-0.25, -0.25]), size=array([0.1, 0.1]), units='height', vertices=ndarray(...), win=Window(...))
14.9074 	EXP 	Created pos270_2 = Polygon(__class__=<class 'psychopy.visual.polygon.Polygon'>, autoDraw=False, autoLog=True, closeShape=True, color=method-wrapper(...), colorSpace=None, contrast=1.0, depth=-6.0, fillColor=array([1., 1., 1.]), fillColorSpace='rgb', fillRGB=array([1., 1., 1.]), interpolate=True, lineColor=array([1., 1., 1.]), lineColorSpace='rgb', lineRGB=array([1., 1., 1.]), lineWidth=1, name='pos270_2', opacity=1.0, ori=array(0.), pos=array([ 0. , -0.4]), size=array([0.1, 0.1]), units='height', vertices=ndarray(...), win=Window(...))
14.9158 	EXP 	Created pos315_2 = Polygon(__class__=<class 'psychopy.visual.polygon.Polygon'>, autoDraw=False, autoLog=True, closeShape=True, color=method-wrapper(...), colorSpace=None, contrast=1.0, depth=-7.0, fillColor=array([1., 1., 1.]), fillColorSpace='rgb', fillRGB=array([1., 1., 1.]), interpolate=True, lineColor=array([1., 1., 1.]), lineColorSpace='rgb', lineRGB=array([1., 1., 1.]), lineWidth=1, name='pos315_2', opacity=1.0, ori=array(0.), pos=array([ 0.25, -0.25]), size=array([0.1, 0.1]), units='height', vertices=ndarray(...), win=Window(...))
14.9236 	EXP 	Created response_2 = Polygon(__class__=<class 'psychopy.visual.polygon.Polygon'>, autoDraw=False, autoLog=True, closeShape=True, color=method-wrapper(...), colorSpace=None, contrast=1.0, depth=-8.0, fillColor=array([1., 1., 1.]), fillColorSpace='rgb', fillRGB=array([1., 1., 1.]), interpolate=True, lineColor=array([1., 1., 1.]), lineColorSpace='rgb', lineRGB=array([1., 1., 1.]), lineWidth=1, name='response_2', opacity=1.0, ori=array(0.), pos=array([0., 0.]), size=array([0.1, 0.1]), units='height', vertices=ndarray(...), win=Window(...))
14.9287 	EXP 	Created text_4 = TextStim(__class__=<class 'psychopy.visual.text.TextStim'>, alignHoriz='center', alignVert='center', antialias=True, autoLog=True, bold=False, color='black', colorSpace='named', contrast=1.0, depth=-10.0, flipHoriz=False, flipVert=False, font='Arial', fontFiles=[], height=0.05, italic=False, languageStyle='LTR', name='text_4', opacity=1.0, ori=0, pos=array([0., 0.]), rgb=array([0., 0., 0.]), text='+', units='height', win=Window(...), wrapWidth=1)
14.9560 	EXP 	Created text_2 = TextStim(__class__=<class 'psychopy.visual.text.TextStim'>, alignHoriz='center', alignVert='center', antialias=True, autoLog=True, bold=False, color='white', colorSpace='named', contrast=1.0, depth=0.0, flipHoriz=False, flipVert=False, font='Calibri', fontFiles=[], height=0.025, italic=False, languageStyle='LTR', name='text_2', opacity=1.0, ori=0, pos=array([0., 0.]), rgb=array([255., 255., 255.]), text=str(...), units='height', win=Window(...), wrapWidth=1)
14.9924 	EXP 	text_3: autoDraw = True
20.0890 	EXP 	Imported trials_short_delay.xlsx as conditions, 16 conditions, 13 params
20.0894 	EXP 	Created sequence: random, trialTypes=16, nReps=1, seed=None
20.0899 	EXP 	New trial (rep=0, index=0): OrderedDict([('Color0', [1, 1, -1]), ('Color45', [1, 1, 1]), ('Color90', [1, -1, -1]), ('Color135', [0, 0, 0]), ('Color180', [1, -1, 1]), ('Color225', [-1, 1, 1]), ('Color270', [-1, 1, -1]), ('Color315', [-1, -1, 1]), ('Cueresp', [1, -1, 1]), ('target_angle', 180), ('load', 7), ('delay', 2), ('trial', 2)])
20.0991 	DATA 	Keypress: space
20.1020 	EXP 	text_3: autoDraw = False
20.1020 	EXP 	pos0: fillColor = '[ 1.  1. -1.] (rgb)'
20.1020 	EXP 	pos0: lineColor = '[ 1.  1. -1.] (rgb)'
20.1020 	EXP 	pos45: fillColor = '[1. 1. 1.] (rgb)'
20.1020 	EXP 	pos45: lineColor = '[1. 1. 1.] (rgb)'
20.1020 	EXP 	pos90: fillColor = '[ 1. -1. -1.] (rgb)'
20.1020 	EXP 	pos90: lineColor = '[ 1. -1. -1.] (rgb)'
20.1020 	EXP 	pos135: fillColor = '[0. 0. 0.] (rgb)'
20.1020 	EXP 	pos135: lineColor = '[0. 0. 0.] (rgb)'
20.1020 	EXP 	pos180: fillColor = '[ 1. -1.  1.] (rgb)'
20.1020 	EXP 	pos180: lineColor = '[ 1. -1.  1.] (rgb)'
20.1020 	EXP 	pos225: fillColor = '[-1.  1.  1.] (rgb)'
20.1020 	EXP 	pos225: lineColor = '[-1.  1.  1.] (rgb)'
20.1020 	EXP 	pos270: fillColor = '[-1.  1. -1.] (rgb)'
20.1020 	EXP 	pos270: lineColor = '[-1.  1. -1.] (rgb)'
20.1020 	EXP 	pos315: fillColor = '[-1. -1.  1.] (rgb)'
20.1020 	EXP 	pos315: lineColor = '[-1. -1.  1.] (rgb)'
20.1020 	EXP 	response: fillColor = '[ 1. -1.  1.] (rgb)'
20.1020 	EXP 	response: lineColor = '[ 1. -1.  1.] (rgb)'
20.1020 	EXP 	pos0: autoDraw = True
20.1020 	EXP 	pos45: autoDraw = True
20.1020 	EXP 	pos90: autoDraw = True
20.1020 	EXP 	pos135: autoDraw = True
20.1020 	EXP 	pos180: autoDraw = True
20.1020 	EXP 	pos225: autoDraw = True
20.1020 	EXP 	pos270: autoDraw = True
20.1020 	EXP 	pos315: autoDraw = True
20.1020 	EXP 	text: autoDraw = True
25.1036 	EXP 	pos0: autoDraw = False
25.1036 	EXP 	pos45: autoDraw = False
25.1036 	EXP 	pos90: autoDraw = False
25.1036 	EXP 	pos135: autoDraw = False
25.1036 	EXP 	pos180: autoDraw = False
25.1036 	EXP 	pos225: autoDraw = False
25.1036 	EXP 	pos270: autoDraw = False
25.1036 	EXP 	pos315: autoDraw = False
27.0862 	EXP 	response: autoDraw = True
28.4065 	DATA 	Mouse: Left button down, pos=(557,457)
28.4238 	EXP 	New trial (rep=0, index=1): OrderedDict([('Color0', [1, -1, -1]), ('Color45', [-1, -1, 1]), ('Color90', [1, -1, 1]), ('Color135', [1, 1, 1]), ('Color180', [-1, 1, -1]), ('Color225', [1, 1, -1]), ('Color270', [-1, 1, 1]), ('Color315', [0, 0, 0]), ('Cueresp', [-1, -1, 1]), ('target_angle', 45), ('load', 7), ('delay', 2), ('trial', 5)])
28.4508 	EXP 	pos0: autoDraw = False
28.4508 	EXP 	pos45: autoDraw = False
28.4508 	EXP 	pos90: autoDraw = False
28.4508 	EXP 	pos135: autoDraw = False
28.4508 	EXP 	pos180: autoDraw = False
28.4508 	EXP 	pos225: autoDraw = False
28.4508 	EXP 	pos270: autoDraw = False
28.4508 	EXP 	pos315: autoDraw = False
28.4508 	EXP 	response: autoDraw = False
28.4508 	EXP 	text: autoDraw = False
28.4508 	EXP 	pos0: fillColor = '[ 1. -1. -1.] (rgb)'
28.4508 	EXP 	pos0: lineColor = '[ 1. -1. -1.] (rgb)'
28.4508 	EXP 	pos45: fillColor = '[-1. -1.  1.] (rgb)'
28.4508 	EXP 	pos45: lineColor = '[-1. -1.  1.] (rgb)'
28.4508 	EXP 	pos90: fillColor = '[ 1. -1.  1.] (rgb)'
28.4508 	EXP 	pos90: lineColor = '[ 1. -1.  1.] (rgb)'
28.4508 	EXP 	pos135: fillColor = '[1. 1. 1.] (rgb)'
28.4508 	EXP 	pos135: lineColor = '[1. 1. 1.] (rgb)'
28.4508 	EXP 	pos180: fillColor = '[-1.  1. -1.] (rgb)'
28.4508 	EXP 	pos180: lineColor = '[-1.  1. -1.] (rgb)'
28.4508 	EXP 	pos225: fillColor = '[ 1.  1. -1.] (rgb)'
28.4508 	EXP 	pos225: lineColor = '[ 1.  1. -1.] (rgb)'
28.4508 	EXP 	pos270: fillColor = '[-1.  1.  1.] (rgb)'
28.4508 	EXP 	pos270: lineColor = '[-1.  1.  1.] (rgb)'
28.4508 	EXP 	pos315: fillColor = '[0. 0. 0.] (rgb)'
28.4508 	EXP 	pos315: lineColor = '[0. 0. 0.] (rgb)'
28.4508 	EXP 	response: fillColor = '[-1. -1.  1.] (rgb)'
28.4508 	EXP 	response: lineColor = '[-1. -1.  1.] (rgb)'
28.4508 	EXP 	pos0: autoDraw = True
28.4508 	EXP 	pos45: autoDraw = True
28.4508 	EXP 	pos90: autoDraw = True
28.4508 	EXP 	pos135: autoDraw = True
28.4508 	EXP 	pos180: autoDraw = True
28.4508 	EXP 	pos225: autoDraw = True
28.4508 	EXP 	pos270: autoDraw = True
28.4508 	EXP 	pos315: autoDraw = True
28.4508 	EXP 	text: autoDraw = True
28.5235 	DATA 	Mouse:  Left button up, pos=(557,456)
33.4511 	EXP 	pos0: autoDraw = False
33.4511 	EXP 	pos45: autoDraw = False
33.4511 	EXP 	pos90: autoDraw = False
33.4511 	EXP 	pos135: autoDraw = False
33.4511 	EXP 	pos180: autoDraw = False
33.4511 	EXP 	pos225: autoDraw = False
33.4511 	EXP 	pos270: autoDraw = False
33.4511 	EXP 	pos315: autoDraw = False
35.4334 	EXP 	response: autoDraw = True
36.7593 	DATA 	Mouse: Left button down, pos=(1284,788)
36.7765 	EXP 	New trial (rep=0, index=2): OrderedDict([('Color0', [0, 0, 0]), ('Color45', [0, 0, 0]), ('Color90', [0, 0, 0]), ('Color135', [1, 1, 1]), ('Color180', [0, 0, 0]), ('Color225', [1, -1, 1]), ('Color270', [-1, 1, 1]), ('Color315', [0, 0, 0]), ('Cueresp', [1, -1, 1]), ('target_angle', 225), ('load', 3), ('delay', 2), ('trial', 5)])
36.7958 	EXP 	pos0: autoDraw = False
36.7958 	EXP 	pos45: autoDraw = False
36.7958 	EXP 	pos90: autoDraw = False
36.7958 	EXP 	pos135: autoDraw = False
36.7958 	EXP 	pos180: autoDraw = False
36.7958 	EXP 	pos225: autoDraw = False
36.7958 	EXP 	pos270: autoDraw = False
36.7958 	EXP 	pos315: autoDraw = False
36.7958 	EXP 	response: autoDraw = False
36.7958 	EXP 	text: autoDraw = False
36.7958 	EXP 	pos0: fillColor = '[0. 0. 0.] (rgb)'
36.7958 	EXP 	pos0: lineColor = '[0. 0. 0.] (rgb)'
36.7958 	EXP 	pos45: fillColor = '[0. 0. 0.] (rgb)'
36.7958 	EXP 	pos45: lineColor = '[0. 0. 0.] (rgb)'
36.7958 	EXP 	pos90: fillColor = '[0. 0. 0.] (rgb)'
36.7958 	EXP 	pos90: lineColor = '[0. 0. 0.] (rgb)'
36.7958 	EXP 	pos135: fillColor = '[1. 1. 1.] (rgb)'
36.7958 	EXP 	pos135: lineColor = '[1. 1. 1.] (rgb)'
36.7958 	EXP 	pos180: fillColor = '[0. 0. 0.] (rgb)'
36.7958 	EXP 	pos180: lineColor = '[0. 0. 0.] (rgb)'
36.7958 	EXP 	pos225: fillColor = '[ 1. -1.  1.] (rgb)'
36.7958 	EXP 	pos225: lineColor = '[ 1. -1.  1.] (rgb)'
36.7958 	EXP 	pos270: fillColor = '[-1.  1.  1.] (rgb)'
36.7958 	EXP 	pos270: lineColor = '[-1.  1.  1.] (rgb)'
36.7958 	EXP 	pos315: fillColor = '[0. 0. 0.] (rgb)'
36.7958 	EXP 	pos315: lineColor = '[0. 0. 0.] (rgb)'
36.7958 	EXP 	response: fillColor = '[ 1. -1.  1.] (rgb)'
36.7958 	EXP 	response: lineColor = '[ 1. -1.  1.] (rgb)'
36.7958 	EXP 	pos0: autoDraw = True
36.7958 	EXP 	pos45: autoDraw = True
36.7958 	EXP 	pos90: autoDraw = True
36.7958 	EXP 	pos135: autoDraw = True
36.7958 	EXP 	pos180: autoDraw = True
36.7958 	EXP 	pos225: autoDraw = True
36.7958 	EXP 	pos270: autoDraw = True
36.7958 	EXP 	pos315: autoDraw = True
36.7958 	EXP 	text: autoDraw = True
36.8879 	DATA 	Mouse:  Left button up, pos=(1285,788)
41.7983 	EXP 	pos0: autoDraw = False
41.7983 	EXP 	pos45: autoDraw = False
41.7983 	EXP 	pos90: autoDraw = False
41.7983 	EXP 	pos135: autoDraw = False
41.7983 	EXP 	pos180: autoDraw = False
41.7983 	EXP 	pos225: autoDraw = False
41.7983 	EXP 	pos270: autoDraw = False
41.7983 	EXP 	pos315: autoDraw = False
43.7806 	EXP 	response: autoDraw = True
45.0496 	DATA 	Mouse: Left button down, pos=(690,312)
45.0604 	EXP 	New trial (rep=0, index=3): OrderedDict([('Color0', [0, 0, 0]), ('Color45', [0, 0, 0]), ('Color90', [0, 0, 0]), ('Color135', [1, -1, 1]), ('Color180', [1, 1, -1]), ('Color225', [0, 0, 0]), ('Color270', [0, 0, 0]), ('Color315', [-1, 1, -1]), ('Cueresp', [1, 1, -1]), ('target_angle', 180), ('load', 3), ('delay', 2), ('trial', 7)])
45.0799 	EXP 	pos0: autoDraw = False
45.0799 	EXP 	pos45: autoDraw = False
45.0799 	EXP 	pos90: autoDraw = False
45.0799 	EXP 	pos135: autoDraw = False
45.0799 	EXP 	pos180: autoDraw = False
45.0799 	EXP 	pos225: autoDraw = False
45.0799 	EXP 	pos270: autoDraw = False
45.0799 	EXP 	pos315: autoDraw = False
45.0799 	EXP 	response: autoDraw = False
45.0799 	EXP 	text: autoDraw = False
45.0799 	EXP 	pos0: fillColor = '[0. 0. 0.] (rgb)'
45.0799 	EXP 	pos0: lineColor = '[0. 0. 0.] (rgb)'
45.0799 	EXP 	pos45: fillColor = '[0. 0. 0.] (rgb)'
45.0799 	EXP 	pos45: lineColor = '[0. 0. 0.] (rgb)'
45.0799 	EXP 	pos90: fillColor = '[0. 0. 0.] (rgb)'
45.0799 	EXP 	pos90: lineColor = '[0. 0. 0.] (rgb)'
45.0799 	EXP 	pos135: fillColor = '[ 1. -1.  1.] (rgb)'
45.0799 	EXP 	pos135: lineColor = '[ 1. -1.  1.] (rgb)'
45.0799 	EXP 	pos180: fillColor = '[ 1.  1. -1.] (rgb)'
45.0799 	EXP 	pos180: lineColor = '[ 1.  1. -1.] (rgb)'
45.0799 	EXP 	pos225: fillColor = '[0. 0. 0.] (rgb)'
45.0799 	EXP 	pos225: lineColor = '[0. 0. 0.] (rgb)'
45.0799 	EXP 	pos270: fillColor = '[0. 0. 0.] (rgb)'
45.0799 	EXP 	pos270: lineColor = '[0. 0. 0.] (rgb)'
45.0799 	EXP 	pos315: fillColor = '[-1.  1. -1.] (rgb)'
45.0799 	EXP 	pos315: lineColor = '[-1.  1. -1.] (rgb)'
45.0799 	EXP 	response: fillColor = '[ 1.  1. -1.] (rgb)'
45.0799 	EXP 	response: lineColor = '[ 1.  1. -1.] (rgb)'
45.0799 	EXP 	pos0: autoDraw = True
45.0799 	EXP 	pos45: autoDraw = True
45.0799 	EXP 	pos90: autoDraw = True
45.0799 	EXP 	pos135: autoDraw = True
45.0799 	EXP 	pos180: autoDraw = True
45.0799 	EXP 	pos225: autoDraw = True
45.0799 	EXP 	pos270: autoDraw = True
45.0799 	EXP 	pos315: autoDraw = True
45.0799 	EXP 	text: autoDraw = True
45.1999 	DATA 	Mouse:  Left button up, pos=(691,312)
46.6858 	DATA 	Keypress: escape
47.0594 	EXP 	window1: mouseVisible = True
