7.2363 	EXP 	Created window1 = Window(allowGUI=False, allowStencil=False, args=UNKNOWN, autoLog=True, bitsMode=UNKNOWN, blendMode='avg', color=array([0., 0., 0.]), colorSpace='rgb', fullscr=<method-wrapper '__getattribute__' of attributeSetter object at 0x0000018785214320>, gamma=None, gammaErrorPolicy='raise', kwargs=UNKNOWN, lms=UNKNOWN, monitor=<psychopy.monitors.calibTools.Monitor object at 0x00000187854FA550>, multiSample=False, name='window1', numSamples=2, pos=[0.0, 0.0], screen=0, size=array([1920, 1080]), stereo=False, units='height', useFBO=True, useRetina=False, viewOri=0.0, viewPos=None, viewScale=None, waitBlanking=True, winType='pyglet')
7.2364 	EXP 	window1: recordFrameIntervals = False
7.4011 	EXP 	window1: recordFrameIntervals = True
7.5852 	EXP 	window1: recordFrameIntervals = False
7.8528 	EXP 	Created text_3 = TextStim(__class__=<class 'psychopy.visual.text.TextStim'>, alignHoriz='center', alignVert='center', antialias=True, autoLog=True, bold=False, color='white', colorSpace='named', contrast=1.0, depth=0.0, flipHoriz=False, flipVert=False, font='Calibri', fontFiles=[], height=0.025, italic=False, languageStyle='LTR', name='text_3', opacity=1.0, ori=0, pos=array([-0.25,  0.  ]), rgb=array([255., 255., 255.]), text=str(...), units='height', win=Window(...), wrapWidth=1)
7.8581 	EXP 	Created pos0 = Polygon(__class__=<class 'psychopy.visual.polygon.Polygon'>, autoDraw=False, autoLog=True, closeShape=True, color=method-wrapper(...), colorSpace=None, contrast=1.0, depth=0.0, fillColor=array([1., 1., 1.]), fillColorSpace='rgb', fillRGB=array([1., 1., 1.]), interpolate=True, lineColor=array([1., 1., 1.]), lineColorSpace='rgb', lineRGB=array([1., 1., 1.]), lineWidth=0.005, name='pos0', opacity=1.0, ori=array(90.), pos=array([0.5, 0. ]), size=array([0.1, 0.1]), units='height', vertices=ndarray(...), win=Window(...))
7.8613 	EXP 	Created pos45 = Polygon(__class__=<class 'psychopy.visual.polygon.Polygon'>, autoDraw=False, autoLog=True, closeShape=True, color=method-wrapper(...), colorSpace=None, contrast=1.0, depth=-1.0, fillColor=array([1., 1., 1.]), fillColorSpace='rgb', fillRGB=array([1., 1., 1.]), interpolate=True, lineColor=array([1., 1., 1.]), lineColorSpace='rgb', lineRGB=array([1., 1., 1.]), lineWidth=1, name='pos45', opacity=1.0, ori=array(0.), pos=array([0.25, 0.25]), size=array([0.1, 0.1]), units='height', vertices=ndarray(...), win=Window(...))
7.8642 	EXP 	Created pos90 = Polygon(__class__=<class 'psychopy.visual.polygon.Polygon'>, autoDraw=False, autoLog=True, closeShape=True, color=method-wrapper(...), colorSpace=None, contrast=1.0, depth=-2.0, fillColor=array([1., 1., 1.]), fillColorSpace='rgb', fillRGB=array([1., 1., 1.]), interpolate=True, lineColor=array([1., 1., 1.]), lineColorSpace='rgb', lineRGB=array([1., 1., 1.]), lineWidth=0.005, name='pos90', opacity=1.0, ori=array(0.), pos=array([0. , 0.4]), size=array([0.1, 0.1]), units='height', vertices=ndarray(...), win=Window(...))
7.8673 	EXP 	Created pos135 = Polygon(__class__=<class 'psychopy.visual.polygon.Polygon'>, autoDraw=False, autoLog=True, closeShape=True, color=method-wrapper(...), colorSpace=None, contrast=1.0, depth=-3.0, fillColor=array([1., 1., 1.]), fillColorSpace='rgb', fillRGB=array([1., 1., 1.]), interpolate=True, lineColor=array([1., 1., 1.]), lineColorSpace='rgb', lineRGB=array([1., 1., 1.]), lineWidth=1, name='pos135', opacity=1.0, ori=array(0.), pos=array([-0.25,  0.25]), size=array([0.1, 0.1]), units='height', vertices=ndarray(...), win=Window(...))
7.8706 	EXP 	Created pos180 = Polygon(__class__=<class 'psychopy.visual.polygon.Polygon'>, autoDraw=False, autoLog=True, closeShape=True, color=method-wrapper(...), colorSpace=None, contrast=1.0, depth=-4.0, fillColor=array([1., 1., 1.]), fillColorSpace='rgb', fillRGB=array([1., 1., 1.]), interpolate=True, lineColor=array([1., 1., 1.]), lineColorSpace='rgb', lineRGB=array([1., 1., 1.]), lineWidth=1, name='pos180', opacity=1.0, ori=array(0.), pos=array([-0.5,  0. ]), size=array([0.1, 0.1]), units='height', vertices=ndarray(...), win=Window(...))
7.8736 	EXP 	Created pos225 = Polygon(__class__=<class 'psychopy.visual.polygon.Polygon'>, autoDraw=False, autoLog=True, closeShape=True, color=method-wrapper(...), colorSpace=None, contrast=1.0, depth=-5.0, fillColor=array([1., 1., 1.]), fillColorSpace='rgb', fillRGB=array([1., 1., 1.]), interpolate=True, lineColor=array([1., 1., 1.]), lineColorSpace='rgb', lineRGB=array([1., 1., 1.]), lineWidth=1, name='pos225', opacity=1.0, ori=array(0.), pos=array([-0.25, -0.25]), size=array([0.1, 0.1]), units='height', vertices=ndarray(...), win=Window(...))
7.8765 	EXP 	Created pos270 = Polygon(__class__=<class 'psychopy.visual.polygon.Polygon'>, autoDraw=False, autoLog=True, closeShape=True, color=method-wrapper(...), colorSpace=None, contrast=1.0, depth=-6.0, fillColor=array([1., 1., 1.]), fillColorSpace='rgb', fillRGB=array([1., 1., 1.]), interpolate=True, lineColor=array([1., 1., 1.]), lineColorSpace='rgb', lineRGB=array([1., 1., 1.]), lineWidth=1, name='pos270', opacity=1.0, ori=array(0.), pos=array([ 0. , -0.4]), size=array([0.1, 0.1]), units='height', vertices=ndarray(...), win=Window(...))
7.8793 	EXP 	Created pos315 = Polygon(__class__=<class 'psychopy.visual.polygon.Polygon'>, autoDraw=False, autoLog=True, closeShape=True, color=method-wrapper(...), colorSpace=None, contrast=1.0, depth=-7.0, fillColor=array([1., 1., 1.]), fillColorSpace='rgb', fillRGB=array([1., 1., 1.]), interpolate=True, lineColor=array([1., 1., 1.]), lineColorSpace='rgb', lineRGB=array([1., 1., 1.]), lineWidth=1, name='pos315', opacity=1.0, ori=array(0.), pos=array([ 0.25, -0.25]), size=array([0.1, 0.1]), units='height', vertices=ndarray(...), win=Window(...))
7.8824 	EXP 	Created response = Polygon(__class__=<class 'psychopy.visual.polygon.Polygon'>, autoDraw=False, autoLog=True, closeShape=True, color=method-wrapper(...), colorSpace=None, contrast=1.0, depth=-8.0, fillColor=array([1., 1., 1.]), fillColorSpace='rgb', fillRGB=array([1., 1., 1.]), interpolate=True, lineColor=array([1., 1., 1.]), lineColorSpace='rgb', lineRGB=array([1., 1., 1.]), lineWidth=1, name='response', opacity=1.0, ori=array(0.), pos=array([0., 0.]), size=array([0.1, 0.1]), units='height', vertices=ndarray(...), win=Window(...))
7.8866 	EXP 	Created pos0_2 = Polygon(__class__=<class 'psychopy.visual.polygon.Polygon'>, autoDraw=False, autoLog=True, closeShape=True, color=method-wrapper(...), colorSpace=None, contrast=1.0, depth=0.0, fillColor=array([1., 1., 1.]), fillColorSpace='rgb', fillRGB=array([1., 1., 1.]), interpolate=True, lineColor=array([1., 1., 1.]), lineColorSpace='rgb', lineRGB=array([1., 1., 1.]), lineWidth=0.005, name='pos0_2', opacity=1.0, ori=array(90.), pos=array([0.5, 0. ]), size=array([0.1, 0.1]), units='height', vertices=ndarray(...), win=Window(...))
7.8902 	EXP 	Created pos45_2 = Polygon(__class__=<class 'psychopy.visual.polygon.Polygon'>, autoDraw=False, autoLog=True, closeShape=True, color=method-wrapper(...), colorSpace=None, contrast=1.0, depth=-1.0, fillColor=array([1., 1., 1.]), fillColorSpace='rgb', fillRGB=array([1., 1., 1.]), interpolate=True, lineColor=array([1., 1., 1.]), lineColorSpace='rgb', lineRGB=array([1., 1., 1.]), lineWidth=1, name='pos45_2', opacity=1.0, ori=array(0.), pos=array([0.25, 0.25]), size=array([0.1, 0.1]), units='height', vertices=ndarray(...), win=Window(...))
7.8938 	EXP 	Created pos90_2 = Polygon(__class__=<class 'psychopy.visual.polygon.Polygon'>, autoDraw=False, autoLog=True, closeShape=True, color=method-wrapper(...), colorSpace=None, contrast=1.0, depth=-2.0, fillColor=array([1., 1., 1.]), fillColorSpace='rgb', fillRGB=array([1., 1., 1.]), interpolate=True, lineColor=array([1., 1., 1.]), lineColorSpace='rgb', lineRGB=array([1., 1., 1.]), lineWidth=0.005, name='pos90_2', opacity=1.0, ori=array(0.), pos=array([0. , 0.4]), size=array([0.1, 0.1]), units='height', vertices=ndarray(...), win=Window(...))
7.8975 	EXP 	Created pos135_2 = Polygon(__class__=<class 'psychopy.visual.polygon.Polygon'>, autoDraw=False, autoLog=True, closeShape=True, color=method-wrapper(...), colorSpace=None, contrast=1.0, depth=-3.0, fillColor=array([1., 1., 1.]), fillColorSpace='rgb', fillRGB=array([1., 1., 1.]), interpolate=True, lineColor=array([1., 1., 1.]), lineColorSpace='rgb', lineRGB=array([1., 1., 1.]), lineWidth=1, name='pos135_2', opacity=1.0, ori=array(0.), pos=array([-0.25,  0.25]), size=array([0.1, 0.1]), units='height', vertices=ndarray(...), win=Window(...))
7.9010 	EXP 	Created pos180_2 = Polygon(__class__=<class 'psychopy.visual.polygon.Polygon'>, autoDraw=False, autoLog=True, closeShape=True, color=method-wrapper(...), colorSpace=None, contrast=1.0, depth=-4.0, fillColor=array([1., 1., 1.]), fillColorSpace='rgb', fillRGB=array([1., 1., 1.]), interpolate=True, lineColor=array([1., 1., 1.]), lineColorSpace='rgb', lineRGB=array([1., 1., 1.]), lineWidth=1, name='pos180_2', opacity=1.0, ori=array(0.), pos=array([-0.5,  0. ]), size=array([0.1, 0.1]), units='height', vertices=ndarray(...), win=Window(...))
7.9043 	EXP 	Created pos225_2 = Polygon(__class__=<class 'psychopy.visual.polygon.Polygon'>, autoDraw=False, autoLog=True, closeShape=True, color=method-wrapper(...), colorSpace=None, contrast=1.0, depth=-5.0, fillColor=array([1., 1., 1.]), fillColorSpace='rgb', fillRGB=array([1., 1., 1.]), interpolate=True, lineColor=array([1., 1., 1.]), lineColorSpace='rgb', lineRGB=array([1., 1., 1.]), lineWidth=1, name='pos225_2', opacity=1.0, ori=array(0.), pos=array([-0.25, -0.25]), size=array([0.1, 0.1]), units='height', vertices=ndarray(...), win=Window(...))
7.9073 	EXP 	Created pos270_2 = Polygon(__class__=<class 'psychopy.visual.polygon.Polygon'>, autoDraw=False, autoLog=True, closeShape=True, color=method-wrapper(...), colorSpace=None, contrast=1.0, depth=-6.0, fillColor=array([1., 1., 1.]), fillColorSpace='rgb', fillRGB=array([1., 1., 1.]), interpolate=True, lineColor=array([1., 1., 1.]), lineColorSpace='rgb', lineRGB=array([1., 1., 1.]), lineWidth=1, name='pos270_2', opacity=1.0, ori=array(0.), pos=array([ 0. , -0.4]), size=array([0.1, 0.1]), units='height', vertices=ndarray(...), win=Window(...))
7.9103 	EXP 	Created pos315_2 = Polygon(__class__=<class 'psychopy.visual.polygon.Polygon'>, autoDraw=False, autoLog=True, closeShape=True, color=method-wrapper(...), colorSpace=None, contrast=1.0, depth=-7.0, fillColor=array([1., 1., 1.]), fillColorSpace='rgb', fillRGB=array([1., 1., 1.]), interpolate=True, lineColor=array([1., 1., 1.]), lineColorSpace='rgb', lineRGB=array([1., 1., 1.]), lineWidth=1, name='pos315_2', opacity=1.0, ori=array(0.), pos=array([ 0.25, -0.25]), size=array([0.1, 0.1]), units='height', vertices=ndarray(...), win=Window(...))
7.9134 	EXP 	Created response_2 = Polygon(__class__=<class 'psychopy.visual.polygon.Polygon'>, autoDraw=False, autoLog=True, closeShape=True, color=method-wrapper(...), colorSpace=None, contrast=1.0, depth=-8.0, fillColor=array([1., 1., 1.]), fillColorSpace='rgb', fillRGB=array([1., 1., 1.]), interpolate=True, lineColor=array([1., 1., 1.]), lineColorSpace='rgb', lineRGB=array([1., 1., 1.]), lineWidth=1, name='response_2', opacity=1.0, ori=array(0.), pos=array([0., 0.]), size=array([0.1, 0.1]), units='height', vertices=ndarray(...), win=Window(...))
7.9259 	EXP 	Created text_2 = TextStim(__class__=<class 'psychopy.visual.text.TextStim'>, alignHoriz='center', alignVert='center', antialias=True, autoLog=True, bold=False, color='white', colorSpace='named', contrast=1.0, depth=0.0, flipHoriz=False, flipVert=False, font='Calibri', fontFiles=[], height=0.025, italic=False, languageStyle='LTR', name='text_2', opacity=1.0, ori=0, pos=array([0., 0.]), rgb=array([255., 255., 255.]), text=str(...), units='height', win=Window(...), wrapWidth=1)
7.9562 	EXP 	text_3: autoDraw = True
10.2554 	DATA 	Mouse: Left button down, pos=(800,719)
10.3523 	DATA 	Mouse:  Left button up, pos=(800,719)
11.6031 	DATA 	Keypress: space
14.0866 	EXP 	Imported trials_short_delay.xlsx as conditions, 16 conditions, 13 params
14.0869 	EXP 	Created sequence: sequential, trialTypes=16, nReps=1, seed=None
14.0873 	EXP 	New trial (rep=0, index=0): OrderedDict([('Color0', [0, 0, 0]), ('Color45', [0, 0, 0]), ('Color90', [-1, 1, 1]), ('Color135', [0, 0, 0]), ('Color180', [1, -1, 1]), ('Color225', [0, 0, 0]), ('Color270', [0, 0, 0]), ('Color315', [-1, -1, 1]), ('Cueresp', [-1, -1, 1]), ('target_angle', 315), ('load', 3), ('delay', 2), ('trial', 0)])
14.0948 	DATA 	Keypress: space
14.0974 	EXP 	text_3: autoDraw = False
14.0974 	EXP 	pos0: fillColor = '[0. 0. 0.] (rgb)'
14.0974 	EXP 	pos0: lineColor = '[0. 0. 0.] (rgb)'
14.0974 	EXP 	pos45: fillColor = '[0. 0. 0.] (rgb)'
14.0974 	EXP 	pos45: lineColor = '[0. 0. 0.] (rgb)'
14.0974 	EXP 	pos90: fillColor = '[-1.  1.  1.] (rgb)'
14.0974 	EXP 	pos90: lineColor = '[-1.  1.  1.] (rgb)'
14.0974 	EXP 	pos135: fillColor = '[0. 0. 0.] (rgb)'
14.0974 	EXP 	pos135: lineColor = '[0. 0. 0.] (rgb)'
14.0974 	EXP 	pos180: fillColor = '[ 1. -1.  1.] (rgb)'
14.0974 	EXP 	pos180: lineColor = '[ 1. -1.  1.] (rgb)'
14.0974 	EXP 	pos225: fillColor = '[0. 0. 0.] (rgb)'
14.0974 	EXP 	pos225: lineColor = '[0. 0. 0.] (rgb)'
14.0974 	EXP 	pos270: fillColor = '[0. 0. 0.] (rgb)'
14.0974 	EXP 	pos270: lineColor = '[0. 0. 0.] (rgb)'
14.0974 	EXP 	pos315: fillColor = '[-1. -1.  1.] (rgb)'
14.0974 	EXP 	pos315: lineColor = '[-1. -1.  1.] (rgb)'
14.0974 	EXP 	response: fillColor = '[-1. -1.  1.] (rgb)'
14.0974 	EXP 	response: lineColor = '[-1. -1.  1.] (rgb)'
14.0974 	EXP 	pos0: autoDraw = True
14.0974 	EXP 	pos45: autoDraw = True
14.0974 	EXP 	pos90: autoDraw = True
14.0974 	EXP 	pos135: autoDraw = True
14.0974 	EXP 	pos180: autoDraw = True
14.0974 	EXP 	pos225: autoDraw = True
14.0974 	EXP 	pos270: autoDraw = True
14.0974 	EXP 	pos315: autoDraw = True
19.0973 	EXP 	pos0: autoDraw = False
19.0973 	EXP 	pos45: autoDraw = False
19.0973 	EXP 	pos90: autoDraw = False
19.0973 	EXP 	pos135: autoDraw = False
19.0973 	EXP 	pos180: autoDraw = False
19.0973 	EXP 	pos225: autoDraw = False
19.0973 	EXP 	pos270: autoDraw = False
19.0973 	EXP 	pos315: autoDraw = False
21.0969 	EXP 	response: autoDraw = True
23.7635 	DATA 	Mouse: Left button down, pos=(1325,296)
23.7743 	EXP 	New trial (rep=0, index=1): OrderedDict([('Color0', [1, 1, -1]), ('Color45', [1, -1, -1]), ('Color90', [0, 0, 0]), ('Color135', [0, 0, 0]), ('Color180', [0, 0, 0]), ('Color225', [0, 0, 0]), ('Color270', [0, 0, 0]), ('Color315', [-1, 1, -1]), ('Cueresp', [-1, 1, -1]), ('target_angle', 315), ('load', 3), ('delay', 2), ('trial', 1)])
23.7859 	EXP 	pos0: autoDraw = False
23.7859 	EXP 	pos45: autoDraw = False
23.7859 	EXP 	pos90: autoDraw = False
23.7859 	EXP 	pos135: autoDraw = False
23.7859 	EXP 	pos180: autoDraw = False
23.7859 	EXP 	pos225: autoDraw = False
23.7859 	EXP 	pos270: autoDraw = False
23.7859 	EXP 	pos315: autoDraw = False
23.7859 	EXP 	response: autoDraw = False
23.7859 	EXP 	pos0: fillColor = '[ 1.  1. -1.] (rgb)'
23.7859 	EXP 	pos0: lineColor = '[ 1.  1. -1.] (rgb)'
23.7859 	EXP 	pos45: fillColor = '[ 1. -1. -1.] (rgb)'
23.7859 	EXP 	pos45: lineColor = '[ 1. -1. -1.] (rgb)'
23.7859 	EXP 	pos90: fillColor = '[0. 0. 0.] (rgb)'
23.7859 	EXP 	pos90: lineColor = '[0. 0. 0.] (rgb)'
23.7859 	EXP 	pos135: fillColor = '[0. 0. 0.] (rgb)'
23.7859 	EXP 	pos135: lineColor = '[0. 0. 0.] (rgb)'
23.7859 	EXP 	pos180: fillColor = '[0. 0. 0.] (rgb)'
23.7859 	EXP 	pos180: lineColor = '[0. 0. 0.] (rgb)'
23.7859 	EXP 	pos225: fillColor = '[0. 0. 0.] (rgb)'
23.7859 	EXP 	pos225: lineColor = '[0. 0. 0.] (rgb)'
23.7859 	EXP 	pos270: fillColor = '[0. 0. 0.] (rgb)'
23.7859 	EXP 	pos270: lineColor = '[0. 0. 0.] (rgb)'
23.7859 	EXP 	pos315: fillColor = '[-1.  1. -1.] (rgb)'
23.7859 	EXP 	pos315: lineColor = '[-1.  1. -1.] (rgb)'
23.7859 	EXP 	response: fillColor = '[-1.  1. -1.] (rgb)'
23.7859 	EXP 	response: lineColor = '[-1.  1. -1.] (rgb)'
23.7859 	EXP 	pos0: autoDraw = True
23.7859 	EXP 	pos45: autoDraw = True
23.7859 	EXP 	pos90: autoDraw = True
23.7859 	EXP 	pos135: autoDraw = True
23.7859 	EXP 	pos180: autoDraw = True
23.7859 	EXP 	pos225: autoDraw = True
23.7859 	EXP 	pos270: autoDraw = True
23.7859 	EXP 	pos315: autoDraw = True
23.8990 	DATA 	Mouse:  Left button up, pos=(1325,296)
28.7940 	EXP 	pos0: autoDraw = False
28.7940 	EXP 	pos45: autoDraw = False
28.7940 	EXP 	pos90: autoDraw = False
28.7940 	EXP 	pos135: autoDraw = False
28.7940 	EXP 	pos180: autoDraw = False
28.7940 	EXP 	pos225: autoDraw = False
28.7940 	EXP 	pos270: autoDraw = False
28.7940 	EXP 	pos315: autoDraw = False
30.7765 	EXP 	response: autoDraw = True
32.2645 	DATA 	Mouse: Left button down, pos=(1286,368)
32.2675 	EXP 	New trial (rep=0, index=2): OrderedDict([('Color0', [0, 0, 0]), ('Color45', [0, 0, 0]), ('Color90', [1, 1, -1]), ('Color135', [1, 1, 1]), ('Color180', [0, 0, 0]), ('Color225', [0, 0, 0]), ('Color270', [1, -1, -1]), ('Color315', [0, 0, 0]), ('Cueresp', [1, 1, -1]), ('target_angle', 90), ('load', 3), ('delay', 2), ('trial', 2)])
32.2766 	EXP 	pos0: autoDraw = False
32.2766 	EXP 	pos45: autoDraw = False
32.2766 	EXP 	pos90: autoDraw = False
32.2766 	EXP 	pos135: autoDraw = False
32.2766 	EXP 	pos180: autoDraw = False
32.2766 	EXP 	pos225: autoDraw = False
32.2766 	EXP 	pos270: autoDraw = False
32.2766 	EXP 	pos315: autoDraw = False
32.2766 	EXP 	response: autoDraw = False
32.2766 	EXP 	pos0: fillColor = '[0. 0. 0.] (rgb)'
32.2766 	EXP 	pos0: lineColor = '[0. 0. 0.] (rgb)'
32.2766 	EXP 	pos45: fillColor = '[0. 0. 0.] (rgb)'
32.2766 	EXP 	pos45: lineColor = '[0. 0. 0.] (rgb)'
32.2766 	EXP 	pos90: fillColor = '[ 1.  1. -1.] (rgb)'
32.2766 	EXP 	pos90: lineColor = '[ 1.  1. -1.] (rgb)'
32.2766 	EXP 	pos135: fillColor = '[1. 1. 1.] (rgb)'
32.2766 	EXP 	pos135: lineColor = '[1. 1. 1.] (rgb)'
32.2766 	EXP 	pos180: fillColor = '[0. 0. 0.] (rgb)'
32.2766 	EXP 	pos180: lineColor = '[0. 0. 0.] (rgb)'
32.2766 	EXP 	pos225: fillColor = '[0. 0. 0.] (rgb)'
32.2766 	EXP 	pos225: lineColor = '[0. 0. 0.] (rgb)'
32.2766 	EXP 	pos270: fillColor = '[ 1. -1. -1.] (rgb)'
32.2766 	EXP 	pos270: lineColor = '[ 1. -1. -1.] (rgb)'
32.2766 	EXP 	pos315: fillColor = '[0. 0. 0.] (rgb)'
32.2766 	EXP 	pos315: lineColor = '[0. 0. 0.] (rgb)'
32.2766 	EXP 	response: fillColor = '[ 1.  1. -1.] (rgb)'
32.2766 	EXP 	response: lineColor = '[ 1.  1. -1.] (rgb)'
32.2766 	EXP 	pos0: autoDraw = True
32.2766 	EXP 	pos45: autoDraw = True
32.2766 	EXP 	pos90: autoDraw = True
32.2766 	EXP 	pos135: autoDraw = True
32.2766 	EXP 	pos180: autoDraw = True
32.2766 	EXP 	pos225: autoDraw = True
32.2766 	EXP 	pos270: autoDraw = True
32.2766 	EXP 	pos315: autoDraw = True
32.3794 	DATA 	Mouse:  Left button up, pos=(1286,368)
37.2906 	EXP 	pos0: autoDraw = False
37.2906 	EXP 	pos45: autoDraw = False
37.2906 	EXP 	pos90: autoDraw = False
37.2906 	EXP 	pos135: autoDraw = False
37.2906 	EXP 	pos180: autoDraw = False
37.2906 	EXP 	pos225: autoDraw = False
37.2906 	EXP 	pos270: autoDraw = False
37.2906 	EXP 	pos315: autoDraw = False
39.2737 	EXP 	response: autoDraw = True
41.2254 	DATA 	Mouse: Left button down, pos=(973,939)
41.2372 	EXP 	New trial (rep=0, index=3): OrderedDict([('Color0', [0, 0, 0]), ('Color45', [0, 0, 0]), ('Color90', [0, 0, 0]), ('Color135', [0, 0, 0]), ('Color180', [1, -1, -1]), ('Color225', [-1, 1, -1]), ('Color270', [-1, -1, 1]), ('Color315', [0, 0, 0]), ('Cueresp', [-1, -1, 1]), ('target_angle', 270), ('load', 3), ('delay', 2), ('trial', 3)])
41.2546 	EXP 	pos0: autoDraw = False
41.2546 	EXP 	pos45: autoDraw = False
41.2546 	EXP 	pos90: autoDraw = False
41.2546 	EXP 	pos135: autoDraw = False
41.2546 	EXP 	pos180: autoDraw = False
41.2546 	EXP 	pos225: autoDraw = False
41.2546 	EXP 	pos270: autoDraw = False
41.2546 	EXP 	pos315: autoDraw = False
41.2546 	EXP 	response: autoDraw = False
41.2546 	EXP 	pos0: fillColor = '[0. 0. 0.] (rgb)'
41.2546 	EXP 	pos0: lineColor = '[0. 0. 0.] (rgb)'
41.2546 	EXP 	pos45: fillColor = '[0. 0. 0.] (rgb)'
41.2546 	EXP 	pos45: lineColor = '[0. 0. 0.] (rgb)'
41.2546 	EXP 	pos90: fillColor = '[0. 0. 0.] (rgb)'
41.2546 	EXP 	pos90: lineColor = '[0. 0. 0.] (rgb)'
41.2546 	EXP 	pos135: fillColor = '[0. 0. 0.] (rgb)'
41.2546 	EXP 	pos135: lineColor = '[0. 0. 0.] (rgb)'
41.2546 	EXP 	pos180: fillColor = '[ 1. -1. -1.] (rgb)'
41.2546 	EXP 	pos180: lineColor = '[ 1. -1. -1.] (rgb)'
41.2546 	EXP 	pos225: fillColor = '[-1.  1. -1.] (rgb)'
41.2546 	EXP 	pos225: lineColor = '[-1.  1. -1.] (rgb)'
41.2546 	EXP 	pos270: fillColor = '[-1. -1.  1.] (rgb)'
41.2546 	EXP 	pos270: lineColor = '[-1. -1.  1.] (rgb)'
41.2546 	EXP 	pos315: fillColor = '[0. 0. 0.] (rgb)'
41.2546 	EXP 	pos315: lineColor = '[0. 0. 0.] (rgb)'
41.2546 	EXP 	response: fillColor = '[-1. -1.  1.] (rgb)'
41.2546 	EXP 	response: lineColor = '[-1. -1.  1.] (rgb)'
41.2546 	EXP 	pos0: autoDraw = True
41.2546 	EXP 	pos45: autoDraw = True
41.2546 	EXP 	pos90: autoDraw = True
41.2546 	EXP 	pos135: autoDraw = True
41.2546 	EXP 	pos180: autoDraw = True
41.2546 	EXP 	pos225: autoDraw = True
41.2546 	EXP 	pos270: autoDraw = True
41.2546 	EXP 	pos315: autoDraw = True
41.3432 	DATA 	Mouse:  Left button up, pos=(973,939)
46.2545 	EXP 	pos0: autoDraw = False
46.2545 	EXP 	pos45: autoDraw = False
46.2545 	EXP 	pos90: autoDraw = False
46.2545 	EXP 	pos135: autoDraw = False
46.2545 	EXP 	pos180: autoDraw = False
46.2545 	EXP 	pos225: autoDraw = False
46.2545 	EXP 	pos270: autoDraw = False
46.2545 	EXP 	pos315: autoDraw = False
48.2540 	EXP 	response: autoDraw = True
50.5212 	DATA 	Mouse: Left button down, pos=(927,135)
50.5271 	EXP 	New trial (rep=0, index=4): OrderedDict([('Color0', [0, 0, 0]), ('Color45', [0, 0, 0]), ('Color90', [0, 0, 0]), ('Color135', [-1, 1, 1]), ('Color180', [-1, -1, 1]), ('Color225', [1, 1, -1]), ('Color270', [0, 0, 0]), ('Color315', [0, 0, 0]), ('Cueresp', [-1, 1, 1]), ('target_angle', 135), ('load', 3), ('delay', 2), ('trial', 4)])
50.5377 	EXP 	pos0: autoDraw = False
50.5377 	EXP 	pos45: autoDraw = False
50.5377 	EXP 	pos90: autoDraw = False
50.5377 	EXP 	pos135: autoDraw = False
50.5377 	EXP 	pos180: autoDraw = False
50.5377 	EXP 	pos225: autoDraw = False
50.5377 	EXP 	pos270: autoDraw = False
50.5377 	EXP 	pos315: autoDraw = False
50.5377 	EXP 	response: autoDraw = False
50.5377 	EXP 	pos0: fillColor = '[0. 0. 0.] (rgb)'
50.5377 	EXP 	pos0: lineColor = '[0. 0. 0.] (rgb)'
50.5377 	EXP 	pos45: fillColor = '[0. 0. 0.] (rgb)'
50.5377 	EXP 	pos45: lineColor = '[0. 0. 0.] (rgb)'
50.5377 	EXP 	pos90: fillColor = '[0. 0. 0.] (rgb)'
50.5377 	EXP 	pos90: lineColor = '[0. 0. 0.] (rgb)'
50.5377 	EXP 	pos135: fillColor = '[-1.  1.  1.] (rgb)'
50.5377 	EXP 	pos135: lineColor = '[-1.  1.  1.] (rgb)'
50.5377 	EXP 	pos180: fillColor = '[-1. -1.  1.] (rgb)'
50.5377 	EXP 	pos180: lineColor = '[-1. -1.  1.] (rgb)'
50.5377 	EXP 	pos225: fillColor = '[ 1.  1. -1.] (rgb)'
50.5377 	EXP 	pos225: lineColor = '[ 1.  1. -1.] (rgb)'
50.5377 	EXP 	pos270: fillColor = '[0. 0. 0.] (rgb)'
50.5377 	EXP 	pos270: lineColor = '[0. 0. 0.] (rgb)'
50.5377 	EXP 	pos315: fillColor = '[0. 0. 0.] (rgb)'
50.5377 	EXP 	pos315: lineColor = '[0. 0. 0.] (rgb)'
50.5377 	EXP 	response: fillColor = '[-1.  1.  1.] (rgb)'
50.5377 	EXP 	response: lineColor = '[-1.  1.  1.] (rgb)'
50.5377 	EXP 	pos0: autoDraw = True
50.5377 	EXP 	pos45: autoDraw = True
50.5377 	EXP 	pos90: autoDraw = True
50.5377 	EXP 	pos135: autoDraw = True
50.5377 	EXP 	pos180: autoDraw = True
50.5377 	EXP 	pos225: autoDraw = True
50.5377 	EXP 	pos270: autoDraw = True
50.5377 	EXP 	pos315: autoDraw = True
50.6730 	DATA 	Mouse:  Left button up, pos=(927,135)
55.5511 	EXP 	pos0: autoDraw = False
55.5511 	EXP 	pos45: autoDraw = False
55.5511 	EXP 	pos90: autoDraw = False
55.5511 	EXP 	pos135: autoDraw = False
55.5511 	EXP 	pos180: autoDraw = False
55.5511 	EXP 	pos225: autoDraw = False
55.5511 	EXP 	pos270: autoDraw = False
55.5511 	EXP 	pos315: autoDraw = False
57.5341 	EXP 	response: autoDraw = True
59.0355 	DATA 	Mouse: Left button down, pos=(628,883)
59.0445 	EXP 	New trial (rep=0, index=5): OrderedDict([('Color0', [0, 0, 0]), ('Color45', [0, 0, 0]), ('Color90', [0, 0, 0]), ('Color135', [1, 1, 1]), ('Color180', [0, 0, 0]), ('Color225', [1, -1, 1]), ('Color270', [-1, 1, 1]), ('Color315', [0, 0, 0]), ('Cueresp', [1, -1, 1]), ('target_angle', 225), ('load', 3), ('delay', 2), ('trial', 5)])
59.0551 	EXP 	pos0: autoDraw = False
59.0551 	EXP 	pos45: autoDraw = False
59.0551 	EXP 	pos90: autoDraw = False
59.0551 	EXP 	pos135: autoDraw = False
59.0551 	EXP 	pos180: autoDraw = False
59.0551 	EXP 	pos225: autoDraw = False
59.0551 	EXP 	pos270: autoDraw = False
59.0551 	EXP 	pos315: autoDraw = False
59.0551 	EXP 	response: autoDraw = False
59.0551 	EXP 	pos0: fillColor = '[0. 0. 0.] (rgb)'
59.0551 	EXP 	pos0: lineColor = '[0. 0. 0.] (rgb)'
59.0551 	EXP 	pos45: fillColor = '[0. 0. 0.] (rgb)'
59.0551 	EXP 	pos45: lineColor = '[0. 0. 0.] (rgb)'
59.0551 	EXP 	pos90: fillColor = '[0. 0. 0.] (rgb)'
59.0551 	EXP 	pos90: lineColor = '[0. 0. 0.] (rgb)'
59.0551 	EXP 	pos135: fillColor = '[1. 1. 1.] (rgb)'
59.0551 	EXP 	pos135: lineColor = '[1. 1. 1.] (rgb)'
59.0551 	EXP 	pos180: fillColor = '[0. 0. 0.] (rgb)'
59.0551 	EXP 	pos180: lineColor = '[0. 0. 0.] (rgb)'
59.0551 	EXP 	pos225: fillColor = '[ 1. -1.  1.] (rgb)'
59.0551 	EXP 	pos225: lineColor = '[ 1. -1.  1.] (rgb)'
59.0551 	EXP 	pos270: fillColor = '[-1.  1.  1.] (rgb)'
59.0551 	EXP 	pos270: lineColor = '[-1.  1.  1.] (rgb)'
59.0551 	EXP 	pos315: fillColor = '[0. 0. 0.] (rgb)'
59.0551 	EXP 	pos315: lineColor = '[0. 0. 0.] (rgb)'
59.0551 	EXP 	response: fillColor = '[ 1. -1.  1.] (rgb)'
59.0551 	EXP 	response: lineColor = '[ 1. -1.  1.] (rgb)'
59.0551 	EXP 	pos0: autoDraw = True
59.0551 	EXP 	pos45: autoDraw = True
59.0551 	EXP 	pos90: autoDraw = True
59.0551 	EXP 	pos135: autoDraw = True
59.0551 	EXP 	pos180: autoDraw = True
59.0551 	EXP 	pos225: autoDraw = True
59.0551 	EXP 	pos270: autoDraw = True
59.0551 	EXP 	pos315: autoDraw = True
59.1542 	DATA 	Mouse:  Left button up, pos=(628,883)
64.0649 	EXP 	pos0: autoDraw = False
64.0649 	EXP 	pos45: autoDraw = False
64.0649 	EXP 	pos90: autoDraw = False
64.0649 	EXP 	pos135: autoDraw = False
64.0649 	EXP 	pos180: autoDraw = False
64.0649 	EXP 	pos225: autoDraw = False
64.0649 	EXP 	pos270: autoDraw = False
64.0649 	EXP 	pos315: autoDraw = False
66.0482 	EXP 	response: autoDraw = True
69.3838 	DATA 	Mouse: Left button down, pos=(692,288)
69.3872 	EXP 	New trial (rep=0, index=6): OrderedDict([('Color0', [0, 0, 0]), ('Color45', [-1, -1, 1]), ('Color90', [0, 0, 0]), ('Color135', [0, 0, 0]), ('Color180', [0, 0, 0]), ('Color225', [-1, 1, 1]), ('Color270', [1, 1, 1]), ('Color315', [0, 0, 0]), ('Cueresp', [-1, -1, 1]), ('target_angle', 45), ('load', 3), ('delay', 2), ('trial', 6)])
69.3973 	EXP 	pos0: autoDraw = False
69.3973 	EXP 	pos45: autoDraw = False
69.3973 	EXP 	pos90: autoDraw = False
69.3973 	EXP 	pos135: autoDraw = False
69.3973 	EXP 	pos180: autoDraw = False
69.3973 	EXP 	pos225: autoDraw = False
69.3973 	EXP 	pos270: autoDraw = False
69.3973 	EXP 	pos315: autoDraw = False
69.3973 	EXP 	response: autoDraw = False
69.3973 	EXP 	pos0: fillColor = '[0. 0. 0.] (rgb)'
69.3973 	EXP 	pos0: lineColor = '[0. 0. 0.] (rgb)'
69.3973 	EXP 	pos45: fillColor = '[-1. -1.  1.] (rgb)'
69.3973 	EXP 	pos45: lineColor = '[-1. -1.  1.] (rgb)'
69.3973 	EXP 	pos90: fillColor = '[0. 0. 0.] (rgb)'
69.3973 	EXP 	pos90: lineColor = '[0. 0. 0.] (rgb)'
69.3973 	EXP 	pos135: fillColor = '[0. 0. 0.] (rgb)'
69.3973 	EXP 	pos135: lineColor = '[0. 0. 0.] (rgb)'
69.3973 	EXP 	pos180: fillColor = '[0. 0. 0.] (rgb)'
69.3973 	EXP 	pos180: lineColor = '[0. 0. 0.] (rgb)'
69.3973 	EXP 	pos225: fillColor = '[-1.  1.  1.] (rgb)'
69.3973 	EXP 	pos225: lineColor = '[-1.  1.  1.] (rgb)'
69.3973 	EXP 	pos270: fillColor = '[1. 1. 1.] (rgb)'
69.3973 	EXP 	pos270: lineColor = '[1. 1. 1.] (rgb)'
69.3973 	EXP 	pos315: fillColor = '[0. 0. 0.] (rgb)'
69.3973 	EXP 	pos315: lineColor = '[0. 0. 0.] (rgb)'
69.3973 	EXP 	response: fillColor = '[-1. -1.  1.] (rgb)'
69.3973 	EXP 	response: lineColor = '[-1. -1.  1.] (rgb)'
69.3973 	EXP 	pos0: autoDraw = True
69.3973 	EXP 	pos45: autoDraw = True
69.3973 	EXP 	pos90: autoDraw = True
69.3973 	EXP 	pos135: autoDraw = True
69.3973 	EXP 	pos180: autoDraw = True
69.3973 	EXP 	pos225: autoDraw = True
69.3973 	EXP 	pos270: autoDraw = True
69.3973 	EXP 	pos315: autoDraw = True
69.5169 	DATA 	Mouse:  Left button up, pos=(693,288)
74.4117 	EXP 	pos0: autoDraw = False
74.4117 	EXP 	pos45: autoDraw = False
74.4117 	EXP 	pos90: autoDraw = False
74.4117 	EXP 	pos135: autoDraw = False
74.4117 	EXP 	pos180: autoDraw = False
74.4117 	EXP 	pos225: autoDraw = False
74.4117 	EXP 	pos270: autoDraw = False
74.4117 	EXP 	pos315: autoDraw = False
76.3946 	EXP 	response: autoDraw = True
78.1290 	DATA 	Mouse: Left button down, pos=(1254,906)
78.1389 	EXP 	New trial (rep=0, index=7): OrderedDict([('Color0', [0, 0, 0]), ('Color45', [0, 0, 0]), ('Color90', [0, 0, 0]), ('Color135', [1, -1, 1]), ('Color180', [1, 1, -1]), ('Color225', [0, 0, 0]), ('Color270', [0, 0, 0]), ('Color315', [-1, 1, -1]), ('Cueresp', [1, 1, -1]), ('target_angle', 180), ('load', 3), ('delay', 2), ('trial', 7)])
78.1512 	EXP 	pos0: autoDraw = False
78.1512 	EXP 	pos45: autoDraw = False
78.1512 	EXP 	pos90: autoDraw = False
78.1512 	EXP 	pos135: autoDraw = False
78.1512 	EXP 	pos180: autoDraw = False
78.1512 	EXP 	pos225: autoDraw = False
78.1512 	EXP 	pos270: autoDraw = False
78.1512 	EXP 	pos315: autoDraw = False
78.1512 	EXP 	response: autoDraw = False
78.1512 	EXP 	pos0: fillColor = '[0. 0. 0.] (rgb)'
78.1512 	EXP 	pos0: lineColor = '[0. 0. 0.] (rgb)'
78.1512 	EXP 	pos45: fillColor = '[0. 0. 0.] (rgb)'
78.1512 	EXP 	pos45: lineColor = '[0. 0. 0.] (rgb)'
78.1512 	EXP 	pos90: fillColor = '[0. 0. 0.] (rgb)'
78.1512 	EXP 	pos90: lineColor = '[0. 0. 0.] (rgb)'
78.1512 	EXP 	pos135: fillColor = '[ 1. -1.  1.] (rgb)'
78.1512 	EXP 	pos135: lineColor = '[ 1. -1.  1.] (rgb)'
78.1512 	EXP 	pos180: fillColor = '[ 1.  1. -1.] (rgb)'
78.1512 	EXP 	pos180: lineColor = '[ 1.  1. -1.] (rgb)'
78.1512 	EXP 	pos225: fillColor = '[0. 0. 0.] (rgb)'
78.1512 	EXP 	pos225: lineColor = '[0. 0. 0.] (rgb)'
78.1512 	EXP 	pos270: fillColor = '[0. 0. 0.] (rgb)'
78.1512 	EXP 	pos270: lineColor = '[0. 0. 0.] (rgb)'
78.1512 	EXP 	pos315: fillColor = '[-1.  1. -1.] (rgb)'
78.1512 	EXP 	pos315: lineColor = '[-1.  1. -1.] (rgb)'
78.1512 	EXP 	response: fillColor = '[ 1.  1. -1.] (rgb)'
78.1512 	EXP 	response: lineColor = '[ 1.  1. -1.] (rgb)'
78.1512 	EXP 	pos0: autoDraw = True
78.1512 	EXP 	pos45: autoDraw = True
78.1512 	EXP 	pos90: autoDraw = True
78.1512 	EXP 	pos135: autoDraw = True
78.1512 	EXP 	pos180: autoDraw = True
78.1512 	EXP 	pos225: autoDraw = True
78.1512 	EXP 	pos270: autoDraw = True
78.1512 	EXP 	pos315: autoDraw = True
78.2310 	DATA 	Mouse:  Left button up, pos=(1254,906)
83.1587 	EXP 	pos0: autoDraw = False
83.1587 	EXP 	pos45: autoDraw = False
83.1587 	EXP 	pos90: autoDraw = False
83.1587 	EXP 	pos135: autoDraw = False
83.1587 	EXP 	pos180: autoDraw = False
83.1587 	EXP 	pos225: autoDraw = False
83.1587 	EXP 	pos270: autoDraw = False
83.1587 	EXP 	pos315: autoDraw = False
85.1411 	EXP 	response: autoDraw = True
86.8910 	DATA 	Mouse: Left button down, pos=(502,587)
86.8944 	EXP 	New trial (rep=0, index=8): OrderedDict([('Color0', [1, 1, -1]), ('Color45', [1, -1, 1]), ('Color90', [-1, 1, -1]), ('Color135', [-1, -1, 1]), ('Color180', [-1, 1, 1]), ('Color225', [1, -1, -1]), ('Color270', [1, 1, 1]), ('Color315', [0, 0, 0]), ('Cueresp', [-1, 1, 1]), ('target_angle', 180), ('load', 7), ('delay', 2), ('trial', 0)])
86.9082 	EXP 	pos0: autoDraw = False
86.9082 	EXP 	pos45: autoDraw = False
86.9082 	EXP 	pos90: autoDraw = False
86.9082 	EXP 	pos135: autoDraw = False
86.9082 	EXP 	pos180: autoDraw = False
86.9082 	EXP 	pos225: autoDraw = False
86.9082 	EXP 	pos270: autoDraw = False
86.9082 	EXP 	pos315: autoDraw = False
86.9082 	EXP 	response: autoDraw = False
86.9082 	EXP 	pos0: fillColor = '[ 1.  1. -1.] (rgb)'
86.9082 	EXP 	pos0: lineColor = '[ 1.  1. -1.] (rgb)'
86.9082 	EXP 	pos45: fillColor = '[ 1. -1.  1.] (rgb)'
86.9082 	EXP 	pos45: lineColor = '[ 1. -1.  1.] (rgb)'
86.9082 	EXP 	pos90: fillColor = '[-1.  1. -1.] (rgb)'
86.9082 	EXP 	pos90: lineColor = '[-1.  1. -1.] (rgb)'
86.9082 	EXP 	pos135: fillColor = '[-1. -1.  1.] (rgb)'
86.9082 	EXP 	pos135: lineColor = '[-1. -1.  1.] (rgb)'
86.9082 	EXP 	pos180: fillColor = '[-1.  1.  1.] (rgb)'
86.9082 	EXP 	pos180: lineColor = '[-1.  1.  1.] (rgb)'
86.9082 	EXP 	pos225: fillColor = '[ 1. -1. -1.] (rgb)'
86.9082 	EXP 	pos225: lineColor = '[ 1. -1. -1.] (rgb)'
86.9082 	EXP 	pos270: fillColor = '[1. 1. 1.] (rgb)'
86.9082 	EXP 	pos270: lineColor = '[1. 1. 1.] (rgb)'
86.9082 	EXP 	pos315: fillColor = '[0. 0. 0.] (rgb)'
86.9082 	EXP 	pos315: lineColor = '[0. 0. 0.] (rgb)'
86.9082 	EXP 	response: fillColor = '[-1.  1.  1.] (rgb)'
86.9082 	EXP 	response: lineColor = '[-1.  1.  1.] (rgb)'
86.9082 	EXP 	pos0: autoDraw = True
86.9082 	EXP 	pos45: autoDraw = True
86.9082 	EXP 	pos90: autoDraw = True
86.9082 	EXP 	pos135: autoDraw = True
86.9082 	EXP 	pos180: autoDraw = True
86.9082 	EXP 	pos225: autoDraw = True
86.9082 	EXP 	pos270: autoDraw = True
86.9082 	EXP 	pos315: autoDraw = True
87.0269 	DATA 	Mouse:  Left button up, pos=(502,587)
91.9224 	EXP 	pos0: autoDraw = False
91.9224 	EXP 	pos45: autoDraw = False
91.9224 	EXP 	pos90: autoDraw = False
91.9224 	EXP 	pos135: autoDraw = False
91.9224 	EXP 	pos180: autoDraw = False
91.9224 	EXP 	pos225: autoDraw = False
91.9224 	EXP 	pos270: autoDraw = False
91.9224 	EXP 	pos315: autoDraw = False
93.8881 	EXP 	response: autoDraw = True
97.3874 	DATA 	Mouse: Left button down, pos=(942,157)
97.3906 	EXP 	New trial (rep=0, index=9): OrderedDict([('Color0', [-1, -1, 1]), ('Color45', [1, -1, 1]), ('Color90', [-1, 1, -1]), ('Color135', [1, -1, -1]), ('Color180', [-1, 1, 1]), ('Color225', [1, 1, 1]), ('Color270', [0, 0, 0]), ('Color315', [1, 1, -1]), ('Cueresp', [-1, 1, 1]), ('target_angle', 180), ('load', 7), ('delay', 2), ('trial', 1)])
97.4038 	EXP 	pos0: autoDraw = False
97.4038 	EXP 	pos45: autoDraw = False
97.4038 	EXP 	pos90: autoDraw = False
97.4038 	EXP 	pos135: autoDraw = False
97.4038 	EXP 	pos180: autoDraw = False
97.4038 	EXP 	pos225: autoDraw = False
97.4038 	EXP 	pos270: autoDraw = False
97.4038 	EXP 	pos315: autoDraw = False
97.4038 	EXP 	response: autoDraw = False
97.4038 	EXP 	pos0: fillColor = '[-1. -1.  1.] (rgb)'
97.4038 	EXP 	pos0: lineColor = '[-1. -1.  1.] (rgb)'
97.4038 	EXP 	pos45: fillColor = '[ 1. -1.  1.] (rgb)'
97.4038 	EXP 	pos45: lineColor = '[ 1. -1.  1.] (rgb)'
97.4038 	EXP 	pos90: fillColor = '[-1.  1. -1.] (rgb)'
97.4038 	EXP 	pos90: lineColor = '[-1.  1. -1.] (rgb)'
97.4038 	EXP 	pos135: fillColor = '[ 1. -1. -1.] (rgb)'
97.4038 	EXP 	pos135: lineColor = '[ 1. -1. -1.] (rgb)'
97.4038 	EXP 	pos180: fillColor = '[-1.  1.  1.] (rgb)'
97.4038 	EXP 	pos180: lineColor = '[-1.  1.  1.] (rgb)'
97.4038 	EXP 	pos225: fillColor = '[1. 1. 1.] (rgb)'
97.4038 	EXP 	pos225: lineColor = '[1. 1. 1.] (rgb)'
97.4038 	EXP 	pos270: fillColor = '[0. 0. 0.] (rgb)'
97.4038 	EXP 	pos270: lineColor = '[0. 0. 0.] (rgb)'
97.4038 	EXP 	pos315: fillColor = '[ 1.  1. -1.] (rgb)'
97.4038 	EXP 	pos315: lineColor = '[ 1.  1. -1.] (rgb)'
97.4038 	EXP 	response: fillColor = '[-1.  1.  1.] (rgb)'
97.4038 	EXP 	response: lineColor = '[-1.  1.  1.] (rgb)'
97.4038 	EXP 	pos0: autoDraw = True
97.4038 	EXP 	pos45: autoDraw = True
97.4038 	EXP 	pos90: autoDraw = True
97.4038 	EXP 	pos135: autoDraw = True
97.4038 	EXP 	pos180: autoDraw = True
97.4038 	EXP 	pos225: autoDraw = True
97.4038 	EXP 	pos270: autoDraw = True
97.4038 	EXP 	pos315: autoDraw = True
97.5243 	DATA 	Mouse:  Left button up, pos=(942,157)
102.4189 	EXP 	pos0: autoDraw = False
102.4189 	EXP 	pos45: autoDraw = False
102.4189 	EXP 	pos90: autoDraw = False
102.4189 	EXP 	pos135: autoDraw = False
102.4189 	EXP 	pos180: autoDraw = False
102.4189 	EXP 	pos225: autoDraw = False
102.4189 	EXP 	pos270: autoDraw = False
102.4189 	EXP 	pos315: autoDraw = False
104.3847 	EXP 	response: autoDraw = True
106.3345 	DATA 	Mouse: Left button down, pos=(1133,836)
106.3383 	EXP 	New trial (rep=0, index=10): OrderedDict([('Color0', [1, 1, -1]), ('Color45', [1, 1, 1]), ('Color90', [1, -1, -1]), ('Color135', [0, 0, 0]), ('Color180', [1, -1, 1]), ('Color225', [-1, 1, 1]), ('Color270', [-1, 1, -1]), ('Color315', [-1, -1, 1]), ('Cueresp', [1, -1, 1]), ('target_angle', 180), ('load', 7), ('delay', 2), ('trial', 2)])
106.3507 	EXP 	pos0: autoDraw = False
106.3507 	EXP 	pos45: autoDraw = False
106.3507 	EXP 	pos90: autoDraw = False
106.3507 	EXP 	pos135: autoDraw = False
106.3507 	EXP 	pos180: autoDraw = False
106.3507 	EXP 	pos225: autoDraw = False
106.3507 	EXP 	pos270: autoDraw = False
106.3507 	EXP 	pos315: autoDraw = False
106.3507 	EXP 	response: autoDraw = False
106.3507 	EXP 	pos0: fillColor = '[ 1.  1. -1.] (rgb)'
106.3507 	EXP 	pos0: lineColor = '[ 1.  1. -1.] (rgb)'
106.3507 	EXP 	pos45: fillColor = '[1. 1. 1.] (rgb)'
106.3507 	EXP 	pos45: lineColor = '[1. 1. 1.] (rgb)'
106.3507 	EXP 	pos90: fillColor = '[ 1. -1. -1.] (rgb)'
106.3507 	EXP 	pos90: lineColor = '[ 1. -1. -1.] (rgb)'
106.3507 	EXP 	pos135: fillColor = '[0. 0. 0.] (rgb)'
106.3507 	EXP 	pos135: lineColor = '[0. 0. 0.] (rgb)'
106.3507 	EXP 	pos180: fillColor = '[ 1. -1.  1.] (rgb)'
106.3507 	EXP 	pos180: lineColor = '[ 1. -1.  1.] (rgb)'
106.3507 	EXP 	pos225: fillColor = '[-1.  1.  1.] (rgb)'
106.3507 	EXP 	pos225: lineColor = '[-1.  1.  1.] (rgb)'
106.3507 	EXP 	pos270: fillColor = '[-1.  1. -1.] (rgb)'
106.3507 	EXP 	pos270: lineColor = '[-1.  1. -1.] (rgb)'
106.3507 	EXP 	pos315: fillColor = '[-1. -1.  1.] (rgb)'
106.3507 	EXP 	pos315: lineColor = '[-1. -1.  1.] (rgb)'
106.3507 	EXP 	response: fillColor = '[ 1. -1.  1.] (rgb)'
106.3507 	EXP 	response: lineColor = '[ 1. -1.  1.] (rgb)'
106.3507 	EXP 	pos0: autoDraw = True
106.3507 	EXP 	pos45: autoDraw = True
106.3507 	EXP 	pos90: autoDraw = True
106.3507 	EXP 	pos135: autoDraw = True
106.3507 	EXP 	pos180: autoDraw = True
106.3507 	EXP 	pos225: autoDraw = True
106.3507 	EXP 	pos270: autoDraw = True
106.3507 	EXP 	pos315: autoDraw = True
106.4537 	DATA 	Mouse:  Left button up, pos=(1133,836)
111.3655 	EXP 	pos0: autoDraw = False
111.3655 	EXP 	pos45: autoDraw = False
111.3655 	EXP 	pos90: autoDraw = False
111.3655 	EXP 	pos135: autoDraw = False
111.3655 	EXP 	pos180: autoDraw = False
111.3655 	EXP 	pos225: autoDraw = False
111.3655 	EXP 	pos270: autoDraw = False
111.3655 	EXP 	pos315: autoDraw = False
113.3315 	EXP 	response: autoDraw = True
115.2178 	DATA 	Mouse: Left button down, pos=(526,552)
115.2235 	EXP 	New trial (rep=0, index=11): OrderedDict([('Color0', [1, 1, -1]), ('Color45', [0, 0, 0]), ('Color90', [1, -1, 1]), ('Color135', [-1, 1, 1]), ('Color180', [-1, 1, -1]), ('Color225', [1, -1, -1]), ('Color270', [1, 1, 1]), ('Color315', [-1, -1, 1]), ('Cueresp', [-1, 1, 1]), ('target_angle', 135), ('load', 7), ('delay', 2), ('trial', 3)])
115.2345 	EXP 	pos0: autoDraw = False
115.2345 	EXP 	pos45: autoDraw = False
115.2345 	EXP 	pos90: autoDraw = False
115.2345 	EXP 	pos135: autoDraw = False
115.2345 	EXP 	pos180: autoDraw = False
115.2345 	EXP 	pos225: autoDraw = False
115.2345 	EXP 	pos270: autoDraw = False
115.2345 	EXP 	pos315: autoDraw = False
115.2345 	EXP 	response: autoDraw = False
115.2345 	EXP 	pos0: fillColor = '[ 1.  1. -1.] (rgb)'
115.2345 	EXP 	pos0: lineColor = '[ 1.  1. -1.] (rgb)'
115.2345 	EXP 	pos45: fillColor = '[0. 0. 0.] (rgb)'
115.2345 	EXP 	pos45: lineColor = '[0. 0. 0.] (rgb)'
115.2345 	EXP 	pos90: fillColor = '[ 1. -1.  1.] (rgb)'
115.2345 	EXP 	pos90: lineColor = '[ 1. -1.  1.] (rgb)'
115.2345 	EXP 	pos135: fillColor = '[-1.  1.  1.] (rgb)'
115.2345 	EXP 	pos135: lineColor = '[-1.  1.  1.] (rgb)'
115.2345 	EXP 	pos180: fillColor = '[-1.  1. -1.] (rgb)'
115.2345 	EXP 	pos180: lineColor = '[-1.  1. -1.] (rgb)'
115.2345 	EXP 	pos225: fillColor = '[ 1. -1. -1.] (rgb)'
115.2345 	EXP 	pos225: lineColor = '[ 1. -1. -1.] (rgb)'
115.2345 	EXP 	pos270: fillColor = '[1. 1. 1.] (rgb)'
115.2345 	EXP 	pos270: lineColor = '[1. 1. 1.] (rgb)'
115.2345 	EXP 	pos315: fillColor = '[-1. -1.  1.] (rgb)'
115.2345 	EXP 	pos315: lineColor = '[-1. -1.  1.] (rgb)'
115.2345 	EXP 	response: fillColor = '[-1.  1.  1.] (rgb)'
115.2345 	EXP 	response: lineColor = '[-1.  1.  1.] (rgb)'
115.2345 	EXP 	pos0: autoDraw = True
115.2345 	EXP 	pos45: autoDraw = True
115.2345 	EXP 	pos90: autoDraw = True
115.2345 	EXP 	pos135: autoDraw = True
115.2345 	EXP 	pos180: autoDraw = True
115.2345 	EXP 	pos225: autoDraw = True
115.2345 	EXP 	pos270: autoDraw = True
115.2345 	EXP 	pos315: autoDraw = True
115.3672 	DATA 	Mouse:  Left button up, pos=(529,552)
120.2461 	EXP 	pos0: autoDraw = False
120.2461 	EXP 	pos45: autoDraw = False
120.2461 	EXP 	pos90: autoDraw = False
120.2461 	EXP 	pos135: autoDraw = False
120.2461 	EXP 	pos180: autoDraw = False
120.2461 	EXP 	pos225: autoDraw = False
120.2461 	EXP 	pos270: autoDraw = False
120.2461 	EXP 	pos315: autoDraw = False
122.2289 	EXP 	response: autoDraw = True
124.0126 	DATA 	Mouse: Left button down, pos=(657,797)
124.0161 	EXP 	New trial (rep=0, index=12): OrderedDict([('Color0', [-1, 1, -1]), ('Color45', [1, -1, 1]), ('Color90', [-1, 1, 1]), ('Color135', [0, 0, 0]), ('Color180', [1, -1, -1]), ('Color225', [-1, -1, 1]), ('Color270', [1, 1, 1]), ('Color315', [1, 1, -1]), ('Cueresp', [-1, 1, 1]), ('target_angle', 90), ('load', 7), ('delay', 2), ('trial', 4)])
124.0287 	EXP 	pos0: autoDraw = False
124.0287 	EXP 	pos45: autoDraw = False
124.0287 	EXP 	pos90: autoDraw = False
124.0287 	EXP 	pos135: autoDraw = False
124.0287 	EXP 	pos180: autoDraw = False
124.0287 	EXP 	pos225: autoDraw = False
124.0287 	EXP 	pos270: autoDraw = False
124.0287 	EXP 	pos315: autoDraw = False
124.0287 	EXP 	response: autoDraw = False
124.0287 	EXP 	pos0: fillColor = '[-1.  1. -1.] (rgb)'
124.0287 	EXP 	pos0: lineColor = '[-1.  1. -1.] (rgb)'
124.0287 	EXP 	pos45: fillColor = '[ 1. -1.  1.] (rgb)'
124.0287 	EXP 	pos45: lineColor = '[ 1. -1.  1.] (rgb)'
124.0287 	EXP 	pos90: fillColor = '[-1.  1.  1.] (rgb)'
124.0287 	EXP 	pos90: lineColor = '[-1.  1.  1.] (rgb)'
124.0287 	EXP 	pos135: fillColor = '[0. 0. 0.] (rgb)'
124.0287 	EXP 	pos135: lineColor = '[0. 0. 0.] (rgb)'
124.0287 	EXP 	pos180: fillColor = '[ 1. -1. -1.] (rgb)'
124.0287 	EXP 	pos180: lineColor = '[ 1. -1. -1.] (rgb)'
124.0287 	EXP 	pos225: fillColor = '[-1. -1.  1.] (rgb)'
124.0287 	EXP 	pos225: lineColor = '[-1. -1.  1.] (rgb)'
124.0287 	EXP 	pos270: fillColor = '[1. 1. 1.] (rgb)'
124.0287 	EXP 	pos270: lineColor = '[1. 1. 1.] (rgb)'
124.0287 	EXP 	pos315: fillColor = '[ 1.  1. -1.] (rgb)'
124.0287 	EXP 	pos315: lineColor = '[ 1.  1. -1.] (rgb)'
124.0287 	EXP 	response: fillColor = '[-1.  1.  1.] (rgb)'
124.0287 	EXP 	response: lineColor = '[-1.  1.  1.] (rgb)'
124.0287 	EXP 	pos0: autoDraw = True
124.0287 	EXP 	pos45: autoDraw = True
124.0287 	EXP 	pos90: autoDraw = True
124.0287 	EXP 	pos135: autoDraw = True
124.0287 	EXP 	pos180: autoDraw = True
124.0287 	EXP 	pos225: autoDraw = True
124.0287 	EXP 	pos270: autoDraw = True
124.0287 	EXP 	pos315: autoDraw = True
124.1154 	DATA 	Mouse:  Left button up, pos=(657,797)
129.0436 	EXP 	pos0: autoDraw = False
129.0436 	EXP 	pos45: autoDraw = False
129.0436 	EXP 	pos90: autoDraw = False
129.0436 	EXP 	pos135: autoDraw = False
129.0436 	EXP 	pos180: autoDraw = False
129.0436 	EXP 	pos225: autoDraw = False
129.0436 	EXP 	pos270: autoDraw = False
129.0436 	EXP 	pos315: autoDraw = False
131.0093 	EXP 	response: autoDraw = True
133.0096 	DATA 	Mouse: Left button down, pos=(933,950)
133.0130 	EXP 	New trial (rep=0, index=13): OrderedDict([('Color0', [1, -1, -1]), ('Color45', [-1, -1, 1]), ('Color90', [1, -1, 1]), ('Color135', [1, 1, 1]), ('Color180', [-1, 1, -1]), ('Color225', [1, 1, -1]), ('Color270', [-1, 1, 1]), ('Color315', [0, 0, 0]), ('Cueresp', [-1, -1, 1]), ('target_angle', 45), ('load', 7), ('delay', 2), ('trial', 5)])
133.0254 	EXP 	pos0: autoDraw = False
133.0254 	EXP 	pos45: autoDraw = False
133.0254 	EXP 	pos90: autoDraw = False
133.0254 	EXP 	pos135: autoDraw = False
133.0254 	EXP 	pos180: autoDraw = False
133.0254 	EXP 	pos225: autoDraw = False
133.0254 	EXP 	pos270: autoDraw = False
133.0254 	EXP 	pos315: autoDraw = False
133.0254 	EXP 	response: autoDraw = False
133.0254 	EXP 	pos0: fillColor = '[ 1. -1. -1.] (rgb)'
133.0254 	EXP 	pos0: lineColor = '[ 1. -1. -1.] (rgb)'
133.0254 	EXP 	pos45: fillColor = '[-1. -1.  1.] (rgb)'
133.0254 	EXP 	pos45: lineColor = '[-1. -1.  1.] (rgb)'
133.0254 	EXP 	pos90: fillColor = '[ 1. -1.  1.] (rgb)'
133.0254 	EXP 	pos90: lineColor = '[ 1. -1.  1.] (rgb)'
133.0254 	EXP 	pos135: fillColor = '[1. 1. 1.] (rgb)'
133.0254 	EXP 	pos135: lineColor = '[1. 1. 1.] (rgb)'
133.0254 	EXP 	pos180: fillColor = '[-1.  1. -1.] (rgb)'
133.0254 	EXP 	pos180: lineColor = '[-1.  1. -1.] (rgb)'
133.0254 	EXP 	pos225: fillColor = '[ 1.  1. -1.] (rgb)'
133.0254 	EXP 	pos225: lineColor = '[ 1.  1. -1.] (rgb)'
133.0254 	EXP 	pos270: fillColor = '[-1.  1.  1.] (rgb)'
133.0254 	EXP 	pos270: lineColor = '[-1.  1.  1.] (rgb)'
133.0254 	EXP 	pos315: fillColor = '[0. 0. 0.] (rgb)'
133.0254 	EXP 	pos315: lineColor = '[0. 0. 0.] (rgb)'
133.0254 	EXP 	response: fillColor = '[-1. -1.  1.] (rgb)'
133.0254 	EXP 	response: lineColor = '[-1. -1.  1.] (rgb)'
133.0254 	EXP 	pos0: autoDraw = True
133.0254 	EXP 	pos45: autoDraw = True
133.0254 	EXP 	pos90: autoDraw = True
133.0254 	EXP 	pos135: autoDraw = True
133.0254 	EXP 	pos180: autoDraw = True
133.0254 	EXP 	pos225: autoDraw = True
133.0254 	EXP 	pos270: autoDraw = True
133.0254 	EXP 	pos315: autoDraw = True
133.1288 	DATA 	Mouse:  Left button up, pos=(933,950)
138.0409 	EXP 	pos0: autoDraw = False
138.0409 	EXP 	pos45: autoDraw = False
138.0409 	EXP 	pos90: autoDraw = False
138.0409 	EXP 	pos135: autoDraw = False
138.0409 	EXP 	pos180: autoDraw = False
138.0409 	EXP 	pos225: autoDraw = False
138.0409 	EXP 	pos270: autoDraw = False
138.0409 	EXP 	pos315: autoDraw = False
140.0059 	EXP 	response: autoDraw = True
141.6495 	DATA 	Mouse: Left button down, pos=(1290,834)
141.6648 	EXP 	New trial (rep=0, index=14): OrderedDict([('Color0', [-1, 1, 1]), ('Color45', [1, 1, 1]), ('Color90', [1, 1, -1]), ('Color135', [1, -1, 1]), ('Color180', [0, 0, 0]), ('Color225', [-1, 1, -1]), ('Color270', [-1, -1, 1]), ('Color315', [1, -1, -1]), ('Cueresp', [1, 1, -1]), ('target_angle', 90), ('load', 7), ('delay', 2), ('trial', 6)])
141.6765 	EXP 	pos0: autoDraw = False
141.6765 	EXP 	pos45: autoDraw = False
141.6765 	EXP 	pos90: autoDraw = False
141.6765 	EXP 	pos135: autoDraw = False
141.6765 	EXP 	pos180: autoDraw = False
141.6765 	EXP 	pos225: autoDraw = False
141.6765 	EXP 	pos270: autoDraw = False
141.6765 	EXP 	pos315: autoDraw = False
141.6765 	EXP 	response: autoDraw = False
141.6765 	EXP 	pos0: fillColor = '[-1.  1.  1.] (rgb)'
141.6765 	EXP 	pos0: lineColor = '[-1.  1.  1.] (rgb)'
141.6765 	EXP 	pos45: fillColor = '[1. 1. 1.] (rgb)'
141.6765 	EXP 	pos45: lineColor = '[1. 1. 1.] (rgb)'
141.6765 	EXP 	pos90: fillColor = '[ 1.  1. -1.] (rgb)'
141.6765 	EXP 	pos90: lineColor = '[ 1.  1. -1.] (rgb)'
141.6765 	EXP 	pos135: fillColor = '[ 1. -1.  1.] (rgb)'
141.6765 	EXP 	pos135: lineColor = '[ 1. -1.  1.] (rgb)'
141.6765 	EXP 	pos180: fillColor = '[0. 0. 0.] (rgb)'
141.6765 	EXP 	pos180: lineColor = '[0. 0. 0.] (rgb)'
141.6765 	EXP 	pos225: fillColor = '[-1.  1. -1.] (rgb)'
141.6765 	EXP 	pos225: lineColor = '[-1.  1. -1.] (rgb)'
141.6765 	EXP 	pos270: fillColor = '[-1. -1.  1.] (rgb)'
141.6765 	EXP 	pos270: lineColor = '[-1. -1.  1.] (rgb)'
141.6765 	EXP 	pos315: fillColor = '[ 1. -1. -1.] (rgb)'
141.6765 	EXP 	pos315: lineColor = '[ 1. -1. -1.] (rgb)'
141.6765 	EXP 	response: fillColor = '[ 1.  1. -1.] (rgb)'
141.6765 	EXP 	response: lineColor = '[ 1.  1. -1.] (rgb)'
141.6765 	EXP 	pos0: autoDraw = True
141.6765 	EXP 	pos45: autoDraw = True
141.6765 	EXP 	pos90: autoDraw = True
141.6765 	EXP 	pos135: autoDraw = True
141.6765 	EXP 	pos180: autoDraw = True
141.6765 	EXP 	pos225: autoDraw = True
141.6765 	EXP 	pos270: autoDraw = True
141.6765 	EXP 	pos315: autoDraw = True
141.7752 	DATA 	Mouse:  Left button up, pos=(1290,834)
146.6870 	EXP 	pos0: autoDraw = False
146.6870 	EXP 	pos45: autoDraw = False
146.6870 	EXP 	pos90: autoDraw = False
146.6870 	EXP 	pos135: autoDraw = False
146.6870 	EXP 	pos180: autoDraw = False
146.6870 	EXP 	pos225: autoDraw = False
146.6870 	EXP 	pos270: autoDraw = False
146.6870 	EXP 	pos315: autoDraw = False
148.6696 	EXP 	response: autoDraw = True
150.7866 	DATA 	Mouse: Left button down, pos=(927,975)
150.7897 	EXP 	New trial (rep=0, index=15): OrderedDict([('Color0', [0, 0, 0]), ('Color45', [1, -1, 1]), ('Color90', [-1, -1, 1]), ('Color135', [1, 1, -1]), ('Color180', [-1, 1, 1]), ('Color225', [1, -1, -1]), ('Color270', [-1, 1, -1]), ('Color315', [1, 1, 1]), ('Cueresp', [-1, 1, -1]), ('target_angle', 270), ('load', 7), ('delay', 2), ('trial', 7)])
150.8031 	EXP 	pos0: autoDraw = False
150.8031 	EXP 	pos45: autoDraw = False
150.8031 	EXP 	pos90: autoDraw = False
150.8031 	EXP 	pos135: autoDraw = False
150.8031 	EXP 	pos180: autoDraw = False
150.8031 	EXP 	pos225: autoDraw = False
150.8031 	EXP 	pos270: autoDraw = False
150.8031 	EXP 	pos315: autoDraw = False
150.8031 	EXP 	response: autoDraw = False
150.8031 	EXP 	pos0: fillColor = '[0. 0. 0.] (rgb)'
150.8031 	EXP 	pos0: lineColor = '[0. 0. 0.] (rgb)'
150.8031 	EXP 	pos45: fillColor = '[ 1. -1.  1.] (rgb)'
150.8031 	EXP 	pos45: lineColor = '[ 1. -1.  1.] (rgb)'
150.8031 	EXP 	pos90: fillColor = '[-1. -1.  1.] (rgb)'
150.8031 	EXP 	pos90: lineColor = '[-1. -1.  1.] (rgb)'
150.8031 	EXP 	pos135: fillColor = '[ 1.  1. -1.] (rgb)'
150.8031 	EXP 	pos135: lineColor = '[ 1.  1. -1.] (rgb)'
150.8031 	EXP 	pos180: fillColor = '[-1.  1.  1.] (rgb)'
150.8031 	EXP 	pos180: lineColor = '[-1.  1.  1.] (rgb)'
150.8031 	EXP 	pos225: fillColor = '[ 1. -1. -1.] (rgb)'
150.8031 	EXP 	pos225: lineColor = '[ 1. -1. -1.] (rgb)'
150.8031 	EXP 	pos270: fillColor = '[-1.  1. -1.] (rgb)'
150.8031 	EXP 	pos270: lineColor = '[-1.  1. -1.] (rgb)'
150.8031 	EXP 	pos315: fillColor = '[1. 1. 1.] (rgb)'
150.8031 	EXP 	pos315: lineColor = '[1. 1. 1.] (rgb)'
150.8031 	EXP 	response: fillColor = '[-1.  1. -1.] (rgb)'
150.8031 	EXP 	response: lineColor = '[-1.  1. -1.] (rgb)'
150.8031 	EXP 	pos0: autoDraw = True
150.8031 	EXP 	pos45: autoDraw = True
150.8031 	EXP 	pos90: autoDraw = True
150.8031 	EXP 	pos135: autoDraw = True
150.8031 	EXP 	pos180: autoDraw = True
150.8031 	EXP 	pos225: autoDraw = True
150.8031 	EXP 	pos270: autoDraw = True
150.8031 	EXP 	pos315: autoDraw = True
150.8892 	DATA 	Mouse:  Left button up, pos=(927,975)
155.8175 	EXP 	pos0: autoDraw = False
155.8175 	EXP 	pos45: autoDraw = False
155.8175 	EXP 	pos90: autoDraw = False
155.8175 	EXP 	pos135: autoDraw = False
155.8175 	EXP 	pos180: autoDraw = False
155.8175 	EXP 	pos225: autoDraw = False
155.8175 	EXP 	pos270: autoDraw = False
155.8175 	EXP 	pos315: autoDraw = False
157.7838 	EXP 	response: autoDraw = True
160.9670 	DATA 	Mouse: Left button down, pos=(1198,763)
160.9885 	EXP 	Imported trials_long_delay.xlsx as conditions, 16 conditions, 13 params
160.9889 	EXP 	Created sequence: random, trialTypes=16, nReps=1, seed=None
160.9893 	EXP 	New trial (rep=0, index=0): OrderedDict([('Color0', [0, 0, 0]), ('Color45', [1, 1, -1]), ('Color90', [1, -1, -1]), ('Color135', [-1, 1, 1]), ('Color180', [-1, 1, -1]), ('Color225', [-1, -1, 1]), ('Color270', [1, 1, 1]), ('Color315', [1, -1, 1]), ('Cueresp', [-1, -1, 1]), ('target_angle', 225), ('load', 7), ('delay', 9), ('trial', 5)])
160.9982 	EXP 	pos0: autoDraw = False
160.9982 	EXP 	pos45: autoDraw = False
160.9982 	EXP 	pos90: autoDraw = False
160.9982 	EXP 	pos135: autoDraw = False
160.9982 	EXP 	pos180: autoDraw = False
160.9982 	EXP 	pos225: autoDraw = False
160.9982 	EXP 	pos270: autoDraw = False
160.9982 	EXP 	pos315: autoDraw = False
160.9982 	EXP 	response: autoDraw = False
160.9982 	EXP 	pos0_2: fillColor = '[0. 0. 0.] (rgb)'
160.9982 	EXP 	pos0_2: lineColor = '[0. 0. 0.] (rgb)'
160.9982 	EXP 	pos45_2: fillColor = '[ 1.  1. -1.] (rgb)'
160.9982 	EXP 	pos45_2: lineColor = '[ 1.  1. -1.] (rgb)'
160.9982 	EXP 	pos90_2: fillColor = '[ 1. -1. -1.] (rgb)'
160.9982 	EXP 	pos90_2: lineColor = '[ 1. -1. -1.] (rgb)'
160.9982 	EXP 	pos135_2: fillColor = '[-1.  1.  1.] (rgb)'
160.9982 	EXP 	pos135_2: lineColor = '[-1.  1.  1.] (rgb)'
160.9982 	EXP 	pos180_2: fillColor = '[-1.  1. -1.] (rgb)'
160.9982 	EXP 	pos180_2: lineColor = '[-1.  1. -1.] (rgb)'
160.9982 	EXP 	pos225_2: fillColor = '[-1. -1.  1.] (rgb)'
160.9982 	EXP 	pos225_2: lineColor = '[-1. -1.  1.] (rgb)'
160.9982 	EXP 	pos270_2: fillColor = '[1. 1. 1.] (rgb)'
160.9982 	EXP 	pos270_2: lineColor = '[1. 1. 1.] (rgb)'
160.9982 	EXP 	pos315_2: fillColor = '[ 1. -1.  1.] (rgb)'
160.9982 	EXP 	pos315_2: lineColor = '[ 1. -1.  1.] (rgb)'
160.9982 	EXP 	response_2: fillColor = '[-1. -1.  1.] (rgb)'
160.9982 	EXP 	response_2: lineColor = '[-1. -1.  1.] (rgb)'
160.9982 	EXP 	pos0_2: autoDraw = True
160.9982 	EXP 	pos45_2: autoDraw = True
160.9982 	EXP 	pos90_2: autoDraw = True
160.9982 	EXP 	pos135_2: autoDraw = True
160.9982 	EXP 	pos180_2: autoDraw = True
160.9982 	EXP 	pos225_2: autoDraw = True
160.9982 	EXP 	pos270_2: autoDraw = True
160.9982 	EXP 	pos315_2: autoDraw = True
161.0848 	DATA 	Mouse:  Left button up, pos=(1198,763)
165.9978 	EXP 	pos0_2: autoDraw = False
165.9978 	EXP 	pos45_2: autoDraw = False
165.9978 	EXP 	pos90_2: autoDraw = False
165.9978 	EXP 	pos135_2: autoDraw = False
165.9978 	EXP 	pos180_2: autoDraw = False
165.9978 	EXP 	pos225_2: autoDraw = False
165.9978 	EXP 	pos270_2: autoDraw = False
165.9978 	EXP 	pos315_2: autoDraw = False
174.9944 	EXP 	response_2: autoDraw = True
176.7779 	DATA 	Mouse: Left button down, pos=(760,270)
176.7818 	EXP 	New trial (rep=0, index=1): OrderedDict([('Color0', [0, 0, 0]), ('Color45', [1, 1, 1]), ('Color90', [-1, -1, 1]), ('Color135', [0, 0, 0]), ('Color180', [0, 0, 0]), ('Color225', [0, 0, 0]), ('Color270', [0, 0, 0]), ('Color315', [1, -1, 1]), ('Cueresp', [-1, -1, 1]), ('target_angle', 90), ('load', 3), ('delay', 9), ('trial', 3)])
176.7945 	EXP 	pos0_2: autoDraw = False
176.7945 	EXP 	pos45_2: autoDraw = False
176.7945 	EXP 	pos90_2: autoDraw = False
176.7945 	EXP 	pos135_2: autoDraw = False
176.7945 	EXP 	pos180_2: autoDraw = False
176.7945 	EXP 	pos225_2: autoDraw = False
176.7945 	EXP 	pos270_2: autoDraw = False
176.7945 	EXP 	pos315_2: autoDraw = False
176.7945 	EXP 	response_2: autoDraw = False
176.7945 	EXP 	pos0_2: fillColor = '[0. 0. 0.] (rgb)'
176.7945 	EXP 	pos0_2: lineColor = '[0. 0. 0.] (rgb)'
176.7945 	EXP 	pos45_2: fillColor = '[1. 1. 1.] (rgb)'
176.7945 	EXP 	pos45_2: lineColor = '[1. 1. 1.] (rgb)'
176.7945 	EXP 	pos90_2: fillColor = '[-1. -1.  1.] (rgb)'
176.7945 	EXP 	pos90_2: lineColor = '[-1. -1.  1.] (rgb)'
176.7945 	EXP 	pos135_2: fillColor = '[0. 0. 0.] (rgb)'
176.7945 	EXP 	pos135_2: lineColor = '[0. 0. 0.] (rgb)'
176.7945 	EXP 	pos180_2: fillColor = '[0. 0. 0.] (rgb)'
176.7945 	EXP 	pos180_2: lineColor = '[0. 0. 0.] (rgb)'
176.7945 	EXP 	pos225_2: fillColor = '[0. 0. 0.] (rgb)'
176.7945 	EXP 	pos225_2: lineColor = '[0. 0. 0.] (rgb)'
176.7945 	EXP 	pos270_2: fillColor = '[0. 0. 0.] (rgb)'
176.7945 	EXP 	pos270_2: lineColor = '[0. 0. 0.] (rgb)'
176.7945 	EXP 	pos315_2: fillColor = '[ 1. -1.  1.] (rgb)'
176.7945 	EXP 	pos315_2: lineColor = '[ 1. -1.  1.] (rgb)'
176.7945 	EXP 	response_2: fillColor = '[-1. -1.  1.] (rgb)'
176.7945 	EXP 	response_2: lineColor = '[-1. -1.  1.] (rgb)'
176.7945 	EXP 	pos0_2: autoDraw = True
176.7945 	EXP 	pos45_2: autoDraw = True
176.7945 	EXP 	pos90_2: autoDraw = True
176.7945 	EXP 	pos135_2: autoDraw = True
176.7945 	EXP 	pos180_2: autoDraw = True
176.7945 	EXP 	pos225_2: autoDraw = True
176.7945 	EXP 	pos270_2: autoDraw = True
176.7945 	EXP 	pos315_2: autoDraw = True
176.9146 	DATA 	Mouse:  Left button up, pos=(760,271)
181.8089 	EXP 	pos0_2: autoDraw = False
181.8089 	EXP 	pos45_2: autoDraw = False
181.8089 	EXP 	pos90_2: autoDraw = False
181.8089 	EXP 	pos135_2: autoDraw = False
181.8089 	EXP 	pos180_2: autoDraw = False
181.8089 	EXP 	pos225_2: autoDraw = False
181.8089 	EXP 	pos270_2: autoDraw = False
181.8089 	EXP 	pos315_2: autoDraw = False
190.7893 	EXP 	response_2: autoDraw = True
192.6056 	DATA 	Mouse: Left button down, pos=(1112,961)
192.6093 	EXP 	New trial (rep=0, index=2): OrderedDict([('Color0', [0, 0, 0]), ('Color45', [1, 1, 1]), ('Color90', [0, 0, 0]), ('Color135', [0, 0, 0]), ('Color180', [1, -1, 1]), ('Color225', [1, 1, -1]), ('Color270', [0, 0, 0]), ('Color315', [0, 0, 0]), ('Cueresp', [1, 1, -1]), ('target_angle', 225), ('load', 3), ('delay', 9), ('trial', 2)])
192.6221 	EXP 	pos0_2: autoDraw = False
192.6221 	EXP 	pos45_2: autoDraw = False
192.6221 	EXP 	pos90_2: autoDraw = False
192.6221 	EXP 	pos135_2: autoDraw = False
192.6221 	EXP 	pos180_2: autoDraw = False
192.6221 	EXP 	pos225_2: autoDraw = False
192.6221 	EXP 	pos270_2: autoDraw = False
192.6221 	EXP 	pos315_2: autoDraw = False
192.6221 	EXP 	response_2: autoDraw = False
192.6221 	EXP 	pos0_2: fillColor = '[0. 0. 0.] (rgb)'
192.6221 	EXP 	pos0_2: lineColor = '[0. 0. 0.] (rgb)'
192.6221 	EXP 	pos45_2: fillColor = '[1. 1. 1.] (rgb)'
192.6221 	EXP 	pos45_2: lineColor = '[1. 1. 1.] (rgb)'
192.6221 	EXP 	pos90_2: fillColor = '[0. 0. 0.] (rgb)'
192.6221 	EXP 	pos90_2: lineColor = '[0. 0. 0.] (rgb)'
192.6221 	EXP 	pos135_2: fillColor = '[0. 0. 0.] (rgb)'
192.6221 	EXP 	pos135_2: lineColor = '[0. 0. 0.] (rgb)'
192.6221 	EXP 	pos180_2: fillColor = '[ 1. -1.  1.] (rgb)'
192.6221 	EXP 	pos180_2: lineColor = '[ 1. -1.  1.] (rgb)'
192.6221 	EXP 	pos225_2: fillColor = '[ 1.  1. -1.] (rgb)'
192.6221 	EXP 	pos225_2: lineColor = '[ 1.  1. -1.] (rgb)'
192.6221 	EXP 	pos270_2: fillColor = '[0. 0. 0.] (rgb)'
192.6221 	EXP 	pos270_2: lineColor = '[0. 0. 0.] (rgb)'
192.6221 	EXP 	pos315_2: fillColor = '[0. 0. 0.] (rgb)'
192.6221 	EXP 	pos315_2: lineColor = '[0. 0. 0.] (rgb)'
192.6221 	EXP 	response_2: fillColor = '[ 1.  1. -1.] (rgb)'
192.6221 	EXP 	response_2: lineColor = '[ 1.  1. -1.] (rgb)'
192.6221 	EXP 	pos0_2: autoDraw = True
192.6221 	EXP 	pos45_2: autoDraw = True
192.6221 	EXP 	pos90_2: autoDraw = True
192.6221 	EXP 	pos135_2: autoDraw = True
192.6221 	EXP 	pos180_2: autoDraw = True
192.6221 	EXP 	pos225_2: autoDraw = True
192.6221 	EXP 	pos270_2: autoDraw = True
192.6221 	EXP 	pos315_2: autoDraw = True
192.7257 	DATA 	Mouse:  Left button up, pos=(1112,961)
197.6366 	EXP 	pos0_2: autoDraw = False
197.6366 	EXP 	pos45_2: autoDraw = False
197.6366 	EXP 	pos90_2: autoDraw = False
197.6366 	EXP 	pos135_2: autoDraw = False
197.6366 	EXP 	pos180_2: autoDraw = False
197.6366 	EXP 	pos225_2: autoDraw = False
197.6366 	EXP 	pos270_2: autoDraw = False
197.6366 	EXP 	pos315_2: autoDraw = False
206.6006 	EXP 	response_2: autoDraw = True
207.9429 	DATA 	Mouse: Left button down, pos=(730,330)
207.9593 	EXP 	New trial (rep=0, index=3): OrderedDict([('Color0', [-1, 1, 1]), ('Color45', [1, 1, 1]), ('Color90', [-1, 1, -1]), ('Color135', [1, -1, 1]), ('Color180', [0, 0, 0]), ('Color225', [1, 1, -1]), ('Color270', [1, -1, -1]), ('Color315', [-1, -1, 1]), ('Cueresp', [1, -1, -1]), ('target_angle', 270), ('load', 7), ('delay', 9), ('trial', 3)])
207.9748 	EXP 	pos0_2: autoDraw = False
207.9748 	EXP 	pos45_2: autoDraw = False
207.9748 	EXP 	pos90_2: autoDraw = False
207.9748 	EXP 	pos135_2: autoDraw = False
207.9748 	EXP 	pos180_2: autoDraw = False
207.9748 	EXP 	pos225_2: autoDraw = False
207.9748 	EXP 	pos270_2: autoDraw = False
207.9748 	EXP 	pos315_2: autoDraw = False
207.9748 	EXP 	response_2: autoDraw = False
207.9748 	EXP 	pos0_2: fillColor = '[-1.  1.  1.] (rgb)'
207.9748 	EXP 	pos0_2: lineColor = '[-1.  1.  1.] (rgb)'
207.9748 	EXP 	pos45_2: fillColor = '[1. 1. 1.] (rgb)'
207.9748 	EXP 	pos45_2: lineColor = '[1. 1. 1.] (rgb)'
207.9748 	EXP 	pos90_2: fillColor = '[-1.  1. -1.] (rgb)'
207.9748 	EXP 	pos90_2: lineColor = '[-1.  1. -1.] (rgb)'
207.9748 	EXP 	pos135_2: fillColor = '[ 1. -1.  1.] (rgb)'
207.9748 	EXP 	pos135_2: lineColor = '[ 1. -1.  1.] (rgb)'
207.9748 	EXP 	pos180_2: fillColor = '[0. 0. 0.] (rgb)'
207.9748 	EXP 	pos180_2: lineColor = '[0. 0. 0.] (rgb)'
207.9748 	EXP 	pos225_2: fillColor = '[ 1.  1. -1.] (rgb)'
207.9748 	EXP 	pos225_2: lineColor = '[ 1.  1. -1.] (rgb)'
207.9748 	EXP 	pos270_2: fillColor = '[ 1. -1. -1.] (rgb)'
207.9748 	EXP 	pos270_2: lineColor = '[ 1. -1. -1.] (rgb)'
207.9748 	EXP 	pos315_2: fillColor = '[-1. -1.  1.] (rgb)'
207.9748 	EXP 	pos315_2: lineColor = '[-1. -1.  1.] (rgb)'
207.9748 	EXP 	response_2: fillColor = '[ 1. -1. -1.] (rgb)'
207.9748 	EXP 	response_2: lineColor = '[ 1. -1. -1.] (rgb)'
207.9748 	EXP 	pos0_2: autoDraw = True
207.9748 	EXP 	pos45_2: autoDraw = True
207.9748 	EXP 	pos90_2: autoDraw = True
207.9748 	EXP 	pos135_2: autoDraw = True
207.9748 	EXP 	pos180_2: autoDraw = True
207.9748 	EXP 	pos225_2: autoDraw = True
207.9748 	EXP 	pos270_2: autoDraw = True
207.9748 	EXP 	pos315_2: autoDraw = True
208.0870 	DATA 	Mouse:  Left button up, pos=(730,330)
212.9817 	EXP 	pos0_2: autoDraw = False
212.9817 	EXP 	pos45_2: autoDraw = False
212.9817 	EXP 	pos90_2: autoDraw = False
212.9817 	EXP 	pos135_2: autoDraw = False
212.9817 	EXP 	pos180_2: autoDraw = False
212.9817 	EXP 	pos225_2: autoDraw = False
212.9817 	EXP 	pos270_2: autoDraw = False
212.9817 	EXP 	pos315_2: autoDraw = False
221.9617 	EXP 	response_2: autoDraw = True
223.5615 	DATA 	Mouse: Left button down, pos=(1264,781)
223.5645 	EXP 	New trial (rep=0, index=4): OrderedDict([('Color0', [0, 0, 0]), ('Color45', [-1, 1, -1]), ('Color90', [-1, 1, 1]), ('Color135', [1, 1, 1]), ('Color180', [-1, -1, 1]), ('Color225', [1, 1, -1]), ('Color270', [1, -1, -1]), ('Color315', [1, -1, 1]), ('Cueresp', [1, -1, -1]), ('target_angle', 270), ('load', 7), ('delay', 9), ('trial', 0)])
223.5782 	EXP 	pos0_2: autoDraw = False
223.5782 	EXP 	pos45_2: autoDraw = False
223.5782 	EXP 	pos90_2: autoDraw = False
223.5782 	EXP 	pos135_2: autoDraw = False
223.5782 	EXP 	pos180_2: autoDraw = False
223.5782 	EXP 	pos225_2: autoDraw = False
223.5782 	EXP 	pos270_2: autoDraw = False
223.5782 	EXP 	pos315_2: autoDraw = False
223.5782 	EXP 	response_2: autoDraw = False
223.5782 	EXP 	pos0_2: fillColor = '[0. 0. 0.] (rgb)'
223.5782 	EXP 	pos0_2: lineColor = '[0. 0. 0.] (rgb)'
223.5782 	EXP 	pos45_2: fillColor = '[-1.  1. -1.] (rgb)'
223.5782 	EXP 	pos45_2: lineColor = '[-1.  1. -1.] (rgb)'
223.5782 	EXP 	pos90_2: fillColor = '[-1.  1.  1.] (rgb)'
223.5782 	EXP 	pos90_2: lineColor = '[-1.  1.  1.] (rgb)'
223.5782 	EXP 	pos135_2: fillColor = '[1. 1. 1.] (rgb)'
223.5782 	EXP 	pos135_2: lineColor = '[1. 1. 1.] (rgb)'
223.5782 	EXP 	pos180_2: fillColor = '[-1. -1.  1.] (rgb)'
223.5782 	EXP 	pos180_2: lineColor = '[-1. -1.  1.] (rgb)'
223.5782 	EXP 	pos225_2: fillColor = '[ 1.  1. -1.] (rgb)'
223.5782 	EXP 	pos225_2: lineColor = '[ 1.  1. -1.] (rgb)'
223.5782 	EXP 	pos270_2: fillColor = '[ 1. -1. -1.] (rgb)'
223.5782 	EXP 	pos270_2: lineColor = '[ 1. -1. -1.] (rgb)'
223.5782 	EXP 	pos315_2: fillColor = '[ 1. -1.  1.] (rgb)'
223.5782 	EXP 	pos315_2: lineColor = '[ 1. -1.  1.] (rgb)'
223.5782 	EXP 	response_2: fillColor = '[ 1. -1. -1.] (rgb)'
223.5782 	EXP 	response_2: lineColor = '[ 1. -1. -1.] (rgb)'
223.5782 	EXP 	pos0_2: autoDraw = True
223.5782 	EXP 	pos45_2: autoDraw = True
223.5782 	EXP 	pos90_2: autoDraw = True
223.5782 	EXP 	pos135_2: autoDraw = True
223.5782 	EXP 	pos180_2: autoDraw = True
223.5782 	EXP 	pos225_2: autoDraw = True
223.5782 	EXP 	pos270_2: autoDraw = True
223.5782 	EXP 	pos315_2: autoDraw = True
223.6810 	DATA 	Mouse:  Left button up, pos=(1264,781)
228.5931 	EXP 	pos0_2: autoDraw = False
228.5931 	EXP 	pos45_2: autoDraw = False
228.5931 	EXP 	pos90_2: autoDraw = False
228.5931 	EXP 	pos135_2: autoDraw = False
228.5931 	EXP 	pos180_2: autoDraw = False
228.5931 	EXP 	pos225_2: autoDraw = False
228.5931 	EXP 	pos270_2: autoDraw = False
228.5931 	EXP 	pos315_2: autoDraw = False
237.5568 	EXP 	response_2: autoDraw = True
239.3416 	DATA 	Mouse: Left button down, pos=(1290,878)
239.3512 	EXP 	New trial (rep=0, index=5): OrderedDict([('Color0', [-1, -1, 1]), ('Color45', [1, 1, -1]), ('Color90', [1, 1, 1]), ('Color135', [0, 0, 0]), ('Color180', [1, -1, 1]), ('Color225', [-1, 1, 1]), ('Color270', [-1, 1, -1]), ('Color315', [1, -1, -1]), ('Cueresp', [1, -1, 1]), ('target_angle', 180), ('load', 7), ('delay', 9), ('trial', 7)])
239.3641 	EXP 	pos0_2: autoDraw = False
239.3641 	EXP 	pos45_2: autoDraw = False
239.3641 	EXP 	pos90_2: autoDraw = False
239.3641 	EXP 	pos135_2: autoDraw = False
239.3641 	EXP 	pos180_2: autoDraw = False
239.3641 	EXP 	pos225_2: autoDraw = False
239.3641 	EXP 	pos270_2: autoDraw = False
239.3641 	EXP 	pos315_2: autoDraw = False
239.3641 	EXP 	response_2: autoDraw = False
239.3641 	EXP 	pos0_2: fillColor = '[-1. -1.  1.] (rgb)'
239.3641 	EXP 	pos0_2: lineColor = '[-1. -1.  1.] (rgb)'
239.3641 	EXP 	pos45_2: fillColor = '[ 1.  1. -1.] (rgb)'
239.3641 	EXP 	pos45_2: lineColor = '[ 1.  1. -1.] (rgb)'
239.3641 	EXP 	pos90_2: fillColor = '[1. 1. 1.] (rgb)'
239.3641 	EXP 	pos90_2: lineColor = '[1. 1. 1.] (rgb)'
239.3641 	EXP 	pos135_2: fillColor = '[0. 0. 0.] (rgb)'
239.3641 	EXP 	pos135_2: lineColor = '[0. 0. 0.] (rgb)'
239.3641 	EXP 	pos180_2: fillColor = '[ 1. -1.  1.] (rgb)'
239.3641 	EXP 	pos180_2: lineColor = '[ 1. -1.  1.] (rgb)'
239.3641 	EXP 	pos225_2: fillColor = '[-1.  1.  1.] (rgb)'
239.3641 	EXP 	pos225_2: lineColor = '[-1.  1.  1.] (rgb)'
239.3641 	EXP 	pos270_2: fillColor = '[-1.  1. -1.] (rgb)'
239.3641 	EXP 	pos270_2: lineColor = '[-1.  1. -1.] (rgb)'
239.3641 	EXP 	pos315_2: fillColor = '[ 1. -1. -1.] (rgb)'
239.3641 	EXP 	pos315_2: lineColor = '[ 1. -1. -1.] (rgb)'
239.3641 	EXP 	response_2: fillColor = '[ 1. -1.  1.] (rgb)'
239.3641 	EXP 	response_2: lineColor = '[ 1. -1.  1.] (rgb)'
239.3641 	EXP 	pos0_2: autoDraw = True
239.3641 	EXP 	pos45_2: autoDraw = True
239.3641 	EXP 	pos90_2: autoDraw = True
239.3641 	EXP 	pos135_2: autoDraw = True
239.3641 	EXP 	pos180_2: autoDraw = True
239.3641 	EXP 	pos225_2: autoDraw = True
239.3641 	EXP 	pos270_2: autoDraw = True
239.3641 	EXP 	pos315_2: autoDraw = True
239.4587 	DATA 	Mouse:  Left button up, pos=(1290,878)
244.3710 	EXP 	pos0_2: autoDraw = False
244.3710 	EXP 	pos45_2: autoDraw = False
244.3710 	EXP 	pos90_2: autoDraw = False
244.3710 	EXP 	pos135_2: autoDraw = False
244.3710 	EXP 	pos180_2: autoDraw = False
244.3710 	EXP 	pos225_2: autoDraw = False
244.3710 	EXP 	pos270_2: autoDraw = False
244.3710 	EXP 	pos315_2: autoDraw = False
253.3514 	EXP 	response_2: autoDraw = True
254.8855 	DATA 	Mouse: Left button down, pos=(557,670)
254.8950 	EXP 	New trial (rep=0, index=6): OrderedDict([('Color0', [1, -1, 1]), ('Color45', [0, 0, 0]), ('Color90', [0, 0, 0]), ('Color135', [1, 1, 1]), ('Color180', [0, 0, 0]), ('Color225', [0, 0, 0]), ('Color270', [0, 0, 0]), ('Color315', [1, -1, -1]), ('Cueresp', [1, 1, 1]), ('target_angle', 135), ('load', 3), ('delay', 9), ('trial', 6)])
254.9104 	EXP 	pos0_2: autoDraw = False
254.9104 	EXP 	pos45_2: autoDraw = False
254.9104 	EXP 	pos90_2: autoDraw = False
254.9104 	EXP 	pos135_2: autoDraw = False
254.9104 	EXP 	pos180_2: autoDraw = False
254.9104 	EXP 	pos225_2: autoDraw = False
254.9104 	EXP 	pos270_2: autoDraw = False
254.9104 	EXP 	pos315_2: autoDraw = False
254.9104 	EXP 	response_2: autoDraw = False
254.9104 	EXP 	pos0_2: fillColor = '[ 1. -1.  1.] (rgb)'
254.9104 	EXP 	pos0_2: lineColor = '[ 1. -1.  1.] (rgb)'
254.9104 	EXP 	pos45_2: fillColor = '[0. 0. 0.] (rgb)'
254.9104 	EXP 	pos45_2: lineColor = '[0. 0. 0.] (rgb)'
254.9104 	EXP 	pos90_2: fillColor = '[0. 0. 0.] (rgb)'
254.9104 	EXP 	pos90_2: lineColor = '[0. 0. 0.] (rgb)'
254.9104 	EXP 	pos135_2: fillColor = '[1. 1. 1.] (rgb)'
254.9104 	EXP 	pos135_2: lineColor = '[1. 1. 1.] (rgb)'
254.9104 	EXP 	pos180_2: fillColor = '[0. 0. 0.] (rgb)'
254.9104 	EXP 	pos180_2: lineColor = '[0. 0. 0.] (rgb)'
254.9104 	EXP 	pos225_2: fillColor = '[0. 0. 0.] (rgb)'
254.9104 	EXP 	pos225_2: lineColor = '[0. 0. 0.] (rgb)'
254.9104 	EXP 	pos270_2: fillColor = '[0. 0. 0.] (rgb)'
254.9104 	EXP 	pos270_2: lineColor = '[0. 0. 0.] (rgb)'
254.9104 	EXP 	pos315_2: fillColor = '[ 1. -1. -1.] (rgb)'
254.9104 	EXP 	pos315_2: lineColor = '[ 1. -1. -1.] (rgb)'
254.9104 	EXP 	response_2: fillColor = '[1. 1. 1.] (rgb)'
254.9104 	EXP 	response_2: lineColor = '[1. 1. 1.] (rgb)'
254.9104 	EXP 	pos0_2: autoDraw = True
254.9104 	EXP 	pos45_2: autoDraw = True
254.9104 	EXP 	pos90_2: autoDraw = True
254.9104 	EXP 	pos135_2: autoDraw = True
254.9104 	EXP 	pos180_2: autoDraw = True
254.9104 	EXP 	pos225_2: autoDraw = True
254.9104 	EXP 	pos270_2: autoDraw = True
254.9104 	EXP 	pos315_2: autoDraw = True
255.0047 	DATA 	Mouse:  Left button up, pos=(557,670)
259.9157 	EXP 	pos0_2: autoDraw = False
259.9157 	EXP 	pos45_2: autoDraw = False
259.9157 	EXP 	pos90_2: autoDraw = False
259.9157 	EXP 	pos135_2: autoDraw = False
259.9157 	EXP 	pos180_2: autoDraw = False
259.9157 	EXP 	pos225_2: autoDraw = False
259.9157 	EXP 	pos270_2: autoDraw = False
259.9157 	EXP 	pos315_2: autoDraw = False
268.8963 	EXP 	response_2: autoDraw = True
272.1517 	DATA 	Mouse: Left button down, pos=(982,884)
272.1610 	EXP 	New trial (rep=0, index=7): OrderedDict([('Color0', [1, -1, -1]), ('Color45', [-1, 1, -1]), ('Color90', [0, 0, 0]), ('Color135', [1, 1, -1]), ('Color180', [1, -1, 1]), ('Color225', [-1, 1, 1]), ('Color270', [1, 1, 1]), ('Color315', [-1, -1, 1]), ('Cueresp', [-1, 1, 1]), ('target_angle', 225), ('load', 7), ('delay', 9), ('trial', 1)])
272.1737 	EXP 	pos0_2: autoDraw = False
272.1737 	EXP 	pos45_2: autoDraw = False
272.1737 	EXP 	pos90_2: autoDraw = False
272.1737 	EXP 	pos135_2: autoDraw = False
272.1737 	EXP 	pos180_2: autoDraw = False
272.1737 	EXP 	pos225_2: autoDraw = False
272.1737 	EXP 	pos270_2: autoDraw = False
272.1737 	EXP 	pos315_2: autoDraw = False
272.1737 	EXP 	response_2: autoDraw = False
272.1737 	EXP 	pos0_2: fillColor = '[ 1. -1. -1.] (rgb)'
272.1737 	EXP 	pos0_2: lineColor = '[ 1. -1. -1.] (rgb)'
272.1737 	EXP 	pos45_2: fillColor = '[-1.  1. -1.] (rgb)'
272.1737 	EXP 	pos45_2: lineColor = '[-1.  1. -1.] (rgb)'
272.1737 	EXP 	pos90_2: fillColor = '[0. 0. 0.] (rgb)'
272.1737 	EXP 	pos90_2: lineColor = '[0. 0. 0.] (rgb)'
272.1737 	EXP 	pos135_2: fillColor = '[ 1.  1. -1.] (rgb)'
272.1737 	EXP 	pos135_2: lineColor = '[ 1.  1. -1.] (rgb)'
272.1737 	EXP 	pos180_2: fillColor = '[ 1. -1.  1.] (rgb)'
272.1737 	EXP 	pos180_2: lineColor = '[ 1. -1.  1.] (rgb)'
272.1737 	EXP 	pos225_2: fillColor = '[-1.  1.  1.] (rgb)'
272.1737 	EXP 	pos225_2: lineColor = '[-1.  1.  1.] (rgb)'
272.1737 	EXP 	pos270_2: fillColor = '[1. 1. 1.] (rgb)'
272.1737 	EXP 	pos270_2: lineColor = '[1. 1. 1.] (rgb)'
272.1737 	EXP 	pos315_2: fillColor = '[-1. -1.  1.] (rgb)'
272.1737 	EXP 	pos315_2: lineColor = '[-1. -1.  1.] (rgb)'
272.1737 	EXP 	response_2: fillColor = '[-1.  1.  1.] (rgb)'
272.1737 	EXP 	response_2: lineColor = '[-1.  1.  1.] (rgb)'
272.1737 	EXP 	pos0_2: autoDraw = True
272.1737 	EXP 	pos45_2: autoDraw = True
272.1737 	EXP 	pos90_2: autoDraw = True
272.1737 	EXP 	pos135_2: autoDraw = True
272.1737 	EXP 	pos180_2: autoDraw = True
272.1737 	EXP 	pos225_2: autoDraw = True
272.1737 	EXP 	pos270_2: autoDraw = True
272.1737 	EXP 	pos315_2: autoDraw = True
272.2992 	DATA 	Mouse:  Left button up, pos=(982,884)
277.1765 	EXP 	pos0_2: autoDraw = False
277.1765 	EXP 	pos45_2: autoDraw = False
277.1765 	EXP 	pos90_2: autoDraw = False
277.1765 	EXP 	pos135_2: autoDraw = False
277.1765 	EXP 	pos180_2: autoDraw = False
277.1765 	EXP 	pos225_2: autoDraw = False
277.1765 	EXP 	pos270_2: autoDraw = False
277.1765 	EXP 	pos315_2: autoDraw = False
286.1573 	EXP 	response_2: autoDraw = True
287.9900 	DATA 	Mouse: Left button down, pos=(1229,864)
287.9942 	EXP 	New trial (rep=0, index=8): OrderedDict([('Color0', [0, 0, 0]), ('Color45', [0, 0, 0]), ('Color90', [0, 0, 0]), ('Color135', [1, -1, -1]), ('Color180', [0, 0, 0]), ('Color225', [-1, 1, 1]), ('Color270', [0, 0, 0]), ('Color315', [-1, 1, -1]), ('Cueresp', [-1, 1, -1]), ('target_angle', 315), ('load', 3), ('delay', 9), ('trial', 5)])
288.0062 	EXP 	pos0_2: autoDraw = False
288.0062 	EXP 	pos45_2: autoDraw = False
288.0062 	EXP 	pos90_2: autoDraw = False
288.0062 	EXP 	pos135_2: autoDraw = False
288.0062 	EXP 	pos180_2: autoDraw = False
288.0062 	EXP 	pos225_2: autoDraw = False
288.0062 	EXP 	pos270_2: autoDraw = False
288.0062 	EXP 	pos315_2: autoDraw = False
288.0062 	EXP 	response_2: autoDraw = False
288.0062 	EXP 	pos0_2: fillColor = '[0. 0. 0.] (rgb)'
288.0062 	EXP 	pos0_2: lineColor = '[0. 0. 0.] (rgb)'
288.0062 	EXP 	pos45_2: fillColor = '[0. 0. 0.] (rgb)'
288.0062 	EXP 	pos45_2: lineColor = '[0. 0. 0.] (rgb)'
288.0062 	EXP 	pos90_2: fillColor = '[0. 0. 0.] (rgb)'
288.0062 	EXP 	pos90_2: lineColor = '[0. 0. 0.] (rgb)'
288.0062 	EXP 	pos135_2: fillColor = '[ 1. -1. -1.] (rgb)'
288.0062 	EXP 	pos135_2: lineColor = '[ 1. -1. -1.] (rgb)'
288.0062 	EXP 	pos180_2: fillColor = '[0. 0. 0.] (rgb)'
288.0062 	EXP 	pos180_2: lineColor = '[0. 0. 0.] (rgb)'
288.0062 	EXP 	pos225_2: fillColor = '[-1.  1.  1.] (rgb)'
288.0062 	EXP 	pos225_2: lineColor = '[-1.  1.  1.] (rgb)'
288.0062 	EXP 	pos270_2: fillColor = '[0. 0. 0.] (rgb)'
288.0062 	EXP 	pos270_2: lineColor = '[0. 0. 0.] (rgb)'
288.0062 	EXP 	pos315_2: fillColor = '[-1.  1. -1.] (rgb)'
288.0062 	EXP 	pos315_2: lineColor = '[-1.  1. -1.] (rgb)'
288.0062 	EXP 	response_2: fillColor = '[-1.  1. -1.] (rgb)'
288.0062 	EXP 	response_2: lineColor = '[-1.  1. -1.] (rgb)'
288.0062 	EXP 	pos0_2: autoDraw = True
288.0062 	EXP 	pos45_2: autoDraw = True
288.0062 	EXP 	pos90_2: autoDraw = True
288.0062 	EXP 	pos135_2: autoDraw = True
288.0062 	EXP 	pos180_2: autoDraw = True
288.0062 	EXP 	pos225_2: autoDraw = True
288.0062 	EXP 	pos270_2: autoDraw = True
288.0062 	EXP 	pos315_2: autoDraw = True
288.1090 	DATA 	Mouse:  Left button up, pos=(1229,864)
293.0213 	EXP 	pos0_2: autoDraw = False
293.0213 	EXP 	pos45_2: autoDraw = False
293.0213 	EXP 	pos90_2: autoDraw = False
293.0213 	EXP 	pos135_2: autoDraw = False
293.0213 	EXP 	pos180_2: autoDraw = False
293.0213 	EXP 	pos225_2: autoDraw = False
293.0213 	EXP 	pos270_2: autoDraw = False
293.0213 	EXP 	pos315_2: autoDraw = False
302.0013 	EXP 	response_2: autoDraw = True
302.6622 	DATA 	Mouse: Left button down, pos=(1147,822)
302.6791 	EXP 	New trial (rep=0, index=9): OrderedDict([('Color0', [0, 0, 0]), ('Color45', [1, 1, 1]), ('Color90', [0, 0, 0]), ('Color135', [0, 0, 0]), ('Color180', [-1, 1, 1]), ('Color225', [0, 0, 0]), ('Color270', [0, 0, 0]), ('Color315', [-1, 1, -1]), ('Cueresp', [-1, 1, -1]), ('target_angle', 315), ('load', 3), ('delay', 9), ('trial', 0)])
302.6921 	EXP 	pos0_2: autoDraw = False
302.6921 	EXP 	pos45_2: autoDraw = False
302.6921 	EXP 	pos90_2: autoDraw = False
302.6921 	EXP 	pos135_2: autoDraw = False
302.6921 	EXP 	pos180_2: autoDraw = False
302.6921 	EXP 	pos225_2: autoDraw = False
302.6921 	EXP 	pos270_2: autoDraw = False
302.6921 	EXP 	pos315_2: autoDraw = False
302.6921 	EXP 	response_2: autoDraw = False
302.6921 	EXP 	pos0_2: fillColor = '[0. 0. 0.] (rgb)'
302.6921 	EXP 	pos0_2: lineColor = '[0. 0. 0.] (rgb)'
302.6921 	EXP 	pos45_2: fillColor = '[1. 1. 1.] (rgb)'
302.6921 	EXP 	pos45_2: lineColor = '[1. 1. 1.] (rgb)'
302.6921 	EXP 	pos90_2: fillColor = '[0. 0. 0.] (rgb)'
302.6921 	EXP 	pos90_2: lineColor = '[0. 0. 0.] (rgb)'
302.6921 	EXP 	pos135_2: fillColor = '[0. 0. 0.] (rgb)'
302.6921 	EXP 	pos135_2: lineColor = '[0. 0. 0.] (rgb)'
302.6921 	EXP 	pos180_2: fillColor = '[-1.  1.  1.] (rgb)'
302.6921 	EXP 	pos180_2: lineColor = '[-1.  1.  1.] (rgb)'
302.6921 	EXP 	pos225_2: fillColor = '[0. 0. 0.] (rgb)'
302.6921 	EXP 	pos225_2: lineColor = '[0. 0. 0.] (rgb)'
302.6921 	EXP 	pos270_2: fillColor = '[0. 0. 0.] (rgb)'
302.6921 	EXP 	pos270_2: lineColor = '[0. 0. 0.] (rgb)'
302.6921 	EXP 	pos315_2: fillColor = '[-1.  1. -1.] (rgb)'
302.6921 	EXP 	pos315_2: lineColor = '[-1.  1. -1.] (rgb)'
302.6921 	EXP 	response_2: fillColor = '[-1.  1. -1.] (rgb)'
302.6921 	EXP 	response_2: lineColor = '[-1.  1. -1.] (rgb)'
302.6921 	EXP 	pos0_2: autoDraw = True
302.6921 	EXP 	pos45_2: autoDraw = True
302.6921 	EXP 	pos90_2: autoDraw = True
302.6921 	EXP 	pos135_2: autoDraw = True
302.6921 	EXP 	pos180_2: autoDraw = True
302.6921 	EXP 	pos225_2: autoDraw = True
302.6921 	EXP 	pos270_2: autoDraw = True
302.6921 	EXP 	pos315_2: autoDraw = True
302.7544 	DATA 	Mouse:  Left button up, pos=(1147,822)
307.6997 	EXP 	pos0_2: autoDraw = False
307.6997 	EXP 	pos45_2: autoDraw = False
307.6997 	EXP 	pos90_2: autoDraw = False
307.6997 	EXP 	pos135_2: autoDraw = False
307.6997 	EXP 	pos180_2: autoDraw = False
307.6997 	EXP 	pos225_2: autoDraw = False
307.6997 	EXP 	pos270_2: autoDraw = False
307.6997 	EXP 	pos315_2: autoDraw = False
316.6795 	EXP 	response_2: autoDraw = True
318.5829 	DATA 	Mouse: Left button down, pos=(1206,829)
318.5876 	EXP 	New trial (rep=0, index=10): OrderedDict([('Color0', [-1, 1, -1]), ('Color45', [-1, 1, 1]), ('Color90', [1, 1, -1]), ('Color135', [1, -1, -1]), ('Color180', [1, -1, 1]), ('Color225', [0, 0, 0]), ('Color270', [1, 1, 1]), ('Color315', [-1, -1, 1]), ('Cueresp', [-1, -1, 1]), ('target_angle', 315), ('load', 7), ('delay', 9), ('trial', 4)])
318.5970 	EXP 	pos0_2: autoDraw = False
318.5970 	EXP 	pos45_2: autoDraw = False
318.5970 	EXP 	pos90_2: autoDraw = False
318.5970 	EXP 	pos135_2: autoDraw = False
318.5970 	EXP 	pos180_2: autoDraw = False
318.5970 	EXP 	pos225_2: autoDraw = False
318.5970 	EXP 	pos270_2: autoDraw = False
318.5970 	EXP 	pos315_2: autoDraw = False
318.5970 	EXP 	response_2: autoDraw = False
318.5970 	EXP 	pos0_2: fillColor = '[-1.  1. -1.] (rgb)'
318.5970 	EXP 	pos0_2: lineColor = '[-1.  1. -1.] (rgb)'
318.5970 	EXP 	pos45_2: fillColor = '[-1.  1.  1.] (rgb)'
318.5970 	EXP 	pos45_2: lineColor = '[-1.  1.  1.] (rgb)'
318.5970 	EXP 	pos90_2: fillColor = '[ 1.  1. -1.] (rgb)'
318.5970 	EXP 	pos90_2: lineColor = '[ 1.  1. -1.] (rgb)'
318.5970 	EXP 	pos135_2: fillColor = '[ 1. -1. -1.] (rgb)'
318.5970 	EXP 	pos135_2: lineColor = '[ 1. -1. -1.] (rgb)'
318.5970 	EXP 	pos180_2: fillColor = '[ 1. -1.  1.] (rgb)'
318.5970 	EXP 	pos180_2: lineColor = '[ 1. -1.  1.] (rgb)'
318.5970 	EXP 	pos225_2: fillColor = '[0. 0. 0.] (rgb)'
318.5970 	EXP 	pos225_2: lineColor = '[0. 0. 0.] (rgb)'
318.5970 	EXP 	pos270_2: fillColor = '[1. 1. 1.] (rgb)'
318.5970 	EXP 	pos270_2: lineColor = '[1. 1. 1.] (rgb)'
318.5970 	EXP 	pos315_2: fillColor = '[-1. -1.  1.] (rgb)'
318.5970 	EXP 	pos315_2: lineColor = '[-1. -1.  1.] (rgb)'
318.5970 	EXP 	response_2: fillColor = '[-1. -1.  1.] (rgb)'
318.5970 	EXP 	response_2: lineColor = '[-1. -1.  1.] (rgb)'
318.5970 	EXP 	pos0_2: autoDraw = True
318.5970 	EXP 	pos45_2: autoDraw = True
318.5970 	EXP 	pos90_2: autoDraw = True
318.5970 	EXP 	pos135_2: autoDraw = True
318.5970 	EXP 	pos180_2: autoDraw = True
318.5970 	EXP 	pos225_2: autoDraw = True
318.5970 	EXP 	pos270_2: autoDraw = True
318.5970 	EXP 	pos315_2: autoDraw = True
318.6666 	DATA 	Mouse:  Left button up, pos=(1206,829)
323.6113 	EXP 	pos0_2: autoDraw = False
323.6113 	EXP 	pos45_2: autoDraw = False
323.6113 	EXP 	pos90_2: autoDraw = False
323.6113 	EXP 	pos135_2: autoDraw = False
323.6113 	EXP 	pos180_2: autoDraw = False
323.6113 	EXP 	pos225_2: autoDraw = False
323.6113 	EXP 	pos270_2: autoDraw = False
323.6113 	EXP 	pos315_2: autoDraw = False
332.5914 	EXP 	response_2: autoDraw = True
334.5944 	DATA 	Mouse: Left button down, pos=(1287,891)
334.6019 	EXP 	New trial (rep=0, index=11): OrderedDict([('Color0', [1, 1, -1]), ('Color45', [1, -1, 1]), ('Color90', [-1, 1, 1]), ('Color135', [1, 1, 1]), ('Color180', [1, -1, -1]), ('Color225', [-1, 1, -1]), ('Color270', [-1, -1, 1]), ('Color315', [0, 0, 0]), ('Cueresp', [1, 1, 1]), ('target_angle', 135), ('load', 7), ('delay', 9), ('trial', 2)])
334.6147 	EXP 	pos0_2: autoDraw = False
334.6147 	EXP 	pos45_2: autoDraw = False
334.6147 	EXP 	pos90_2: autoDraw = False
334.6147 	EXP 	pos135_2: autoDraw = False
334.6147 	EXP 	pos180_2: autoDraw = False
334.6147 	EXP 	pos225_2: autoDraw = False
334.6147 	EXP 	pos270_2: autoDraw = False
334.6147 	EXP 	pos315_2: autoDraw = False
334.6147 	EXP 	response_2: autoDraw = False
334.6147 	EXP 	pos0_2: fillColor = '[ 1.  1. -1.] (rgb)'
334.6147 	EXP 	pos0_2: lineColor = '[ 1.  1. -1.] (rgb)'
334.6147 	EXP 	pos45_2: fillColor = '[ 1. -1.  1.] (rgb)'
334.6147 	EXP 	pos45_2: lineColor = '[ 1. -1.  1.] (rgb)'
334.6147 	EXP 	pos90_2: fillColor = '[-1.  1.  1.] (rgb)'
334.6147 	EXP 	pos90_2: lineColor = '[-1.  1.  1.] (rgb)'
334.6147 	EXP 	pos135_2: fillColor = '[1. 1. 1.] (rgb)'
334.6147 	EXP 	pos135_2: lineColor = '[1. 1. 1.] (rgb)'
334.6147 	EXP 	pos180_2: fillColor = '[ 1. -1. -1.] (rgb)'
334.6147 	EXP 	pos180_2: lineColor = '[ 1. -1. -1.] (rgb)'
334.6147 	EXP 	pos225_2: fillColor = '[-1.  1. -1.] (rgb)'
334.6147 	EXP 	pos225_2: lineColor = '[-1.  1. -1.] (rgb)'
334.6147 	EXP 	pos270_2: fillColor = '[-1. -1.  1.] (rgb)'
334.6147 	EXP 	pos270_2: lineColor = '[-1. -1.  1.] (rgb)'
334.6147 	EXP 	pos315_2: fillColor = '[0. 0. 0.] (rgb)'
334.6147 	EXP 	pos315_2: lineColor = '[0. 0. 0.] (rgb)'
334.6147 	EXP 	response_2: fillColor = '[1. 1. 1.] (rgb)'
334.6147 	EXP 	response_2: lineColor = '[1. 1. 1.] (rgb)'
334.6147 	EXP 	pos0_2: autoDraw = True
334.6147 	EXP 	pos45_2: autoDraw = True
334.6147 	EXP 	pos90_2: autoDraw = True
334.6147 	EXP 	pos135_2: autoDraw = True
334.6147 	EXP 	pos180_2: autoDraw = True
334.6147 	EXP 	pos225_2: autoDraw = True
334.6147 	EXP 	pos270_2: autoDraw = True
334.6147 	EXP 	pos315_2: autoDraw = True
334.7449 	DATA 	Mouse:  Left button up, pos=(1287,891)
339.6222 	EXP 	pos0_2: autoDraw = False
339.6222 	EXP 	pos45_2: autoDraw = False
339.6222 	EXP 	pos90_2: autoDraw = False
339.6222 	EXP 	pos135_2: autoDraw = False
339.6222 	EXP 	pos180_2: autoDraw = False
339.6222 	EXP 	pos225_2: autoDraw = False
339.6222 	EXP 	pos270_2: autoDraw = False
339.6222 	EXP 	pos315_2: autoDraw = False
348.6027 	EXP 	response_2: autoDraw = True
351.0025 	DATA 	Mouse: Left button down, pos=(684,810)
351.0101 	EXP 	New trial (rep=0, index=12): OrderedDict([('Color0', [0, 0, 0]), ('Color45', [0, 0, 0]), ('Color90', [1, -1, -1]), ('Color135', [0, 0, 0]), ('Color180', [0, 0, 0]), ('Color225', [0, 0, 0]), ('Color270', [1, -1, 1]), ('Color315', [-1, 1, 1]), ('Cueresp', [-1, 1, 1]), ('target_angle', 315), ('load', 3), ('delay', 9), ('trial', 4)])
351.0220 	EXP 	pos0_2: autoDraw = False
351.0220 	EXP 	pos45_2: autoDraw = False
351.0220 	EXP 	pos90_2: autoDraw = False
351.0220 	EXP 	pos135_2: autoDraw = False
351.0220 	EXP 	pos180_2: autoDraw = False
351.0220 	EXP 	pos225_2: autoDraw = False
351.0220 	EXP 	pos270_2: autoDraw = False
351.0220 	EXP 	pos315_2: autoDraw = False
351.0220 	EXP 	response_2: autoDraw = False
351.0220 	EXP 	pos0_2: fillColor = '[0. 0. 0.] (rgb)'
351.0220 	EXP 	pos0_2: lineColor = '[0. 0. 0.] (rgb)'
351.0220 	EXP 	pos45_2: fillColor = '[0. 0. 0.] (rgb)'
351.0220 	EXP 	pos45_2: lineColor = '[0. 0. 0.] (rgb)'
351.0220 	EXP 	pos90_2: fillColor = '[ 1. -1. -1.] (rgb)'
351.0220 	EXP 	pos90_2: lineColor = '[ 1. -1. -1.] (rgb)'
351.0220 	EXP 	pos135_2: fillColor = '[0. 0. 0.] (rgb)'
351.0220 	EXP 	pos135_2: lineColor = '[0. 0. 0.] (rgb)'
351.0220 	EXP 	pos180_2: fillColor = '[0. 0. 0.] (rgb)'
351.0220 	EXP 	pos180_2: lineColor = '[0. 0. 0.] (rgb)'
351.0220 	EXP 	pos225_2: fillColor = '[0. 0. 0.] (rgb)'
351.0220 	EXP 	pos225_2: lineColor = '[0. 0. 0.] (rgb)'
351.0220 	EXP 	pos270_2: fillColor = '[ 1. -1.  1.] (rgb)'
351.0220 	EXP 	pos270_2: lineColor = '[ 1. -1.  1.] (rgb)'
351.0220 	EXP 	pos315_2: fillColor = '[-1.  1.  1.] (rgb)'
351.0220 	EXP 	pos315_2: lineColor = '[-1.  1.  1.] (rgb)'
351.0220 	EXP 	response_2: fillColor = '[-1.  1.  1.] (rgb)'
351.0220 	EXP 	response_2: lineColor = '[-1.  1.  1.] (rgb)'
351.0220 	EXP 	pos0_2: autoDraw = True
351.0220 	EXP 	pos45_2: autoDraw = True
351.0220 	EXP 	pos90_2: autoDraw = True
351.0220 	EXP 	pos135_2: autoDraw = True
351.0220 	EXP 	pos180_2: autoDraw = True
351.0220 	EXP 	pos225_2: autoDraw = True
351.0220 	EXP 	pos270_2: autoDraw = True
351.0220 	EXP 	pos315_2: autoDraw = True
351.1548 	DATA 	Mouse:  Left button up, pos=(684,810)
356.0338 	EXP 	pos0_2: autoDraw = False
356.0338 	EXP 	pos45_2: autoDraw = False
356.0338 	EXP 	pos90_2: autoDraw = False
356.0338 	EXP 	pos135_2: autoDraw = False
356.0338 	EXP 	pos180_2: autoDraw = False
356.0338 	EXP 	pos225_2: autoDraw = False
356.0338 	EXP 	pos270_2: autoDraw = False
356.0338 	EXP 	pos315_2: autoDraw = False
365.0142 	EXP 	response_2: autoDraw = True
371.8783 	DATA 	Mouse: Left button down, pos=(1307,782)
371.8821 	EXP 	New trial (rep=0, index=13): OrderedDict([('Color0', [0, 0, 0]), ('Color45', [0, 0, 0]), ('Color90', [-1, -1, 1]), ('Color135', [0, 0, 0]), ('Color180', [1, 1, -1]), ('Color225', [0, 0, 0]), ('Color270', [1, -1, 1]), ('Color315', [0, 0, 0]), ('Cueresp', [-1, -1, 1]), ('target_angle', 90), ('load', 3), ('delay', 9), ('trial', 7)])
371.8944 	EXP 	pos0_2: autoDraw = False
371.8944 	EXP 	pos45_2: autoDraw = False
371.8944 	EXP 	pos90_2: autoDraw = False
371.8944 	EXP 	pos135_2: autoDraw = False
371.8944 	EXP 	pos180_2: autoDraw = False
371.8944 	EXP 	pos225_2: autoDraw = False
371.8944 	EXP 	pos270_2: autoDraw = False
371.8944 	EXP 	pos315_2: autoDraw = False
371.8944 	EXP 	response_2: autoDraw = False
371.8944 	EXP 	pos0_2: fillColor = '[0. 0. 0.] (rgb)'
371.8944 	EXP 	pos0_2: lineColor = '[0. 0. 0.] (rgb)'
371.8944 	EXP 	pos45_2: fillColor = '[0. 0. 0.] (rgb)'
371.8944 	EXP 	pos45_2: lineColor = '[0. 0. 0.] (rgb)'
371.8944 	EXP 	pos90_2: fillColor = '[-1. -1.  1.] (rgb)'
371.8944 	EXP 	pos90_2: lineColor = '[-1. -1.  1.] (rgb)'
371.8944 	EXP 	pos135_2: fillColor = '[0. 0. 0.] (rgb)'
371.8944 	EXP 	pos135_2: lineColor = '[0. 0. 0.] (rgb)'
371.8944 	EXP 	pos180_2: fillColor = '[ 1.  1. -1.] (rgb)'
371.8944 	EXP 	pos180_2: lineColor = '[ 1.  1. -1.] (rgb)'
371.8944 	EXP 	pos225_2: fillColor = '[0. 0. 0.] (rgb)'
371.8944 	EXP 	pos225_2: lineColor = '[0. 0. 0.] (rgb)'
371.8944 	EXP 	pos270_2: fillColor = '[ 1. -1.  1.] (rgb)'
371.8944 	EXP 	pos270_2: lineColor = '[ 1. -1.  1.] (rgb)'
371.8944 	EXP 	pos315_2: fillColor = '[0. 0. 0.] (rgb)'
371.8944 	EXP 	pos315_2: lineColor = '[0. 0. 0.] (rgb)'
371.8944 	EXP 	response_2: fillColor = '[-1. -1.  1.] (rgb)'
371.8944 	EXP 	response_2: lineColor = '[-1. -1.  1.] (rgb)'
371.8944 	EXP 	pos0_2: autoDraw = True
371.8944 	EXP 	pos45_2: autoDraw = True
371.8944 	EXP 	pos90_2: autoDraw = True
371.8944 	EXP 	pos135_2: autoDraw = True
371.8944 	EXP 	pos180_2: autoDraw = True
371.8944 	EXP 	pos225_2: autoDraw = True
371.8944 	EXP 	pos270_2: autoDraw = True
371.8944 	EXP 	pos315_2: autoDraw = True
371.9800 	DATA 	Mouse:  Left button up, pos=(1305,782)
376.9093 	EXP 	pos0_2: autoDraw = False
376.9093 	EXP 	pos45_2: autoDraw = False
376.9093 	EXP 	pos90_2: autoDraw = False
376.9093 	EXP 	pos135_2: autoDraw = False
376.9093 	EXP 	pos180_2: autoDraw = False
376.9093 	EXP 	pos225_2: autoDraw = False
376.9093 	EXP 	pos270_2: autoDraw = False
376.9093 	EXP 	pos315_2: autoDraw = False
385.8734 	EXP 	response_2: autoDraw = True
389.0894 	DATA 	Mouse: Left button down, pos=(1293,895)
389.0950 	EXP 	New trial (rep=0, index=14): OrderedDict([('Color0', [0, 0, 0]), ('Color45', [1, 1, 1]), ('Color90', [1, -1, 1]), ('Color135', [1, -1, -1]), ('Color180', [-1, 1, 1]), ('Color225', [-1, -1, 1]), ('Color270', [1, 1, -1]), ('Color315', [-1, 1, -1]), ('Cueresp', [-1, 1, 1]), ('target_angle', 180), ('load', 7), ('delay', 9), ('trial', 6)])
389.1054 	EXP 	pos0_2: autoDraw = False
389.1054 	EXP 	pos45_2: autoDraw = False
389.1054 	EXP 	pos90_2: autoDraw = False
389.1054 	EXP 	pos135_2: autoDraw = False
389.1054 	EXP 	pos180_2: autoDraw = False
389.1054 	EXP 	pos225_2: autoDraw = False
389.1054 	EXP 	pos270_2: autoDraw = False
389.1054 	EXP 	pos315_2: autoDraw = False
389.1054 	EXP 	response_2: autoDraw = False
389.1054 	EXP 	pos0_2: fillColor = '[0. 0. 0.] (rgb)'
389.1054 	EXP 	pos0_2: lineColor = '[0. 0. 0.] (rgb)'
389.1054 	EXP 	pos45_2: fillColor = '[1. 1. 1.] (rgb)'
389.1054 	EXP 	pos45_2: lineColor = '[1. 1. 1.] (rgb)'
389.1054 	EXP 	pos90_2: fillColor = '[ 1. -1.  1.] (rgb)'
389.1054 	EXP 	pos90_2: lineColor = '[ 1. -1.  1.] (rgb)'
389.1054 	EXP 	pos135_2: fillColor = '[ 1. -1. -1.] (rgb)'
389.1054 	EXP 	pos135_2: lineColor = '[ 1. -1. -1.] (rgb)'
389.1054 	EXP 	pos180_2: fillColor = '[-1.  1.  1.] (rgb)'
389.1054 	EXP 	pos180_2: lineColor = '[-1.  1.  1.] (rgb)'
389.1054 	EXP 	pos225_2: fillColor = '[-1. -1.  1.] (rgb)'
389.1054 	EXP 	pos225_2: lineColor = '[-1. -1.  1.] (rgb)'
389.1054 	EXP 	pos270_2: fillColor = '[ 1.  1. -1.] (rgb)'
389.1054 	EXP 	pos270_2: lineColor = '[ 1.  1. -1.] (rgb)'
389.1054 	EXP 	pos315_2: fillColor = '[-1.  1. -1.] (rgb)'
389.1054 	EXP 	pos315_2: lineColor = '[-1.  1. -1.] (rgb)'
389.1054 	EXP 	response_2: fillColor = '[-1.  1.  1.] (rgb)'
389.1054 	EXP 	response_2: lineColor = '[-1.  1.  1.] (rgb)'
389.1054 	EXP 	pos0_2: autoDraw = True
389.1054 	EXP 	pos45_2: autoDraw = True
389.1054 	EXP 	pos90_2: autoDraw = True
389.1054 	EXP 	pos135_2: autoDraw = True
389.1054 	EXP 	pos180_2: autoDraw = True
389.1054 	EXP 	pos225_2: autoDraw = True
389.1054 	EXP 	pos270_2: autoDraw = True
389.1054 	EXP 	pos315_2: autoDraw = True
389.2094 	DATA 	Mouse:  Left button up, pos=(1293,895)
394.1207 	EXP 	pos0_2: autoDraw = False
394.1207 	EXP 	pos45_2: autoDraw = False
394.1207 	EXP 	pos90_2: autoDraw = False
394.1207 	EXP 	pos135_2: autoDraw = False
394.1207 	EXP 	pos180_2: autoDraw = False
394.1207 	EXP 	pos225_2: autoDraw = False
394.1207 	EXP 	pos270_2: autoDraw = False
394.1207 	EXP 	pos315_2: autoDraw = False
403.1011 	EXP 	response_2: autoDraw = True
404.3679 	DATA 	Mouse: Left button down, pos=(1267,857)
404.3740 	EXP 	New trial (rep=0, index=15): OrderedDict([('Color0', [0, 0, 0]), ('Color45', [1, 1, 1]), ('Color90', [0, 0, 0]), ('Color135', [0, 0, 0]), ('Color180', [-1, 1, -1]), ('Color225', [0, 0, 0]), ('Color270', [1, -1, -1]), ('Color315', [0, 0, 0]), ('Cueresp', [-1, 1, -1]), ('target_angle', 180), ('load', 3), ('delay', 9), ('trial', 1)])
404.3863 	EXP 	pos0_2: autoDraw = False
404.3863 	EXP 	pos45_2: autoDraw = False
404.3863 	EXP 	pos90_2: autoDraw = False
404.3863 	EXP 	pos135_2: autoDraw = False
404.3863 	EXP 	pos180_2: autoDraw = False
404.3863 	EXP 	pos225_2: autoDraw = False
404.3863 	EXP 	pos270_2: autoDraw = False
404.3863 	EXP 	pos315_2: autoDraw = False
404.3863 	EXP 	response_2: autoDraw = False
404.3863 	EXP 	pos0_2: fillColor = '[0. 0. 0.] (rgb)'
404.3863 	EXP 	pos0_2: lineColor = '[0. 0. 0.] (rgb)'
404.3863 	EXP 	pos45_2: fillColor = '[1. 1. 1.] (rgb)'
404.3863 	EXP 	pos45_2: lineColor = '[1. 1. 1.] (rgb)'
404.3863 	EXP 	pos90_2: fillColor = '[0. 0. 0.] (rgb)'
404.3863 	EXP 	pos90_2: lineColor = '[0. 0. 0.] (rgb)'
404.3863 	EXP 	pos135_2: fillColor = '[0. 0. 0.] (rgb)'
404.3863 	EXP 	pos135_2: lineColor = '[0. 0. 0.] (rgb)'
404.3863 	EXP 	pos180_2: fillColor = '[-1.  1. -1.] (rgb)'
404.3863 	EXP 	pos180_2: lineColor = '[-1.  1. -1.] (rgb)'
404.3863 	EXP 	pos225_2: fillColor = '[0. 0. 0.] (rgb)'
404.3863 	EXP 	pos225_2: lineColor = '[0. 0. 0.] (rgb)'
404.3863 	EXP 	pos270_2: fillColor = '[ 1. -1. -1.] (rgb)'
404.3863 	EXP 	pos270_2: lineColor = '[ 1. -1. -1.] (rgb)'
404.3863 	EXP 	pos315_2: fillColor = '[0. 0. 0.] (rgb)'
404.3863 	EXP 	pos315_2: lineColor = '[0. 0. 0.] (rgb)'
404.3863 	EXP 	response_2: fillColor = '[-1.  1. -1.] (rgb)'
404.3863 	EXP 	response_2: lineColor = '[-1.  1. -1.] (rgb)'
404.3863 	EXP 	pos0_2: autoDraw = True
404.3863 	EXP 	pos45_2: autoDraw = True
404.3863 	EXP 	pos90_2: autoDraw = True
404.3863 	EXP 	pos135_2: autoDraw = True
404.3863 	EXP 	pos180_2: autoDraw = True
404.3863 	EXP 	pos225_2: autoDraw = True
404.3863 	EXP 	pos270_2: autoDraw = True
404.3863 	EXP 	pos315_2: autoDraw = True
404.5033 	DATA 	Mouse:  Left button up, pos=(1267,857)
409.3986 	EXP 	pos0_2: autoDraw = False
409.3986 	EXP 	pos45_2: autoDraw = False
409.3986 	EXP 	pos90_2: autoDraw = False
409.3986 	EXP 	pos135_2: autoDraw = False
409.3986 	EXP 	pos180_2: autoDraw = False
409.3986 	EXP 	pos225_2: autoDraw = False
409.3986 	EXP 	pos270_2: autoDraw = False
409.3986 	EXP 	pos315_2: autoDraw = False
418.3790 	EXP 	response_2: autoDraw = True
420.9954 	DATA 	Mouse: Left button down, pos=(1267,857)
421.0114 	EXP 	pos0_2: autoDraw = False
421.0114 	EXP 	pos45_2: autoDraw = False
421.0114 	EXP 	pos90_2: autoDraw = False
421.0114 	EXP 	pos135_2: autoDraw = False
421.0114 	EXP 	pos180_2: autoDraw = False
421.0114 	EXP 	pos225_2: autoDraw = False
421.0114 	EXP 	pos270_2: autoDraw = False
421.0114 	EXP 	pos315_2: autoDraw = False
421.0114 	EXP 	response_2: autoDraw = False
421.0114 	EXP 	text_2: autoDraw = True
421.0969 	DATA 	Mouse:  Left button up, pos=(1267,857)
427.4953 	DATA 	Keypress: escape
427.6609 	EXP 	window1: mouseVisible = True
