20.6647 	EXP 	Created window1 = Window(allowGUI=False, allowStencil=False, args=UNKNOWN, autoLog=True, bitsMode=UNKNOWN, blendMode='avg', color=array([0., 0., 0.]), colorSpace='rgb', fullscr=<method-wrapper '__getattribute__' of attributeSetter object at 0x00000212D7BB7C18>, gamma=None, gammaErrorPolicy='raise', kwargs=UNKNOWN, lms=UNKNOWN, monitor=<psychopy.monitors.calibTools.Monitor object at 0x00000212D7C86E48>, multiSample=False, name='window1', numSamples=2, pos=[0.0, 0.0], screen=0, size=array([1920, 1080]), stereo=False, units='height', useFBO=True, useRetina=False, viewOri=0.0, viewPos=None, viewScale=None, waitBlanking=True, winType='pyglet')
20.6648 	EXP 	window1: recordFrameIntervals = False
20.8300 	EXP 	window1: recordFrameIntervals = True
21.0139 	EXP 	window1: recordFrameIntervals = False
21.6312 	EXP 	Created text_3 = TextStim(__class__=<class 'psychopy.visual.text.TextStim'>, alignHoriz='center', alignVert='center', antialias=True, autoLog=True, bold=False, color='white', colorSpace='named', contrast=1.0, depth=0.0, flipHoriz=False, flipVert=False, font='Calibri', fontFiles=[], height=0.025, italic=False, languageStyle='LTR', name='text_3', opacity=1.0, ori=0, pos=array([-0.25,  0.  ]), rgb=array([255., 255., 255.]), text=str(...), units='height', win=Window(...), wrapWidth=1)
21.6474 	EXP 	Created pos0 = Polygon(__class__=<class 'psychopy.visual.polygon.Polygon'>, autoDraw=False, autoLog=True, closeShape=True, color=method-wrapper(...), colorSpace=None, contrast=1.0, depth=0.0, fillColor=array([1., 1., 1.]), fillColorSpace='rgb', fillRGB=array([1., 1., 1.]), interpolate=True, lineColor=array([1., 1., 1.]), lineColorSpace='rgb', lineRGB=array([1., 1., 1.]), lineWidth=0.005, name='pos0', opacity=1.0, ori=array(90.), pos=array([0.5, 0. ]), size=array([0.1, 0.1]), units='height', vertices=ndarray(...), win=Window(...))
21.6557 	EXP 	Created pos45 = Polygon(__class__=<class 'psychopy.visual.polygon.Polygon'>, autoDraw=False, autoLog=True, closeShape=True, color=method-wrapper(...), colorSpace=None, contrast=1.0, depth=-1.0, fillColor=array([1., 1., 1.]), fillColorSpace='rgb', fillRGB=array([1., 1., 1.]), interpolate=True, lineColor=array([1., 1., 1.]), lineColorSpace='rgb', lineRGB=array([1., 1., 1.]), lineWidth=1, name='pos45', opacity=1.0, ori=array(0.), pos=array([0.25, 0.25]), size=array([0.1, 0.1]), units='height', vertices=ndarray(...), win=Window(...))
21.6622 	EXP 	Created pos90 = Polygon(__class__=<class 'psychopy.visual.polygon.Polygon'>, autoDraw=False, autoLog=True, closeShape=True, color=method-wrapper(...), colorSpace=None, contrast=1.0, depth=-2.0, fillColor=array([1., 1., 1.]), fillColorSpace='rgb', fillRGB=array([1., 1., 1.]), interpolate=True, lineColor=array([1., 1., 1.]), lineColorSpace='rgb', lineRGB=array([1., 1., 1.]), lineWidth=0.005, name='pos90', opacity=1.0, ori=array(0.), pos=array([0. , 0.4]), size=array([0.1, 0.1]), units='height', vertices=ndarray(...), win=Window(...))
21.6680 	EXP 	Created pos135 = Polygon(__class__=<class 'psychopy.visual.polygon.Polygon'>, autoDraw=False, autoLog=True, closeShape=True, color=method-wrapper(...), colorSpace=None, contrast=1.0, depth=-3.0, fillColor=array([1., 1., 1.]), fillColorSpace='rgb', fillRGB=array([1., 1., 1.]), interpolate=True, lineColor=array([1., 1., 1.]), lineColorSpace='rgb', lineRGB=array([1., 1., 1.]), lineWidth=1, name='pos135', opacity=1.0, ori=array(0.), pos=array([-0.25,  0.25]), size=array([0.1, 0.1]), units='height', vertices=ndarray(...), win=Window(...))
21.6730 	EXP 	Created pos180 = Polygon(__class__=<class 'psychopy.visual.polygon.Polygon'>, autoDraw=False, autoLog=True, closeShape=True, color=method-wrapper(...), colorSpace=None, contrast=1.0, depth=-4.0, fillColor=array([1., 1., 1.]), fillColorSpace='rgb', fillRGB=array([1., 1., 1.]), interpolate=True, lineColor=array([1., 1., 1.]), lineColorSpace='rgb', lineRGB=array([1., 1., 1.]), lineWidth=1, name='pos180', opacity=1.0, ori=array(0.), pos=array([-0.5,  0. ]), size=array([0.1, 0.1]), units='height', vertices=ndarray(...), win=Window(...))
21.6779 	EXP 	Created pos225 = Polygon(__class__=<class 'psychopy.visual.polygon.Polygon'>, autoDraw=False, autoLog=True, closeShape=True, color=method-wrapper(...), colorSpace=None, contrast=1.0, depth=-5.0, fillColor=array([1., 1., 1.]), fillColorSpace='rgb', fillRGB=array([1., 1., 1.]), interpolate=True, lineColor=array([1., 1., 1.]), lineColorSpace='rgb', lineRGB=array([1., 1., 1.]), lineWidth=1, name='pos225', opacity=1.0, ori=array(0.), pos=array([-0.25, -0.25]), size=array([0.1, 0.1]), units='height', vertices=ndarray(...), win=Window(...))
21.6836 	EXP 	Created pos270 = Polygon(__class__=<class 'psychopy.visual.polygon.Polygon'>, autoDraw=False, autoLog=True, closeShape=True, color=method-wrapper(...), colorSpace=None, contrast=1.0, depth=-6.0, fillColor=array([1., 1., 1.]), fillColorSpace='rgb', fillRGB=array([1., 1., 1.]), interpolate=True, lineColor=array([1., 1., 1.]), lineColorSpace='rgb', lineRGB=array([1., 1., 1.]), lineWidth=1, name='pos270', opacity=1.0, ori=array(0.), pos=array([ 0. , -0.4]), size=array([0.1, 0.1]), units='height', vertices=ndarray(...), win=Window(...))
21.6884 	EXP 	Created pos315 = Polygon(__class__=<class 'psychopy.visual.polygon.Polygon'>, autoDraw=False, autoLog=True, closeShape=True, color=method-wrapper(...), colorSpace=None, contrast=1.0, depth=-7.0, fillColor=array([1., 1., 1.]), fillColorSpace='rgb', fillRGB=array([1., 1., 1.]), interpolate=True, lineColor=array([1., 1., 1.]), lineColorSpace='rgb', lineRGB=array([1., 1., 1.]), lineWidth=1, name='pos315', opacity=1.0, ori=array(0.), pos=array([ 0.25, -0.25]), size=array([0.1, 0.1]), units='height', vertices=ndarray(...), win=Window(...))
21.6899 	EXP 	Created response = ShapeStim(__class__=<class 'psychopy.visual.shape.ShapeStim'>, autoDraw=False, autoLog=True, closeShape=True, contrast=1.0, depth=-8.0, fillColor=array([1., 1., 1.]), fillColorSpace='rgb', interpolate=True, lineColor=array([1., 1., 1.]), lineColorSpace='rgb', lineWidth=1, name='response', opacity=1.0, ori=array(0.), pos=array([0., 0.]), size=array([1., 1.]), units='height', vertices=ndarray(...), win=Window(...), windingRule=None)
21.7075 	EXP 	Created text_2 = TextStim(__class__=<class 'psychopy.visual.text.TextStim'>, alignHoriz='center', alignVert='center', antialias=True, autoLog=True, bold=False, color='white', colorSpace='named', contrast=1.0, depth=0.0, flipHoriz=False, flipVert=False, font='Calibri', fontFiles=[], height=0.025, italic=False, languageStyle='LTR', name='text_2', opacity=1.0, ori=0, pos=array([0., 0.]), rgb=array([255., 255., 255.]), text=str(...), units='height', win=Window(...), wrapWidth=1)
21.7437 	EXP 	text_3: autoDraw = True
32.6491 	DATA 	Keypress: space
32.7798 	EXP 	Imported Trials_.xlsx as conditions, 3 conditions, 10 params
32.7802 	EXP 	Created sequence: sequential, trialTypes=3, nReps=1, seed=None
32.7808 	EXP 	New trial (rep=0, index=0): OrderedDict([('Color0', [1, 1, 0]), ('Color45', [1, 1, 1]), ('Color90', [0, 0, 1]), ('Color135', [0, 0, 0]), ('Color180', [1, 1, 0]), ('Color225', [1, 1, 0]), ('Color270', [1, 1, 0]), ('Color315', [0, 0, 0]), ('Cueresp', [1, 1, 0]), ('delays', 4)])
32.7907 	EXP 	text_3: autoDraw = False
32.7907 	EXP 	pos0: fillColor = '[1. 1. 0.] (rgb)'
32.7907 	EXP 	pos0: lineColor = '[1. 1. 0.] (rgb)'
32.7907 	EXP 	pos45: fillColor = '[1. 1. 1.] (rgb)'
32.7907 	EXP 	pos45: lineColor = '[1. 1. 1.] (rgb)'
32.7907 	EXP 	pos90: fillColor = '[0. 0. 1.] (rgb)'
32.7907 	EXP 	pos90: lineColor = '[0. 0. 1.] (rgb)'
32.7907 	EXP 	pos135: fillColor = '[0. 0. 0.] (rgb)'
32.7907 	EXP 	pos135: lineColor = '[0. 0. 0.] (rgb)'
32.7907 	EXP 	pos180: fillColor = '[1. 1. 0.] (rgb)'
32.7907 	EXP 	pos180: lineColor = '[1. 1. 0.] (rgb)'
32.7907 	EXP 	pos225: fillColor = '[1. 1. 0.] (rgb)'
32.7907 	EXP 	pos225: lineColor = '[1. 1. 0.] (rgb)'
32.7907 	EXP 	pos270: fillColor = '[1. 1. 0.] (rgb)'
32.7907 	EXP 	pos270: lineColor = '[1. 1. 0.] (rgb)'
32.7907 	EXP 	pos315: fillColor = '[0. 0. 0.] (rgb)'
32.7907 	EXP 	pos315: lineColor = '[0. 0. 0.] (rgb)'
32.7907 	EXP 	response: fillColor = '[1. 1. 0.] (rgb)'
32.7907 	EXP 	response: lineColor = '[1. 1. 0.] (rgb)'
32.7907 	EXP 	pos0: autoDraw = True
32.7907 	EXP 	pos45: autoDraw = True
32.7907 	EXP 	pos90: autoDraw = True
32.7907 	EXP 	pos135: autoDraw = True
32.7907 	EXP 	pos180: autoDraw = True
32.7907 	EXP 	pos225: autoDraw = True
32.7907 	EXP 	pos270: autoDraw = True
32.7907 	EXP 	pos315: autoDraw = True
32.7907 	EXP 	response: autoDraw = True
34.7915 	EXP 	pos0: autoDraw = False
34.7915 	EXP 	pos45: autoDraw = False
34.7915 	EXP 	pos90: autoDraw = False
34.7915 	EXP 	pos135: autoDraw = False
34.7915 	EXP 	pos180: autoDraw = False
34.7915 	EXP 	pos225: autoDraw = False
34.7915 	EXP 	pos270: autoDraw = False
34.7915 	EXP 	pos315: autoDraw = False
36.7845 	EXP 	New trial (rep=0, index=1): OrderedDict([('Color0', [1, 1, 1]), ('Color45', [1, 0.5, 1]), ('Color90', [1, 0.5, 1]), ('Color135', [1, 1, 0]), ('Color180', [1, 1, 0]), ('Color225', [0, 0, 0]), ('Color270', [1, 0.5, 1]), ('Color315', [1, 1, 0]), ('Cueresp', [1, 0.5, 1]), ('delays', 3)])
36.8053 	EXP 	response: autoDraw = False
36.8053 	EXP 	pos0: autoDraw = False
36.8053 	EXP 	pos45: autoDraw = False
36.8053 	EXP 	pos90: autoDraw = False
36.8053 	EXP 	pos135: autoDraw = False
36.8053 	EXP 	pos180: autoDraw = False
36.8053 	EXP 	pos225: autoDraw = False
36.8053 	EXP 	pos270: autoDraw = False
36.8053 	EXP 	pos315: autoDraw = False
36.8053 	EXP 	response: autoDraw = False
36.8053 	EXP 	pos0: fillColor = '[1. 1. 1.] (rgb)'
36.8053 	EXP 	pos0: lineColor = '[1. 1. 1.] (rgb)'
36.8053 	EXP 	pos45: fillColor = '[1.  0.5 1. ] (rgb)'
36.8053 	EXP 	pos45: lineColor = '[1.  0.5 1. ] (rgb)'
36.8053 	EXP 	pos90: fillColor = '[1.  0.5 1. ] (rgb)'
36.8053 	EXP 	pos90: lineColor = '[1.  0.5 1. ] (rgb)'
36.8053 	EXP 	pos135: fillColor = '[1. 1. 0.] (rgb)'
36.8053 	EXP 	pos135: lineColor = '[1. 1. 0.] (rgb)'
36.8053 	EXP 	pos180: fillColor = '[1. 1. 0.] (rgb)'
36.8053 	EXP 	pos180: lineColor = '[1. 1. 0.] (rgb)'
36.8053 	EXP 	pos225: fillColor = '[0. 0. 0.] (rgb)'
36.8053 	EXP 	pos225: lineColor = '[0. 0. 0.] (rgb)'
36.8053 	EXP 	pos270: fillColor = '[1.  0.5 1. ] (rgb)'
36.8053 	EXP 	pos270: lineColor = '[1.  0.5 1. ] (rgb)'
36.8053 	EXP 	pos315: fillColor = '[1. 1. 0.] (rgb)'
36.8053 	EXP 	pos315: lineColor = '[1. 1. 0.] (rgb)'
36.8053 	EXP 	response: fillColor = '[1.  0.5 1. ] (rgb)'
36.8053 	EXP 	response: lineColor = '[1.  0.5 1. ] (rgb)'
36.8053 	EXP 	pos0: autoDraw = True
36.8053 	EXP 	pos45: autoDraw = True
36.8053 	EXP 	pos90: autoDraw = True
36.8053 	EXP 	pos135: autoDraw = True
36.8053 	EXP 	pos180: autoDraw = True
36.8053 	EXP 	pos225: autoDraw = True
36.8053 	EXP 	pos270: autoDraw = True
36.8053 	EXP 	pos315: autoDraw = True
36.8053 	EXP 	response: autoDraw = True
38.8069 	EXP 	pos0: autoDraw = False
38.8069 	EXP 	pos45: autoDraw = False
38.8069 	EXP 	pos90: autoDraw = False
38.8069 	EXP 	pos135: autoDraw = False
38.8069 	EXP 	pos180: autoDraw = False
38.8069 	EXP 	pos225: autoDraw = False
38.8069 	EXP 	pos270: autoDraw = False
38.8069 	EXP 	pos315: autoDraw = False
40.7986 	EXP 	New trial (rep=0, index=2): OrderedDict([('Color0', [0, 0, 0]), ('Color45', [1, 1, 1]), ('Color90', [1, 1, 1]), ('Color135', [1, 1, 0]), ('Color180', [0, 0, 0]), ('Color225', [0, 0, 0]), ('Color270', [1, 1, 1]), ('Color315', [1, 1, 0]), ('Cueresp', [1, 1, 0]), ('delays', 4)])
40.8187 	EXP 	response: autoDraw = False
40.8187 	EXP 	pos0: autoDraw = False
40.8187 	EXP 	pos45: autoDraw = False
40.8187 	EXP 	pos90: autoDraw = False
40.8187 	EXP 	pos135: autoDraw = False
40.8187 	EXP 	pos180: autoDraw = False
40.8187 	EXP 	pos225: autoDraw = False
40.8187 	EXP 	pos270: autoDraw = False
40.8187 	EXP 	pos315: autoDraw = False
40.8187 	EXP 	response: autoDraw = False
40.8187 	EXP 	pos0: fillColor = '[0. 0. 0.] (rgb)'
40.8187 	EXP 	pos0: lineColor = '[0. 0. 0.] (rgb)'
40.8187 	EXP 	pos45: fillColor = '[1. 1. 1.] (rgb)'
40.8187 	EXP 	pos45: lineColor = '[1. 1. 1.] (rgb)'
40.8187 	EXP 	pos90: fillColor = '[1. 1. 1.] (rgb)'
40.8187 	EXP 	pos90: lineColor = '[1. 1. 1.] (rgb)'
40.8187 	EXP 	pos135: fillColor = '[1. 1. 0.] (rgb)'
40.8187 	EXP 	pos135: lineColor = '[1. 1. 0.] (rgb)'
40.8187 	EXP 	pos180: fillColor = '[0. 0. 0.] (rgb)'
40.8187 	EXP 	pos180: lineColor = '[0. 0. 0.] (rgb)'
40.8187 	EXP 	pos225: fillColor = '[0. 0. 0.] (rgb)'
40.8187 	EXP 	pos225: lineColor = '[0. 0. 0.] (rgb)'
40.8187 	EXP 	pos270: fillColor = '[1. 1. 1.] (rgb)'
40.8187 	EXP 	pos270: lineColor = '[1. 1. 1.] (rgb)'
40.8187 	EXP 	pos315: fillColor = '[1. 1. 0.] (rgb)'
40.8187 	EXP 	pos315: lineColor = '[1. 1. 0.] (rgb)'
40.8187 	EXP 	response: fillColor = '[1. 1. 0.] (rgb)'
40.8187 	EXP 	response: lineColor = '[1. 1. 0.] (rgb)'
40.8187 	EXP 	pos0: autoDraw = True
40.8187 	EXP 	pos45: autoDraw = True
40.8187 	EXP 	pos90: autoDraw = True
40.8187 	EXP 	pos135: autoDraw = True
40.8187 	EXP 	pos180: autoDraw = True
40.8187 	EXP 	pos225: autoDraw = True
40.8187 	EXP 	pos270: autoDraw = True
40.8187 	EXP 	pos315: autoDraw = True
40.8187 	EXP 	response: autoDraw = True
42.8225 	EXP 	pos0: autoDraw = False
42.8225 	EXP 	pos45: autoDraw = False
42.8225 	EXP 	pos90: autoDraw = False
42.8225 	EXP 	pos135: autoDraw = False
42.8225 	EXP 	pos180: autoDraw = False
42.8225 	EXP 	pos225: autoDraw = False
42.8225 	EXP 	pos270: autoDraw = False
42.8225 	EXP 	pos315: autoDraw = False
44.8219 	EXP 	response: autoDraw = False
44.8219 	EXP 	pos0: autoDraw = False
44.8219 	EXP 	pos45: autoDraw = False
44.8219 	EXP 	pos90: autoDraw = False
44.8219 	EXP 	pos135: autoDraw = False
44.8219 	EXP 	pos180: autoDraw = False
44.8219 	EXP 	pos225: autoDraw = False
44.8219 	EXP 	pos270: autoDraw = False
44.8219 	EXP 	pos315: autoDraw = False
44.8219 	EXP 	response: autoDraw = False
44.8219 	EXP 	text_2: autoDraw = True
48.2249 	DATA 	Keypress: escape
48.5516 	EXP 	window1: mouseVisible = True
