8.1527 	EXP 	Created window1 = Window(allowGUI=False, allowStencil=False, args=UNKNOWN, autoLog=True, bitsMode=UNKNOWN, blendMode='avg', color=array([0., 0., 0.]), colorSpace='rgb', fullscr=<method-wrapper '__getattribute__' of attributeSetter object at 0x0000022A892F4550>, gamma=None, gammaErrorPolicy='raise', kwargs=UNKNOWN, lms=UNKNOWN, monitor=<psychopy.monitors.calibTools.Monitor object at 0x0000022A893C8780>, multiSample=False, name='window1', numSamples=2, pos=[0.0, 0.0], screen=0, size=array([1920, 1080]), stereo=False, units='height', useFBO=True, useRetina=False, viewOri=0.0, viewPos=None, viewScale=None, waitBlanking=True, winType='pyglet')
8.1528 	EXP 	window1: recordFrameIntervals = False
8.3185 	EXP 	window1: recordFrameIntervals = True
8.5034 	EXP 	window1: recordFrameIntervals = False
8.7800 	EXP 	Created text_3 = TextStim(__class__=<class 'psychopy.visual.text.TextStim'>, alignHoriz='center', alignVert='center', antialias=True, autoLog=True, bold=False, color='white', colorSpace='named', contrast=1.0, depth=0.0, flipHoriz=False, flipVert=False, font='Calibri', fontFiles=[], height=0.025, italic=False, languageStyle='LTR', name='text_3', opacity=1.0, ori=0, pos=array([-0.25,  0.  ]), rgb=array([255., 255., 255.]), text=str(...), units='height', win=Window(...), wrapWidth=1)
8.7845 	EXP 	Created pos0 = Polygon(__class__=<class 'psychopy.visual.polygon.Polygon'>, autoDraw=False, autoLog=True, closeShape=True, color=method-wrapper(...), colorSpace=None, contrast=1.0, depth=0.0, fillColor=array([1., 1., 1.]), fillColorSpace='rgb', fillRGB=array([1., 1., 1.]), interpolate=True, lineColor=array([1., 1., 1.]), lineColorSpace='rgb', lineRGB=array([1., 1., 1.]), lineWidth=0.005, name='pos0', opacity=1.0, ori=array(90.), pos=array([0.4, 0. ]), size=array([0.1, 0.1]), units='height', vertices=ndarray(...), win=Window(...))
8.7875 	EXP 	Created pos45 = Polygon(__class__=<class 'psychopy.visual.polygon.Polygon'>, autoDraw=False, autoLog=True, closeShape=True, color=method-wrapper(...), colorSpace=None, contrast=1.0, depth=-1.0, fillColor=array([1., 1., 1.]), fillColorSpace='rgb', fillRGB=array([1., 1., 1.]), interpolate=True, lineColor=array([1., 1., 1.]), lineColorSpace='rgb', lineRGB=array([1., 1., 1.]), lineWidth=1, name='pos45', opacity=1.0, ori=array(0.), pos=array([0.25, 0.25]), size=array([0.1, 0.1]), units='height', vertices=ndarray(...), win=Window(...))
8.7905 	EXP 	Created pos90 = Polygon(__class__=<class 'psychopy.visual.polygon.Polygon'>, autoDraw=False, autoLog=True, closeShape=True, color=method-wrapper(...), colorSpace=None, contrast=1.0, depth=-2.0, fillColor=array([1., 1., 1.]), fillColorSpace='rgb', fillRGB=array([1., 1., 1.]), interpolate=True, lineColor=array([1., 1., 1.]), lineColorSpace='rgb', lineRGB=array([1., 1., 1.]), lineWidth=0.005, name='pos90', opacity=1.0, ori=array(0.), pos=array([0. , 0.4]), size=array([0.1, 0.1]), units='height', vertices=ndarray(...), win=Window(...))
8.7934 	EXP 	Created pos135 = Polygon(__class__=<class 'psychopy.visual.polygon.Polygon'>, autoDraw=False, autoLog=True, closeShape=True, color=method-wrapper(...), colorSpace=None, contrast=1.0, depth=-3.0, fillColor=array([1., 1., 1.]), fillColorSpace='rgb', fillRGB=array([1., 1., 1.]), interpolate=True, lineColor=array([1., 1., 1.]), lineColorSpace='rgb', lineRGB=array([1., 1., 1.]), lineWidth=1, name='pos135', opacity=1.0, ori=array(0.), pos=array([-0.25,  0.25]), size=array([0.1, 0.1]), units='height', vertices=ndarray(...), win=Window(...))
8.7962 	EXP 	Created pos180 = Polygon(__class__=<class 'psychopy.visual.polygon.Polygon'>, autoDraw=False, autoLog=True, closeShape=True, color=method-wrapper(...), colorSpace=None, contrast=1.0, depth=-4.0, fillColor=array([1., 1., 1.]), fillColorSpace='rgb', fillRGB=array([1., 1., 1.]), interpolate=True, lineColor=array([1., 1., 1.]), lineColorSpace='rgb', lineRGB=array([1., 1., 1.]), lineWidth=1, name='pos180', opacity=1.0, ori=array(0.), pos=array([-0.4,  0. ]), size=array([0.1, 0.1]), units='height', vertices=ndarray(...), win=Window(...))
8.7991 	EXP 	Created pos225 = Polygon(__class__=<class 'psychopy.visual.polygon.Polygon'>, autoDraw=False, autoLog=True, closeShape=True, color=method-wrapper(...), colorSpace=None, contrast=1.0, depth=-5.0, fillColor=array([1., 1., 1.]), fillColorSpace='rgb', fillRGB=array([1., 1., 1.]), interpolate=True, lineColor=array([1., 1., 1.]), lineColorSpace='rgb', lineRGB=array([1., 1., 1.]), lineWidth=1, name='pos225', opacity=1.0, ori=array(0.), pos=array([-0.25, -0.25]), size=array([0.1, 0.1]), units='height', vertices=ndarray(...), win=Window(...))
8.8021 	EXP 	Created pos270 = Polygon(__class__=<class 'psychopy.visual.polygon.Polygon'>, autoDraw=False, autoLog=True, closeShape=True, color=method-wrapper(...), colorSpace=None, contrast=1.0, depth=-6.0, fillColor=array([1., 1., 1.]), fillColorSpace='rgb', fillRGB=array([1., 1., 1.]), interpolate=True, lineColor=array([1., 1., 1.]), lineColorSpace='rgb', lineRGB=array([1., 1., 1.]), lineWidth=1, name='pos270', opacity=1.0, ori=array(0.), pos=array([ 0. , -0.4]), size=array([0.1, 0.1]), units='height', vertices=ndarray(...), win=Window(...))
8.8054 	EXP 	Created pos315 = Polygon(__class__=<class 'psychopy.visual.polygon.Polygon'>, autoDraw=False, autoLog=True, closeShape=True, color=method-wrapper(...), colorSpace=None, contrast=1.0, depth=-7.0, fillColor=array([1., 1., 1.]), fillColorSpace='rgb', fillRGB=array([1., 1., 1.]), interpolate=True, lineColor=array([1., 1., 1.]), lineColorSpace='rgb', lineRGB=array([1., 1., 1.]), lineWidth=1, name='pos315', opacity=1.0, ori=array(0.), pos=array([ 0.25, -0.25]), size=array([0.1, 0.1]), units='height', vertices=ndarray(...), win=Window(...))
8.8083 	EXP 	Created response = Polygon(__class__=<class 'psychopy.visual.polygon.Polygon'>, autoDraw=False, autoLog=True, closeShape=True, color=method-wrapper(...), colorSpace=None, contrast=1.0, depth=-8.0, fillColor=array([1., 1., 1.]), fillColorSpace='rgb', fillRGB=array([1., 1., 1.]), interpolate=True, lineColor=array([1., 1., 1.]), lineColorSpace='rgb', lineRGB=array([1., 1., 1.]), lineWidth=1, name='response', opacity=1.0, ori=array(0.), pos=array([0., 0.]), size=array([0.1, 0.1]), units='height', vertices=ndarray(...), win=Window(...))
8.8157 	EXP 	Created text = TextStim(__class__=<class 'psychopy.visual.text.TextStim'>, alignHoriz='center', alignVert='center', antialias=True, autoLog=True, bold=False, color='black', colorSpace='named', contrast=1.0, depth=-10.0, flipHoriz=False, flipVert=False, font='Arial', fontFiles=[], height=0.05, italic=False, languageStyle='LTR', name='text', opacity=1.0, ori=0, pos=array([0., 0.]), rgb=array([0., 0., 0.]), text='+', units='height', win=Window(...), wrapWidth=1)
8.8201 	EXP 	Created pos0_2 = Polygon(__class__=<class 'psychopy.visual.polygon.Polygon'>, autoDraw=False, autoLog=True, closeShape=True, color=method-wrapper(...), colorSpace=None, contrast=1.0, depth=0.0, fillColor=array([1., 1., 1.]), fillColorSpace='rgb', fillRGB=array([1., 1., 1.]), interpolate=True, lineColor=array([1., 1., 1.]), lineColorSpace='rgb', lineRGB=array([1., 1., 1.]), lineWidth=0.005, name='pos0_2', opacity=1.0, ori=array(90.), pos=array([0.4, 0. ]), size=array([0.1, 0.1]), units='height', vertices=ndarray(...), win=Window(...))
8.8230 	EXP 	Created pos45_2 = Polygon(__class__=<class 'psychopy.visual.polygon.Polygon'>, autoDraw=False, autoLog=True, closeShape=True, color=method-wrapper(...), colorSpace=None, contrast=1.0, depth=-1.0, fillColor=array([1., 1., 1.]), fillColorSpace='rgb', fillRGB=array([1., 1., 1.]), interpolate=True, lineColor=array([1., 1., 1.]), lineColorSpace='rgb', lineRGB=array([1., 1., 1.]), lineWidth=1, name='pos45_2', opacity=1.0, ori=array(0.), pos=array([0.25, 0.25]), size=array([0.1, 0.1]), units='height', vertices=ndarray(...), win=Window(...))
8.8259 	EXP 	Created pos90_2 = Polygon(__class__=<class 'psychopy.visual.polygon.Polygon'>, autoDraw=False, autoLog=True, closeShape=True, color=method-wrapper(...), colorSpace=None, contrast=1.0, depth=-2.0, fillColor=array([1., 1., 1.]), fillColorSpace='rgb', fillRGB=array([1., 1., 1.]), interpolate=True, lineColor=array([1., 1., 1.]), lineColorSpace='rgb', lineRGB=array([1., 1., 1.]), lineWidth=0.005, name='pos90_2', opacity=1.0, ori=array(0.), pos=array([0. , 0.4]), size=array([0.1, 0.1]), units='height', vertices=ndarray(...), win=Window(...))
8.8289 	EXP 	Created pos135_2 = Polygon(__class__=<class 'psychopy.visual.polygon.Polygon'>, autoDraw=False, autoLog=True, closeShape=True, color=method-wrapper(...), colorSpace=None, contrast=1.0, depth=-3.0, fillColor=array([1., 1., 1.]), fillColorSpace='rgb', fillRGB=array([1., 1., 1.]), interpolate=True, lineColor=array([1., 1., 1.]), lineColorSpace='rgb', lineRGB=array([1., 1., 1.]), lineWidth=1, name='pos135_2', opacity=1.0, ori=array(0.), pos=array([-0.25,  0.25]), size=array([0.1, 0.1]), units='height', vertices=ndarray(...), win=Window(...))
8.8317 	EXP 	Created pos180_2 = Polygon(__class__=<class 'psychopy.visual.polygon.Polygon'>, autoDraw=False, autoLog=True, closeShape=True, color=method-wrapper(...), colorSpace=None, contrast=1.0, depth=-4.0, fillColor=array([1., 1., 1.]), fillColorSpace='rgb', fillRGB=array([1., 1., 1.]), interpolate=True, lineColor=array([1., 1., 1.]), lineColorSpace='rgb', lineRGB=array([1., 1., 1.]), lineWidth=1, name='pos180_2', opacity=1.0, ori=array(0.), pos=array([-0.4,  0. ]), size=array([0.1, 0.1]), units='height', vertices=ndarray(...), win=Window(...))
8.8347 	EXP 	Created pos225_2 = Polygon(__class__=<class 'psychopy.visual.polygon.Polygon'>, autoDraw=False, autoLog=True, closeShape=True, color=method-wrapper(...), colorSpace=None, contrast=1.0, depth=-5.0, fillColor=array([1., 1., 1.]), fillColorSpace='rgb', fillRGB=array([1., 1., 1.]), interpolate=True, lineColor=array([1., 1., 1.]), lineColorSpace='rgb', lineRGB=array([1., 1., 1.]), lineWidth=1, name='pos225_2', opacity=1.0, ori=array(0.), pos=array([-0.25, -0.25]), size=array([0.1, 0.1]), units='height', vertices=ndarray(...), win=Window(...))
8.8378 	EXP 	Created pos270_2 = Polygon(__class__=<class 'psychopy.visual.polygon.Polygon'>, autoDraw=False, autoLog=True, closeShape=True, color=method-wrapper(...), colorSpace=None, contrast=1.0, depth=-6.0, fillColor=array([1., 1., 1.]), fillColorSpace='rgb', fillRGB=array([1., 1., 1.]), interpolate=True, lineColor=array([1., 1., 1.]), lineColorSpace='rgb', lineRGB=array([1., 1., 1.]), lineWidth=1, name='pos270_2', opacity=1.0, ori=array(0.), pos=array([ 0. , -0.4]), size=array([0.1, 0.1]), units='height', vertices=ndarray(...), win=Window(...))
8.8407 	EXP 	Created pos315_2 = Polygon(__class__=<class 'psychopy.visual.polygon.Polygon'>, autoDraw=False, autoLog=True, closeShape=True, color=method-wrapper(...), colorSpace=None, contrast=1.0, depth=-7.0, fillColor=array([1., 1., 1.]), fillColorSpace='rgb', fillRGB=array([1., 1., 1.]), interpolate=True, lineColor=array([1., 1., 1.]), lineColorSpace='rgb', lineRGB=array([1., 1., 1.]), lineWidth=1, name='pos315_2', opacity=1.0, ori=array(0.), pos=array([ 0.25, -0.25]), size=array([0.1, 0.1]), units='height', vertices=ndarray(...), win=Window(...))
8.8436 	EXP 	Created response_2 = Polygon(__class__=<class 'psychopy.visual.polygon.Polygon'>, autoDraw=False, autoLog=True, closeShape=True, color=method-wrapper(...), colorSpace=None, contrast=1.0, depth=-8.0, fillColor=array([1., 1., 1.]), fillColorSpace='rgb', fillRGB=array([1., 1., 1.]), interpolate=True, lineColor=array([1., 1., 1.]), lineColorSpace='rgb', lineRGB=array([1., 1., 1.]), lineWidth=1, name='response_2', opacity=1.0, ori=array(0.), pos=array([0., 0.]), size=array([0.1, 0.1]), units='height', vertices=ndarray(...), win=Window(...))
8.8455 	EXP 	Created text_4 = TextStim(__class__=<class 'psychopy.visual.text.TextStim'>, alignHoriz='center', alignVert='center', antialias=True, autoLog=True, bold=False, color='black', colorSpace='named', contrast=1.0, depth=-10.0, flipHoriz=False, flipVert=False, font='Arial', fontFiles=[], height=0.05, italic=False, languageStyle='LTR', name='text_4', opacity=1.0, ori=0, pos=array([0., 0.]), rgb=array([0., 0., 0.]), text='+', units='height', win=Window(...), wrapWidth=1)
8.8557 	EXP 	Created text_2 = TextStim(__class__=<class 'psychopy.visual.text.TextStim'>, alignHoriz='center', alignVert='center', antialias=True, autoLog=True, bold=False, color='white', colorSpace='named', contrast=1.0, depth=0.0, flipHoriz=False, flipVert=False, font='Calibri', fontFiles=[], height=0.025, italic=False, languageStyle='LTR', name='text_2', opacity=1.0, ori=0, pos=array([0., 0.]), rgb=array([255., 255., 255.]), text=str(...), units='height', win=Window(...), wrapWidth=1)
8.8914 	EXP 	text_3: autoDraw = True
23.3931 	EXP 	Imported trials_short_delay.xlsx as conditions, 16 conditions, 13 params
23.3934 	EXP 	Created sequence: random, trialTypes=16, nReps=1, seed=None
23.3937 	EXP 	New trial (rep=0, index=0): OrderedDict([('Color0', [0, 0, 0]), ('Color45', [0, 0, 0]), ('Color90', [0, 0, 0]), ('Color135', [1, 1, 1]), ('Color180', [0, 0, 0]), ('Color225', [1, -1, 1]), ('Color270', [-1, 1, 1]), ('Color315', [0, 0, 0]), ('Cueresp', [1, -1, 1]), ('target_angle', 225), ('load', 3), ('delay', 2), ('trial', 5)])
23.3993 	DATA 	Keypress: space
23.4021 	EXP 	text_3: autoDraw = False
23.4021 	EXP 	pos0: fillColor = '[0. 0. 0.] (rgb)'
23.4021 	EXP 	pos0: lineColor = '[0. 0. 0.] (rgb)'
23.4021 	EXP 	pos45: fillColor = '[0. 0. 0.] (rgb)'
23.4021 	EXP 	pos45: lineColor = '[0. 0. 0.] (rgb)'
23.4021 	EXP 	pos90: fillColor = '[0. 0. 0.] (rgb)'
23.4021 	EXP 	pos90: lineColor = '[0. 0. 0.] (rgb)'
23.4021 	EXP 	pos135: fillColor = '[1. 1. 1.] (rgb)'
23.4021 	EXP 	pos135: lineColor = '[1. 1. 1.] (rgb)'
23.4021 	EXP 	pos180: fillColor = '[0. 0. 0.] (rgb)'
23.4021 	EXP 	pos180: lineColor = '[0. 0. 0.] (rgb)'
23.4021 	EXP 	pos225: fillColor = '[ 1. -1.  1.] (rgb)'
23.4021 	EXP 	pos225: lineColor = '[ 1. -1.  1.] (rgb)'
23.4021 	EXP 	pos270: fillColor = '[-1.  1.  1.] (rgb)'
23.4021 	EXP 	pos270: lineColor = '[-1.  1.  1.] (rgb)'
23.4021 	EXP 	pos315: fillColor = '[0. 0. 0.] (rgb)'
23.4021 	EXP 	pos315: lineColor = '[0. 0. 0.] (rgb)'
23.4021 	EXP 	response: fillColor = '[ 1. -1.  1.] (rgb)'
23.4021 	EXP 	response: lineColor = '[ 1. -1.  1.] (rgb)'
23.4021 	EXP 	pos0: autoDraw = True
23.4021 	EXP 	pos45: autoDraw = True
23.4021 	EXP 	pos90: autoDraw = True
23.4021 	EXP 	pos135: autoDraw = True
23.4021 	EXP 	pos180: autoDraw = True
23.4021 	EXP 	pos225: autoDraw = True
23.4021 	EXP 	pos270: autoDraw = True
23.4021 	EXP 	pos315: autoDraw = True
23.4021 	EXP 	text: autoDraw = True
28.4127 	EXP 	pos0: autoDraw = False
28.4127 	EXP 	pos45: autoDraw = False
28.4127 	EXP 	pos90: autoDraw = False
28.4127 	EXP 	pos135: autoDraw = False
28.4127 	EXP 	pos180: autoDraw = False
28.4127 	EXP 	pos225: autoDraw = False
28.4127 	EXP 	pos270: autoDraw = False
28.4127 	EXP 	pos315: autoDraw = False
30.3950 	EXP 	response: autoDraw = True
34.7772 	DATA 	Mouse: Left button down, pos=(678,307)
34.7818 	EXP 	New trial (rep=0, index=1): OrderedDict([('Color0', [-1, 1, 1]), ('Color45', [1, 1, 1]), ('Color90', [1, 1, -1]), ('Color135', [1, -1, 1]), ('Color180', [0, 0, 0]), ('Color225', [-1, 1, -1]), ('Color270', [-1, -1, 1]), ('Color315', [1, -1, -1]), ('Cueresp', [1, 1, -1]), ('target_angle', 90), ('load', 7), ('delay', 2), ('trial', 6)])
34.7931 	EXP 	pos0: autoDraw = False
34.7931 	EXP 	pos45: autoDraw = False
34.7931 	EXP 	pos90: autoDraw = False
34.7931 	EXP 	pos135: autoDraw = False
34.7931 	EXP 	pos180: autoDraw = False
34.7931 	EXP 	pos225: autoDraw = False
34.7931 	EXP 	pos270: autoDraw = False
34.7931 	EXP 	pos315: autoDraw = False
34.7931 	EXP 	response: autoDraw = False
34.7931 	EXP 	text: autoDraw = False
34.7931 	EXP 	pos0: fillColor = '[-1.  1.  1.] (rgb)'
34.7931 	EXP 	pos0: lineColor = '[-1.  1.  1.] (rgb)'
34.7931 	EXP 	pos45: fillColor = '[1. 1. 1.] (rgb)'
34.7931 	EXP 	pos45: lineColor = '[1. 1. 1.] (rgb)'
34.7931 	EXP 	pos90: fillColor = '[ 1.  1. -1.] (rgb)'
34.7931 	EXP 	pos90: lineColor = '[ 1.  1. -1.] (rgb)'
34.7931 	EXP 	pos135: fillColor = '[ 1. -1.  1.] (rgb)'
34.7931 	EXP 	pos135: lineColor = '[ 1. -1.  1.] (rgb)'
34.7931 	EXP 	pos180: fillColor = '[0. 0. 0.] (rgb)'
34.7931 	EXP 	pos180: lineColor = '[0. 0. 0.] (rgb)'
34.7931 	EXP 	pos225: fillColor = '[-1.  1. -1.] (rgb)'
34.7931 	EXP 	pos225: lineColor = '[-1.  1. -1.] (rgb)'
34.7931 	EXP 	pos270: fillColor = '[-1. -1.  1.] (rgb)'
34.7931 	EXP 	pos270: lineColor = '[-1. -1.  1.] (rgb)'
34.7931 	EXP 	pos315: fillColor = '[ 1. -1. -1.] (rgb)'
34.7931 	EXP 	pos315: lineColor = '[ 1. -1. -1.] (rgb)'
34.7931 	EXP 	response: fillColor = '[ 1.  1. -1.] (rgb)'
34.7931 	EXP 	response: lineColor = '[ 1.  1. -1.] (rgb)'
34.7931 	EXP 	pos0: autoDraw = True
34.7931 	EXP 	pos45: autoDraw = True
34.7931 	EXP 	pos90: autoDraw = True
34.7931 	EXP 	pos135: autoDraw = True
34.7931 	EXP 	pos180: autoDraw = True
34.7931 	EXP 	pos225: autoDraw = True
34.7931 	EXP 	pos270: autoDraw = True
34.7931 	EXP 	pos315: autoDraw = True
34.7931 	EXP 	text: autoDraw = True
34.9305 	DATA 	Mouse:  Left button up, pos=(678,307)
39.8089 	EXP 	pos0: autoDraw = False
39.8089 	EXP 	pos45: autoDraw = False
39.8089 	EXP 	pos90: autoDraw = False
39.8089 	EXP 	pos135: autoDraw = False
39.8089 	EXP 	pos180: autoDraw = False
39.8089 	EXP 	pos225: autoDraw = False
39.8089 	EXP 	pos270: autoDraw = False
39.8089 	EXP 	pos315: autoDraw = False
41.7910 	EXP 	response: autoDraw = True
43.7197 	DATA 	Mouse: Left button down, pos=(1260,333)
43.7332 	EXP 	New trial (rep=0, index=2): OrderedDict([('Color0', [0, 0, 0]), ('Color45', [1, -1, 1]), ('Color90', [-1, -1, 1]), ('Color135', [1, 1, -1]), ('Color180', [-1, 1, 1]), ('Color225', [1, -1, -1]), ('Color270', [-1, 1, -1]), ('Color315', [1, 1, 1]), ('Cueresp', [-1, 1, -1]), ('target_angle', 270), ('load', 7), ('delay', 2), ('trial', 7)])
43.7458 	EXP 	pos0: autoDraw = False
43.7458 	EXP 	pos45: autoDraw = False
43.7458 	EXP 	pos90: autoDraw = False
43.7458 	EXP 	pos135: autoDraw = False
43.7458 	EXP 	pos180: autoDraw = False
43.7458 	EXP 	pos225: autoDraw = False
43.7458 	EXP 	pos270: autoDraw = False
43.7458 	EXP 	pos315: autoDraw = False
43.7458 	EXP 	response: autoDraw = False
43.7458 	EXP 	text: autoDraw = False
43.7458 	EXP 	pos0: fillColor = '[0. 0. 0.] (rgb)'
43.7458 	EXP 	pos0: lineColor = '[0. 0. 0.] (rgb)'
43.7458 	EXP 	pos45: fillColor = '[ 1. -1.  1.] (rgb)'
43.7458 	EXP 	pos45: lineColor = '[ 1. -1.  1.] (rgb)'
43.7458 	EXP 	pos90: fillColor = '[-1. -1.  1.] (rgb)'
43.7458 	EXP 	pos90: lineColor = '[-1. -1.  1.] (rgb)'
43.7458 	EXP 	pos135: fillColor = '[ 1.  1. -1.] (rgb)'
43.7458 	EXP 	pos135: lineColor = '[ 1.  1. -1.] (rgb)'
43.7458 	EXP 	pos180: fillColor = '[-1.  1.  1.] (rgb)'
43.7458 	EXP 	pos180: lineColor = '[-1.  1.  1.] (rgb)'
43.7458 	EXP 	pos225: fillColor = '[ 1. -1. -1.] (rgb)'
43.7458 	EXP 	pos225: lineColor = '[ 1. -1. -1.] (rgb)'
43.7458 	EXP 	pos270: fillColor = '[-1.  1. -1.] (rgb)'
43.7458 	EXP 	pos270: lineColor = '[-1.  1. -1.] (rgb)'
43.7458 	EXP 	pos315: fillColor = '[1. 1. 1.] (rgb)'
43.7458 	EXP 	pos315: lineColor = '[1. 1. 1.] (rgb)'
43.7458 	EXP 	response: fillColor = '[-1.  1. -1.] (rgb)'
43.7458 	EXP 	response: lineColor = '[-1.  1. -1.] (rgb)'
43.7458 	EXP 	pos0: autoDraw = True
43.7458 	EXP 	pos45: autoDraw = True
43.7458 	EXP 	pos90: autoDraw = True
43.7458 	EXP 	pos135: autoDraw = True
43.7458 	EXP 	pos180: autoDraw = True
43.7458 	EXP 	pos225: autoDraw = True
43.7458 	EXP 	pos270: autoDraw = True
43.7458 	EXP 	pos315: autoDraw = True
43.7458 	EXP 	text: autoDraw = True
43.8609 	DATA 	Mouse:  Left button up, pos=(1260,333)
47.0614 	DATA 	Keypress: escape
48.7554 	EXP 	pos0: autoDraw = False
48.7554 	EXP 	pos45: autoDraw = False
48.7554 	EXP 	pos90: autoDraw = False
48.7554 	EXP 	pos135: autoDraw = False
48.7554 	EXP 	pos180: autoDraw = False
48.7554 	EXP 	pos225: autoDraw = False
48.7554 	EXP 	pos270: autoDraw = False
48.7554 	EXP 	pos315: autoDraw = False
49.2574 	DATA 	Keypress: escape
49.6305 	EXP 	window1: mouseVisible = True
