11.7021 	EXP 	Created window1 = Window(allowGUI=False, allowStencil=False, args=UNKNOWN, autoLog=True, bitsMode=UNKNOWN, blendMode='avg', color=array([0., 0., 0.]), colorSpace='rgb', fullscr=<method-wrapper '__getattribute__' of attributeSetter object at 0x000001A96F318940>, gamma=None, gammaErrorPolicy='raise', kwargs=UNKNOWN, lms=UNKNOWN, monitor=<psychopy.monitors.calibTools.Monitor object at 0x000001A96F3E7B70>, multiSample=False, name='window1', numSamples=2, pos=[0.0, 0.0], screen=0, size=array([1920, 1080]), stereo=False, units='height', useFBO=True, useRetina=False, viewOri=0.0, viewPos=None, viewScale=None, waitBlanking=True, winType='pyglet')
11.7023 	EXP 	window1: recordFrameIntervals = False
11.8668 	EXP 	window1: recordFrameIntervals = True
12.0506 	EXP 	window1: recordFrameIntervals = False
12.7865 	EXP 	Created text_3 = TextStim(__class__=<class 'psychopy.visual.text.TextStim'>, alignHoriz='center', alignVert='center', antialias=True, autoLog=True, bold=False, color='white', colorSpace='named', contrast=1.0, depth=0.0, flipHoriz=False, flipVert=False, font='Calibri', fontFiles=[], height=0.025, italic=False, languageStyle='LTR', name='text_3', opacity=1.0, ori=0, pos=array([-0.25,  0.  ]), rgb=array([255., 255., 255.]), text=str(...), units='height', win=Window(...), wrapWidth=1)
12.7981 	EXP 	Created pos0 = Polygon(__class__=<class 'psychopy.visual.polygon.Polygon'>, autoDraw=False, autoLog=True, closeShape=True, color=method-wrapper(...), colorSpace=None, contrast=1.0, depth=-1.0, fillColor=array([1., 1., 1.]), fillColorSpace='rgb', fillRGB=array([1., 1., 1.]), interpolate=True, lineColor=array([1., 1., 1.]), lineColorSpace='rgb', lineRGB=array([1., 1., 1.]), lineWidth=0.005, name='pos0', opacity=1.0, ori=array(90.), pos=array([0.5, 0. ]), size=array([0.1, 0.1]), units='height', vertices=ndarray(...), win=Window(...))
12.8061 	EXP 	Created pos90 = Polygon(__class__=<class 'psychopy.visual.polygon.Polygon'>, autoDraw=False, autoLog=True, closeShape=True, color=method-wrapper(...), colorSpace=None, contrast=1.0, depth=-2.0, fillColor=array([1., 1., 1.]), fillColorSpace='rgb', fillRGB=array([1., 1., 1.]), interpolate=True, lineColor=array([1., 1., 1.]), lineColorSpace='rgb', lineRGB=array([1., 1., 1.]), lineWidth=0.005, name='pos90', opacity=1.0, ori=array(0.), pos=array([0. , 0.5]), size=array([0.1, 0.1]), units='height', vertices=ndarray(...), win=Window(...))
12.8136 	EXP 	Created pos180 = Polygon(__class__=<class 'psychopy.visual.polygon.Polygon'>, autoDraw=False, autoLog=True, closeShape=True, color=method-wrapper(...), colorSpace=None, contrast=1.0, depth=-3.0, fillColor=array([1., 1., 1.]), fillColorSpace='rgb', fillRGB=array([1., 1., 1.]), interpolate=True, lineColor=array([1., 1., 1.]), lineColorSpace='rgb', lineRGB=array([1., 1., 1.]), lineWidth=1, name='pos180', opacity=1.0, ori=array(0.), pos=array([-0.5,  0. ]), size=array([0.1, 0.1]), units='height', vertices=ndarray(...), win=Window(...))
12.8211 	EXP 	Created pos270 = Polygon(__class__=<class 'psychopy.visual.polygon.Polygon'>, autoDraw=False, autoLog=True, closeShape=True, color=method-wrapper(...), colorSpace=None, contrast=1.0, depth=-4.0, fillColor=array([1., 1., 1.]), fillColorSpace='rgb', fillRGB=array([1., 1., 1.]), interpolate=True, lineColor=array([1., 1., 1.]), lineColorSpace='rgb', lineRGB=array([1., 1., 1.]), lineWidth=1, name='pos270', opacity=1.0, ori=array(0.), pos=array([ 0. , -0.5]), size=array([0.1, 0.1]), units='height', vertices=ndarray(...), win=Window(...))
12.8385 	EXP 	Created text_2 = TextStim(__class__=<class 'psychopy.visual.text.TextStim'>, alignHoriz='center', alignVert='center', antialias=True, autoLog=True, bold=False, color='white', colorSpace='named', contrast=1.0, depth=0.0, flipHoriz=False, flipVert=False, font='Calibri', fontFiles=[], height=0.025, italic=False, languageStyle='LTR', name='text_2', opacity=1.0, ori=0, pos=array([0., 0.]), rgb=array([255., 255., 255.]), text=str(...), units='height', win=Window(...), wrapWidth=1)
12.8752 	EXP 	text_3: autoDraw = True
14.9363 	DATA 	Keypress: space
17.8412 	DATA 	Keypress: space
17.9963 	EXP 	Imported Trials_.xlsx as conditions, 3 conditions, 4 params
17.9968 	EXP 	Created sequence: sequential, trialTypes=3, nReps=1, seed=None
17.9974 	EXP 	New trial (rep=0, index=0): OrderedDict([('Color1', [0, 0, 1]), ('Color2', [1, 0.5, 1]), ('Color3', [0, 0, 1]), ('Color4', [1, 1, 1])])
18.0066 	EXP 	text_3: autoDraw = False
18.0066 	EXP 	pos0: fillColor = '[1.  0.5 1. ] (rgb)'
18.0066 	EXP 	pos90: fillColor = '[0. 0. 1.] (rgb)'
18.0066 	EXP 	pos180: fillColor = '[0. 0. 1.] (rgb)'
18.0066 	EXP 	pos270: fillColor = '[1. 1. 1.] (rgb)'
18.0066 	EXP 	pos0: autoDraw = True
18.0066 	EXP 	pos90: autoDraw = True
18.0066 	EXP 	pos180: autoDraw = True
18.0066 	EXP 	pos270: autoDraw = True
20.0139 	EXP 	pos0: autoDraw = False
20.0139 	EXP 	pos90: autoDraw = False
20.0139 	EXP 	pos180: autoDraw = False
20.0139 	EXP 	pos270: autoDraw = False
22.3500 	DATA 	Mouse: Left button down, pos=(794,677)
22.3633 	EXP 	New trial (rep=0, index=1): OrderedDict([('Color1', [0, 0, 1]), ('Color2', [1, 0.5, 1]), ('Color3', [1, 0.5, 1]), ('Color4', [1, 1, 1])])
22.3729 	EXP 	pos0: autoDraw = False
22.3729 	EXP 	pos90: autoDraw = False
22.3729 	EXP 	pos180: autoDraw = False
22.3729 	EXP 	pos270: autoDraw = False
22.3729 	EXP 	pos0: fillColor = '[1.  0.5 1. ] (rgb)'
22.3729 	EXP 	pos90: fillColor = '[0. 0. 1.] (rgb)'
22.3729 	EXP 	pos180: fillColor = '[1.  0.5 1. ] (rgb)'
22.3729 	EXP 	pos270: fillColor = '[1. 1. 1.] (rgb)'
22.3729 	EXP 	pos0: autoDraw = True
22.3729 	EXP 	pos90: autoDraw = True
22.3729 	EXP 	pos180: autoDraw = True
22.3729 	EXP 	pos270: autoDraw = True
22.4466 	DATA 	Mouse:  Left button up, pos=(794,677)
24.3794 	EXP 	pos0: autoDraw = False
24.3794 	EXP 	pos90: autoDraw = False
24.3794 	EXP 	pos180: autoDraw = False
24.3794 	EXP 	pos270: autoDraw = False
25.8493 	DATA 	Mouse: Left button down, pos=(794,677)
25.8709 	EXP 	New trial (rep=0, index=2): OrderedDict([('Color1', [0, 0, 1]), ('Color2', [1, 0.5, 1]), ('Color3', [1, 1, 1]), ('Color4', [1, 1, 1])])
25.8815 	EXP 	pos0: autoDraw = False
25.8815 	EXP 	pos90: autoDraw = False
25.8815 	EXP 	pos180: autoDraw = False
25.8815 	EXP 	pos270: autoDraw = False
25.8815 	EXP 	pos0: fillColor = '[1.  0.5 1. ] (rgb)'
25.8815 	EXP 	pos90: fillColor = '[0. 0. 1.] (rgb)'
25.8815 	EXP 	pos180: fillColor = '[1. 1. 1.] (rgb)'
25.8815 	EXP 	pos270: fillColor = '[1. 1. 1.] (rgb)'
25.8815 	EXP 	pos0: autoDraw = True
25.8815 	EXP 	pos90: autoDraw = True
25.8815 	EXP 	pos180: autoDraw = True
25.8815 	EXP 	pos270: autoDraw = True
25.9793 	DATA 	Mouse:  Left button up, pos=(794,677)
27.8944 	EXP 	pos0: autoDraw = False
27.8944 	EXP 	pos90: autoDraw = False
27.8944 	EXP 	pos180: autoDraw = False
27.8944 	EXP 	pos270: autoDraw = False
28.8622 	DATA 	Mouse: Left button down, pos=(794,677)
28.8790 	EXP 	pos0: autoDraw = False
28.8790 	EXP 	pos90: autoDraw = False
28.8790 	EXP 	pos180: autoDraw = False
28.8790 	EXP 	pos270: autoDraw = False
28.8790 	EXP 	text_2: autoDraw = True
29.0138 	DATA 	Mouse:  Left button up, pos=(794,677)
29.5845 	DATA 	Mouse: Left button down, pos=(794,677)
29.7123 	DATA 	Mouse:  Left button up, pos=(794,677)
31.2141 	DATA 	Keypress: escape
31.5549 	EXP 	window1: mouseVisible = True
