10.5683 	EXP 	Created window1 = Window(allowGUI=False, allowStencil=False, args=UNKNOWN, autoLog=True, bitsMode=UNKNOWN, blendMode='avg', color=array([0., 0., 0.]), colorSpace='rgb', fullscr=<method-wrapper '__getattribute__' of attributeSetter object at 0x0000022F8F3646A0>, gamma=None, gammaErrorPolicy='raise', kwargs=UNKNOWN, lms=UNKNOWN, monitor=<psychopy.monitors.calibTools.Monitor object at 0x0000022F8F4358D0>, multiSample=False, name='window1', numSamples=2, pos=[0.0, 0.0], screen=0, size=array([1920, 1080]), stereo=False, units='height', useFBO=True, useRetina=False, viewOri=0.0, viewPos=None, viewScale=None, waitBlanking=True, winType='pyglet')
10.5684 	EXP 	window1: recordFrameIntervals = False
10.7333 	EXP 	window1: recordFrameIntervals = True
10.9172 	EXP 	window1: recordFrameIntervals = False
11.5545 	EXP 	Created text_3 = TextStim(__class__=<class 'psychopy.visual.text.TextStim'>, alignHoriz='center', alignVert='center', antialias=True, autoLog=True, bold=False, color='white', colorSpace='named', contrast=1.0, depth=0.0, flipHoriz=False, flipVert=False, font='Calibri', fontFiles=[], height=0.025, italic=False, languageStyle='LTR', name='text_3', opacity=1.0, ori=0, pos=array([-0.25,  0.  ]), rgb=array([255., 255., 255.]), text=str(...), units='height', win=Window(...), wrapWidth=1)
11.5579 	EXP 	Created polygon_1 = ShapeStim(__class__=<class 'psychopy.visual.shape.ShapeStim'>, autoDraw=False, autoLog=True, closeShape=True, contrast=1.0, depth=-1.0, fillColor=array([1., 1., 1.]), fillColorSpace='rgb', interpolate=True, lineColor=array([1., 1., 1.]), lineColorSpace='rgb', lineWidth=0.005, name='polygon_1', opacity=1.0, ori=array(0.), pos=array([-0.5,  0. ]), size=array([1., 1.]), units='height', vertices=ndarray(...), win=Window(...), windingRule=None)
11.5603 	EXP 	Created polygon_2 = ShapeStim(__class__=<class 'psychopy.visual.shape.ShapeStim'>, autoDraw=False, autoLog=True, closeShape=True, contrast=1.0, depth=-2.0, fillColor=array([1., 1., 1.]), fillColorSpace='rgb', interpolate=True, lineColor=array([1., 1., 1.]), lineColorSpace='rgb', lineWidth=0.005, name='polygon_2', opacity=1.0, ori=array(90.), pos=array([0.5, 0. ]), size=array([1., 1.]), units='height', vertices=ndarray(...), win=Window(...), windingRule=None)
11.5625 	EXP 	Created polygon_3 = ShapeStim(__class__=<class 'psychopy.visual.shape.ShapeStim'>, autoDraw=False, autoLog=True, closeShape=True, contrast=1.0, depth=-3.0, fillColor=array([1., 1., 1.]), fillColorSpace='rgb', interpolate=True, lineColor=array([1., 1., 1.]), lineColorSpace='rgb', lineWidth=1, name='polygon_3', opacity=1.0, ori=array(0.), pos=array([0. , 0.5]), size=array([1., 1.]), units='height', vertices=ndarray(...), win=Window(...), windingRule=None)
11.5884 	EXP 	Created text_2 = TextStim(__class__=<class 'psychopy.visual.text.TextStim'>, alignHoriz='center', alignVert='center', antialias=True, autoLog=True, bold=False, color='white', colorSpace='named', contrast=1.0, depth=0.0, flipHoriz=False, flipVert=False, font='Calibri', fontFiles=[], height=0.025, italic=False, languageStyle='LTR', name='text_2', opacity=1.0, ori=0, pos=array([0., 0.]), rgb=array([255., 255., 255.]), text=str(...), units='height', win=Window(...), wrapWidth=1)
11.6256 	EXP 	text_3: autoDraw = True
12.9705 	DATA 	Mouse: Left button down, pos=(914,580)
13.0516 	DATA 	Mouse:  Left button up, pos=(914,580)
14.1365 	DATA 	Keypress: space
16.7536 	EXP 	Imported Trials_.xlsx as conditions, 3 conditions, 3 params
16.7540 	EXP 	Created sequence: sequential, trialTypes=3, nReps=1, seed=None
16.7543 	EXP 	New trial (rep=0, index=0): OrderedDict([('Color1', [1, 1, 0]), ('Color2', [1, 1, 1]), ('Color3', [0, 0, 1])])
16.7562 	DATA 	Keypress: space
16.7634 	EXP 	text_3: autoDraw = False
16.7634 	EXP 	polygon_1: fillColor = '[1. 1. 0.] (rgb)'
16.7634 	EXP 	polygon_2: fillColor = '[1. 1. 1.] (rgb)'
16.7634 	EXP 	polygon_3: fillColor = '[0. 0. 1.] (rgb)'
16.7634 	EXP 	polygon_1: autoDraw = True
16.7634 	EXP 	polygon_2: autoDraw = True
16.7634 	EXP 	polygon_3: autoDraw = True
17.7639 	EXP 	polygon_1: autoDraw = False
17.7639 	EXP 	polygon_2: autoDraw = False
17.7639 	EXP 	polygon_3: autoDraw = False
21.3811 	DATA 	Mouse: Left button down, pos=(1173,623)
21.3938 	EXP 	New trial (rep=0, index=1): OrderedDict([('Color1', [1, 1, 0]), ('Color2', [1, 1, 1]), ('Color3', [1, 0.5, 1])])
21.4032 	EXP 	polygon_1: autoDraw = False
21.4032 	EXP 	polygon_2: autoDraw = False
21.4032 	EXP 	polygon_3: autoDraw = False
21.4032 	EXP 	polygon_1: fillColor = '[1. 1. 0.] (rgb)'
21.4032 	EXP 	polygon_2: fillColor = '[1. 1. 1.] (rgb)'
21.4032 	EXP 	polygon_3: fillColor = '[1.  0.5 1. ] (rgb)'
21.4032 	EXP 	polygon_1: autoDraw = True
21.4032 	EXP 	polygon_2: autoDraw = True
21.4032 	EXP 	polygon_3: autoDraw = True
21.5296 	DATA 	Mouse:  Left button up, pos=(1173,623)
22.4124 	EXP 	polygon_1: autoDraw = False
22.4124 	EXP 	polygon_2: autoDraw = False
22.4124 	EXP 	polygon_3: autoDraw = False
26.5690 	DATA 	Mouse: Left button down, pos=(1060,505)
26.5773 	EXP 	New trial (rep=0, index=2): OrderedDict([('Color1', [1, 1, 0]), ('Color2', [1, 1, 1]), ('Color3', [1, 1, 1])])
26.5857 	EXP 	polygon_1: autoDraw = False
26.5857 	EXP 	polygon_2: autoDraw = False
26.5857 	EXP 	polygon_3: autoDraw = False
26.5857 	EXP 	polygon_1: fillColor = '[1. 1. 0.] (rgb)'
26.5857 	EXP 	polygon_2: fillColor = '[1. 1. 1.] (rgb)'
26.5857 	EXP 	polygon_3: fillColor = '[1. 1. 1.] (rgb)'
26.5857 	EXP 	polygon_1: autoDraw = True
26.5857 	EXP 	polygon_2: autoDraw = True
26.5857 	EXP 	polygon_3: autoDraw = True
26.6778 	DATA 	Mouse:  Left button up, pos=(1060,505)
27.5943 	EXP 	polygon_1: autoDraw = False
27.5943 	EXP 	polygon_2: autoDraw = False
27.5943 	EXP 	polygon_3: autoDraw = False
33.9101 	DATA 	Mouse: Left button down, pos=(931,510)
33.9256 	EXP 	polygon_1: autoDraw = False
33.9256 	EXP 	polygon_2: autoDraw = False
33.9256 	EXP 	polygon_3: autoDraw = False
33.9256 	EXP 	text_2: autoDraw = True
33.9939 	DATA 	Mouse:  Left button up, pos=(931,510)
35.9459 	DATA 	Keypress: space
36.9282 	DATA 	Keypress: escape
37.2858 	EXP 	window1: mouseVisible = True
