9.4885 	EXP 	Created window1 = Window(allowGUI=False, allowStencil=False, args=UNKNOWN, autoLog=True, bitsMode=UNKNOWN, blendMode='avg', color=array([0., 0., 0.]), colorSpace='rgb', fullscr=<method-wrapper '__getattribute__' of attributeSetter object at 0x000001596D28C3C8>, gamma=None, gammaErrorPolicy='raise', kwargs=UNKNOWN, lms=UNKNOWN, monitor=<psychopy.monitors.calibTools.Monitor object at 0x000001596D5375F8>, multiSample=False, name='window1', numSamples=2, pos=[0.0, 0.0], screen=0, size=array([1920, 1080]), stereo=False, units='height', useFBO=True, useRetina=False, viewOri=0.0, viewPos=None, viewScale=None, waitBlanking=True, winType='pyglet')
9.4886 	EXP 	window1: recordFrameIntervals = False
9.6540 	EXP 	window1: recordFrameIntervals = True
9.8375 	EXP 	window1: recordFrameIntervals = False
10.3318 	EXP 	Created text_3 = TextStim(__class__=<class 'psychopy.visual.text.TextStim'>, alignHoriz='center', alignVert='center', antialias=True, autoLog=True, bold=False, color='white', colorSpace='named', contrast=1.0, depth=0.0, flipHoriz=False, flipVert=False, font='Calibri', fontFiles=[], height=0.025, italic=False, languageStyle='LTR', name='text_3', opacity=1.0, ori=0, pos=array([-0.25,  0.  ]), rgb=array([255., 255., 255.]), text=str(...), units='height', win=Window(...), wrapWidth=1)
10.3465 	EXP 	Created pos0 = Polygon(__class__=<class 'psychopy.visual.polygon.Polygon'>, autoDraw=False, autoLog=True, closeShape=True, color=method-wrapper(...), colorSpace=None, contrast=1.0, depth=0.0, fillColor=array([1., 1., 1.]), fillColorSpace='rgb', fillRGB=array([1., 1., 1.]), interpolate=True, lineColor=array([1., 1., 1.]), lineColorSpace='rgb', lineRGB=array([1., 1., 1.]), lineWidth=0.005, name='pos0', opacity=1.0, ori=array(90.), pos=array([0.5, 0. ]), size=array([0.1, 0.1]), units='height', vertices=ndarray(...), win=Window(...))
10.3571 	EXP 	Created pos45 = Polygon(__class__=<class 'psychopy.visual.polygon.Polygon'>, autoDraw=False, autoLog=True, closeShape=True, color=method-wrapper(...), colorSpace=None, contrast=1.0, depth=-1.0, fillColor=array([1., 1., 1.]), fillColorSpace='rgb', fillRGB=array([1., 1., 1.]), interpolate=True, lineColor=array([1., 1., 1.]), lineColorSpace='rgb', lineRGB=array([1., 1., 1.]), lineWidth=1, name='pos45', opacity=1.0, ori=array(0.), pos=array([0.25, 0.25]), size=array([0.1, 0.1]), units='height', vertices=ndarray(...), win=Window(...))
10.3670 	EXP 	Created pos90 = Polygon(__class__=<class 'psychopy.visual.polygon.Polygon'>, autoDraw=False, autoLog=True, closeShape=True, color=method-wrapper(...), colorSpace=None, contrast=1.0, depth=-2.0, fillColor=array([1., 1., 1.]), fillColorSpace='rgb', fillRGB=array([1., 1., 1.]), interpolate=True, lineColor=array([1., 1., 1.]), lineColorSpace='rgb', lineRGB=array([1., 1., 1.]), lineWidth=0.005, name='pos90', opacity=1.0, ori=array(0.), pos=array([0. , 0.4]), size=array([0.1, 0.1]), units='height', vertices=ndarray(...), win=Window(...))
10.3774 	EXP 	Created pos135 = Polygon(__class__=<class 'psychopy.visual.polygon.Polygon'>, autoDraw=False, autoLog=True, closeShape=True, color=method-wrapper(...), colorSpace=None, contrast=1.0, depth=-3.0, fillColor=array([1., 1., 1.]), fillColorSpace='rgb', fillRGB=array([1., 1., 1.]), interpolate=True, lineColor=array([1., 1., 1.]), lineColorSpace='rgb', lineRGB=array([1., 1., 1.]), lineWidth=1, name='pos135', opacity=1.0, ori=array(0.), pos=array([-0.25,  0.25]), size=array([0.1, 0.1]), units='height', vertices=ndarray(...), win=Window(...))
10.3890 	EXP 	Created pos180 = Polygon(__class__=<class 'psychopy.visual.polygon.Polygon'>, autoDraw=False, autoLog=True, closeShape=True, color=method-wrapper(...), colorSpace=None, contrast=1.0, depth=-4.0, fillColor=array([1., 1., 1.]), fillColorSpace='rgb', fillRGB=array([1., 1., 1.]), interpolate=True, lineColor=array([1., 1., 1.]), lineColorSpace='rgb', lineRGB=array([1., 1., 1.]), lineWidth=1, name='pos180', opacity=1.0, ori=array(0.), pos=array([-0.5,  0. ]), size=array([0.1, 0.1]), units='height', vertices=ndarray(...), win=Window(...))
10.3993 	EXP 	Created pos225 = Polygon(__class__=<class 'psychopy.visual.polygon.Polygon'>, autoDraw=False, autoLog=True, closeShape=True, color=method-wrapper(...), colorSpace=None, contrast=1.0, depth=-5.0, fillColor=array([1., 1., 1.]), fillColorSpace='rgb', fillRGB=array([1., 1., 1.]), interpolate=True, lineColor=array([1., 1., 1.]), lineColorSpace='rgb', lineRGB=array([1., 1., 1.]), lineWidth=1, name='pos225', opacity=1.0, ori=array(0.), pos=array([-0.25, -0.25]), size=array([0.1, 0.1]), units='height', vertices=ndarray(...), win=Window(...))
10.4100 	EXP 	Created pos270 = Polygon(__class__=<class 'psychopy.visual.polygon.Polygon'>, autoDraw=False, autoLog=True, closeShape=True, color=method-wrapper(...), colorSpace=None, contrast=1.0, depth=-6.0, fillColor=array([1., 1., 1.]), fillColorSpace='rgb', fillRGB=array([1., 1., 1.]), interpolate=True, lineColor=array([1., 1., 1.]), lineColorSpace='rgb', lineRGB=array([1., 1., 1.]), lineWidth=1, name='pos270', opacity=1.0, ori=array(0.), pos=array([ 0. , -0.4]), size=array([0.1, 0.1]), units='height', vertices=ndarray(...), win=Window(...))
10.4190 	EXP 	Created pos315 = Polygon(__class__=<class 'psychopy.visual.polygon.Polygon'>, autoDraw=False, autoLog=True, closeShape=True, color=method-wrapper(...), colorSpace=None, contrast=1.0, depth=-7.0, fillColor=array([1., 1., 1.]), fillColorSpace='rgb', fillRGB=array([1., 1., 1.]), interpolate=True, lineColor=array([1., 1., 1.]), lineColorSpace='rgb', lineRGB=array([1., 1., 1.]), lineWidth=1, name='pos315', opacity=1.0, ori=array(0.), pos=array([ 0.25, -0.25]), size=array([0.1, 0.1]), units='height', vertices=ndarray(...), win=Window(...))
10.4287 	EXP 	Created response = Polygon(__class__=<class 'psychopy.visual.polygon.Polygon'>, autoDraw=False, autoLog=True, closeShape=True, color=method-wrapper(...), colorSpace=None, contrast=1.0, depth=-8.0, fillColor=array([1., 1., 1.]), fillColorSpace='rgb', fillRGB=array([1., 1., 1.]), interpolate=True, lineColor=array([1., 1., 1.]), lineColorSpace='rgb', lineRGB=array([1., 1., 1.]), lineWidth=1, name='response', opacity=1.0, ori=array(0.), pos=array([0., 0.]), size=array([0.1, 0.1]), units='height', vertices=ndarray(...), win=Window(...))
10.4378 	EXP 	Created pos0_2 = Polygon(__class__=<class 'psychopy.visual.polygon.Polygon'>, autoDraw=False, autoLog=True, closeShape=True, color=method-wrapper(...), colorSpace=None, contrast=1.0, depth=0.0, fillColor=array([1., 1., 1.]), fillColorSpace='rgb', fillRGB=array([1., 1., 1.]), interpolate=True, lineColor=array([1., 1., 1.]), lineColorSpace='rgb', lineRGB=array([1., 1., 1.]), lineWidth=0.005, name='pos0_2', opacity=1.0, ori=array(90.), pos=array([0.5, 0. ]), size=array([0.1, 0.1]), units='height', vertices=ndarray(...), win=Window(...))
10.4436 	EXP 	Created pos45_2 = Polygon(__class__=<class 'psychopy.visual.polygon.Polygon'>, autoDraw=False, autoLog=True, closeShape=True, color=method-wrapper(...), colorSpace=None, contrast=1.0, depth=-1.0, fillColor=array([1., 1., 1.]), fillColorSpace='rgb', fillRGB=array([1., 1., 1.]), interpolate=True, lineColor=array([1., 1., 1.]), lineColorSpace='rgb', lineRGB=array([1., 1., 1.]), lineWidth=1, name='pos45_2', opacity=1.0, ori=array(0.), pos=array([0.25, 0.25]), size=array([0.1, 0.1]), units='height', vertices=ndarray(...), win=Window(...))
10.4494 	EXP 	Created pos90_2 = Polygon(__class__=<class 'psychopy.visual.polygon.Polygon'>, autoDraw=False, autoLog=True, closeShape=True, color=method-wrapper(...), colorSpace=None, contrast=1.0, depth=-2.0, fillColor=array([1., 1., 1.]), fillColorSpace='rgb', fillRGB=array([1., 1., 1.]), interpolate=True, lineColor=array([1., 1., 1.]), lineColorSpace='rgb', lineRGB=array([1., 1., 1.]), lineWidth=0.005, name='pos90_2', opacity=1.0, ori=array(0.), pos=array([0. , 0.4]), size=array([0.1, 0.1]), units='height', vertices=ndarray(...), win=Window(...))
10.4581 	EXP 	Created pos135_2 = Polygon(__class__=<class 'psychopy.visual.polygon.Polygon'>, autoDraw=False, autoLog=True, closeShape=True, color=method-wrapper(...), colorSpace=None, contrast=1.0, depth=-3.0, fillColor=array([1., 1., 1.]), fillColorSpace='rgb', fillRGB=array([1., 1., 1.]), interpolate=True, lineColor=array([1., 1., 1.]), lineColorSpace='rgb', lineRGB=array([1., 1., 1.]), lineWidth=1, name='pos135_2', opacity=1.0, ori=array(0.), pos=array([-0.25,  0.25]), size=array([0.1, 0.1]), units='height', vertices=ndarray(...), win=Window(...))
10.4642 	EXP 	Created pos180_2 = Polygon(__class__=<class 'psychopy.visual.polygon.Polygon'>, autoDraw=False, autoLog=True, closeShape=True, color=method-wrapper(...), colorSpace=None, contrast=1.0, depth=-4.0, fillColor=array([1., 1., 1.]), fillColorSpace='rgb', fillRGB=array([1., 1., 1.]), interpolate=True, lineColor=array([1., 1., 1.]), lineColorSpace='rgb', lineRGB=array([1., 1., 1.]), lineWidth=1, name='pos180_2', opacity=1.0, ori=array(0.), pos=array([-0.5,  0. ]), size=array([0.1, 0.1]), units='height', vertices=ndarray(...), win=Window(...))
10.4693 	EXP 	Created pos225_2 = Polygon(__class__=<class 'psychopy.visual.polygon.Polygon'>, autoDraw=False, autoLog=True, closeShape=True, color=method-wrapper(...), colorSpace=None, contrast=1.0, depth=-5.0, fillColor=array([1., 1., 1.]), fillColorSpace='rgb', fillRGB=array([1., 1., 1.]), interpolate=True, lineColor=array([1., 1., 1.]), lineColorSpace='rgb', lineRGB=array([1., 1., 1.]), lineWidth=1, name='pos225_2', opacity=1.0, ori=array(0.), pos=array([-0.25, -0.25]), size=array([0.1, 0.1]), units='height', vertices=ndarray(...), win=Window(...))
10.4756 	EXP 	Created pos270_2 = Polygon(__class__=<class 'psychopy.visual.polygon.Polygon'>, autoDraw=False, autoLog=True, closeShape=True, color=method-wrapper(...), colorSpace=None, contrast=1.0, depth=-6.0, fillColor=array([1., 1., 1.]), fillColorSpace='rgb', fillRGB=array([1., 1., 1.]), interpolate=True, lineColor=array([1., 1., 1.]), lineColorSpace='rgb', lineRGB=array([1., 1., 1.]), lineWidth=1, name='pos270_2', opacity=1.0, ori=array(0.), pos=array([ 0. , -0.4]), size=array([0.1, 0.1]), units='height', vertices=ndarray(...), win=Window(...))
10.4811 	EXP 	Created pos315_2 = Polygon(__class__=<class 'psychopy.visual.polygon.Polygon'>, autoDraw=False, autoLog=True, closeShape=True, color=method-wrapper(...), colorSpace=None, contrast=1.0, depth=-7.0, fillColor=array([1., 1., 1.]), fillColorSpace='rgb', fillRGB=array([1., 1., 1.]), interpolate=True, lineColor=array([1., 1., 1.]), lineColorSpace='rgb', lineRGB=array([1., 1., 1.]), lineWidth=1, name='pos315_2', opacity=1.0, ori=array(0.), pos=array([ 0.25, -0.25]), size=array([0.1, 0.1]), units='height', vertices=ndarray(...), win=Window(...))
10.4865 	EXP 	Created response_2 = Polygon(__class__=<class 'psychopy.visual.polygon.Polygon'>, autoDraw=False, autoLog=True, closeShape=True, color=method-wrapper(...), colorSpace=None, contrast=1.0, depth=-8.0, fillColor=array([1., 1., 1.]), fillColorSpace='rgb', fillRGB=array([1., 1., 1.]), interpolate=True, lineColor=array([1., 1., 1.]), lineColorSpace='rgb', lineRGB=array([1., 1., 1.]), lineWidth=1, name='response_2', opacity=1.0, ori=array(0.), pos=array([0., 0.]), size=array([0.1, 0.1]), units='height', vertices=ndarray(...), win=Window(...))
10.5049 	EXP 	Created text_2 = TextStim(__class__=<class 'psychopy.visual.text.TextStim'>, alignHoriz='center', alignVert='center', antialias=True, autoLog=True, bold=False, color='white', colorSpace='named', contrast=1.0, depth=0.0, flipHoriz=False, flipVert=False, font='Calibri', fontFiles=[], height=0.025, italic=False, languageStyle='LTR', name='text_2', opacity=1.0, ori=0, pos=array([0., 0.]), rgb=array([255., 255., 255.]), text=str(...), units='height', win=Window(...), wrapWidth=1)
10.5406 	EXP 	text_3: autoDraw = True
19.6282 	EXP 	Imported delay_short.xlsx as conditions, 3 conditions, 9 params
19.6286 	EXP 	Created sequence: sequential, trialTypes=3, nReps=1, seed=None
19.6293 	EXP 	New trial (rep=0, index=0): OrderedDict([('Color0', [-1, -1, 1]), ('Color45', [1, 1, 1]), ('Color90', [0, 0, 1]), ('Color135', [0, 0, 0]), ('Color180', [1, 1, 0]), ('Color225', [1, 1, 0]), ('Color270', [1, 1, 0]), ('Color315', [0, 0, 0]), ('Cueresp', [1, 1, 0])])
19.6398 	DATA 	Keypress: space
19.6427 	EXP 	text_3: autoDraw = False
19.6427 	EXP 	pos0: fillColor = '[-1. -1.  1.] (rgb)'
19.6427 	EXP 	pos0: lineColor = '[-1. -1.  1.] (rgb)'
19.6427 	EXP 	pos45: fillColor = '[1. 1. 1.] (rgb)'
19.6427 	EXP 	pos45: lineColor = '[1. 1. 1.] (rgb)'
19.6427 	EXP 	pos90: fillColor = '[0. 0. 1.] (rgb)'
19.6427 	EXP 	pos90: lineColor = '[0. 0. 1.] (rgb)'
19.6427 	EXP 	pos135: fillColor = '[0. 0. 0.] (rgb)'
19.6427 	EXP 	pos135: lineColor = '[0. 0. 0.] (rgb)'
19.6427 	EXP 	pos180: fillColor = '[1. 1. 0.] (rgb)'
19.6427 	EXP 	pos180: lineColor = '[1. 1. 0.] (rgb)'
19.6427 	EXP 	pos225: fillColor = '[1. 1. 0.] (rgb)'
19.6427 	EXP 	pos225: lineColor = '[1. 1. 0.] (rgb)'
19.6427 	EXP 	pos270: fillColor = '[1. 1. 0.] (rgb)'
19.6427 	EXP 	pos270: lineColor = '[1. 1. 0.] (rgb)'
19.6427 	EXP 	pos315: fillColor = '[0. 0. 0.] (rgb)'
19.6427 	EXP 	pos315: lineColor = '[0. 0. 0.] (rgb)'
19.6427 	EXP 	response: fillColor = '[1. 1. 0.] (rgb)'
19.6427 	EXP 	response: lineColor = '[1. 1. 0.] (rgb)'
19.6427 	EXP 	pos0: autoDraw = True
19.6427 	EXP 	pos45: autoDraw = True
19.6427 	EXP 	pos90: autoDraw = True
19.6427 	EXP 	pos135: autoDraw = True
19.6427 	EXP 	pos180: autoDraw = True
19.6427 	EXP 	pos225: autoDraw = True
19.6427 	EXP 	pos270: autoDraw = True
19.6427 	EXP 	pos315: autoDraw = True
24.6488 	EXP 	pos0: autoDraw = False
24.6488 	EXP 	pos45: autoDraw = False
24.6488 	EXP 	pos90: autoDraw = False
24.6488 	EXP 	pos135: autoDraw = False
24.6488 	EXP 	pos180: autoDraw = False
24.6488 	EXP 	pos225: autoDraw = False
24.6488 	EXP 	pos270: autoDraw = False
24.6488 	EXP 	pos315: autoDraw = False
26.6315 	EXP 	response: autoDraw = True
30.6321 	DATA 	Mouse: Left button down, pos=(525,564)
30.6398 	EXP 	New trial (rep=0, index=1): OrderedDict([('Color0', [1, 1, 1]), ('Color45', [1, 0.5, 1]), ('Color90', [1, 0.5, 1]), ('Color135', [1, 1, 0]), ('Color180', [1, 1, 0]), ('Color225', [0, 0, 0]), ('Color270', [1, 0.5, 1]), ('Color315', [1, 1, 0]), ('Cueresp', [1, 0.5, 1])])
30.6509 	EXP 	pos0: autoDraw = False
30.6509 	EXP 	pos45: autoDraw = False
30.6509 	EXP 	pos90: autoDraw = False
30.6509 	EXP 	pos135: autoDraw = False
30.6509 	EXP 	pos180: autoDraw = False
30.6509 	EXP 	pos225: autoDraw = False
30.6509 	EXP 	pos270: autoDraw = False
30.6509 	EXP 	pos315: autoDraw = False
30.6509 	EXP 	response: autoDraw = False
30.6509 	EXP 	pos0: fillColor = '[1. 1. 1.] (rgb)'
30.6509 	EXP 	pos0: lineColor = '[1. 1. 1.] (rgb)'
30.6509 	EXP 	pos45: fillColor = '[1.  0.5 1. ] (rgb)'
30.6509 	EXP 	pos45: lineColor = '[1.  0.5 1. ] (rgb)'
30.6509 	EXP 	pos90: fillColor = '[1.  0.5 1. ] (rgb)'
30.6509 	EXP 	pos90: lineColor = '[1.  0.5 1. ] (rgb)'
30.6509 	EXP 	pos135: fillColor = '[1. 1. 0.] (rgb)'
30.6509 	EXP 	pos135: lineColor = '[1. 1. 0.] (rgb)'
30.6509 	EXP 	pos180: fillColor = '[1. 1. 0.] (rgb)'
30.6509 	EXP 	pos180: lineColor = '[1. 1. 0.] (rgb)'
30.6509 	EXP 	pos225: fillColor = '[0. 0. 0.] (rgb)'
30.6509 	EXP 	pos225: lineColor = '[0. 0. 0.] (rgb)'
30.6509 	EXP 	pos270: fillColor = '[1.  0.5 1. ] (rgb)'
30.6509 	EXP 	pos270: lineColor = '[1.  0.5 1. ] (rgb)'
30.6509 	EXP 	pos315: fillColor = '[1. 1. 0.] (rgb)'
30.6509 	EXP 	pos315: lineColor = '[1. 1. 0.] (rgb)'
30.6509 	EXP 	response: fillColor = '[1.  0.5 1. ] (rgb)'
30.6509 	EXP 	response: lineColor = '[1.  0.5 1. ] (rgb)'
30.6509 	EXP 	pos0: autoDraw = True
30.6509 	EXP 	pos45: autoDraw = True
30.6509 	EXP 	pos90: autoDraw = True
30.6509 	EXP 	pos135: autoDraw = True
30.6509 	EXP 	pos180: autoDraw = True
30.6509 	EXP 	pos225: autoDraw = True
30.6509 	EXP 	pos270: autoDraw = True
30.6509 	EXP 	pos315: autoDraw = True
30.7506 	DATA 	Mouse:  Left button up, pos=(525,562)
35.6622 	EXP 	pos0: autoDraw = False
35.6622 	EXP 	pos45: autoDraw = False
35.6622 	EXP 	pos90: autoDraw = False
35.6622 	EXP 	pos135: autoDraw = False
35.6622 	EXP 	pos180: autoDraw = False
35.6622 	EXP 	pos225: autoDraw = False
35.6622 	EXP 	pos270: autoDraw = False
35.6622 	EXP 	pos315: autoDraw = False
37.6445 	EXP 	response: autoDraw = True
38.7323 	DATA 	Mouse: Left button down, pos=(1391,705)
38.7501 	EXP 	New trial (rep=0, index=2): OrderedDict([('Color0', [0, 0, 0]), ('Color45', [1, 1, 1]), ('Color90', [1, 1, 1]), ('Color135', [1, 1, 0]), ('Color180', [0, 0, 0]), ('Color225', [0, 0, 0]), ('Color270', [1, 1, 1]), ('Color315', [1, 1, 0]), ('Cueresp', [1, 1, 0])])
38.7615 	EXP 	pos0: autoDraw = False
38.7615 	EXP 	pos45: autoDraw = False
38.7615 	EXP 	pos90: autoDraw = False
38.7615 	EXP 	pos135: autoDraw = False
38.7615 	EXP 	pos180: autoDraw = False
38.7615 	EXP 	pos225: autoDraw = False
38.7615 	EXP 	pos270: autoDraw = False
38.7615 	EXP 	pos315: autoDraw = False
38.7615 	EXP 	response: autoDraw = False
38.7615 	EXP 	pos0: fillColor = '[0. 0. 0.] (rgb)'
38.7615 	EXP 	pos0: lineColor = '[0. 0. 0.] (rgb)'
38.7615 	EXP 	pos45: fillColor = '[1. 1. 1.] (rgb)'
38.7615 	EXP 	pos45: lineColor = '[1. 1. 1.] (rgb)'
38.7615 	EXP 	pos90: fillColor = '[1. 1. 1.] (rgb)'
38.7615 	EXP 	pos90: lineColor = '[1. 1. 1.] (rgb)'
38.7615 	EXP 	pos135: fillColor = '[1. 1. 0.] (rgb)'
38.7615 	EXP 	pos135: lineColor = '[1. 1. 0.] (rgb)'
38.7615 	EXP 	pos180: fillColor = '[0. 0. 0.] (rgb)'
38.7615 	EXP 	pos180: lineColor = '[0. 0. 0.] (rgb)'
38.7615 	EXP 	pos225: fillColor = '[0. 0. 0.] (rgb)'
38.7615 	EXP 	pos225: lineColor = '[0. 0. 0.] (rgb)'
38.7615 	EXP 	pos270: fillColor = '[1. 1. 1.] (rgb)'
38.7615 	EXP 	pos270: lineColor = '[1. 1. 1.] (rgb)'
38.7615 	EXP 	pos315: fillColor = '[1. 1. 0.] (rgb)'
38.7615 	EXP 	pos315: lineColor = '[1. 1. 0.] (rgb)'
38.7615 	EXP 	response: fillColor = '[1. 1. 0.] (rgb)'
38.7615 	EXP 	response: lineColor = '[1. 1. 0.] (rgb)'
38.7615 	EXP 	pos0: autoDraw = True
38.7615 	EXP 	pos45: autoDraw = True
38.7615 	EXP 	pos90: autoDraw = True
38.7615 	EXP 	pos135: autoDraw = True
38.7615 	EXP 	pos180: autoDraw = True
38.7615 	EXP 	pos225: autoDraw = True
38.7615 	EXP 	pos270: autoDraw = True
38.7615 	EXP 	pos315: autoDraw = True
38.8639 	DATA 	Mouse:  Left button up, pos=(1391,705)
41.0145 	DATA 	Mouse: Left button down, pos=(1388,690)
41.1298 	DATA 	Mouse:  Left button up, pos=(1388,690)
43.7758 	EXP 	pos0: autoDraw = False
43.7758 	EXP 	pos45: autoDraw = False
43.7758 	EXP 	pos90: autoDraw = False
43.7758 	EXP 	pos135: autoDraw = False
43.7758 	EXP 	pos180: autoDraw = False
43.7758 	EXP 	pos225: autoDraw = False
43.7758 	EXP 	pos270: autoDraw = False
43.7758 	EXP 	pos315: autoDraw = False
45.7587 	EXP 	response: autoDraw = True
46.7434 	DATA 	Mouse: Left button down, pos=(1330,771)
46.7807 	EXP 	Imported delay_long.xlsx as conditions, 3 conditions, 9 params
46.7818 	EXP 	Created sequence: random, trialTypes=3, nReps=1, seed=None
46.7831 	EXP 	New trial (rep=0, index=0): OrderedDict([('Color0', [0, 0, 0]), ('Color45', [1, 1, 1]), ('Color90', [1, 1, 1]), ('Color135', [1, 1, 0]), ('Color180', [0, 0, 0]), ('Color225', [0, 0, 0]), ('Color270', [1, 1, 1]), ('Color315', [1, 1, 0]), ('Cueresp', [1, 1, 0])])
46.8074 	EXP 	pos0: autoDraw = False
46.8074 	EXP 	pos45: autoDraw = False
46.8074 	EXP 	pos90: autoDraw = False
46.8074 	EXP 	pos135: autoDraw = False
46.8074 	EXP 	pos180: autoDraw = False
46.8074 	EXP 	pos225: autoDraw = False
46.8074 	EXP 	pos270: autoDraw = False
46.8074 	EXP 	pos315: autoDraw = False
46.8074 	EXP 	response: autoDraw = False
46.8074 	EXP 	pos0_2: fillColor = '[0. 0. 0.] (rgb)'
46.8074 	EXP 	pos0_2: lineColor = '[0. 0. 0.] (rgb)'
46.8074 	EXP 	pos45_2: fillColor = '[1. 1. 1.] (rgb)'
46.8074 	EXP 	pos45_2: lineColor = '[1. 1. 1.] (rgb)'
46.8074 	EXP 	pos90_2: fillColor = '[1. 1. 1.] (rgb)'
46.8074 	EXP 	pos90_2: lineColor = '[1. 1. 1.] (rgb)'
46.8074 	EXP 	pos135_2: fillColor = '[1. 1. 0.] (rgb)'
46.8074 	EXP 	pos135_2: lineColor = '[1. 1. 0.] (rgb)'
46.8074 	EXP 	pos180_2: fillColor = '[0. 0. 0.] (rgb)'
46.8074 	EXP 	pos180_2: lineColor = '[0. 0. 0.] (rgb)'
46.8074 	EXP 	pos225_2: fillColor = '[0. 0. 0.] (rgb)'
46.8074 	EXP 	pos225_2: lineColor = '[0. 0. 0.] (rgb)'
46.8074 	EXP 	pos270_2: fillColor = '[1. 1. 1.] (rgb)'
46.8074 	EXP 	pos270_2: lineColor = '[1. 1. 1.] (rgb)'
46.8074 	EXP 	pos315_2: fillColor = '[1. 1. 0.] (rgb)'
46.8074 	EXP 	pos315_2: lineColor = '[1. 1. 0.] (rgb)'
46.8074 	EXP 	response_2: fillColor = '[1. 1. 0.] (rgb)'
46.8074 	EXP 	response_2: lineColor = '[1. 1. 0.] (rgb)'
46.8074 	EXP 	pos0_2: autoDraw = True
46.8074 	EXP 	pos45_2: autoDraw = True
46.8074 	EXP 	pos90_2: autoDraw = True
46.8074 	EXP 	pos135_2: autoDraw = True
46.8074 	EXP 	pos180_2: autoDraw = True
46.8074 	EXP 	pos225_2: autoDraw = True
46.8074 	EXP 	pos270_2: autoDraw = True
46.8074 	EXP 	pos315_2: autoDraw = True
46.8619 	DATA 	Mouse:  Left button up, pos=(1330,771)
51.8063 	EXP 	pos0_2: autoDraw = False
51.8063 	EXP 	pos45_2: autoDraw = False
51.8063 	EXP 	pos90_2: autoDraw = False
51.8063 	EXP 	pos135_2: autoDraw = False
51.8063 	EXP 	pos180_2: autoDraw = False
51.8063 	EXP 	pos225_2: autoDraw = False
51.8063 	EXP 	pos270_2: autoDraw = False
51.8063 	EXP 	pos315_2: autoDraw = False
60.7872 	EXP 	response_2: autoDraw = True
61.6796 	DATA 	Mouse: Left button down, pos=(1329,718)
61.6926 	EXP 	New trial (rep=0, index=1): OrderedDict([('Color0', [1, 1, 0]), ('Color45', [1, 1, 1]), ('Color90', [0, 0, 1]), ('Color135', [0, 0, 0]), ('Color180', [1, 1, 0]), ('Color225', [1, 1, 0]), ('Color270', [1, 1, 0]), ('Color315', [0, 0, 0]), ('Cueresp', [1, 1, 0])])
61.7110 	EXP 	pos0_2: autoDraw = False
61.7110 	EXP 	pos45_2: autoDraw = False
61.7110 	EXP 	pos90_2: autoDraw = False
61.7110 	EXP 	pos135_2: autoDraw = False
61.7110 	EXP 	pos180_2: autoDraw = False
61.7110 	EXP 	pos225_2: autoDraw = False
61.7110 	EXP 	pos270_2: autoDraw = False
61.7110 	EXP 	pos315_2: autoDraw = False
61.7110 	EXP 	response_2: autoDraw = False
61.7110 	EXP 	pos0_2: fillColor = '[1. 1. 0.] (rgb)'
61.7110 	EXP 	pos0_2: lineColor = '[1. 1. 0.] (rgb)'
61.7110 	EXP 	pos45_2: fillColor = '[1. 1. 1.] (rgb)'
61.7110 	EXP 	pos45_2: lineColor = '[1. 1. 1.] (rgb)'
61.7110 	EXP 	pos90_2: fillColor = '[0. 0. 1.] (rgb)'
61.7110 	EXP 	pos90_2: lineColor = '[0. 0. 1.] (rgb)'
61.7110 	EXP 	pos135_2: fillColor = '[0. 0. 0.] (rgb)'
61.7110 	EXP 	pos135_2: lineColor = '[0. 0. 0.] (rgb)'
61.7110 	EXP 	pos180_2: fillColor = '[1. 1. 0.] (rgb)'
61.7110 	EXP 	pos180_2: lineColor = '[1. 1. 0.] (rgb)'
61.7110 	EXP 	pos225_2: fillColor = '[1. 1. 0.] (rgb)'
61.7110 	EXP 	pos225_2: lineColor = '[1. 1. 0.] (rgb)'
61.7110 	EXP 	pos270_2: fillColor = '[1. 1. 0.] (rgb)'
61.7110 	EXP 	pos270_2: lineColor = '[1. 1. 0.] (rgb)'
61.7110 	EXP 	pos315_2: fillColor = '[0. 0. 0.] (rgb)'
61.7110 	EXP 	pos315_2: lineColor = '[0. 0. 0.] (rgb)'
61.7110 	EXP 	response_2: fillColor = '[1. 1. 0.] (rgb)'
61.7110 	EXP 	response_2: lineColor = '[1. 1. 0.] (rgb)'
61.7110 	EXP 	pos0_2: autoDraw = True
61.7110 	EXP 	pos45_2: autoDraw = True
61.7110 	EXP 	pos90_2: autoDraw = True
61.7110 	EXP 	pos135_2: autoDraw = True
61.7110 	EXP 	pos180_2: autoDraw = True
61.7110 	EXP 	pos225_2: autoDraw = True
61.7110 	EXP 	pos270_2: autoDraw = True
61.7110 	EXP 	pos315_2: autoDraw = True
61.8081 	DATA 	Mouse:  Left button up, pos=(1329,718)
66.7178 	EXP 	pos0_2: autoDraw = False
66.7178 	EXP 	pos45_2: autoDraw = False
66.7178 	EXP 	pos90_2: autoDraw = False
66.7178 	EXP 	pos135_2: autoDraw = False
66.7178 	EXP 	pos180_2: autoDraw = False
66.7178 	EXP 	pos225_2: autoDraw = False
66.7178 	EXP 	pos270_2: autoDraw = False
66.7178 	EXP 	pos315_2: autoDraw = False
73.0206 	DATA 	Keypress: escape
73.3478 	EXP 	window1: mouseVisible = True
