8.1846 	EXP 	Created window1 = Window(allowGUI=False, allowStencil=False, args=UNKNOWN, autoLog=True, bitsMode=UNKNOWN, blendMode='avg', color=array([0., 0., 0.]), colorSpace='rgb', fullscr=<method-wrapper '__getattribute__' of attributeSetter object at 0x000001B875883550>, gamma=None, gammaErrorPolicy='raise', kwargs=UNKNOWN, lms=UNKNOWN, monitor=<psychopy.monitors.calibTools.Monitor object at 0x000001B875958780>, multiSample=False, name='window1', numSamples=2, pos=[0.0, 0.0], screen=0, size=array([1920, 1080]), stereo=False, units='height', useFBO=True, useRetina=False, viewOri=0.0, viewPos=None, viewScale=None, waitBlanking=True, winType='pyglet')
8.1846 	EXP 	window1: recordFrameIntervals = False
8.3507 	EXP 	window1: recordFrameIntervals = True
8.5353 	EXP 	window1: recordFrameIntervals = False
8.7815 	EXP 	Created text_3 = TextStim(__class__=<class 'psychopy.visual.text.TextStim'>, alignHoriz='center', alignVert='center', antialias=True, autoLog=True, bold=False, color='white', colorSpace='named', contrast=1.0, depth=0.0, flipHoriz=False, flipVert=False, font='Calibri', fontFiles=[], height=0.025, italic=False, languageStyle='LTR', name='text_3', opacity=1.0, ori=0, pos=array([-0.25,  0.  ]), rgb=array([255., 255., 255.]), text=str(...), units='height', win=Window(...), wrapWidth=1)
8.7863 	EXP 	Created pos0 = Polygon(__class__=<class 'psychopy.visual.polygon.Polygon'>, autoDraw=False, autoLog=True, closeShape=True, color=method-wrapper(...), colorSpace=None, contrast=1.0, depth=0.0, fillColor=array([1., 1., 1.]), fillColorSpace='rgb', fillRGB=array([1., 1., 1.]), interpolate=True, lineColor=array([1., 1., 1.]), lineColorSpace='rgb', lineRGB=array([1., 1., 1.]), lineWidth=0.005, name='pos0', opacity=1.0, ori=array(90.), pos=array([0.5, 0. ]), size=array([0.1, 0.1]), units='height', vertices=ndarray(...), win=Window(...))
8.7891 	EXP 	Created pos45 = Polygon(__class__=<class 'psychopy.visual.polygon.Polygon'>, autoDraw=False, autoLog=True, closeShape=True, color=method-wrapper(...), colorSpace=None, contrast=1.0, depth=-1.0, fillColor=array([1., 1., 1.]), fillColorSpace='rgb', fillRGB=array([1., 1., 1.]), interpolate=True, lineColor=array([1., 1., 1.]), lineColorSpace='rgb', lineRGB=array([1., 1., 1.]), lineWidth=1, name='pos45', opacity=1.0, ori=array(0.), pos=array([0.25, 0.25]), size=array([0.1, 0.1]), units='height', vertices=ndarray(...), win=Window(...))
8.7920 	EXP 	Created pos90 = Polygon(__class__=<class 'psychopy.visual.polygon.Polygon'>, autoDraw=False, autoLog=True, closeShape=True, color=method-wrapper(...), colorSpace=None, contrast=1.0, depth=-2.0, fillColor=array([1., 1., 1.]), fillColorSpace='rgb', fillRGB=array([1., 1., 1.]), interpolate=True, lineColor=array([1., 1., 1.]), lineColorSpace='rgb', lineRGB=array([1., 1., 1.]), lineWidth=0.005, name='pos90', opacity=1.0, ori=array(0.), pos=array([0. , 0.4]), size=array([0.1, 0.1]), units='height', vertices=ndarray(...), win=Window(...))
8.7953 	EXP 	Created pos135 = Polygon(__class__=<class 'psychopy.visual.polygon.Polygon'>, autoDraw=False, autoLog=True, closeShape=True, color=method-wrapper(...), colorSpace=None, contrast=1.0, depth=-3.0, fillColor=array([1., 1., 1.]), fillColorSpace='rgb', fillRGB=array([1., 1., 1.]), interpolate=True, lineColor=array([1., 1., 1.]), lineColorSpace='rgb', lineRGB=array([1., 1., 1.]), lineWidth=1, name='pos135', opacity=1.0, ori=array(0.), pos=array([-0.25,  0.25]), size=array([0.1, 0.1]), units='height', vertices=ndarray(...), win=Window(...))
8.7982 	EXP 	Created pos180 = Polygon(__class__=<class 'psychopy.visual.polygon.Polygon'>, autoDraw=False, autoLog=True, closeShape=True, color=method-wrapper(...), colorSpace=None, contrast=1.0, depth=-4.0, fillColor=array([1., 1., 1.]), fillColorSpace='rgb', fillRGB=array([1., 1., 1.]), interpolate=True, lineColor=array([1., 1., 1.]), lineColorSpace='rgb', lineRGB=array([1., 1., 1.]), lineWidth=1, name='pos180', opacity=1.0, ori=array(0.), pos=array([-0.5,  0. ]), size=array([0.1, 0.1]), units='height', vertices=ndarray(...), win=Window(...))
8.8012 	EXP 	Created pos225 = Polygon(__class__=<class 'psychopy.visual.polygon.Polygon'>, autoDraw=False, autoLog=True, closeShape=True, color=method-wrapper(...), colorSpace=None, contrast=1.0, depth=-5.0, fillColor=array([1., 1., 1.]), fillColorSpace='rgb', fillRGB=array([1., 1., 1.]), interpolate=True, lineColor=array([1., 1., 1.]), lineColorSpace='rgb', lineRGB=array([1., 1., 1.]), lineWidth=1, name='pos225', opacity=1.0, ori=array(0.), pos=array([-0.25, -0.25]), size=array([0.1, 0.1]), units='height', vertices=ndarray(...), win=Window(...))
8.8040 	EXP 	Created pos270 = Polygon(__class__=<class 'psychopy.visual.polygon.Polygon'>, autoDraw=False, autoLog=True, closeShape=True, color=method-wrapper(...), colorSpace=None, contrast=1.0, depth=-6.0, fillColor=array([1., 1., 1.]), fillColorSpace='rgb', fillRGB=array([1., 1., 1.]), interpolate=True, lineColor=array([1., 1., 1.]), lineColorSpace='rgb', lineRGB=array([1., 1., 1.]), lineWidth=1, name='pos270', opacity=1.0, ori=array(0.), pos=array([ 0. , -0.4]), size=array([0.1, 0.1]), units='height', vertices=ndarray(...), win=Window(...))
8.8070 	EXP 	Created pos315 = Polygon(__class__=<class 'psychopy.visual.polygon.Polygon'>, autoDraw=False, autoLog=True, closeShape=True, color=method-wrapper(...), colorSpace=None, contrast=1.0, depth=-7.0, fillColor=array([1., 1., 1.]), fillColorSpace='rgb', fillRGB=array([1., 1., 1.]), interpolate=True, lineColor=array([1., 1., 1.]), lineColorSpace='rgb', lineRGB=array([1., 1., 1.]), lineWidth=1, name='pos315', opacity=1.0, ori=array(0.), pos=array([ 0.25, -0.25]), size=array([0.1, 0.1]), units='height', vertices=ndarray(...), win=Window(...))
8.8102 	EXP 	Created response = Polygon(__class__=<class 'psychopy.visual.polygon.Polygon'>, autoDraw=False, autoLog=True, closeShape=True, color=method-wrapper(...), colorSpace=None, contrast=1.0, depth=-8.0, fillColor=array([1., 1., 1.]), fillColorSpace='rgb', fillRGB=array([1., 1., 1.]), interpolate=True, lineColor=array([1., 1., 1.]), lineColorSpace='rgb', lineRGB=array([1., 1., 1.]), lineWidth=1, name='response', opacity=1.0, ori=array(0.), pos=array([0., 0.]), size=array([0.1, 0.1]), units='height', vertices=ndarray(...), win=Window(...))
8.8188 	EXP 	Created text = TextStim(__class__=<class 'psychopy.visual.text.TextStim'>, alignHoriz='center', alignVert='center', antialias=True, autoLog=True, bold=False, color='black', colorSpace='named', contrast=1.0, depth=-10.0, flipHoriz=False, flipVert=False, font='Arial', fontFiles=[], height=0.05, italic=False, languageStyle='LTR', name='text', opacity=1.0, ori=0, pos=array([0., 0.]), rgb=array([0., 0., 0.]), text='+', units='height', win=Window(...), wrapWidth=1)
8.8218 	EXP 	Created pos0_2 = Polygon(__class__=<class 'psychopy.visual.polygon.Polygon'>, autoDraw=False, autoLog=True, closeShape=True, color=method-wrapper(...), colorSpace=None, contrast=1.0, depth=0.0, fillColor=array([1., 1., 1.]), fillColorSpace='rgb', fillRGB=array([1., 1., 1.]), interpolate=True, lineColor=array([1., 1., 1.]), lineColorSpace='rgb', lineRGB=array([1., 1., 1.]), lineWidth=0.005, name='pos0_2', opacity=1.0, ori=array(90.), pos=array([0.5, 0. ]), size=array([0.1, 0.1]), units='height', vertices=ndarray(...), win=Window(...))
8.8249 	EXP 	Created pos45_2 = Polygon(__class__=<class 'psychopy.visual.polygon.Polygon'>, autoDraw=False, autoLog=True, closeShape=True, color=method-wrapper(...), colorSpace=None, contrast=1.0, depth=-1.0, fillColor=array([1., 1., 1.]), fillColorSpace='rgb', fillRGB=array([1., 1., 1.]), interpolate=True, lineColor=array([1., 1., 1.]), lineColorSpace='rgb', lineRGB=array([1., 1., 1.]), lineWidth=1, name='pos45_2', opacity=1.0, ori=array(0.), pos=array([0.25, 0.25]), size=array([0.1, 0.1]), units='height', vertices=ndarray(...), win=Window(...))
8.8279 	EXP 	Created pos90_2 = Polygon(__class__=<class 'psychopy.visual.polygon.Polygon'>, autoDraw=False, autoLog=True, closeShape=True, color=method-wrapper(...), colorSpace=None, contrast=1.0, depth=-2.0, fillColor=array([1., 1., 1.]), fillColorSpace='rgb', fillRGB=array([1., 1., 1.]), interpolate=True, lineColor=array([1., 1., 1.]), lineColorSpace='rgb', lineRGB=array([1., 1., 1.]), lineWidth=0.005, name='pos90_2', opacity=1.0, ori=array(0.), pos=array([0. , 0.4]), size=array([0.1, 0.1]), units='height', vertices=ndarray(...), win=Window(...))
8.8307 	EXP 	Created pos135_2 = Polygon(__class__=<class 'psychopy.visual.polygon.Polygon'>, autoDraw=False, autoLog=True, closeShape=True, color=method-wrapper(...), colorSpace=None, contrast=1.0, depth=-3.0, fillColor=array([1., 1., 1.]), fillColorSpace='rgb', fillRGB=array([1., 1., 1.]), interpolate=True, lineColor=array([1., 1., 1.]), lineColorSpace='rgb', lineRGB=array([1., 1., 1.]), lineWidth=1, name='pos135_2', opacity=1.0, ori=array(0.), pos=array([-0.25,  0.25]), size=array([0.1, 0.1]), units='height', vertices=ndarray(...), win=Window(...))
8.8337 	EXP 	Created pos180_2 = Polygon(__class__=<class 'psychopy.visual.polygon.Polygon'>, autoDraw=False, autoLog=True, closeShape=True, color=method-wrapper(...), colorSpace=None, contrast=1.0, depth=-4.0, fillColor=array([1., 1., 1.]), fillColorSpace='rgb', fillRGB=array([1., 1., 1.]), interpolate=True, lineColor=array([1., 1., 1.]), lineColorSpace='rgb', lineRGB=array([1., 1., 1.]), lineWidth=1, name='pos180_2', opacity=1.0, ori=array(0.), pos=array([-0.5,  0. ]), size=array([0.1, 0.1]), units='height', vertices=ndarray(...), win=Window(...))
8.8367 	EXP 	Created pos225_2 = Polygon(__class__=<class 'psychopy.visual.polygon.Polygon'>, autoDraw=False, autoLog=True, closeShape=True, color=method-wrapper(...), colorSpace=None, contrast=1.0, depth=-5.0, fillColor=array([1., 1., 1.]), fillColorSpace='rgb', fillRGB=array([1., 1., 1.]), interpolate=True, lineColor=array([1., 1., 1.]), lineColorSpace='rgb', lineRGB=array([1., 1., 1.]), lineWidth=1, name='pos225_2', opacity=1.0, ori=array(0.), pos=array([-0.25, -0.25]), size=array([0.1, 0.1]), units='height', vertices=ndarray(...), win=Window(...))
8.8401 	EXP 	Created pos270_2 = Polygon(__class__=<class 'psychopy.visual.polygon.Polygon'>, autoDraw=False, autoLog=True, closeShape=True, color=method-wrapper(...), colorSpace=None, contrast=1.0, depth=-6.0, fillColor=array([1., 1., 1.]), fillColorSpace='rgb', fillRGB=array([1., 1., 1.]), interpolate=True, lineColor=array([1., 1., 1.]), lineColorSpace='rgb', lineRGB=array([1., 1., 1.]), lineWidth=1, name='pos270_2', opacity=1.0, ori=array(0.), pos=array([ 0. , -0.4]), size=array([0.1, 0.1]), units='height', vertices=ndarray(...), win=Window(...))
8.8430 	EXP 	Created pos315_2 = Polygon(__class__=<class 'psychopy.visual.polygon.Polygon'>, autoDraw=False, autoLog=True, closeShape=True, color=method-wrapper(...), colorSpace=None, contrast=1.0, depth=-7.0, fillColor=array([1., 1., 1.]), fillColorSpace='rgb', fillRGB=array([1., 1., 1.]), interpolate=True, lineColor=array([1., 1., 1.]), lineColorSpace='rgb', lineRGB=array([1., 1., 1.]), lineWidth=1, name='pos315_2', opacity=1.0, ori=array(0.), pos=array([ 0.25, -0.25]), size=array([0.1, 0.1]), units='height', vertices=ndarray(...), win=Window(...))
8.8460 	EXP 	Created response_2 = Polygon(__class__=<class 'psychopy.visual.polygon.Polygon'>, autoDraw=False, autoLog=True, closeShape=True, color=method-wrapper(...), colorSpace=None, contrast=1.0, depth=-8.0, fillColor=array([1., 1., 1.]), fillColorSpace='rgb', fillRGB=array([1., 1., 1.]), interpolate=True, lineColor=array([1., 1., 1.]), lineColorSpace='rgb', lineRGB=array([1., 1., 1.]), lineWidth=1, name='response_2', opacity=1.0, ori=array(0.), pos=array([0., 0.]), size=array([0.1, 0.1]), units='height', vertices=ndarray(...), win=Window(...))
8.8479 	EXP 	Created text_4 = TextStim(__class__=<class 'psychopy.visual.text.TextStim'>, alignHoriz='center', alignVert='center', antialias=True, autoLog=True, bold=False, color='black', colorSpace='named', contrast=1.0, depth=-10.0, flipHoriz=False, flipVert=False, font='Arial', fontFiles=[], height=0.05, italic=False, languageStyle='LTR', name='text_4', opacity=1.0, ori=0, pos=array([0., 0.]), rgb=array([0., 0., 0.]), text='+', units='height', win=Window(...), wrapWidth=1)
8.8603 	EXP 	Created text_2 = TextStim(__class__=<class 'psychopy.visual.text.TextStim'>, alignHoriz='center', alignVert='center', antialias=True, autoLog=True, bold=False, color='white', colorSpace='named', contrast=1.0, depth=0.0, flipHoriz=False, flipVert=False, font='Calibri', fontFiles=[], height=0.025, italic=False, languageStyle='LTR', name='text_2', opacity=1.0, ori=0, pos=array([0., 0.]), rgb=array([255., 255., 255.]), text=str(...), units='height', win=Window(...), wrapWidth=1)
8.8943 	EXP 	text_3: autoDraw = True
13.4693 	DATA 	Keypress: space
16.1890 	EXP 	Imported trials_short_delay.xlsx as conditions, 16 conditions, 13 params
16.1892 	EXP 	Created sequence: random, trialTypes=16, nReps=1, seed=None
16.1895 	EXP 	New trial (rep=0, index=0): OrderedDict([('Color0', [0, 0, 0]), ('Color45', [0, 0, 0]), ('Color90', [0, 0, 0]), ('Color135', [-1, 1, 1]), ('Color180', [-1, -1, 1]), ('Color225', [1, 1, -1]), ('Color270', [0, 0, 0]), ('Color315', [0, 0, 0]), ('Cueresp', [-1, 1, 1]), ('target_angle', 135), ('load', 3), ('delay', 2), ('trial', 4)])
16.1953 	DATA 	Keypress: space
16.1983 	EXP 	text_3: autoDraw = False
16.1983 	EXP 	pos0: fillColor = '[0. 0. 0.] (rgb)'
16.1983 	EXP 	pos0: lineColor = '[0. 0. 0.] (rgb)'
16.1983 	EXP 	pos45: fillColor = '[0. 0. 0.] (rgb)'
16.1983 	EXP 	pos45: lineColor = '[0. 0. 0.] (rgb)'
16.1983 	EXP 	pos90: fillColor = '[0. 0. 0.] (rgb)'
16.1983 	EXP 	pos90: lineColor = '[0. 0. 0.] (rgb)'
16.1983 	EXP 	pos135: fillColor = '[-1.  1.  1.] (rgb)'
16.1983 	EXP 	pos135: lineColor = '[-1.  1.  1.] (rgb)'
16.1983 	EXP 	pos180: fillColor = '[-1. -1.  1.] (rgb)'
16.1983 	EXP 	pos180: lineColor = '[-1. -1.  1.] (rgb)'
16.1983 	EXP 	pos225: fillColor = '[ 1.  1. -1.] (rgb)'
16.1983 	EXP 	pos225: lineColor = '[ 1.  1. -1.] (rgb)'
16.1983 	EXP 	pos270: fillColor = '[0. 0. 0.] (rgb)'
16.1983 	EXP 	pos270: lineColor = '[0. 0. 0.] (rgb)'
16.1983 	EXP 	pos315: fillColor = '[0. 0. 0.] (rgb)'
16.1983 	EXP 	pos315: lineColor = '[0. 0. 0.] (rgb)'
16.1983 	EXP 	response: fillColor = '[-1.  1.  1.] (rgb)'
16.1983 	EXP 	response: lineColor = '[-1.  1.  1.] (rgb)'
16.1983 	EXP 	pos0: autoDraw = True
16.1983 	EXP 	pos45: autoDraw = True
16.1983 	EXP 	pos90: autoDraw = True
16.1983 	EXP 	pos135: autoDraw = True
16.1983 	EXP 	pos180: autoDraw = True
16.1983 	EXP 	pos225: autoDraw = True
16.1983 	EXP 	pos270: autoDraw = True
16.1983 	EXP 	pos315: autoDraw = True
16.1983 	EXP 	text: autoDraw = True
21.2133 	EXP 	pos0: autoDraw = False
21.2133 	EXP 	pos45: autoDraw = False
21.2133 	EXP 	pos90: autoDraw = False
21.2133 	EXP 	pos135: autoDraw = False
21.2133 	EXP 	pos180: autoDraw = False
21.2133 	EXP 	pos225: autoDraw = False
21.2133 	EXP 	pos270: autoDraw = False
21.2133 	EXP 	pos315: autoDraw = False
23.1956 	EXP 	response: autoDraw = True
24.6171 	DATA 	Mouse: Left button down, pos=(727,787)
24.6399 	EXP 	New trial (rep=0, index=1): OrderedDict([('Color0', [1, 1, -1]), ('Color45', [1, -1, -1]), ('Color90', [0, 0, 0]), ('Color135', [0, 0, 0]), ('Color180', [0, 0, 0]), ('Color225', [0, 0, 0]), ('Color270', [0, 0, 0]), ('Color315', [-1, 1, -1]), ('Cueresp', [-1, 1, -1]), ('target_angle', 315), ('load', 3), ('delay', 2), ('trial', 1)])
24.6523 	EXP 	pos0: autoDraw = False
24.6523 	EXP 	pos45: autoDraw = False
24.6523 	EXP 	pos90: autoDraw = False
24.6523 	EXP 	pos135: autoDraw = False
24.6523 	EXP 	pos180: autoDraw = False
24.6523 	EXP 	pos225: autoDraw = False
24.6523 	EXP 	pos270: autoDraw = False
24.6523 	EXP 	pos315: autoDraw = False
24.6523 	EXP 	response: autoDraw = False
24.6523 	EXP 	text: autoDraw = False
24.6523 	EXP 	pos0: fillColor = '[ 1.  1. -1.] (rgb)'
24.6523 	EXP 	pos0: lineColor = '[ 1.  1. -1.] (rgb)'
24.6523 	EXP 	pos45: fillColor = '[ 1. -1. -1.] (rgb)'
24.6523 	EXP 	pos45: lineColor = '[ 1. -1. -1.] (rgb)'
24.6523 	EXP 	pos90: fillColor = '[0. 0. 0.] (rgb)'
24.6523 	EXP 	pos90: lineColor = '[0. 0. 0.] (rgb)'
24.6523 	EXP 	pos135: fillColor = '[0. 0. 0.] (rgb)'
24.6523 	EXP 	pos135: lineColor = '[0. 0. 0.] (rgb)'
24.6523 	EXP 	pos180: fillColor = '[0. 0. 0.] (rgb)'
24.6523 	EXP 	pos180: lineColor = '[0. 0. 0.] (rgb)'
24.6523 	EXP 	pos225: fillColor = '[0. 0. 0.] (rgb)'
24.6523 	EXP 	pos225: lineColor = '[0. 0. 0.] (rgb)'
24.6523 	EXP 	pos270: fillColor = '[0. 0. 0.] (rgb)'
24.6523 	EXP 	pos270: lineColor = '[0. 0. 0.] (rgb)'
24.6523 	EXP 	pos315: fillColor = '[-1.  1. -1.] (rgb)'
24.6523 	EXP 	pos315: lineColor = '[-1.  1. -1.] (rgb)'
24.6523 	EXP 	response: fillColor = '[-1.  1. -1.] (rgb)'
24.6523 	EXP 	response: lineColor = '[-1.  1. -1.] (rgb)'
24.6523 	EXP 	pos0: autoDraw = True
24.6523 	EXP 	pos45: autoDraw = True
24.6523 	EXP 	pos90: autoDraw = True
24.6523 	EXP 	pos135: autoDraw = True
24.6523 	EXP 	pos180: autoDraw = True
24.6523 	EXP 	pos225: autoDraw = True
24.6523 	EXP 	pos270: autoDraw = True
24.6523 	EXP 	pos315: autoDraw = True
24.6523 	EXP 	text: autoDraw = True
24.7327 	DATA 	Mouse:  Left button up, pos=(728,787)
29.6605 	EXP 	pos0: autoDraw = False
29.6605 	EXP 	pos45: autoDraw = False
29.6605 	EXP 	pos90: autoDraw = False
29.6605 	EXP 	pos135: autoDraw = False
29.6605 	EXP 	pos180: autoDraw = False
29.6605 	EXP 	pos225: autoDraw = False
29.6605 	EXP 	pos270: autoDraw = False
29.6605 	EXP 	pos315: autoDraw = False
31.6604 	EXP 	response: autoDraw = True
32.6805 	DATA 	Mouse: Left button down, pos=(1317,374)
32.6965 	EXP 	New trial (rep=0, index=2): OrderedDict([('Color0', [0, 0, 0]), ('Color45', [0, 0, 0]), ('Color90', [0, 0, 0]), ('Color135', [1, -1, 1]), ('Color180', [1, 1, -1]), ('Color225', [0, 0, 0]), ('Color270', [0, 0, 0]), ('Color315', [-1, 1, -1]), ('Cueresp', [1, 1, -1]), ('target_angle', 180), ('load', 3), ('delay', 2), ('trial', 7)])
32.7100 	EXP 	pos0: autoDraw = False
32.7100 	EXP 	pos45: autoDraw = False
32.7100 	EXP 	pos90: autoDraw = False
32.7100 	EXP 	pos135: autoDraw = False
32.7100 	EXP 	pos180: autoDraw = False
32.7100 	EXP 	pos225: autoDraw = False
32.7100 	EXP 	pos270: autoDraw = False
32.7100 	EXP 	pos315: autoDraw = False
32.7100 	EXP 	response: autoDraw = False
32.7100 	EXP 	text: autoDraw = False
32.7100 	EXP 	pos0: fillColor = '[0. 0. 0.] (rgb)'
32.7100 	EXP 	pos0: lineColor = '[0. 0. 0.] (rgb)'
32.7100 	EXP 	pos45: fillColor = '[0. 0. 0.] (rgb)'
32.7100 	EXP 	pos45: lineColor = '[0. 0. 0.] (rgb)'
32.7100 	EXP 	pos90: fillColor = '[0. 0. 0.] (rgb)'
32.7100 	EXP 	pos90: lineColor = '[0. 0. 0.] (rgb)'
32.7100 	EXP 	pos135: fillColor = '[ 1. -1.  1.] (rgb)'
32.7100 	EXP 	pos135: lineColor = '[ 1. -1.  1.] (rgb)'
32.7100 	EXP 	pos180: fillColor = '[ 1.  1. -1.] (rgb)'
32.7100 	EXP 	pos180: lineColor = '[ 1.  1. -1.] (rgb)'
32.7100 	EXP 	pos225: fillColor = '[0. 0. 0.] (rgb)'
32.7100 	EXP 	pos225: lineColor = '[0. 0. 0.] (rgb)'
32.7100 	EXP 	pos270: fillColor = '[0. 0. 0.] (rgb)'
32.7100 	EXP 	pos270: lineColor = '[0. 0. 0.] (rgb)'
32.7100 	EXP 	pos315: fillColor = '[-1.  1. -1.] (rgb)'
32.7100 	EXP 	pos315: lineColor = '[-1.  1. -1.] (rgb)'
32.7100 	EXP 	response: fillColor = '[ 1.  1. -1.] (rgb)'
32.7100 	EXP 	response: lineColor = '[ 1.  1. -1.] (rgb)'
32.7100 	EXP 	pos0: autoDraw = True
32.7100 	EXP 	pos45: autoDraw = True
32.7100 	EXP 	pos90: autoDraw = True
32.7100 	EXP 	pos135: autoDraw = True
32.7100 	EXP 	pos180: autoDraw = True
32.7100 	EXP 	pos225: autoDraw = True
32.7100 	EXP 	pos270: autoDraw = True
32.7100 	EXP 	pos315: autoDraw = True
32.7100 	EXP 	text: autoDraw = True
32.7795 	DATA 	Mouse:  Left button up, pos=(1317,374)
37.7247 	EXP 	pos0: autoDraw = False
37.7247 	EXP 	pos45: autoDraw = False
37.7247 	EXP 	pos90: autoDraw = False
37.7247 	EXP 	pos135: autoDraw = False
37.7247 	EXP 	pos180: autoDraw = False
37.7247 	EXP 	pos225: autoDraw = False
37.7247 	EXP 	pos270: autoDraw = False
37.7247 	EXP 	pos315: autoDraw = False
39.6907 	EXP 	response: autoDraw = True
41.1609 	DATA 	Mouse: Left button down, pos=(521,574)
41.1676 	EXP 	New trial (rep=0, index=3): OrderedDict([('Color0', [1, 1, -1]), ('Color45', [0, 0, 0]), ('Color90', [1, -1, 1]), ('Color135', [-1, 1, 1]), ('Color180', [-1, 1, -1]), ('Color225', [1, -1, -1]), ('Color270', [1, 1, 1]), ('Color315', [-1, -1, 1]), ('Cueresp', [-1, 1, 1]), ('target_angle', 135), ('load', 7), ('delay', 2), ('trial', 3)])
41.1801 	EXP 	pos0: autoDraw = False
41.1801 	EXP 	pos45: autoDraw = False
41.1801 	EXP 	pos90: autoDraw = False
41.1801 	EXP 	pos135: autoDraw = False
41.1801 	EXP 	pos180: autoDraw = False
41.1801 	EXP 	pos225: autoDraw = False
41.1801 	EXP 	pos270: autoDraw = False
41.1801 	EXP 	pos315: autoDraw = False
41.1801 	EXP 	response: autoDraw = False
41.1801 	EXP 	text: autoDraw = False
41.1801 	EXP 	pos0: fillColor = '[ 1.  1. -1.] (rgb)'
41.1801 	EXP 	pos0: lineColor = '[ 1.  1. -1.] (rgb)'
41.1801 	EXP 	pos45: fillColor = '[0. 0. 0.] (rgb)'
41.1801 	EXP 	pos45: lineColor = '[0. 0. 0.] (rgb)'
41.1801 	EXP 	pos90: fillColor = '[ 1. -1.  1.] (rgb)'
41.1801 	EXP 	pos90: lineColor = '[ 1. -1.  1.] (rgb)'
41.1801 	EXP 	pos135: fillColor = '[-1.  1.  1.] (rgb)'
41.1801 	EXP 	pos135: lineColor = '[-1.  1.  1.] (rgb)'
41.1801 	EXP 	pos180: fillColor = '[-1.  1. -1.] (rgb)'
41.1801 	EXP 	pos180: lineColor = '[-1.  1. -1.] (rgb)'
41.1801 	EXP 	pos225: fillColor = '[ 1. -1. -1.] (rgb)'
41.1801 	EXP 	pos225: lineColor = '[ 1. -1. -1.] (rgb)'
41.1801 	EXP 	pos270: fillColor = '[1. 1. 1.] (rgb)'
41.1801 	EXP 	pos270: lineColor = '[1. 1. 1.] (rgb)'
41.1801 	EXP 	pos315: fillColor = '[-1. -1.  1.] (rgb)'
41.1801 	EXP 	pos315: lineColor = '[-1. -1.  1.] (rgb)'
41.1801 	EXP 	response: fillColor = '[-1.  1.  1.] (rgb)'
41.1801 	EXP 	response: lineColor = '[-1.  1.  1.] (rgb)'
41.1801 	EXP 	pos0: autoDraw = True
41.1801 	EXP 	pos45: autoDraw = True
41.1801 	EXP 	pos90: autoDraw = True
41.1801 	EXP 	pos135: autoDraw = True
41.1801 	EXP 	pos180: autoDraw = True
41.1801 	EXP 	pos225: autoDraw = True
41.1801 	EXP 	pos270: autoDraw = True
41.1801 	EXP 	pos315: autoDraw = True
41.1801 	EXP 	text: autoDraw = True
41.2596 	DATA 	Mouse:  Left button up, pos=(521,574)
46.1880 	EXP 	pos0: autoDraw = False
46.1880 	EXP 	pos45: autoDraw = False
46.1880 	EXP 	pos90: autoDraw = False
46.1880 	EXP 	pos135: autoDraw = False
46.1880 	EXP 	pos180: autoDraw = False
46.1880 	EXP 	pos225: autoDraw = False
46.1880 	EXP 	pos270: autoDraw = False
46.1880 	EXP 	pos315: autoDraw = False
48.1715 	EXP 	response: autoDraw = True
49.9211 	DATA 	Keypress: escape
50.1704 	EXP 	window1: mouseVisible = True
