6.3416 	EXP 	Created window1 = Window(allowGUI=False, allowStencil=False, args=UNKNOWN, autoLog=True, bitsMode=UNKNOWN, blendMode='avg', color=array([0., 0., 0.]), colorSpace='rgb', fullscr=<method-wrapper '__getattribute__' of attributeSetter object at 0x000001C151C9A4A8>, gamma=None, gammaErrorPolicy='raise', kwargs=UNKNOWN, lms=UNKNOWN, monitor=<psychopy.monitors.calibTools.Monitor object at 0x000001C151D696D8>, multiSample=False, name='window1', numSamples=2, pos=[0.0, 0.0], screen=0, size=array([1920, 1080]), stereo=False, units='height', useFBO=True, useRetina=False, viewOri=0.0, viewPos=None, viewScale=None, waitBlanking=True, winType='pyglet')
6.3416 	EXP 	window1: recordFrameIntervals = False
6.5076 	EXP 	window1: recordFrameIntervals = True
6.6917 	EXP 	window1: recordFrameIntervals = False
6.9394 	EXP 	Created text_3 = TextStim(__class__=<class 'psychopy.visual.text.TextStim'>, alignHoriz='center', alignVert='center', antialias=True, autoLog=True, bold=False, color='white', colorSpace='named', contrast=1.0, depth=0.0, flipHoriz=False, flipVert=False, font='Calibri', fontFiles=[], height=0.025, italic=False, languageStyle='LTR', name='text_3', opacity=1.0, ori=0, pos=array([-0.25,  0.  ]), rgb=array([255., 255., 255.]), text=str(...), units='height', win=Window(...), wrapWidth=1)
6.9440 	EXP 	Created pos0 = Polygon(__class__=<class 'psychopy.visual.polygon.Polygon'>, autoDraw=False, autoLog=True, closeShape=True, color=method-wrapper(...), colorSpace=None, contrast=1.0, depth=0.0, fillColor=array([1., 1., 1.]), fillColorSpace='rgb', fillRGB=array([1., 1., 1.]), interpolate=True, lineColor=array([1., 1., 1.]), lineColorSpace='rgb', lineRGB=array([1., 1., 1.]), lineWidth=0.005, name='pos0', opacity=1.0, ori=array(90.), pos=array([0.5, 0. ]), size=array([0.1, 0.1]), units='height', vertices=ndarray(...), win=Window(...))
6.9473 	EXP 	Created pos45 = Polygon(__class__=<class 'psychopy.visual.polygon.Polygon'>, autoDraw=False, autoLog=True, closeShape=True, color=method-wrapper(...), colorSpace=None, contrast=1.0, depth=-1.0, fillColor=array([1., 1., 1.]), fillColorSpace='rgb', fillRGB=array([1., 1., 1.]), interpolate=True, lineColor=array([1., 1., 1.]), lineColorSpace='rgb', lineRGB=array([1., 1., 1.]), lineWidth=1, name='pos45', opacity=1.0, ori=array(0.), pos=array([0.25, 0.25]), size=array([0.1, 0.1]), units='height', vertices=ndarray(...), win=Window(...))
6.9502 	EXP 	Created pos90 = Polygon(__class__=<class 'psychopy.visual.polygon.Polygon'>, autoDraw=False, autoLog=True, closeShape=True, color=method-wrapper(...), colorSpace=None, contrast=1.0, depth=-2.0, fillColor=array([1., 1., 1.]), fillColorSpace='rgb', fillRGB=array([1., 1., 1.]), interpolate=True, lineColor=array([1., 1., 1.]), lineColorSpace='rgb', lineRGB=array([1., 1., 1.]), lineWidth=0.005, name='pos90', opacity=1.0, ori=array(0.), pos=array([0. , 0.4]), size=array([0.1, 0.1]), units='height', vertices=ndarray(...), win=Window(...))
6.9531 	EXP 	Created pos135 = Polygon(__class__=<class 'psychopy.visual.polygon.Polygon'>, autoDraw=False, autoLog=True, closeShape=True, color=method-wrapper(...), colorSpace=None, contrast=1.0, depth=-3.0, fillColor=array([1., 1., 1.]), fillColorSpace='rgb', fillRGB=array([1., 1., 1.]), interpolate=True, lineColor=array([1., 1., 1.]), lineColorSpace='rgb', lineRGB=array([1., 1., 1.]), lineWidth=1, name='pos135', opacity=1.0, ori=array(0.), pos=array([-0.25,  0.25]), size=array([0.1, 0.1]), units='height', vertices=ndarray(...), win=Window(...))
6.9562 	EXP 	Created pos180 = Polygon(__class__=<class 'psychopy.visual.polygon.Polygon'>, autoDraw=False, autoLog=True, closeShape=True, color=method-wrapper(...), colorSpace=None, contrast=1.0, depth=-4.0, fillColor=array([1., 1., 1.]), fillColorSpace='rgb', fillRGB=array([1., 1., 1.]), interpolate=True, lineColor=array([1., 1., 1.]), lineColorSpace='rgb', lineRGB=array([1., 1., 1.]), lineWidth=1, name='pos180', opacity=1.0, ori=array(0.), pos=array([-0.5,  0. ]), size=array([0.1, 0.1]), units='height', vertices=ndarray(...), win=Window(...))
6.9592 	EXP 	Created pos225 = Polygon(__class__=<class 'psychopy.visual.polygon.Polygon'>, autoDraw=False, autoLog=True, closeShape=True, color=method-wrapper(...), colorSpace=None, contrast=1.0, depth=-5.0, fillColor=array([1., 1., 1.]), fillColorSpace='rgb', fillRGB=array([1., 1., 1.]), interpolate=True, lineColor=array([1., 1., 1.]), lineColorSpace='rgb', lineRGB=array([1., 1., 1.]), lineWidth=1, name='pos225', opacity=1.0, ori=array(0.), pos=array([-0.25, -0.25]), size=array([0.1, 0.1]), units='height', vertices=ndarray(...), win=Window(...))
6.9627 	EXP 	Created pos270 = Polygon(__class__=<class 'psychopy.visual.polygon.Polygon'>, autoDraw=False, autoLog=True, closeShape=True, color=method-wrapper(...), colorSpace=None, contrast=1.0, depth=-6.0, fillColor=array([1., 1., 1.]), fillColorSpace='rgb', fillRGB=array([1., 1., 1.]), interpolate=True, lineColor=array([1., 1., 1.]), lineColorSpace='rgb', lineRGB=array([1., 1., 1.]), lineWidth=1, name='pos270', opacity=1.0, ori=array(0.), pos=array([ 0. , -0.4]), size=array([0.1, 0.1]), units='height', vertices=ndarray(...), win=Window(...))
6.9662 	EXP 	Created pos315 = Polygon(__class__=<class 'psychopy.visual.polygon.Polygon'>, autoDraw=False, autoLog=True, closeShape=True, color=method-wrapper(...), colorSpace=None, contrast=1.0, depth=-7.0, fillColor=array([1., 1., 1.]), fillColorSpace='rgb', fillRGB=array([1., 1., 1.]), interpolate=True, lineColor=array([1., 1., 1.]), lineColorSpace='rgb', lineRGB=array([1., 1., 1.]), lineWidth=1, name='pos315', opacity=1.0, ori=array(0.), pos=array([ 0.25, -0.25]), size=array([0.1, 0.1]), units='height', vertices=ndarray(...), win=Window(...))
6.9696 	EXP 	Created response = Polygon(__class__=<class 'psychopy.visual.polygon.Polygon'>, autoDraw=False, autoLog=True, closeShape=True, color=method-wrapper(...), colorSpace=None, contrast=1.0, depth=-8.0, fillColor=array([1., 1., 1.]), fillColorSpace='rgb', fillRGB=array([1., 1., 1.]), interpolate=True, lineColor=array([1., 1., 1.]), lineColorSpace='rgb', lineRGB=array([1., 1., 1.]), lineWidth=1, name='response', opacity=1.0, ori=array(0.), pos=array([0., 0.]), size=array([0.1, 0.1]), units='height', vertices=ndarray(...), win=Window(...))
6.9792 	EXP 	Created text = TextStim(__class__=<class 'psychopy.visual.text.TextStim'>, alignHoriz='center', alignVert='center', antialias=True, autoLog=True, bold=False, color='black', colorSpace='named', contrast=1.0, depth=-10.0, flipHoriz=False, flipVert=False, font='Arial', fontFiles=[], height=0.05, italic=False, languageStyle='LTR', name='text', opacity=1.0, ori=0, pos=array([0., 0.]), rgb=array([0., 0., 0.]), text='+', units='height', win=Window(...), wrapWidth=1)
6.9828 	EXP 	Created pos0_2 = Polygon(__class__=<class 'psychopy.visual.polygon.Polygon'>, autoDraw=False, autoLog=True, closeShape=True, color=method-wrapper(...), colorSpace=None, contrast=1.0, depth=0.0, fillColor=array([1., 1., 1.]), fillColorSpace='rgb', fillRGB=array([1., 1., 1.]), interpolate=True, lineColor=array([1., 1., 1.]), lineColorSpace='rgb', lineRGB=array([1., 1., 1.]), lineWidth=0.005, name='pos0_2', opacity=1.0, ori=array(90.), pos=array([0.5, 0. ]), size=array([0.1, 0.1]), units='height', vertices=ndarray(...), win=Window(...))
6.9863 	EXP 	Created pos45_2 = Polygon(__class__=<class 'psychopy.visual.polygon.Polygon'>, autoDraw=False, autoLog=True, closeShape=True, color=method-wrapper(...), colorSpace=None, contrast=1.0, depth=-1.0, fillColor=array([1., 1., 1.]), fillColorSpace='rgb', fillRGB=array([1., 1., 1.]), interpolate=True, lineColor=array([1., 1., 1.]), lineColorSpace='rgb', lineRGB=array([1., 1., 1.]), lineWidth=1, name='pos45_2', opacity=1.0, ori=array(0.), pos=array([0.25, 0.25]), size=array([0.1, 0.1]), units='height', vertices=ndarray(...), win=Window(...))
6.9899 	EXP 	Created pos90_2 = Polygon(__class__=<class 'psychopy.visual.polygon.Polygon'>, autoDraw=False, autoLog=True, closeShape=True, color=method-wrapper(...), colorSpace=None, contrast=1.0, depth=-2.0, fillColor=array([1., 1., 1.]), fillColorSpace='rgb', fillRGB=array([1., 1., 1.]), interpolate=True, lineColor=array([1., 1., 1.]), lineColorSpace='rgb', lineRGB=array([1., 1., 1.]), lineWidth=0.005, name='pos90_2', opacity=1.0, ori=array(0.), pos=array([0. , 0.4]), size=array([0.1, 0.1]), units='height', vertices=ndarray(...), win=Window(...))
6.9935 	EXP 	Created pos135_2 = Polygon(__class__=<class 'psychopy.visual.polygon.Polygon'>, autoDraw=False, autoLog=True, closeShape=True, color=method-wrapper(...), colorSpace=None, contrast=1.0, depth=-3.0, fillColor=array([1., 1., 1.]), fillColorSpace='rgb', fillRGB=array([1., 1., 1.]), interpolate=True, lineColor=array([1., 1., 1.]), lineColorSpace='rgb', lineRGB=array([1., 1., 1.]), lineWidth=1, name='pos135_2', opacity=1.0, ori=array(0.), pos=array([-0.25,  0.25]), size=array([0.1, 0.1]), units='height', vertices=ndarray(...), win=Window(...))
6.9976 	EXP 	Created pos180_2 = Polygon(__class__=<class 'psychopy.visual.polygon.Polygon'>, autoDraw=False, autoLog=True, closeShape=True, color=method-wrapper(...), colorSpace=None, contrast=1.0, depth=-4.0, fillColor=array([1., 1., 1.]), fillColorSpace='rgb', fillRGB=array([1., 1., 1.]), interpolate=True, lineColor=array([1., 1., 1.]), lineColorSpace='rgb', lineRGB=array([1., 1., 1.]), lineWidth=1, name='pos180_2', opacity=1.0, ori=array(0.), pos=array([-0.5,  0. ]), size=array([0.1, 0.1]), units='height', vertices=ndarray(...), win=Window(...))
7.0014 	EXP 	Created pos225_2 = Polygon(__class__=<class 'psychopy.visual.polygon.Polygon'>, autoDraw=False, autoLog=True, closeShape=True, color=method-wrapper(...), colorSpace=None, contrast=1.0, depth=-5.0, fillColor=array([1., 1., 1.]), fillColorSpace='rgb', fillRGB=array([1., 1., 1.]), interpolate=True, lineColor=array([1., 1., 1.]), lineColorSpace='rgb', lineRGB=array([1., 1., 1.]), lineWidth=1, name='pos225_2', opacity=1.0, ori=array(0.), pos=array([-0.25, -0.25]), size=array([0.1, 0.1]), units='height', vertices=ndarray(...), win=Window(...))
7.0050 	EXP 	Created pos270_2 = Polygon(__class__=<class 'psychopy.visual.polygon.Polygon'>, autoDraw=False, autoLog=True, closeShape=True, color=method-wrapper(...), colorSpace=None, contrast=1.0, depth=-6.0, fillColor=array([1., 1., 1.]), fillColorSpace='rgb', fillRGB=array([1., 1., 1.]), interpolate=True, lineColor=array([1., 1., 1.]), lineColorSpace='rgb', lineRGB=array([1., 1., 1.]), lineWidth=1, name='pos270_2', opacity=1.0, ori=array(0.), pos=array([ 0. , -0.4]), size=array([0.1, 0.1]), units='height', vertices=ndarray(...), win=Window(...))
7.0090 	EXP 	Created pos315_2 = Polygon(__class__=<class 'psychopy.visual.polygon.Polygon'>, autoDraw=False, autoLog=True, closeShape=True, color=method-wrapper(...), colorSpace=None, contrast=1.0, depth=-7.0, fillColor=array([1., 1., 1.]), fillColorSpace='rgb', fillRGB=array([1., 1., 1.]), interpolate=True, lineColor=array([1., 1., 1.]), lineColorSpace='rgb', lineRGB=array([1., 1., 1.]), lineWidth=1, name='pos315_2', opacity=1.0, ori=array(0.), pos=array([ 0.25, -0.25]), size=array([0.1, 0.1]), units='height', vertices=ndarray(...), win=Window(...))
7.0125 	EXP 	Created response_2 = Polygon(__class__=<class 'psychopy.visual.polygon.Polygon'>, autoDraw=False, autoLog=True, closeShape=True, color=method-wrapper(...), colorSpace=None, contrast=1.0, depth=-8.0, fillColor=array([1., 1., 1.]), fillColorSpace='rgb', fillRGB=array([1., 1., 1.]), interpolate=True, lineColor=array([1., 1., 1.]), lineColorSpace='rgb', lineRGB=array([1., 1., 1.]), lineWidth=1, name='response_2', opacity=1.0, ori=array(0.), pos=array([0., 0.]), size=array([0.1, 0.1]), units='height', vertices=ndarray(...), win=Window(...))
7.0148 	EXP 	Created text_4 = TextStim(__class__=<class 'psychopy.visual.text.TextStim'>, alignHoriz='center', alignVert='center', antialias=True, autoLog=True, bold=False, color='black', colorSpace='named', contrast=1.0, depth=-10.0, flipHoriz=False, flipVert=False, font='Arial', fontFiles=[], height=0.05, italic=False, languageStyle='LTR', name='text_4', opacity=1.0, ori=0, pos=array([0., 0.]), rgb=array([0., 0., 0.]), text='+', units='height', win=Window(...), wrapWidth=1)
7.0276 	EXP 	Created text_2 = TextStim(__class__=<class 'psychopy.visual.text.TextStim'>, alignHoriz='center', alignVert='center', antialias=True, autoLog=True, bold=False, color='white', colorSpace='named', contrast=1.0, depth=0.0, flipHoriz=False, flipVert=False, font='Calibri', fontFiles=[], height=0.025, italic=False, languageStyle='LTR', name='text_2', opacity=1.0, ori=0, pos=array([0., 0.]), rgb=array([255., 255., 255.]), text=str(...), units='height', win=Window(...), wrapWidth=1)
7.0661 	EXP 	text_3: autoDraw = True
18.4951 	EXP 	Imported trials_short_delay.xlsx as conditions, 16 conditions, 13 params
18.4953 	EXP 	Created sequence: sequential, trialTypes=16, nReps=1, seed=None
18.4956 	EXP 	New trial (rep=0, index=0): OrderedDict([('Color0', [0, 0, 0]), ('Color45', [0, 0, 0]), ('Color90', [-1, 1, 1]), ('Color135', [0, 0, 0]), ('Color180', [1, -1, 1]), ('Color225', [0, 0, 0]), ('Color270', [0, 0, 0]), ('Color315', [-1, -1, 1]), ('Cueresp', [-1, -1, 1]), ('target_angle', 315), ('load', 3), ('delay', 2), ('trial', 0)])
18.5015 	DATA 	Keypress: space
18.5046 	EXP 	text_3: autoDraw = False
18.5046 	EXP 	pos0: fillColor = '[0. 0. 0.] (rgb)'
18.5046 	EXP 	pos0: lineColor = '[0. 0. 0.] (rgb)'
18.5046 	EXP 	pos45: fillColor = '[0. 0. 0.] (rgb)'
18.5046 	EXP 	pos45: lineColor = '[0. 0. 0.] (rgb)'
18.5046 	EXP 	pos90: fillColor = '[-1.  1.  1.] (rgb)'
18.5046 	EXP 	pos90: lineColor = '[-1.  1.  1.] (rgb)'
18.5046 	EXP 	pos135: fillColor = '[0. 0. 0.] (rgb)'
18.5046 	EXP 	pos135: lineColor = '[0. 0. 0.] (rgb)'
18.5046 	EXP 	pos180: fillColor = '[ 1. -1.  1.] (rgb)'
18.5046 	EXP 	pos180: lineColor = '[ 1. -1.  1.] (rgb)'
18.5046 	EXP 	pos225: fillColor = '[0. 0. 0.] (rgb)'
18.5046 	EXP 	pos225: lineColor = '[0. 0. 0.] (rgb)'
18.5046 	EXP 	pos270: fillColor = '[0. 0. 0.] (rgb)'
18.5046 	EXP 	pos270: lineColor = '[0. 0. 0.] (rgb)'
18.5046 	EXP 	pos315: fillColor = '[-1. -1.  1.] (rgb)'
18.5046 	EXP 	pos315: lineColor = '[-1. -1.  1.] (rgb)'
18.5046 	EXP 	response: fillColor = '[-1. -1.  1.] (rgb)'
18.5046 	EXP 	response: lineColor = '[-1. -1.  1.] (rgb)'
18.5046 	EXP 	pos0: autoDraw = True
18.5046 	EXP 	pos45: autoDraw = True
18.5046 	EXP 	pos90: autoDraw = True
18.5046 	EXP 	pos135: autoDraw = True
18.5046 	EXP 	pos180: autoDraw = True
18.5046 	EXP 	pos225: autoDraw = True
18.5046 	EXP 	pos270: autoDraw = True
18.5046 	EXP 	pos315: autoDraw = True
18.5046 	EXP 	text: autoDraw = True
23.5193 	EXP 	pos0: autoDraw = False
23.5193 	EXP 	pos45: autoDraw = False
23.5193 	EXP 	pos90: autoDraw = False
23.5193 	EXP 	pos135: autoDraw = False
23.5193 	EXP 	pos180: autoDraw = False
23.5193 	EXP 	pos225: autoDraw = False
23.5193 	EXP 	pos270: autoDraw = False
23.5193 	EXP 	pos315: autoDraw = False
25.5017 	EXP 	response: autoDraw = True
27.1030 	DATA 	Mouse: Left button down, pos=(1329,264)
27.1121 	EXP 	New trial (rep=0, index=1): OrderedDict([('Color0', [1, 1, -1]), ('Color45', [1, -1, -1]), ('Color90', [0, 0, 0]), ('Color135', [0, 0, 0]), ('Color180', [0, 0, 0]), ('Color225', [0, 0, 0]), ('Color270', [0, 0, 0]), ('Color315', [-1, 1, -1]), ('Cueresp', [-1, 1, -1]), ('target_angle', 315), ('load', 3), ('delay', 2), ('trial', 1)])
27.1228 	EXP 	pos0: autoDraw = False
27.1228 	EXP 	pos45: autoDraw = False
27.1228 	EXP 	pos90: autoDraw = False
27.1228 	EXP 	pos135: autoDraw = False
27.1228 	EXP 	pos180: autoDraw = False
27.1228 	EXP 	pos225: autoDraw = False
27.1228 	EXP 	pos270: autoDraw = False
27.1228 	EXP 	pos315: autoDraw = False
27.1228 	EXP 	response: autoDraw = False
27.1228 	EXP 	text: autoDraw = False
27.1228 	EXP 	pos0: fillColor = '[ 1.  1. -1.] (rgb)'
27.1228 	EXP 	pos0: lineColor = '[ 1.  1. -1.] (rgb)'
27.1228 	EXP 	pos45: fillColor = '[ 1. -1. -1.] (rgb)'
27.1228 	EXP 	pos45: lineColor = '[ 1. -1. -1.] (rgb)'
27.1228 	EXP 	pos90: fillColor = '[0. 0. 0.] (rgb)'
27.1228 	EXP 	pos90: lineColor = '[0. 0. 0.] (rgb)'
27.1228 	EXP 	pos135: fillColor = '[0. 0. 0.] (rgb)'
27.1228 	EXP 	pos135: lineColor = '[0. 0. 0.] (rgb)'
27.1228 	EXP 	pos180: fillColor = '[0. 0. 0.] (rgb)'
27.1228 	EXP 	pos180: lineColor = '[0. 0. 0.] (rgb)'
27.1228 	EXP 	pos225: fillColor = '[0. 0. 0.] (rgb)'
27.1228 	EXP 	pos225: lineColor = '[0. 0. 0.] (rgb)'
27.1228 	EXP 	pos270: fillColor = '[0. 0. 0.] (rgb)'
27.1228 	EXP 	pos270: lineColor = '[0. 0. 0.] (rgb)'
27.1228 	EXP 	pos315: fillColor = '[-1.  1. -1.] (rgb)'
27.1228 	EXP 	pos315: lineColor = '[-1.  1. -1.] (rgb)'
27.1228 	EXP 	response: fillColor = '[-1.  1. -1.] (rgb)'
27.1228 	EXP 	response: lineColor = '[-1.  1. -1.] (rgb)'
27.1228 	EXP 	pos0: autoDraw = True
27.1228 	EXP 	pos45: autoDraw = True
27.1228 	EXP 	pos90: autoDraw = True
27.1228 	EXP 	pos135: autoDraw = True
27.1228 	EXP 	pos180: autoDraw = True
27.1228 	EXP 	pos225: autoDraw = True
27.1228 	EXP 	pos270: autoDraw = True
27.1228 	EXP 	pos315: autoDraw = True
27.1228 	EXP 	text: autoDraw = True
27.2212 	DATA 	Mouse:  Left button up, pos=(1329,264)
32.1325 	EXP 	pos0: autoDraw = False
32.1325 	EXP 	pos45: autoDraw = False
32.1325 	EXP 	pos90: autoDraw = False
32.1325 	EXP 	pos135: autoDraw = False
32.1325 	EXP 	pos180: autoDraw = False
32.1325 	EXP 	pos225: autoDraw = False
32.1325 	EXP 	pos270: autoDraw = False
32.1325 	EXP 	pos315: autoDraw = False
34.1151 	EXP 	response: autoDraw = True
36.0820 	DATA 	Mouse: Left button down, pos=(1235,259)
36.0850 	EXP 	New trial (rep=0, index=2): OrderedDict([('Color0', [0, 0, 0]), ('Color45', [0, 0, 0]), ('Color90', [1, 1, -1]), ('Color135', [1, 1, 1]), ('Color180', [0, 0, 0]), ('Color225', [0, 0, 0]), ('Color270', [1, -1, -1]), ('Color315', [0, 0, 0]), ('Cueresp', [1, 1, -1]), ('target_angle', 90), ('load', 3), ('delay', 2), ('trial', 2)])
36.0984 	EXP 	pos0: autoDraw = False
36.0984 	EXP 	pos45: autoDraw = False
36.0984 	EXP 	pos90: autoDraw = False
36.0984 	EXP 	pos135: autoDraw = False
36.0984 	EXP 	pos180: autoDraw = False
36.0984 	EXP 	pos225: autoDraw = False
36.0984 	EXP 	pos270: autoDraw = False
36.0984 	EXP 	pos315: autoDraw = False
36.0984 	EXP 	response: autoDraw = False
36.0984 	EXP 	text: autoDraw = False
36.0984 	EXP 	pos0: fillColor = '[0. 0. 0.] (rgb)'
36.0984 	EXP 	pos0: lineColor = '[0. 0. 0.] (rgb)'
36.0984 	EXP 	pos45: fillColor = '[0. 0. 0.] (rgb)'
36.0984 	EXP 	pos45: lineColor = '[0. 0. 0.] (rgb)'
36.0984 	EXP 	pos90: fillColor = '[ 1.  1. -1.] (rgb)'
36.0984 	EXP 	pos90: lineColor = '[ 1.  1. -1.] (rgb)'
36.0984 	EXP 	pos135: fillColor = '[1. 1. 1.] (rgb)'
36.0984 	EXP 	pos135: lineColor = '[1. 1. 1.] (rgb)'
36.0984 	EXP 	pos180: fillColor = '[0. 0. 0.] (rgb)'
36.0984 	EXP 	pos180: lineColor = '[0. 0. 0.] (rgb)'
36.0984 	EXP 	pos225: fillColor = '[0. 0. 0.] (rgb)'
36.0984 	EXP 	pos225: lineColor = '[0. 0. 0.] (rgb)'
36.0984 	EXP 	pos270: fillColor = '[ 1. -1. -1.] (rgb)'
36.0984 	EXP 	pos270: lineColor = '[ 1. -1. -1.] (rgb)'
36.0984 	EXP 	pos315: fillColor = '[0. 0. 0.] (rgb)'
36.0984 	EXP 	pos315: lineColor = '[0. 0. 0.] (rgb)'
36.0984 	EXP 	response: fillColor = '[ 1.  1. -1.] (rgb)'
36.0984 	EXP 	response: lineColor = '[ 1.  1. -1.] (rgb)'
36.0984 	EXP 	pos0: autoDraw = True
36.0984 	EXP 	pos45: autoDraw = True
36.0984 	EXP 	pos90: autoDraw = True
36.0984 	EXP 	pos135: autoDraw = True
36.0984 	EXP 	pos180: autoDraw = True
36.0984 	EXP 	pos225: autoDraw = True
36.0984 	EXP 	pos270: autoDraw = True
36.0984 	EXP 	pos315: autoDraw = True
36.0984 	EXP 	text: autoDraw = True
36.2020 	DATA 	Mouse:  Left button up, pos=(1235,259)
41.1129 	EXP 	pos0: autoDraw = False
41.1129 	EXP 	pos45: autoDraw = False
41.1129 	EXP 	pos90: autoDraw = False
41.1129 	EXP 	pos135: autoDraw = False
41.1129 	EXP 	pos180: autoDraw = False
41.1129 	EXP 	pos225: autoDraw = False
41.1129 	EXP 	pos270: autoDraw = False
41.1129 	EXP 	pos315: autoDraw = False
43.0797 	EXP 	response: autoDraw = True
44.5291 	DATA 	Mouse: Left button down, pos=(957,956)
44.5361 	EXP 	New trial (rep=0, index=3): OrderedDict([('Color0', [0, 0, 0]), ('Color45', [0, 0, 0]), ('Color90', [0, 0, 0]), ('Color135', [0, 0, 0]), ('Color180', [1, -1, -1]), ('Color225', [-1, 1, -1]), ('Color270', [-1, -1, 1]), ('Color315', [0, 0, 0]), ('Cueresp', [-1, -1, 1]), ('target_angle', 270), ('load', 3), ('delay', 2), ('trial', 3)])
44.5483 	EXP 	pos0: autoDraw = False
44.5483 	EXP 	pos45: autoDraw = False
44.5483 	EXP 	pos90: autoDraw = False
44.5483 	EXP 	pos135: autoDraw = False
44.5483 	EXP 	pos180: autoDraw = False
44.5483 	EXP 	pos225: autoDraw = False
44.5483 	EXP 	pos270: autoDraw = False
44.5483 	EXP 	pos315: autoDraw = False
44.5483 	EXP 	response: autoDraw = False
44.5483 	EXP 	text: autoDraw = False
44.5483 	EXP 	pos0: fillColor = '[0. 0. 0.] (rgb)'
44.5483 	EXP 	pos0: lineColor = '[0. 0. 0.] (rgb)'
44.5483 	EXP 	pos45: fillColor = '[0. 0. 0.] (rgb)'
44.5483 	EXP 	pos45: lineColor = '[0. 0. 0.] (rgb)'
44.5483 	EXP 	pos90: fillColor = '[0. 0. 0.] (rgb)'
44.5483 	EXP 	pos90: lineColor = '[0. 0. 0.] (rgb)'
44.5483 	EXP 	pos135: fillColor = '[0. 0. 0.] (rgb)'
44.5483 	EXP 	pos135: lineColor = '[0. 0. 0.] (rgb)'
44.5483 	EXP 	pos180: fillColor = '[ 1. -1. -1.] (rgb)'
44.5483 	EXP 	pos180: lineColor = '[ 1. -1. -1.] (rgb)'
44.5483 	EXP 	pos225: fillColor = '[-1.  1. -1.] (rgb)'
44.5483 	EXP 	pos225: lineColor = '[-1.  1. -1.] (rgb)'
44.5483 	EXP 	pos270: fillColor = '[-1. -1.  1.] (rgb)'
44.5483 	EXP 	pos270: lineColor = '[-1. -1.  1.] (rgb)'
44.5483 	EXP 	pos315: fillColor = '[0. 0. 0.] (rgb)'
44.5483 	EXP 	pos315: lineColor = '[0. 0. 0.] (rgb)'
44.5483 	EXP 	response: fillColor = '[-1. -1.  1.] (rgb)'
44.5483 	EXP 	response: lineColor = '[-1. -1.  1.] (rgb)'
44.5483 	EXP 	pos0: autoDraw = True
44.5483 	EXP 	pos45: autoDraw = True
44.5483 	EXP 	pos90: autoDraw = True
44.5483 	EXP 	pos135: autoDraw = True
44.5483 	EXP 	pos180: autoDraw = True
44.5483 	EXP 	pos225: autoDraw = True
44.5483 	EXP 	pos270: autoDraw = True
44.5483 	EXP 	pos315: autoDraw = True
44.5483 	EXP 	text: autoDraw = True
44.6477 	DATA 	Mouse:  Left button up, pos=(957,957)
49.5600 	EXP 	pos0: autoDraw = False
49.5600 	EXP 	pos45: autoDraw = False
49.5600 	EXP 	pos90: autoDraw = False
49.5600 	EXP 	pos135: autoDraw = False
49.5600 	EXP 	pos180: autoDraw = False
49.5600 	EXP 	pos225: autoDraw = False
49.5600 	EXP 	pos270: autoDraw = False
49.5600 	EXP 	pos315: autoDraw = False
51.5432 	EXP 	response: autoDraw = True
53.2924 	DATA 	Mouse: Left button down, pos=(974,147)
53.2953 	EXP 	New trial (rep=0, index=4): OrderedDict([('Color0', [0, 0, 0]), ('Color45', [0, 0, 0]), ('Color90', [0, 0, 0]), ('Color135', [-1, 1, 1]), ('Color180', [-1, -1, 1]), ('Color225', [1, 1, -1]), ('Color270', [0, 0, 0]), ('Color315', [0, 0, 0]), ('Cueresp', [-1, 1, 1]), ('target_angle', 135), ('load', 3), ('delay', 2), ('trial', 4)])
53.3092 	EXP 	pos0: autoDraw = False
53.3092 	EXP 	pos45: autoDraw = False
53.3092 	EXP 	pos90: autoDraw = False
53.3092 	EXP 	pos135: autoDraw = False
53.3092 	EXP 	pos180: autoDraw = False
53.3092 	EXP 	pos225: autoDraw = False
53.3092 	EXP 	pos270: autoDraw = False
53.3092 	EXP 	pos315: autoDraw = False
53.3092 	EXP 	response: autoDraw = False
53.3092 	EXP 	text: autoDraw = False
53.3092 	EXP 	pos0: fillColor = '[0. 0. 0.] (rgb)'
53.3092 	EXP 	pos0: lineColor = '[0. 0. 0.] (rgb)'
53.3092 	EXP 	pos45: fillColor = '[0. 0. 0.] (rgb)'
53.3092 	EXP 	pos45: lineColor = '[0. 0. 0.] (rgb)'
53.3092 	EXP 	pos90: fillColor = '[0. 0. 0.] (rgb)'
53.3092 	EXP 	pos90: lineColor = '[0. 0. 0.] (rgb)'
53.3092 	EXP 	pos135: fillColor = '[-1.  1.  1.] (rgb)'
53.3092 	EXP 	pos135: lineColor = '[-1.  1.  1.] (rgb)'
53.3092 	EXP 	pos180: fillColor = '[-1. -1.  1.] (rgb)'
53.3092 	EXP 	pos180: lineColor = '[-1. -1.  1.] (rgb)'
53.3092 	EXP 	pos225: fillColor = '[ 1.  1. -1.] (rgb)'
53.3092 	EXP 	pos225: lineColor = '[ 1.  1. -1.] (rgb)'
53.3092 	EXP 	pos270: fillColor = '[0. 0. 0.] (rgb)'
53.3092 	EXP 	pos270: lineColor = '[0. 0. 0.] (rgb)'
53.3092 	EXP 	pos315: fillColor = '[0. 0. 0.] (rgb)'
53.3092 	EXP 	pos315: lineColor = '[0. 0. 0.] (rgb)'
53.3092 	EXP 	response: fillColor = '[-1.  1.  1.] (rgb)'
53.3092 	EXP 	response: lineColor = '[-1.  1.  1.] (rgb)'
53.3092 	EXP 	pos0: autoDraw = True
53.3092 	EXP 	pos45: autoDraw = True
53.3092 	EXP 	pos90: autoDraw = True
53.3092 	EXP 	pos135: autoDraw = True
53.3092 	EXP 	pos180: autoDraw = True
53.3092 	EXP 	pos225: autoDraw = True
53.3092 	EXP 	pos270: autoDraw = True
53.3092 	EXP 	pos315: autoDraw = True
53.3092 	EXP 	text: autoDraw = True
53.4118 	DATA 	Mouse:  Left button up, pos=(974,147)
58.3235 	EXP 	pos0: autoDraw = False
58.3235 	EXP 	pos45: autoDraw = False
58.3235 	EXP 	pos90: autoDraw = False
58.3235 	EXP 	pos135: autoDraw = False
58.3235 	EXP 	pos180: autoDraw = False
58.3235 	EXP 	pos225: autoDraw = False
58.3235 	EXP 	pos270: autoDraw = False
58.3235 	EXP 	pos315: autoDraw = False
60.2899 	EXP 	response: autoDraw = True
61.4437 	DATA 	Mouse: Left button down, pos=(712,825)
61.4528 	EXP 	New trial (rep=0, index=5): OrderedDict([('Color0', [0, 0, 0]), ('Color45', [0, 0, 0]), ('Color90', [0, 0, 0]), ('Color135', [1, 1, 1]), ('Color180', [0, 0, 0]), ('Color225', [1, -1, 1]), ('Color270', [-1, 1, 1]), ('Color315', [0, 0, 0]), ('Cueresp', [1, -1, 1]), ('target_angle', 225), ('load', 3), ('delay', 2), ('trial', 5)])
61.4640 	EXP 	pos0: autoDraw = False
61.4640 	EXP 	pos45: autoDraw = False
61.4640 	EXP 	pos90: autoDraw = False
61.4640 	EXP 	pos135: autoDraw = False
61.4640 	EXP 	pos180: autoDraw = False
61.4640 	EXP 	pos225: autoDraw = False
61.4640 	EXP 	pos270: autoDraw = False
61.4640 	EXP 	pos315: autoDraw = False
61.4640 	EXP 	response: autoDraw = False
61.4640 	EXP 	text: autoDraw = False
61.4640 	EXP 	pos0: fillColor = '[0. 0. 0.] (rgb)'
61.4640 	EXP 	pos0: lineColor = '[0. 0. 0.] (rgb)'
61.4640 	EXP 	pos45: fillColor = '[0. 0. 0.] (rgb)'
61.4640 	EXP 	pos45: lineColor = '[0. 0. 0.] (rgb)'
61.4640 	EXP 	pos90: fillColor = '[0. 0. 0.] (rgb)'
61.4640 	EXP 	pos90: lineColor = '[0. 0. 0.] (rgb)'
61.4640 	EXP 	pos135: fillColor = '[1. 1. 1.] (rgb)'
61.4640 	EXP 	pos135: lineColor = '[1. 1. 1.] (rgb)'
61.4640 	EXP 	pos180: fillColor = '[0. 0. 0.] (rgb)'
61.4640 	EXP 	pos180: lineColor = '[0. 0. 0.] (rgb)'
61.4640 	EXP 	pos225: fillColor = '[ 1. -1.  1.] (rgb)'
61.4640 	EXP 	pos225: lineColor = '[ 1. -1.  1.] (rgb)'
61.4640 	EXP 	pos270: fillColor = '[-1.  1.  1.] (rgb)'
61.4640 	EXP 	pos270: lineColor = '[-1.  1.  1.] (rgb)'
61.4640 	EXP 	pos315: fillColor = '[0. 0. 0.] (rgb)'
61.4640 	EXP 	pos315: lineColor = '[0. 0. 0.] (rgb)'
61.4640 	EXP 	response: fillColor = '[ 1. -1.  1.] (rgb)'
61.4640 	EXP 	response: lineColor = '[ 1. -1.  1.] (rgb)'
61.4640 	EXP 	pos0: autoDraw = True
61.4640 	EXP 	pos45: autoDraw = True
61.4640 	EXP 	pos90: autoDraw = True
61.4640 	EXP 	pos135: autoDraw = True
61.4640 	EXP 	pos180: autoDraw = True
61.4640 	EXP 	pos225: autoDraw = True
61.4640 	EXP 	pos270: autoDraw = True
61.4640 	EXP 	pos315: autoDraw = True
61.4640 	EXP 	text: autoDraw = True
61.5591 	DATA 	Mouse:  Left button up, pos=(712,825)
66.4706 	EXP 	pos0: autoDraw = False
66.4706 	EXP 	pos45: autoDraw = False
66.4706 	EXP 	pos90: autoDraw = False
66.4706 	EXP 	pos135: autoDraw = False
66.4706 	EXP 	pos180: autoDraw = False
66.4706 	EXP 	pos225: autoDraw = False
66.4706 	EXP 	pos270: autoDraw = False
66.4706 	EXP 	pos315: autoDraw = False
68.4537 	EXP 	response: autoDraw = True
69.8923 	DATA 	Mouse: Left button down, pos=(696,286)
69.9070 	EXP 	New trial (rep=0, index=6): OrderedDict([('Color0', [0, 0, 0]), ('Color45', [-1, -1, 1]), ('Color90', [0, 0, 0]), ('Color135', [0, 0, 0]), ('Color180', [0, 0, 0]), ('Color225', [-1, 1, 1]), ('Color270', [1, 1, 1]), ('Color315', [0, 0, 0]), ('Cueresp', [-1, -1, 1]), ('target_angle', 45), ('load', 3), ('delay', 2), ('trial', 6)])
69.9205 	EXP 	pos0: autoDraw = False
69.9205 	EXP 	pos45: autoDraw = False
69.9205 	EXP 	pos90: autoDraw = False
69.9205 	EXP 	pos135: autoDraw = False
69.9205 	EXP 	pos180: autoDraw = False
69.9205 	EXP 	pos225: autoDraw = False
69.9205 	EXP 	pos270: autoDraw = False
69.9205 	EXP 	pos315: autoDraw = False
69.9205 	EXP 	response: autoDraw = False
69.9205 	EXP 	text: autoDraw = False
69.9205 	EXP 	pos0: fillColor = '[0. 0. 0.] (rgb)'
69.9205 	EXP 	pos0: lineColor = '[0. 0. 0.] (rgb)'
69.9205 	EXP 	pos45: fillColor = '[-1. -1.  1.] (rgb)'
69.9205 	EXP 	pos45: lineColor = '[-1. -1.  1.] (rgb)'
69.9205 	EXP 	pos90: fillColor = '[0. 0. 0.] (rgb)'
69.9205 	EXP 	pos90: lineColor = '[0. 0. 0.] (rgb)'
69.9205 	EXP 	pos135: fillColor = '[0. 0. 0.] (rgb)'
69.9205 	EXP 	pos135: lineColor = '[0. 0. 0.] (rgb)'
69.9205 	EXP 	pos180: fillColor = '[0. 0. 0.] (rgb)'
69.9205 	EXP 	pos180: lineColor = '[0. 0. 0.] (rgb)'
69.9205 	EXP 	pos225: fillColor = '[-1.  1.  1.] (rgb)'
69.9205 	EXP 	pos225: lineColor = '[-1.  1.  1.] (rgb)'
69.9205 	EXP 	pos270: fillColor = '[1. 1. 1.] (rgb)'
69.9205 	EXP 	pos270: lineColor = '[1. 1. 1.] (rgb)'
69.9205 	EXP 	pos315: fillColor = '[0. 0. 0.] (rgb)'
69.9205 	EXP 	pos315: lineColor = '[0. 0. 0.] (rgb)'
69.9205 	EXP 	response: fillColor = '[-1. -1.  1.] (rgb)'
69.9205 	EXP 	response: lineColor = '[-1. -1.  1.] (rgb)'
69.9205 	EXP 	pos0: autoDraw = True
69.9205 	EXP 	pos45: autoDraw = True
69.9205 	EXP 	pos90: autoDraw = True
69.9205 	EXP 	pos135: autoDraw = True
69.9205 	EXP 	pos180: autoDraw = True
69.9205 	EXP 	pos225: autoDraw = True
69.9205 	EXP 	pos270: autoDraw = True
69.9205 	EXP 	pos315: autoDraw = True
69.9205 	EXP 	text: autoDraw = True
70.0076 	DATA 	Mouse:  Left button up, pos=(696,286)
74.9345 	EXP 	pos0: autoDraw = False
74.9345 	EXP 	pos45: autoDraw = False
74.9345 	EXP 	pos90: autoDraw = False
74.9345 	EXP 	pos135: autoDraw = False
74.9345 	EXP 	pos180: autoDraw = False
74.9345 	EXP 	pos225: autoDraw = False
74.9345 	EXP 	pos270: autoDraw = False
74.9345 	EXP 	pos315: autoDraw = False
76.9006 	EXP 	response: autoDraw = True
78.0384 	DATA 	Mouse: Left button down, pos=(1207,836)
78.0613 	EXP 	New trial (rep=0, index=7): OrderedDict([('Color0', [0, 0, 0]), ('Color45', [0, 0, 0]), ('Color90', [0, 0, 0]), ('Color135', [1, -1, 1]), ('Color180', [1, 1, -1]), ('Color225', [0, 0, 0]), ('Color270', [0, 0, 0]), ('Color315', [-1, 1, -1]), ('Cueresp', [1, 1, -1]), ('target_angle', 180), ('load', 3), ('delay', 2), ('trial', 7)])
78.0722 	EXP 	pos0: autoDraw = False
78.0722 	EXP 	pos45: autoDraw = False
78.0722 	EXP 	pos90: autoDraw = False
78.0722 	EXP 	pos135: autoDraw = False
78.0722 	EXP 	pos180: autoDraw = False
78.0722 	EXP 	pos225: autoDraw = False
78.0722 	EXP 	pos270: autoDraw = False
78.0722 	EXP 	pos315: autoDraw = False
78.0722 	EXP 	response: autoDraw = False
78.0722 	EXP 	text: autoDraw = False
78.0722 	EXP 	pos0: fillColor = '[0. 0. 0.] (rgb)'
78.0722 	EXP 	pos0: lineColor = '[0. 0. 0.] (rgb)'
78.0722 	EXP 	pos45: fillColor = '[0. 0. 0.] (rgb)'
78.0722 	EXP 	pos45: lineColor = '[0. 0. 0.] (rgb)'
78.0722 	EXP 	pos90: fillColor = '[0. 0. 0.] (rgb)'
78.0722 	EXP 	pos90: lineColor = '[0. 0. 0.] (rgb)'
78.0722 	EXP 	pos135: fillColor = '[ 1. -1.  1.] (rgb)'
78.0722 	EXP 	pos135: lineColor = '[ 1. -1.  1.] (rgb)'
78.0722 	EXP 	pos180: fillColor = '[ 1.  1. -1.] (rgb)'
78.0722 	EXP 	pos180: lineColor = '[ 1.  1. -1.] (rgb)'
78.0722 	EXP 	pos225: fillColor = '[0. 0. 0.] (rgb)'
78.0722 	EXP 	pos225: lineColor = '[0. 0. 0.] (rgb)'
78.0722 	EXP 	pos270: fillColor = '[0. 0. 0.] (rgb)'
78.0722 	EXP 	pos270: lineColor = '[0. 0. 0.] (rgb)'
78.0722 	EXP 	pos315: fillColor = '[-1.  1. -1.] (rgb)'
78.0722 	EXP 	pos315: lineColor = '[-1.  1. -1.] (rgb)'
78.0722 	EXP 	response: fillColor = '[ 1.  1. -1.] (rgb)'
78.0722 	EXP 	response: lineColor = '[ 1.  1. -1.] (rgb)'
78.0722 	EXP 	pos0: autoDraw = True
78.0722 	EXP 	pos45: autoDraw = True
78.0722 	EXP 	pos90: autoDraw = True
78.0722 	EXP 	pos135: autoDraw = True
78.0722 	EXP 	pos180: autoDraw = True
78.0722 	EXP 	pos225: autoDraw = True
78.0722 	EXP 	pos270: autoDraw = True
78.0722 	EXP 	pos315: autoDraw = True
78.0722 	EXP 	text: autoDraw = True
78.1704 	DATA 	Mouse:  Left button up, pos=(1207,836)
83.0823 	EXP 	pos0: autoDraw = False
83.0823 	EXP 	pos45: autoDraw = False
83.0823 	EXP 	pos90: autoDraw = False
83.0823 	EXP 	pos135: autoDraw = False
83.0823 	EXP 	pos180: autoDraw = False
83.0823 	EXP 	pos225: autoDraw = False
83.0823 	EXP 	pos270: autoDraw = False
83.0823 	EXP 	pos315: autoDraw = False
85.0816 	EXP 	response: autoDraw = True
88.3854 	DATA 	Mouse: Left button down, pos=(497,577)
88.3898 	EXP 	New trial (rep=0, index=8): OrderedDict([('Color0', [1, 1, -1]), ('Color45', [1, -1, 1]), ('Color90', [-1, 1, -1]), ('Color135', [-1, -1, 1]), ('Color180', [-1, 1, 1]), ('Color225', [1, -1, -1]), ('Color270', [1, 1, 1]), ('Color315', [0, 0, 0]), ('Cueresp', [-1, 1, 1]), ('target_angle', 180), ('load', 7), ('delay', 2), ('trial', 0)])
88.3982 	EXP 	pos0: autoDraw = False
88.3982 	EXP 	pos45: autoDraw = False
88.3982 	EXP 	pos90: autoDraw = False
88.3982 	EXP 	pos135: autoDraw = False
88.3982 	EXP 	pos180: autoDraw = False
88.3982 	EXP 	pos225: autoDraw = False
88.3982 	EXP 	pos270: autoDraw = False
88.3982 	EXP 	pos315: autoDraw = False
88.3982 	EXP 	response: autoDraw = False
88.3982 	EXP 	text: autoDraw = False
88.3982 	EXP 	pos0: fillColor = '[ 1.  1. -1.] (rgb)'
88.3982 	EXP 	pos0: lineColor = '[ 1.  1. -1.] (rgb)'
88.3982 	EXP 	pos45: fillColor = '[ 1. -1.  1.] (rgb)'
88.3982 	EXP 	pos45: lineColor = '[ 1. -1.  1.] (rgb)'
88.3982 	EXP 	pos90: fillColor = '[-1.  1. -1.] (rgb)'
88.3982 	EXP 	pos90: lineColor = '[-1.  1. -1.] (rgb)'
88.3982 	EXP 	pos135: fillColor = '[-1. -1.  1.] (rgb)'
88.3982 	EXP 	pos135: lineColor = '[-1. -1.  1.] (rgb)'
88.3982 	EXP 	pos180: fillColor = '[-1.  1.  1.] (rgb)'
88.3982 	EXP 	pos180: lineColor = '[-1.  1.  1.] (rgb)'
88.3982 	EXP 	pos225: fillColor = '[ 1. -1. -1.] (rgb)'
88.3982 	EXP 	pos225: lineColor = '[ 1. -1. -1.] (rgb)'
88.3982 	EXP 	pos270: fillColor = '[1. 1. 1.] (rgb)'
88.3982 	EXP 	pos270: lineColor = '[1. 1. 1.] (rgb)'
88.3982 	EXP 	pos315: fillColor = '[0. 0. 0.] (rgb)'
88.3982 	EXP 	pos315: lineColor = '[0. 0. 0.] (rgb)'
88.3982 	EXP 	response: fillColor = '[-1.  1.  1.] (rgb)'
88.3982 	EXP 	response: lineColor = '[-1.  1.  1.] (rgb)'
88.3982 	EXP 	pos0: autoDraw = True
88.3982 	EXP 	pos45: autoDraw = True
88.3982 	EXP 	pos90: autoDraw = True
88.3982 	EXP 	pos135: autoDraw = True
88.3982 	EXP 	pos180: autoDraw = True
88.3982 	EXP 	pos225: autoDraw = True
88.3982 	EXP 	pos270: autoDraw = True
88.3982 	EXP 	pos315: autoDraw = True
88.3982 	EXP 	text: autoDraw = True
88.5333 	DATA 	Mouse:  Left button up, pos=(497,577)
93.4119 	EXP 	pos0: autoDraw = False
93.4119 	EXP 	pos45: autoDraw = False
93.4119 	EXP 	pos90: autoDraw = False
93.4119 	EXP 	pos135: autoDraw = False
93.4119 	EXP 	pos180: autoDraw = False
93.4119 	EXP 	pos225: autoDraw = False
93.4119 	EXP 	pos270: autoDraw = False
93.4119 	EXP 	pos315: autoDraw = False
95.3945 	EXP 	response: autoDraw = True
96.9778 	DATA 	Mouse: Left button down, pos=(473,555)
96.9821 	EXP 	New trial (rep=0, index=9): OrderedDict([('Color0', [-1, -1, 1]), ('Color45', [1, -1, 1]), ('Color90', [-1, 1, -1]), ('Color135', [1, -1, -1]), ('Color180', [-1, 1, 1]), ('Color225', [1, 1, 1]), ('Color270', [0, 0, 0]), ('Color315', [1, 1, -1]), ('Cueresp', [-1, 1, 1]), ('target_angle', 180), ('load', 7), ('delay', 2), ('trial', 1)])
96.9947 	EXP 	pos0: autoDraw = False
96.9947 	EXP 	pos45: autoDraw = False
96.9947 	EXP 	pos90: autoDraw = False
96.9947 	EXP 	pos135: autoDraw = False
96.9947 	EXP 	pos180: autoDraw = False
96.9947 	EXP 	pos225: autoDraw = False
96.9947 	EXP 	pos270: autoDraw = False
96.9947 	EXP 	pos315: autoDraw = False
96.9947 	EXP 	response: autoDraw = False
96.9947 	EXP 	text: autoDraw = False
96.9947 	EXP 	pos0: fillColor = '[-1. -1.  1.] (rgb)'
96.9947 	EXP 	pos0: lineColor = '[-1. -1.  1.] (rgb)'
96.9947 	EXP 	pos45: fillColor = '[ 1. -1.  1.] (rgb)'
96.9947 	EXP 	pos45: lineColor = '[ 1. -1.  1.] (rgb)'
96.9947 	EXP 	pos90: fillColor = '[-1.  1. -1.] (rgb)'
96.9947 	EXP 	pos90: lineColor = '[-1.  1. -1.] (rgb)'
96.9947 	EXP 	pos135: fillColor = '[ 1. -1. -1.] (rgb)'
96.9947 	EXP 	pos135: lineColor = '[ 1. -1. -1.] (rgb)'
96.9947 	EXP 	pos180: fillColor = '[-1.  1.  1.] (rgb)'
96.9947 	EXP 	pos180: lineColor = '[-1.  1.  1.] (rgb)'
96.9947 	EXP 	pos225: fillColor = '[1. 1. 1.] (rgb)'
96.9947 	EXP 	pos225: lineColor = '[1. 1. 1.] (rgb)'
96.9947 	EXP 	pos270: fillColor = '[0. 0. 0.] (rgb)'
96.9947 	EXP 	pos270: lineColor = '[0. 0. 0.] (rgb)'
96.9947 	EXP 	pos315: fillColor = '[ 1.  1. -1.] (rgb)'
96.9947 	EXP 	pos315: lineColor = '[ 1.  1. -1.] (rgb)'
96.9947 	EXP 	response: fillColor = '[-1.  1.  1.] (rgb)'
96.9947 	EXP 	response: lineColor = '[-1.  1.  1.] (rgb)'
96.9947 	EXP 	pos0: autoDraw = True
96.9947 	EXP 	pos45: autoDraw = True
96.9947 	EXP 	pos90: autoDraw = True
96.9947 	EXP 	pos135: autoDraw = True
96.9947 	EXP 	pos180: autoDraw = True
96.9947 	EXP 	pos225: autoDraw = True
96.9947 	EXP 	pos270: autoDraw = True
96.9947 	EXP 	pos315: autoDraw = True
96.9947 	EXP 	text: autoDraw = True
97.1490 	DATA 	Mouse:  Left button up, pos=(473,555)
102.0091 	EXP 	pos0: autoDraw = False
102.0091 	EXP 	pos45: autoDraw = False
102.0091 	EXP 	pos90: autoDraw = False
102.0091 	EXP 	pos135: autoDraw = False
102.0091 	EXP 	pos180: autoDraw = False
102.0091 	EXP 	pos225: autoDraw = False
102.0091 	EXP 	pos270: autoDraw = False
102.0091 	EXP 	pos315: autoDraw = False
103.9755 	EXP 	response: autoDraw = True
105.3091 	DATA 	Mouse: Left button down, pos=(494,554)
105.3168 	EXP 	New trial (rep=0, index=10): OrderedDict([('Color0', [1, 1, -1]), ('Color45', [1, 1, 1]), ('Color90', [1, -1, -1]), ('Color135', [0, 0, 0]), ('Color180', [1, -1, 1]), ('Color225', [-1, 1, 1]), ('Color270', [-1, 1, -1]), ('Color315', [-1, -1, 1]), ('Cueresp', [1, -1, 1]), ('target_angle', 180), ('load', 7), ('delay', 2), ('trial', 2)])
105.3291 	EXP 	pos0: autoDraw = False
105.3291 	EXP 	pos45: autoDraw = False
105.3291 	EXP 	pos90: autoDraw = False
105.3291 	EXP 	pos135: autoDraw = False
105.3291 	EXP 	pos180: autoDraw = False
105.3291 	EXP 	pos225: autoDraw = False
105.3291 	EXP 	pos270: autoDraw = False
105.3291 	EXP 	pos315: autoDraw = False
105.3291 	EXP 	response: autoDraw = False
105.3291 	EXP 	text: autoDraw = False
105.3291 	EXP 	pos0: fillColor = '[ 1.  1. -1.] (rgb)'
105.3291 	EXP 	pos0: lineColor = '[ 1.  1. -1.] (rgb)'
105.3291 	EXP 	pos45: fillColor = '[1. 1. 1.] (rgb)'
105.3291 	EXP 	pos45: lineColor = '[1. 1. 1.] (rgb)'
105.3291 	EXP 	pos90: fillColor = '[ 1. -1. -1.] (rgb)'
105.3291 	EXP 	pos90: lineColor = '[ 1. -1. -1.] (rgb)'
105.3291 	EXP 	pos135: fillColor = '[0. 0. 0.] (rgb)'
105.3291 	EXP 	pos135: lineColor = '[0. 0. 0.] (rgb)'
105.3291 	EXP 	pos180: fillColor = '[ 1. -1.  1.] (rgb)'
105.3291 	EXP 	pos180: lineColor = '[ 1. -1.  1.] (rgb)'
105.3291 	EXP 	pos225: fillColor = '[-1.  1.  1.] (rgb)'
105.3291 	EXP 	pos225: lineColor = '[-1.  1.  1.] (rgb)'
105.3291 	EXP 	pos270: fillColor = '[-1.  1. -1.] (rgb)'
105.3291 	EXP 	pos270: lineColor = '[-1.  1. -1.] (rgb)'
105.3291 	EXP 	pos315: fillColor = '[-1. -1.  1.] (rgb)'
105.3291 	EXP 	pos315: lineColor = '[-1. -1.  1.] (rgb)'
105.3291 	EXP 	response: fillColor = '[ 1. -1.  1.] (rgb)'
105.3291 	EXP 	response: lineColor = '[ 1. -1.  1.] (rgb)'
105.3291 	EXP 	pos0: autoDraw = True
105.3291 	EXP 	pos45: autoDraw = True
105.3291 	EXP 	pos90: autoDraw = True
105.3291 	EXP 	pos135: autoDraw = True
105.3291 	EXP 	pos180: autoDraw = True
105.3291 	EXP 	pos225: autoDraw = True
105.3291 	EXP 	pos270: autoDraw = True
105.3291 	EXP 	pos315: autoDraw = True
105.3291 	EXP 	text: autoDraw = True
105.4456 	DATA 	Mouse:  Left button up, pos=(495,554)
110.3400 	EXP 	pos0: autoDraw = False
110.3400 	EXP 	pos45: autoDraw = False
110.3400 	EXP 	pos90: autoDraw = False
110.3400 	EXP 	pos135: autoDraw = False
110.3400 	EXP 	pos180: autoDraw = False
110.3400 	EXP 	pos225: autoDraw = False
110.3400 	EXP 	pos270: autoDraw = False
110.3400 	EXP 	pos315: autoDraw = False
112.3224 	EXP 	response: autoDraw = True
114.4429 	DATA 	Mouse: Left button down, pos=(493,591)
114.4507 	EXP 	New trial (rep=0, index=11): OrderedDict([('Color0', [1, 1, -1]), ('Color45', [0, 0, 0]), ('Color90', [1, -1, 1]), ('Color135', [-1, 1, 1]), ('Color180', [-1, 1, -1]), ('Color225', [1, -1, -1]), ('Color270', [1, 1, 1]), ('Color315', [-1, -1, 1]), ('Cueresp', [-1, 1, 1]), ('target_angle', 135), ('load', 7), ('delay', 2), ('trial', 3)])
114.4614 	EXP 	pos0: autoDraw = False
114.4614 	EXP 	pos45: autoDraw = False
114.4614 	EXP 	pos90: autoDraw = False
114.4614 	EXP 	pos135: autoDraw = False
114.4614 	EXP 	pos180: autoDraw = False
114.4614 	EXP 	pos225: autoDraw = False
114.4614 	EXP 	pos270: autoDraw = False
114.4614 	EXP 	pos315: autoDraw = False
114.4614 	EXP 	response: autoDraw = False
114.4614 	EXP 	text: autoDraw = False
114.4614 	EXP 	pos0: fillColor = '[ 1.  1. -1.] (rgb)'
114.4614 	EXP 	pos0: lineColor = '[ 1.  1. -1.] (rgb)'
114.4614 	EXP 	pos45: fillColor = '[0. 0. 0.] (rgb)'
114.4614 	EXP 	pos45: lineColor = '[0. 0. 0.] (rgb)'
114.4614 	EXP 	pos90: fillColor = '[ 1. -1.  1.] (rgb)'
114.4614 	EXP 	pos90: lineColor = '[ 1. -1.  1.] (rgb)'
114.4614 	EXP 	pos135: fillColor = '[-1.  1.  1.] (rgb)'
114.4614 	EXP 	pos135: lineColor = '[-1.  1.  1.] (rgb)'
114.4614 	EXP 	pos180: fillColor = '[-1.  1. -1.] (rgb)'
114.4614 	EXP 	pos180: lineColor = '[-1.  1. -1.] (rgb)'
114.4614 	EXP 	pos225: fillColor = '[ 1. -1. -1.] (rgb)'
114.4614 	EXP 	pos225: lineColor = '[ 1. -1. -1.] (rgb)'
114.4614 	EXP 	pos270: fillColor = '[1. 1. 1.] (rgb)'
114.4614 	EXP 	pos270: lineColor = '[1. 1. 1.] (rgb)'
114.4614 	EXP 	pos315: fillColor = '[-1. -1.  1.] (rgb)'
114.4614 	EXP 	pos315: lineColor = '[-1. -1.  1.] (rgb)'
114.4614 	EXP 	response: fillColor = '[-1.  1.  1.] (rgb)'
114.4614 	EXP 	response: lineColor = '[-1.  1.  1.] (rgb)'
114.4614 	EXP 	pos0: autoDraw = True
114.4614 	EXP 	pos45: autoDraw = True
114.4614 	EXP 	pos90: autoDraw = True
114.4614 	EXP 	pos135: autoDraw = True
114.4614 	EXP 	pos180: autoDraw = True
114.4614 	EXP 	pos225: autoDraw = True
114.4614 	EXP 	pos270: autoDraw = True
114.4614 	EXP 	pos315: autoDraw = True
114.4614 	EXP 	text: autoDraw = True
114.6080 	DATA 	Mouse:  Left button up, pos=(493,591)
119.4705 	EXP 	pos0: autoDraw = False
119.4705 	EXP 	pos45: autoDraw = False
119.4705 	EXP 	pos90: autoDraw = False
119.4705 	EXP 	pos135: autoDraw = False
119.4705 	EXP 	pos180: autoDraw = False
119.4705 	EXP 	pos225: autoDraw = False
119.4705 	EXP 	pos270: autoDraw = False
119.4705 	EXP 	pos315: autoDraw = False
121.4522 	EXP 	response: autoDraw = True
122.7233 	DATA 	Mouse: Left button down, pos=(650,781)
122.7266 	EXP 	New trial (rep=0, index=12): OrderedDict([('Color0', [-1, 1, -1]), ('Color45', [1, -1, 1]), ('Color90', [-1, 1, 1]), ('Color135', [0, 0, 0]), ('Color180', [1, -1, -1]), ('Color225', [-1, -1, 1]), ('Color270', [1, 1, 1]), ('Color315', [1, 1, -1]), ('Cueresp', [-1, 1, 1]), ('target_angle', 90), ('load', 7), ('delay', 2), ('trial', 4)])
122.7354 	EXP 	pos0: autoDraw = False
122.7354 	EXP 	pos45: autoDraw = False
122.7354 	EXP 	pos90: autoDraw = False
122.7354 	EXP 	pos135: autoDraw = False
122.7354 	EXP 	pos180: autoDraw = False
122.7354 	EXP 	pos225: autoDraw = False
122.7354 	EXP 	pos270: autoDraw = False
122.7354 	EXP 	pos315: autoDraw = False
122.7354 	EXP 	response: autoDraw = False
122.7354 	EXP 	text: autoDraw = False
122.7354 	EXP 	pos0: fillColor = '[-1.  1. -1.] (rgb)'
122.7354 	EXP 	pos0: lineColor = '[-1.  1. -1.] (rgb)'
122.7354 	EXP 	pos45: fillColor = '[ 1. -1.  1.] (rgb)'
122.7354 	EXP 	pos45: lineColor = '[ 1. -1.  1.] (rgb)'
122.7354 	EXP 	pos90: fillColor = '[-1.  1.  1.] (rgb)'
122.7354 	EXP 	pos90: lineColor = '[-1.  1.  1.] (rgb)'
122.7354 	EXP 	pos135: fillColor = '[0. 0. 0.] (rgb)'
122.7354 	EXP 	pos135: lineColor = '[0. 0. 0.] (rgb)'
122.7354 	EXP 	pos180: fillColor = '[ 1. -1. -1.] (rgb)'
122.7354 	EXP 	pos180: lineColor = '[ 1. -1. -1.] (rgb)'
122.7354 	EXP 	pos225: fillColor = '[-1. -1.  1.] (rgb)'
122.7354 	EXP 	pos225: lineColor = '[-1. -1.  1.] (rgb)'
122.7354 	EXP 	pos270: fillColor = '[1. 1. 1.] (rgb)'
122.7354 	EXP 	pos270: lineColor = '[1. 1. 1.] (rgb)'
122.7354 	EXP 	pos315: fillColor = '[ 1.  1. -1.] (rgb)'
122.7354 	EXP 	pos315: lineColor = '[ 1.  1. -1.] (rgb)'
122.7354 	EXP 	response: fillColor = '[-1.  1.  1.] (rgb)'
122.7354 	EXP 	response: lineColor = '[-1.  1.  1.] (rgb)'
122.7354 	EXP 	pos0: autoDraw = True
122.7354 	EXP 	pos45: autoDraw = True
122.7354 	EXP 	pos90: autoDraw = True
122.7354 	EXP 	pos135: autoDraw = True
122.7354 	EXP 	pos180: autoDraw = True
122.7354 	EXP 	pos225: autoDraw = True
122.7354 	EXP 	pos270: autoDraw = True
122.7354 	EXP 	pos315: autoDraw = True
122.7354 	EXP 	text: autoDraw = True
122.8732 	DATA 	Mouse:  Left button up, pos=(650,781)
127.7506 	EXP 	pos0: autoDraw = False
127.7506 	EXP 	pos45: autoDraw = False
127.7506 	EXP 	pos90: autoDraw = False
127.7506 	EXP 	pos135: autoDraw = False
127.7506 	EXP 	pos180: autoDraw = False
127.7506 	EXP 	pos225: autoDraw = False
127.7506 	EXP 	pos270: autoDraw = False
127.7506 	EXP 	pos315: autoDraw = False
129.7327 	EXP 	response: autoDraw = True
132.2989 	DATA 	Mouse: Left button down, pos=(950,998)
132.3030 	EXP 	New trial (rep=0, index=13): OrderedDict([('Color0', [1, -1, -1]), ('Color45', [-1, -1, 1]), ('Color90', [1, -1, 1]), ('Color135', [1, 1, 1]), ('Color180', [-1, 1, -1]), ('Color225', [1, 1, -1]), ('Color270', [-1, 1, 1]), ('Color315', [0, 0, 0]), ('Cueresp', [-1, -1, 1]), ('target_angle', 45), ('load', 7), ('delay', 2), ('trial', 5)])
132.3152 	EXP 	pos0: autoDraw = False
132.3152 	EXP 	pos45: autoDraw = False
132.3152 	EXP 	pos90: autoDraw = False
132.3152 	EXP 	pos135: autoDraw = False
132.3152 	EXP 	pos180: autoDraw = False
132.3152 	EXP 	pos225: autoDraw = False
132.3152 	EXP 	pos270: autoDraw = False
132.3152 	EXP 	pos315: autoDraw = False
132.3152 	EXP 	response: autoDraw = False
132.3152 	EXP 	text: autoDraw = False
132.3152 	EXP 	pos0: fillColor = '[ 1. -1. -1.] (rgb)'
132.3152 	EXP 	pos0: lineColor = '[ 1. -1. -1.] (rgb)'
132.3152 	EXP 	pos45: fillColor = '[-1. -1.  1.] (rgb)'
132.3152 	EXP 	pos45: lineColor = '[-1. -1.  1.] (rgb)'
132.3152 	EXP 	pos90: fillColor = '[ 1. -1.  1.] (rgb)'
132.3152 	EXP 	pos90: lineColor = '[ 1. -1.  1.] (rgb)'
132.3152 	EXP 	pos135: fillColor = '[1. 1. 1.] (rgb)'
132.3152 	EXP 	pos135: lineColor = '[1. 1. 1.] (rgb)'
132.3152 	EXP 	pos180: fillColor = '[-1.  1. -1.] (rgb)'
132.3152 	EXP 	pos180: lineColor = '[-1.  1. -1.] (rgb)'
132.3152 	EXP 	pos225: fillColor = '[ 1.  1. -1.] (rgb)'
132.3152 	EXP 	pos225: lineColor = '[ 1.  1. -1.] (rgb)'
132.3152 	EXP 	pos270: fillColor = '[-1.  1.  1.] (rgb)'
132.3152 	EXP 	pos270: lineColor = '[-1.  1.  1.] (rgb)'
132.3152 	EXP 	pos315: fillColor = '[0. 0. 0.] (rgb)'
132.3152 	EXP 	pos315: lineColor = '[0. 0. 0.] (rgb)'
132.3152 	EXP 	response: fillColor = '[-1. -1.  1.] (rgb)'
132.3152 	EXP 	response: lineColor = '[-1. -1.  1.] (rgb)'
132.3152 	EXP 	pos0: autoDraw = True
132.3152 	EXP 	pos45: autoDraw = True
132.3152 	EXP 	pos90: autoDraw = True
132.3152 	EXP 	pos135: autoDraw = True
132.3152 	EXP 	pos180: autoDraw = True
132.3152 	EXP 	pos225: autoDraw = True
132.3152 	EXP 	pos270: autoDraw = True
132.3152 	EXP 	pos315: autoDraw = True
132.3152 	EXP 	text: autoDraw = True
132.4018 	DATA 	Mouse:  Left button up, pos=(950,998)
137.3304 	EXP 	pos0: autoDraw = False
137.3304 	EXP 	pos45: autoDraw = False
137.3304 	EXP 	pos90: autoDraw = False
137.3304 	EXP 	pos135: autoDraw = False
137.3304 	EXP 	pos180: autoDraw = False
137.3304 	EXP 	pos225: autoDraw = False
137.3304 	EXP 	pos270: autoDraw = False
137.3304 	EXP 	pos315: autoDraw = False
139.3135 	EXP 	response: autoDraw = True
141.1130 	DATA 	Mouse: Left button down, pos=(1284,817)
141.1177 	EXP 	New trial (rep=0, index=14): OrderedDict([('Color0', [-1, 1, 1]), ('Color45', [1, 1, 1]), ('Color90', [1, 1, -1]), ('Color135', [1, -1, 1]), ('Color180', [0, 0, 0]), ('Color225', [-1, 1, -1]), ('Color270', [-1, -1, 1]), ('Color315', [1, -1, -1]), ('Cueresp', [1, 1, -1]), ('target_angle', 90), ('load', 7), ('delay', 2), ('trial', 6)])
141.1289 	EXP 	pos0: autoDraw = False
141.1289 	EXP 	pos45: autoDraw = False
141.1289 	EXP 	pos90: autoDraw = False
141.1289 	EXP 	pos135: autoDraw = False
141.1289 	EXP 	pos180: autoDraw = False
141.1289 	EXP 	pos225: autoDraw = False
141.1289 	EXP 	pos270: autoDraw = False
141.1289 	EXP 	pos315: autoDraw = False
141.1289 	EXP 	response: autoDraw = False
141.1289 	EXP 	text: autoDraw = False
141.1289 	EXP 	pos0: fillColor = '[-1.  1.  1.] (rgb)'
141.1289 	EXP 	pos0: lineColor = '[-1.  1.  1.] (rgb)'
141.1289 	EXP 	pos45: fillColor = '[1. 1. 1.] (rgb)'
141.1289 	EXP 	pos45: lineColor = '[1. 1. 1.] (rgb)'
141.1289 	EXP 	pos90: fillColor = '[ 1.  1. -1.] (rgb)'
141.1289 	EXP 	pos90: lineColor = '[ 1.  1. -1.] (rgb)'
141.1289 	EXP 	pos135: fillColor = '[ 1. -1.  1.] (rgb)'
141.1289 	EXP 	pos135: lineColor = '[ 1. -1.  1.] (rgb)'
141.1289 	EXP 	pos180: fillColor = '[0. 0. 0.] (rgb)'
141.1289 	EXP 	pos180: lineColor = '[0. 0. 0.] (rgb)'
141.1289 	EXP 	pos225: fillColor = '[-1.  1. -1.] (rgb)'
141.1289 	EXP 	pos225: lineColor = '[-1.  1. -1.] (rgb)'
141.1289 	EXP 	pos270: fillColor = '[-1. -1.  1.] (rgb)'
141.1289 	EXP 	pos270: lineColor = '[-1. -1.  1.] (rgb)'
141.1289 	EXP 	pos315: fillColor = '[ 1. -1. -1.] (rgb)'
141.1289 	EXP 	pos315: lineColor = '[ 1. -1. -1.] (rgb)'
141.1289 	EXP 	response: fillColor = '[ 1.  1. -1.] (rgb)'
141.1289 	EXP 	response: lineColor = '[ 1.  1. -1.] (rgb)'
141.1289 	EXP 	pos0: autoDraw = True
141.1289 	EXP 	pos45: autoDraw = True
141.1289 	EXP 	pos90: autoDraw = True
141.1289 	EXP 	pos135: autoDraw = True
141.1289 	EXP 	pos180: autoDraw = True
141.1289 	EXP 	pos225: autoDraw = True
141.1289 	EXP 	pos270: autoDraw = True
141.1289 	EXP 	pos315: autoDraw = True
141.1289 	EXP 	text: autoDraw = True
141.2657 	DATA 	Mouse:  Left button up, pos=(1284,817)
146.1445 	EXP 	pos0: autoDraw = False
146.1445 	EXP 	pos45: autoDraw = False
146.1445 	EXP 	pos90: autoDraw = False
146.1445 	EXP 	pos135: autoDraw = False
146.1445 	EXP 	pos180: autoDraw = False
146.1445 	EXP 	pos225: autoDraw = False
146.1445 	EXP 	pos270: autoDraw = False
146.1445 	EXP 	pos315: autoDraw = False
148.1270 	EXP 	response: autoDraw = True
150.8525 	DATA 	Mouse: Left button down, pos=(999,960)
150.8611 	EXP 	New trial (rep=0, index=15): OrderedDict([('Color0', [0, 0, 0]), ('Color45', [1, -1, 1]), ('Color90', [-1, -1, 1]), ('Color135', [1, 1, -1]), ('Color180', [-1, 1, 1]), ('Color225', [1, -1, -1]), ('Color270', [-1, 1, -1]), ('Color315', [1, 1, 1]), ('Cueresp', [-1, 1, -1]), ('target_angle', 270), ('load', 7), ('delay', 2), ('trial', 7)])
150.8721 	EXP 	pos0: autoDraw = False
150.8721 	EXP 	pos45: autoDraw = False
150.8721 	EXP 	pos90: autoDraw = False
150.8721 	EXP 	pos135: autoDraw = False
150.8721 	EXP 	pos180: autoDraw = False
150.8721 	EXP 	pos225: autoDraw = False
150.8721 	EXP 	pos270: autoDraw = False
150.8721 	EXP 	pos315: autoDraw = False
150.8721 	EXP 	response: autoDraw = False
150.8721 	EXP 	text: autoDraw = False
150.8721 	EXP 	pos0: fillColor = '[0. 0. 0.] (rgb)'
150.8721 	EXP 	pos0: lineColor = '[0. 0. 0.] (rgb)'
150.8721 	EXP 	pos45: fillColor = '[ 1. -1.  1.] (rgb)'
150.8721 	EXP 	pos45: lineColor = '[ 1. -1.  1.] (rgb)'
150.8721 	EXP 	pos90: fillColor = '[-1. -1.  1.] (rgb)'
150.8721 	EXP 	pos90: lineColor = '[-1. -1.  1.] (rgb)'
150.8721 	EXP 	pos135: fillColor = '[ 1.  1. -1.] (rgb)'
150.8721 	EXP 	pos135: lineColor = '[ 1.  1. -1.] (rgb)'
150.8721 	EXP 	pos180: fillColor = '[-1.  1.  1.] (rgb)'
150.8721 	EXP 	pos180: lineColor = '[-1.  1.  1.] (rgb)'
150.8721 	EXP 	pos225: fillColor = '[ 1. -1. -1.] (rgb)'
150.8721 	EXP 	pos225: lineColor = '[ 1. -1. -1.] (rgb)'
150.8721 	EXP 	pos270: fillColor = '[-1.  1. -1.] (rgb)'
150.8721 	EXP 	pos270: lineColor = '[-1.  1. -1.] (rgb)'
150.8721 	EXP 	pos315: fillColor = '[1. 1. 1.] (rgb)'
150.8721 	EXP 	pos315: lineColor = '[1. 1. 1.] (rgb)'
150.8721 	EXP 	response: fillColor = '[-1.  1. -1.] (rgb)'
150.8721 	EXP 	response: lineColor = '[-1.  1. -1.] (rgb)'
150.8721 	EXP 	pos0: autoDraw = True
150.8721 	EXP 	pos45: autoDraw = True
150.8721 	EXP 	pos90: autoDraw = True
150.8721 	EXP 	pos135: autoDraw = True
150.8721 	EXP 	pos180: autoDraw = True
150.8721 	EXP 	pos225: autoDraw = True
150.8721 	EXP 	pos270: autoDraw = True
150.8721 	EXP 	pos315: autoDraw = True
150.8721 	EXP 	text: autoDraw = True
150.9629 	DATA 	Mouse:  Left button up, pos=(999,960)
155.8748 	EXP 	pos0: autoDraw = False
155.8748 	EXP 	pos45: autoDraw = False
155.8748 	EXP 	pos90: autoDraw = False
155.8748 	EXP 	pos135: autoDraw = False
155.8748 	EXP 	pos180: autoDraw = False
155.8748 	EXP 	pos225: autoDraw = False
155.8748 	EXP 	pos270: autoDraw = False
155.8748 	EXP 	pos315: autoDraw = False
157.8565 	EXP 	response: autoDraw = True
159.3139 	DATA 	Mouse: Left button down, pos=(945,220)
159.3363 	EXP 	Imported trials_long_delay.xlsx as conditions, 16 conditions, 13 params
159.3365 	EXP 	Created sequence: random, trialTypes=16, nReps=1, seed=None
159.3368 	EXP 	New trial (rep=0, index=0): OrderedDict([('Color0', [1, -1, 1]), ('Color45', [0, 0, 0]), ('Color90', [0, 0, 0]), ('Color135', [1, 1, 1]), ('Color180', [0, 0, 0]), ('Color225', [0, 0, 0]), ('Color270', [0, 0, 0]), ('Color315', [1, -1, -1]), ('Cueresp', [1, 1, 1]), ('target_angle', 135), ('load', 3), ('delay', 9), ('trial', 6)])
159.3452 	EXP 	pos0: autoDraw = False
159.3452 	EXP 	pos45: autoDraw = False
159.3452 	EXP 	pos90: autoDraw = False
159.3452 	EXP 	pos135: autoDraw = False
159.3452 	EXP 	pos180: autoDraw = False
159.3452 	EXP 	pos225: autoDraw = False
159.3452 	EXP 	pos270: autoDraw = False
159.3452 	EXP 	pos315: autoDraw = False
159.3452 	EXP 	response: autoDraw = False
159.3452 	EXP 	text: autoDraw = False
159.3452 	EXP 	pos0_2: fillColor = '[ 1. -1.  1.] (rgb)'
159.3452 	EXP 	pos0_2: lineColor = '[ 1. -1.  1.] (rgb)'
159.3452 	EXP 	pos45_2: fillColor = '[0. 0. 0.] (rgb)'
159.3452 	EXP 	pos45_2: lineColor = '[0. 0. 0.] (rgb)'
159.3452 	EXP 	pos90_2: fillColor = '[0. 0. 0.] (rgb)'
159.3452 	EXP 	pos90_2: lineColor = '[0. 0. 0.] (rgb)'
159.3452 	EXP 	pos135_2: fillColor = '[1. 1. 1.] (rgb)'
159.3452 	EXP 	pos135_2: lineColor = '[1. 1. 1.] (rgb)'
159.3452 	EXP 	pos180_2: fillColor = '[0. 0. 0.] (rgb)'
159.3452 	EXP 	pos180_2: lineColor = '[0. 0. 0.] (rgb)'
159.3452 	EXP 	pos225_2: fillColor = '[0. 0. 0.] (rgb)'
159.3452 	EXP 	pos225_2: lineColor = '[0. 0. 0.] (rgb)'
159.3452 	EXP 	pos270_2: fillColor = '[0. 0. 0.] (rgb)'
159.3452 	EXP 	pos270_2: lineColor = '[0. 0. 0.] (rgb)'
159.3452 	EXP 	pos315_2: fillColor = '[ 1. -1. -1.] (rgb)'
159.3452 	EXP 	pos315_2: lineColor = '[ 1. -1. -1.] (rgb)'
159.3452 	EXP 	response_2: fillColor = '[1. 1. 1.] (rgb)'
159.3452 	EXP 	response_2: lineColor = '[1. 1. 1.] (rgb)'
159.3452 	EXP 	pos0_2: autoDraw = True
159.3452 	EXP 	pos45_2: autoDraw = True
159.3452 	EXP 	pos90_2: autoDraw = True
159.3452 	EXP 	pos135_2: autoDraw = True
159.3452 	EXP 	pos180_2: autoDraw = True
159.3452 	EXP 	pos225_2: autoDraw = True
159.3452 	EXP 	pos270_2: autoDraw = True
159.3452 	EXP 	pos315_2: autoDraw = True
159.3452 	EXP 	text_4: autoDraw = True
159.4436 	DATA 	Mouse:  Left button up, pos=(945,220)
164.3544 	EXP 	pos0_2: autoDraw = False
164.3544 	EXP 	pos45_2: autoDraw = False
164.3544 	EXP 	pos90_2: autoDraw = False
164.3544 	EXP 	pos135_2: autoDraw = False
164.3544 	EXP 	pos180_2: autoDraw = False
164.3544 	EXP 	pos225_2: autoDraw = False
164.3544 	EXP 	pos270_2: autoDraw = False
164.3544 	EXP 	pos315_2: autoDraw = False
164.9733 	DATA 	Keypress: escape
165.2615 	EXP 	window1: mouseVisible = True
