10.8064 	EXP 	Created window1 = Window(allowGUI=False, allowStencil=False, args=UNKNOWN, autoLog=True, bitsMode=UNKNOWN, blendMode='avg', color=array([0., 0., 0.]), colorSpace='rgb', fullscr=<method-wrapper '__getattribute__' of attributeSetter object at 0x0000022A1507C3C8>, gamma=None, gammaErrorPolicy='raise', kwargs=UNKNOWN, lms=UNKNOWN, monitor=<psychopy.monitors.calibTools.Monitor object at 0x0000022A153275F8>, multiSample=False, name='window1', numSamples=2, pos=[0.0, 0.0], screen=0, size=array([1920, 1080]), stereo=False, units='height', useFBO=True, useRetina=False, viewOri=0.0, viewPos=None, viewScale=None, waitBlanking=True, winType='pyglet')
10.8066 	EXP 	window1: recordFrameIntervals = False
10.9714 	EXP 	window1: recordFrameIntervals = True
11.1551 	EXP 	window1: recordFrameIntervals = False
11.8382 	EXP 	Created text_3 = TextStim(__class__=<class 'psychopy.visual.text.TextStim'>, alignHoriz='center', alignVert='center', antialias=True, autoLog=True, bold=False, color='white', colorSpace='named', contrast=1.0, depth=0.0, flipHoriz=False, flipVert=False, font='Calibri', fontFiles=[], height=0.025, italic=False, languageStyle='LTR', name='text_3', opacity=1.0, ori=0, pos=array([-0.25,  0.  ]), rgb=array([255., 255., 255.]), text=str(...), units='height', win=Window(...), wrapWidth=1)
11.8559 	EXP 	Created pos0 = Polygon(__class__=<class 'psychopy.visual.polygon.Polygon'>, autoDraw=False, autoLog=True, closeShape=True, color=method-wrapper(...), colorSpace=None, contrast=1.0, depth=0.0, fillColor=array([1., 1., 1.]), fillColorSpace='rgb', fillRGB=array([1., 1., 1.]), interpolate=True, lineColor=array([1., 1., 1.]), lineColorSpace='rgb', lineRGB=array([1., 1., 1.]), lineWidth=0.005, name='pos0', opacity=1.0, ori=array(90.), pos=array([0.5, 0. ]), size=array([0.1, 0.1]), units='height', vertices=ndarray(...), win=Window(...))
11.8666 	EXP 	Created pos45 = Polygon(__class__=<class 'psychopy.visual.polygon.Polygon'>, autoDraw=False, autoLog=True, closeShape=True, color=method-wrapper(...), colorSpace=None, contrast=1.0, depth=-1.0, fillColor=array([1., 1., 1.]), fillColorSpace='rgb', fillRGB=array([1., 1., 1.]), interpolate=True, lineColor=array([1., 1., 1.]), lineColorSpace='rgb', lineRGB=array([1., 1., 1.]), lineWidth=1, name='pos45', opacity=1.0, ori=array(0.), pos=array([0.25, 0.25]), size=array([0.1, 0.1]), units='height', vertices=ndarray(...), win=Window(...))
11.8774 	EXP 	Created pos90 = Polygon(__class__=<class 'psychopy.visual.polygon.Polygon'>, autoDraw=False, autoLog=True, closeShape=True, color=method-wrapper(...), colorSpace=None, contrast=1.0, depth=-2.0, fillColor=array([1., 1., 1.]), fillColorSpace='rgb', fillRGB=array([1., 1., 1.]), interpolate=True, lineColor=array([1., 1., 1.]), lineColorSpace='rgb', lineRGB=array([1., 1., 1.]), lineWidth=0.005, name='pos90', opacity=1.0, ori=array(0.), pos=array([0. , 0.4]), size=array([0.1, 0.1]), units='height', vertices=ndarray(...), win=Window(...))
11.8875 	EXP 	Created pos135 = Polygon(__class__=<class 'psychopy.visual.polygon.Polygon'>, autoDraw=False, autoLog=True, closeShape=True, color=method-wrapper(...), colorSpace=None, contrast=1.0, depth=-3.0, fillColor=array([1., 1., 1.]), fillColorSpace='rgb', fillRGB=array([1., 1., 1.]), interpolate=True, lineColor=array([1., 1., 1.]), lineColorSpace='rgb', lineRGB=array([1., 1., 1.]), lineWidth=1, name='pos135', opacity=1.0, ori=array(0.), pos=array([-0.25,  0.25]), size=array([0.1, 0.1]), units='height', vertices=ndarray(...), win=Window(...))
11.8971 	EXP 	Created pos180 = Polygon(__class__=<class 'psychopy.visual.polygon.Polygon'>, autoDraw=False, autoLog=True, closeShape=True, color=method-wrapper(...), colorSpace=None, contrast=1.0, depth=-4.0, fillColor=array([1., 1., 1.]), fillColorSpace='rgb', fillRGB=array([1., 1., 1.]), interpolate=True, lineColor=array([1., 1., 1.]), lineColorSpace='rgb', lineRGB=array([1., 1., 1.]), lineWidth=1, name='pos180', opacity=1.0, ori=array(0.), pos=array([-0.5,  0. ]), size=array([0.1, 0.1]), units='height', vertices=ndarray(...), win=Window(...))
11.9070 	EXP 	Created pos225 = Polygon(__class__=<class 'psychopy.visual.polygon.Polygon'>, autoDraw=False, autoLog=True, closeShape=True, color=method-wrapper(...), colorSpace=None, contrast=1.0, depth=-5.0, fillColor=array([1., 1., 1.]), fillColorSpace='rgb', fillRGB=array([1., 1., 1.]), interpolate=True, lineColor=array([1., 1., 1.]), lineColorSpace='rgb', lineRGB=array([1., 1., 1.]), lineWidth=1, name='pos225', opacity=1.0, ori=array(0.), pos=array([-0.25, -0.25]), size=array([0.1, 0.1]), units='height', vertices=ndarray(...), win=Window(...))
11.9166 	EXP 	Created pos270 = Polygon(__class__=<class 'psychopy.visual.polygon.Polygon'>, autoDraw=False, autoLog=True, closeShape=True, color=method-wrapper(...), colorSpace=None, contrast=1.0, depth=-6.0, fillColor=array([1., 1., 1.]), fillColorSpace='rgb', fillRGB=array([1., 1., 1.]), interpolate=True, lineColor=array([1., 1., 1.]), lineColorSpace='rgb', lineRGB=array([1., 1., 1.]), lineWidth=1, name='pos270', opacity=1.0, ori=array(0.), pos=array([ 0. , -0.4]), size=array([0.1, 0.1]), units='height', vertices=ndarray(...), win=Window(...))
11.9262 	EXP 	Created pos315 = Polygon(__class__=<class 'psychopy.visual.polygon.Polygon'>, autoDraw=False, autoLog=True, closeShape=True, color=method-wrapper(...), colorSpace=None, contrast=1.0, depth=-7.0, fillColor=array([1., 1., 1.]), fillColorSpace='rgb', fillRGB=array([1., 1., 1.]), interpolate=True, lineColor=array([1., 1., 1.]), lineColorSpace='rgb', lineRGB=array([1., 1., 1.]), lineWidth=1, name='pos315', opacity=1.0, ori=array(0.), pos=array([ 0.25, -0.25]), size=array([0.1, 0.1]), units='height', vertices=ndarray(...), win=Window(...))
11.9361 	EXP 	Created response = Polygon(__class__=<class 'psychopy.visual.polygon.Polygon'>, autoDraw=False, autoLog=True, closeShape=True, color=method-wrapper(...), colorSpace=None, contrast=1.0, depth=-8.0, fillColor=array([1., 1., 1.]), fillColorSpace='rgb', fillRGB=array([1., 1., 1.]), interpolate=True, lineColor=array([1., 1., 1.]), lineColorSpace='rgb', lineRGB=array([1., 1., 1.]), lineWidth=1, name='response', opacity=1.0, ori=array(0.), pos=array([0., 0.]), size=array([0.1, 0.1]), units='height', vertices=ndarray(...), win=Window(...))
11.9463 	EXP 	Created pos0_2 = Polygon(__class__=<class 'psychopy.visual.polygon.Polygon'>, autoDraw=False, autoLog=True, closeShape=True, color=method-wrapper(...), colorSpace=None, contrast=1.0, depth=0.0, fillColor=array([1., 1., 1.]), fillColorSpace='rgb', fillRGB=array([1., 1., 1.]), interpolate=True, lineColor=array([1., 1., 1.]), lineColorSpace='rgb', lineRGB=array([1., 1., 1.]), lineWidth=0.005, name='pos0_2', opacity=1.0, ori=array(90.), pos=array([0.5, 0. ]), size=array([0.1, 0.1]), units='height', vertices=ndarray(...), win=Window(...))
11.9563 	EXP 	Created pos45_2 = Polygon(__class__=<class 'psychopy.visual.polygon.Polygon'>, autoDraw=False, autoLog=True, closeShape=True, color=method-wrapper(...), colorSpace=None, contrast=1.0, depth=-1.0, fillColor=array([1., 1., 1.]), fillColorSpace='rgb', fillRGB=array([1., 1., 1.]), interpolate=True, lineColor=array([1., 1., 1.]), lineColorSpace='rgb', lineRGB=array([1., 1., 1.]), lineWidth=1, name='pos45_2', opacity=1.0, ori=array(0.), pos=array([0.25, 0.25]), size=array([0.1, 0.1]), units='height', vertices=ndarray(...), win=Window(...))
11.9657 	EXP 	Created pos90_2 = Polygon(__class__=<class 'psychopy.visual.polygon.Polygon'>, autoDraw=False, autoLog=True, closeShape=True, color=method-wrapper(...), colorSpace=None, contrast=1.0, depth=-2.0, fillColor=array([1., 1., 1.]), fillColorSpace='rgb', fillRGB=array([1., 1., 1.]), interpolate=True, lineColor=array([1., 1., 1.]), lineColorSpace='rgb', lineRGB=array([1., 1., 1.]), lineWidth=0.005, name='pos90_2', opacity=1.0, ori=array(0.), pos=array([0. , 0.4]), size=array([0.1, 0.1]), units='height', vertices=ndarray(...), win=Window(...))
11.9729 	EXP 	Created pos135_2 = Polygon(__class__=<class 'psychopy.visual.polygon.Polygon'>, autoDraw=False, autoLog=True, closeShape=True, color=method-wrapper(...), colorSpace=None, contrast=1.0, depth=-3.0, fillColor=array([1., 1., 1.]), fillColorSpace='rgb', fillRGB=array([1., 1., 1.]), interpolate=True, lineColor=array([1., 1., 1.]), lineColorSpace='rgb', lineRGB=array([1., 1., 1.]), lineWidth=1, name='pos135_2', opacity=1.0, ori=array(0.), pos=array([-0.25,  0.25]), size=array([0.1, 0.1]), units='height', vertices=ndarray(...), win=Window(...))
11.9789 	EXP 	Created pos180_2 = Polygon(__class__=<class 'psychopy.visual.polygon.Polygon'>, autoDraw=False, autoLog=True, closeShape=True, color=method-wrapper(...), colorSpace=None, contrast=1.0, depth=-4.0, fillColor=array([1., 1., 1.]), fillColorSpace='rgb', fillRGB=array([1., 1., 1.]), interpolate=True, lineColor=array([1., 1., 1.]), lineColorSpace='rgb', lineRGB=array([1., 1., 1.]), lineWidth=1, name='pos180_2', opacity=1.0, ori=array(0.), pos=array([-0.5,  0. ]), size=array([0.1, 0.1]), units='height', vertices=ndarray(...), win=Window(...))
11.9846 	EXP 	Created pos225_2 = Polygon(__class__=<class 'psychopy.visual.polygon.Polygon'>, autoDraw=False, autoLog=True, closeShape=True, color=method-wrapper(...), colorSpace=None, contrast=1.0, depth=-5.0, fillColor=array([1., 1., 1.]), fillColorSpace='rgb', fillRGB=array([1., 1., 1.]), interpolate=True, lineColor=array([1., 1., 1.]), lineColorSpace='rgb', lineRGB=array([1., 1., 1.]), lineWidth=1, name='pos225_2', opacity=1.0, ori=array(0.), pos=array([-0.25, -0.25]), size=array([0.1, 0.1]), units='height', vertices=ndarray(...), win=Window(...))
11.9896 	EXP 	Created pos270_2 = Polygon(__class__=<class 'psychopy.visual.polygon.Polygon'>, autoDraw=False, autoLog=True, closeShape=True, color=method-wrapper(...), colorSpace=None, contrast=1.0, depth=-6.0, fillColor=array([1., 1., 1.]), fillColorSpace='rgb', fillRGB=array([1., 1., 1.]), interpolate=True, lineColor=array([1., 1., 1.]), lineColorSpace='rgb', lineRGB=array([1., 1., 1.]), lineWidth=1, name='pos270_2', opacity=1.0, ori=array(0.), pos=array([ 0. , -0.4]), size=array([0.1, 0.1]), units='height', vertices=ndarray(...), win=Window(...))
11.9942 	EXP 	Created pos315_2 = Polygon(__class__=<class 'psychopy.visual.polygon.Polygon'>, autoDraw=False, autoLog=True, closeShape=True, color=method-wrapper(...), colorSpace=None, contrast=1.0, depth=-7.0, fillColor=array([1., 1., 1.]), fillColorSpace='rgb', fillRGB=array([1., 1., 1.]), interpolate=True, lineColor=array([1., 1., 1.]), lineColorSpace='rgb', lineRGB=array([1., 1., 1.]), lineWidth=1, name='pos315_2', opacity=1.0, ori=array(0.), pos=array([ 0.25, -0.25]), size=array([0.1, 0.1]), units='height', vertices=ndarray(...), win=Window(...))
11.9987 	EXP 	Created response_2 = Polygon(__class__=<class 'psychopy.visual.polygon.Polygon'>, autoDraw=False, autoLog=True, closeShape=True, color=method-wrapper(...), colorSpace=None, contrast=1.0, depth=-8.0, fillColor=array([1., 1., 1.]), fillColorSpace='rgb', fillRGB=array([1., 1., 1.]), interpolate=True, lineColor=array([1., 1., 1.]), lineColorSpace='rgb', lineRGB=array([1., 1., 1.]), lineWidth=1, name='response_2', opacity=1.0, ori=array(0.), pos=array([0., 0.]), size=array([0.1, 0.1]), units='height', vertices=ndarray(...), win=Window(...))
12.0204 	EXP 	Created text_2 = TextStim(__class__=<class 'psychopy.visual.text.TextStim'>, alignHoriz='center', alignVert='center', antialias=True, autoLog=True, bold=False, color='white', colorSpace='named', contrast=1.0, depth=0.0, flipHoriz=False, flipVert=False, font='Calibri', fontFiles=[], height=0.025, italic=False, languageStyle='LTR', name='text_2', opacity=1.0, ori=0, pos=array([0., 0.]), rgb=array([255., 255., 255.]), text=str(...), units='height', win=Window(...), wrapWidth=1)
12.0605 	EXP 	text_3: autoDraw = True
12.8086 	DATA 	Keypress: space
15.8756 	DATA 	Keypress: space
18.2768 	DATA 	Keypress: space
18.4371 	EXP 	Imported delay_short.xlsx as conditions, 3 conditions, 9 params
18.4381 	EXP 	Created sequence: sequential, trialTypes=3, nReps=1, seed=None
18.4394 	EXP 	New trial (rep=0, index=0): OrderedDict([('Color0', [0, 255, 0]), ('Color45', [1, 1, 1]), ('Color90', [0, 0, 1]), ('Color135', [0, 0, 0]), ('Color180', [1, 1, 0]), ('Color225', [1, 1, 0]), ('Color270', [1, 1, 0]), ('Color315', [0, 0, 0]), ('Cueresp', [1, 1, 0])])
18.4607 	EXP 	text_3: autoDraw = False
18.4607 	EXP 	pos0: fillColor = '[  0. 255.   0.] (rgb)'
18.4607 	EXP 	pos0: lineColor = '[  0. 255.   0.] (rgb)'
18.4607 	EXP 	pos45: fillColor = '[1. 1. 1.] (rgb)'
18.4607 	EXP 	pos45: lineColor = '[1. 1. 1.] (rgb)'
18.4607 	EXP 	pos90: fillColor = '[0. 0. 1.] (rgb)'
18.4607 	EXP 	pos90: lineColor = '[0. 0. 1.] (rgb)'
18.4607 	EXP 	pos135: fillColor = '[0. 0. 0.] (rgb)'
18.4607 	EXP 	pos135: lineColor = '[0. 0. 0.] (rgb)'
18.4607 	EXP 	pos180: fillColor = '[1. 1. 0.] (rgb)'
18.4607 	EXP 	pos180: lineColor = '[1. 1. 0.] (rgb)'
18.4607 	EXP 	pos225: fillColor = '[1. 1. 0.] (rgb)'
18.4607 	EXP 	pos225: lineColor = '[1. 1. 0.] (rgb)'
18.4607 	EXP 	pos270: fillColor = '[1. 1. 0.] (rgb)'
18.4607 	EXP 	pos270: lineColor = '[1. 1. 0.] (rgb)'
18.4607 	EXP 	pos315: fillColor = '[0. 0. 0.] (rgb)'
18.4607 	EXP 	pos315: lineColor = '[0. 0. 0.] (rgb)'
18.4607 	EXP 	response: fillColor = '[1. 1. 0.] (rgb)'
18.4607 	EXP 	response: lineColor = '[1. 1. 0.] (rgb)'
18.4607 	EXP 	pos0: autoDraw = True
18.4607 	EXP 	pos45: autoDraw = True
18.4607 	EXP 	pos90: autoDraw = True
18.4607 	EXP 	pos135: autoDraw = True
18.4607 	EXP 	pos180: autoDraw = True
18.4607 	EXP 	pos225: autoDraw = True
18.4607 	EXP 	pos270: autoDraw = True
18.4607 	EXP 	pos315: autoDraw = True
23.4670 	EXP 	pos0: autoDraw = False
23.4670 	EXP 	pos45: autoDraw = False
23.4670 	EXP 	pos90: autoDraw = False
23.4670 	EXP 	pos135: autoDraw = False
23.4670 	EXP 	pos180: autoDraw = False
23.4670 	EXP 	pos225: autoDraw = False
23.4670 	EXP 	pos270: autoDraw = False
23.4670 	EXP 	pos315: autoDraw = False
25.4499 	EXP 	response: autoDraw = True
26.2006 	DATA 	Keypress: escape
26.5602 	EXP 	window1: mouseVisible = True
