12.3606 	EXP 	Created window1 = Window(allowGUI=False, allowStencil=False, args=UNKNOWN, autoLog=True, bitsMode=UNKNOWN, blendMode='avg', color=array([0., 0., 0.]), colorSpace='rgb', fullscr=<method-wrapper '__getattribute__' of attributeSetter object at 0x000001F0053E26D8>, gamma=None, gammaErrorPolicy='raise', kwargs=UNKNOWN, lms=UNKNOWN, monitor=<psychopy.monitors.calibTools.Monitor object at 0x000001F0054B6908>, multiSample=False, name='window1', numSamples=2, pos=[0.0, 0.0], screen=0, size=array([1920, 1080]), stereo=False, units='height', useFBO=True, useRetina=False, viewOri=0.0, viewPos=None, viewScale=None, waitBlanking=True, winType='pyglet')
12.3608 	EXP 	window1: recordFrameIntervals = False
12.5256 	EXP 	window1: recordFrameIntervals = True
12.7090 	EXP 	window1: recordFrameIntervals = False
13.3531 	EXP 	Created text_3 = TextStim(__class__=<class 'psychopy.visual.text.TextStim'>, alignHoriz='center', alignVert='center', antialias=True, autoLog=True, bold=False, color='white', colorSpace='named', contrast=1.0, depth=0.0, flipHoriz=False, flipVert=False, font='Calibri', fontFiles=[], height=0.025, italic=False, languageStyle='LTR', name='text_3', opacity=1.0, ori=0, pos=array([-0.25,  0.  ]), rgb=array([255., 255., 255.]), text=str(...), units='height', win=Window(...), wrapWidth=1)
13.3567 	EXP 	Created polygon_1 = ShapeStim(__class__=<class 'psychopy.visual.shape.ShapeStim'>, autoDraw=False, autoLog=True, closeShape=True, contrast=1.0, depth=-1.0, fillColor=array([1., 1., 1.]), fillColorSpace='rgb', interpolate=True, lineColor=array([1., 1., 1.]), lineColorSpace='rgb', lineWidth=0.005, name='polygon_1', opacity=1.0, ori=array(0.), pos=array([-0.5,  0. ]), size=array([1., 1.]), units='height', vertices=ndarray(...), win=Window(...), windingRule=None)
13.3591 	EXP 	Created polygon_2 = ShapeStim(__class__=<class 'psychopy.visual.shape.ShapeStim'>, autoDraw=False, autoLog=True, closeShape=True, contrast=1.0, depth=-2.0, fillColor=array([1., 1., 1.]), fillColorSpace='rgb', interpolate=True, lineColor=array([1., 1., 1.]), lineColorSpace='rgb', lineWidth=0.005, name='polygon_2', opacity=1.0, ori=array(90.), pos=array([0.5, 0. ]), size=array([1., 1.]), units='height', vertices=ndarray(...), win=Window(...), windingRule=None)
13.3705 	EXP 	Created polygon_3 = Polygon(__class__=<class 'psychopy.visual.polygon.Polygon'>, autoDraw=False, autoLog=True, closeShape=True, color=method-wrapper(...), colorSpace=None, contrast=1.0, depth=-3.0, fillColor=array([1., 1., 1.]), fillColorSpace='rgb', fillRGB=array([1., 1., 1.]), interpolate=True, lineColor=array([1., 1., 1.]), lineColorSpace='rgb', lineRGB=array([1., 1., 1.]), lineWidth=1, name='polygon_3', opacity=1.0, ori=array(0.), pos=array([0. , 0.5]), size=array([0.1, 0.1]), units='height', vertices=ndarray(...), win=Window(...))
13.3960 	EXP 	Created text_2 = TextStim(__class__=<class 'psychopy.visual.text.TextStim'>, alignHoriz='center', alignVert='center', antialias=True, autoLog=True, bold=False, color='white', colorSpace='named', contrast=1.0, depth=0.0, flipHoriz=False, flipVert=False, font='Calibri', fontFiles=[], height=0.025, italic=False, languageStyle='LTR', name='text_2', opacity=1.0, ori=0, pos=array([0., 0.]), rgb=array([255., 255., 255.]), text=str(...), units='height', win=Window(...), wrapWidth=1)
13.4455 	EXP 	text_3: autoDraw = True
14.4115 	DATA 	Keypress: space
15.4786 	DATA 	Keypress: space
16.6622 	DATA 	Mouse: Left button down, pos=(1212,562)
16.7443 	DATA 	Mouse:  Left button up, pos=(1206,563)
17.3951 	DATA 	Keypress: space
19.6478 	EXP 	Imported Trials_.xlsx as conditions, 3 conditions, 3 params
19.6482 	EXP 	Created sequence: sequential, trialTypes=3, nReps=1, seed=None
19.6487 	EXP 	New trial (rep=0, index=0): OrderedDict([('Color1', [1, 1, 0]), ('Color2', [1, 1, 1]), ('Color3', [0, 0, 1])])
19.6502 	DATA 	Keypress: space
19.6576 	EXP 	text_3: autoDraw = False
19.6576 	EXP 	polygon_1: fillColor = '[1. 1. 0.] (rgb)'
19.6576 	EXP 	polygon_2: fillColor = '[1. 1. 1.] (rgb)'
19.6576 	EXP 	polygon_3: fillColor = '[0. 0. 1.] (rgb)'
19.6576 	EXP 	polygon_1: autoDraw = True
19.6576 	EXP 	polygon_2: autoDraw = True
19.6576 	EXP 	polygon_3: autoDraw = True
20.6725 	EXP 	polygon_1: autoDraw = False
20.6725 	EXP 	polygon_2: autoDraw = False
20.6725 	EXP 	polygon_3: autoDraw = False
22.6907 	DATA 	Mouse: Left button down, pos=(744,555)
22.7065 	EXP 	New trial (rep=0, index=1): OrderedDict([('Color1', [1, 1, 0]), ('Color2', [1, 1, 1]), ('Color3', [1, 0.5, 1])])
22.7159 	EXP 	polygon_1: autoDraw = False
22.7159 	EXP 	polygon_2: autoDraw = False
22.7159 	EXP 	polygon_3: autoDraw = False
22.7159 	EXP 	polygon_1: fillColor = '[1. 1. 0.] (rgb)'
22.7159 	EXP 	polygon_2: fillColor = '[1. 1. 1.] (rgb)'
22.7159 	EXP 	polygon_3: fillColor = '[1.  0.5 1. ] (rgb)'
22.7159 	EXP 	polygon_1: autoDraw = True
22.7159 	EXP 	polygon_2: autoDraw = True
22.7159 	EXP 	polygon_3: autoDraw = True
22.8058 	DATA 	Mouse:  Left button up, pos=(744,555)
23.7211 	EXP 	polygon_1: autoDraw = False
23.7211 	EXP 	polygon_2: autoDraw = False
23.7211 	EXP 	polygon_3: autoDraw = False
24.2556 	DATA 	Mouse: Left button down, pos=(744,555)
24.2649 	EXP 	New trial (rep=0, index=2): OrderedDict([('Color1', [1, 1, 0]), ('Color2', [1, 1, 1]), ('Color3', [1, 1, 1])])
24.2741 	EXP 	polygon_1: autoDraw = False
24.2741 	EXP 	polygon_2: autoDraw = False
24.2741 	EXP 	polygon_3: autoDraw = False
24.2741 	EXP 	polygon_1: fillColor = '[1. 1. 0.] (rgb)'
24.2741 	EXP 	polygon_2: fillColor = '[1. 1. 1.] (rgb)'
24.2741 	EXP 	polygon_3: fillColor = '[1. 1. 1.] (rgb)'
24.2741 	EXP 	polygon_1: autoDraw = True
24.2741 	EXP 	polygon_2: autoDraw = True
24.2741 	EXP 	polygon_3: autoDraw = True
24.3544 	DATA 	Mouse:  Left button up, pos=(744,555)
25.2872 	EXP 	polygon_1: autoDraw = False
25.2872 	EXP 	polygon_2: autoDraw = False
25.2872 	EXP 	polygon_3: autoDraw = False
25.8882 	DATA 	Mouse: Left button down, pos=(744,555)
25.9051 	EXP 	polygon_1: autoDraw = False
25.9051 	EXP 	polygon_2: autoDraw = False
25.9051 	EXP 	polygon_3: autoDraw = False
25.9051 	EXP 	text_2: autoDraw = True
26.0064 	DATA 	Mouse:  Left button up, pos=(744,555)
27.0903 	DATA 	Keypress: escape
27.3590 	EXP 	window1: mouseVisible = True
