6.7496 	EXP 	Created window1 = Window(allowGUI=False, allowStencil=False, args=UNKNOWN, autoLog=True, bitsMode=UNKNOWN, blendMode='avg', color=array([0., 0., 0.]), colorSpace='rgb', fullscr=<method-wrapper '__getattribute__' of attributeSetter object at 0x000002C1E5B84550>, gamma=None, gammaErrorPolicy='raise', kwargs=UNKNOWN, lms=UNKNOWN, monitor=<psychopy.monitors.calibTools.Monitor object at 0x000002C1E5C58780>, multiSample=False, name='window1', numSamples=2, pos=[0.0, 0.0], screen=0, size=array([1920, 1080]), stereo=False, units='height', useFBO=True, useRetina=False, viewOri=0.0, viewPos=None, viewScale=None, waitBlanking=True, winType='pyglet')
6.7496 	EXP 	window1: recordFrameIntervals = False
6.9160 	EXP 	window1: recordFrameIntervals = True
7.1003 	EXP 	window1: recordFrameIntervals = False
7.3673 	EXP 	Created text_3 = TextStim(__class__=<class 'psychopy.visual.text.TextStim'>, alignHoriz='center', alignVert='center', antialias=True, autoLog=True, bold=False, color='white', colorSpace='named', contrast=1.0, depth=0.0, flipHoriz=False, flipVert=False, font='Calibri', fontFiles=[], height=0.025, italic=False, languageStyle='LTR', name='text_3', opacity=1.0, ori=0, pos=array([-0.25,  0.  ]), rgb=array([255., 255., 255.]), text=str(...), units='height', win=Window(...), wrapWidth=1)
7.3721 	EXP 	Created pos0 = Polygon(__class__=<class 'psychopy.visual.polygon.Polygon'>, autoDraw=False, autoLog=True, closeShape=True, color=method-wrapper(...), colorSpace=None, contrast=1.0, depth=0.0, fillColor=array([1., 1., 1.]), fillColorSpace='rgb', fillRGB=array([1., 1., 1.]), interpolate=True, lineColor=array([1., 1., 1.]), lineColorSpace='rgb', lineRGB=array([1., 1., 1.]), lineWidth=0.005, name='pos0', opacity=1.0, ori=array(90.), pos=array([0.4, 0. ]), size=array([0.1, 0.1]), units='height', vertices=ndarray(...), win=Window(...))
7.3751 	EXP 	Created pos45 = Polygon(__class__=<class 'psychopy.visual.polygon.Polygon'>, autoDraw=False, autoLog=True, closeShape=True, color=method-wrapper(...), colorSpace=None, contrast=1.0, depth=-1.0, fillColor=array([1., 1., 1.]), fillColorSpace='rgb', fillRGB=array([1., 1., 1.]), interpolate=True, lineColor=array([1., 1., 1.]), lineColorSpace='rgb', lineRGB=array([1., 1., 1.]), lineWidth=1, name='pos45', opacity=1.0, ori=array(0.), pos=array([0.25, 0.25]), size=array([0.1, 0.1]), units='height', vertices=ndarray(...), win=Window(...))
7.3781 	EXP 	Created pos90 = Polygon(__class__=<class 'psychopy.visual.polygon.Polygon'>, autoDraw=False, autoLog=True, closeShape=True, color=method-wrapper(...), colorSpace=None, contrast=1.0, depth=-2.0, fillColor=array([1., 1., 1.]), fillColorSpace='rgb', fillRGB=array([1., 1., 1.]), interpolate=True, lineColor=array([1., 1., 1.]), lineColorSpace='rgb', lineRGB=array([1., 1., 1.]), lineWidth=0.005, name='pos90', opacity=1.0, ori=array(0.), pos=array([0. , 0.4]), size=array([0.1, 0.1]), units='height', vertices=ndarray(...), win=Window(...))
7.3812 	EXP 	Created pos135 = Polygon(__class__=<class 'psychopy.visual.polygon.Polygon'>, autoDraw=False, autoLog=True, closeShape=True, color=method-wrapper(...), colorSpace=None, contrast=1.0, depth=-3.0, fillColor=array([1., 1., 1.]), fillColorSpace='rgb', fillRGB=array([1., 1., 1.]), interpolate=True, lineColor=array([1., 1., 1.]), lineColorSpace='rgb', lineRGB=array([1., 1., 1.]), lineWidth=1, name='pos135', opacity=1.0, ori=array(0.), pos=array([-0.25,  0.25]), size=array([0.1, 0.1]), units='height', vertices=ndarray(...), win=Window(...))
7.3842 	EXP 	Created pos180 = Polygon(__class__=<class 'psychopy.visual.polygon.Polygon'>, autoDraw=False, autoLog=True, closeShape=True, color=method-wrapper(...), colorSpace=None, contrast=1.0, depth=-4.0, fillColor=array([1., 1., 1.]), fillColorSpace='rgb', fillRGB=array([1., 1., 1.]), interpolate=True, lineColor=array([1., 1., 1.]), lineColorSpace='rgb', lineRGB=array([1., 1., 1.]), lineWidth=1, name='pos180', opacity=1.0, ori=array(0.), pos=array([-0.4,  0. ]), size=array([0.1, 0.1]), units='height', vertices=ndarray(...), win=Window(...))
7.3876 	EXP 	Created pos225 = Polygon(__class__=<class 'psychopy.visual.polygon.Polygon'>, autoDraw=False, autoLog=True, closeShape=True, color=method-wrapper(...), colorSpace=None, contrast=1.0, depth=-5.0, fillColor=array([1., 1., 1.]), fillColorSpace='rgb', fillRGB=array([1., 1., 1.]), interpolate=True, lineColor=array([1., 1., 1.]), lineColorSpace='rgb', lineRGB=array([1., 1., 1.]), lineWidth=1, name='pos225', opacity=1.0, ori=array(0.), pos=array([-0.25, -0.25]), size=array([0.1, 0.1]), units='height', vertices=ndarray(...), win=Window(...))
7.3905 	EXP 	Created pos270 = Polygon(__class__=<class 'psychopy.visual.polygon.Polygon'>, autoDraw=False, autoLog=True, closeShape=True, color=method-wrapper(...), colorSpace=None, contrast=1.0, depth=-6.0, fillColor=array([1., 1., 1.]), fillColorSpace='rgb', fillRGB=array([1., 1., 1.]), interpolate=True, lineColor=array([1., 1., 1.]), lineColorSpace='rgb', lineRGB=array([1., 1., 1.]), lineWidth=1, name='pos270', opacity=1.0, ori=array(0.), pos=array([ 0. , -0.4]), size=array([0.1, 0.1]), units='height', vertices=ndarray(...), win=Window(...))
7.3935 	EXP 	Created pos315 = Polygon(__class__=<class 'psychopy.visual.polygon.Polygon'>, autoDraw=False, autoLog=True, closeShape=True, color=method-wrapper(...), colorSpace=None, contrast=1.0, depth=-7.0, fillColor=array([1., 1., 1.]), fillColorSpace='rgb', fillRGB=array([1., 1., 1.]), interpolate=True, lineColor=array([1., 1., 1.]), lineColorSpace='rgb', lineRGB=array([1., 1., 1.]), lineWidth=1, name='pos315', opacity=1.0, ori=array(0.), pos=array([ 0.25, -0.25]), size=array([0.1, 0.1]), units='height', vertices=ndarray(...), win=Window(...))
7.3965 	EXP 	Created response = Polygon(__class__=<class 'psychopy.visual.polygon.Polygon'>, autoDraw=False, autoLog=True, closeShape=True, color=method-wrapper(...), colorSpace=None, contrast=1.0, depth=-8.0, fillColor=array([1., 1., 1.]), fillColorSpace='rgb', fillRGB=array([1., 1., 1.]), interpolate=True, lineColor=array([1., 1., 1.]), lineColorSpace='rgb', lineRGB=array([1., 1., 1.]), lineWidth=1, name='response', opacity=1.0, ori=array(0.), pos=array([0., 0.]), size=array([0.1, 0.1]), units='height', vertices=ndarray(...), win=Window(...))
7.4050 	EXP 	Created text = TextStim(__class__=<class 'psychopy.visual.text.TextStim'>, alignHoriz='center', alignVert='center', antialias=True, autoLog=True, bold=False, color='black', colorSpace='named', contrast=1.0, depth=-10.0, flipHoriz=False, flipVert=False, font='Arial', fontFiles=[], height=0.05, italic=False, languageStyle='LTR', name='text', opacity=1.0, ori=0, pos=array([0., 0.]), rgb=array([0., 0., 0.]), text='+', units='height', win=Window(...), wrapWidth=1)
7.4080 	EXP 	Created pos0_2 = Polygon(__class__=<class 'psychopy.visual.polygon.Polygon'>, autoDraw=False, autoLog=True, closeShape=True, color=method-wrapper(...), colorSpace=None, contrast=1.0, depth=0.0, fillColor=array([1., 1., 1.]), fillColorSpace='rgb', fillRGB=array([1., 1., 1.]), interpolate=True, lineColor=array([1., 1., 1.]), lineColorSpace='rgb', lineRGB=array([1., 1., 1.]), lineWidth=0.005, name='pos0_2', opacity=1.0, ori=array(90.), pos=array([0.4, 0. ]), size=array([0.1, 0.1]), units='height', vertices=ndarray(...), win=Window(...))
7.4110 	EXP 	Created pos45_2 = Polygon(__class__=<class 'psychopy.visual.polygon.Polygon'>, autoDraw=False, autoLog=True, closeShape=True, color=method-wrapper(...), colorSpace=None, contrast=1.0, depth=-1.0, fillColor=array([1., 1., 1.]), fillColorSpace='rgb', fillRGB=array([1., 1., 1.]), interpolate=True, lineColor=array([1., 1., 1.]), lineColorSpace='rgb', lineRGB=array([1., 1., 1.]), lineWidth=1, name='pos45_2', opacity=1.0, ori=array(0.), pos=array([0.25, 0.25]), size=array([0.1, 0.1]), units='height', vertices=ndarray(...), win=Window(...))
7.4142 	EXP 	Created pos90_2 = Polygon(__class__=<class 'psychopy.visual.polygon.Polygon'>, autoDraw=False, autoLog=True, closeShape=True, color=method-wrapper(...), colorSpace=None, contrast=1.0, depth=-2.0, fillColor=array([1., 1., 1.]), fillColorSpace='rgb', fillRGB=array([1., 1., 1.]), interpolate=True, lineColor=array([1., 1., 1.]), lineColorSpace='rgb', lineRGB=array([1., 1., 1.]), lineWidth=0.005, name='pos90_2', opacity=1.0, ori=array(0.), pos=array([0. , 0.4]), size=array([0.1, 0.1]), units='height', vertices=ndarray(...), win=Window(...))
7.4176 	EXP 	Created pos135_2 = Polygon(__class__=<class 'psychopy.visual.polygon.Polygon'>, autoDraw=False, autoLog=True, closeShape=True, color=method-wrapper(...), colorSpace=None, contrast=1.0, depth=-3.0, fillColor=array([1., 1., 1.]), fillColorSpace='rgb', fillRGB=array([1., 1., 1.]), interpolate=True, lineColor=array([1., 1., 1.]), lineColorSpace='rgb', lineRGB=array([1., 1., 1.]), lineWidth=1, name='pos135_2', opacity=1.0, ori=array(0.), pos=array([-0.25,  0.25]), size=array([0.1, 0.1]), units='height', vertices=ndarray(...), win=Window(...))
7.4205 	EXP 	Created pos180_2 = Polygon(__class__=<class 'psychopy.visual.polygon.Polygon'>, autoDraw=False, autoLog=True, closeShape=True, color=method-wrapper(...), colorSpace=None, contrast=1.0, depth=-4.0, fillColor=array([1., 1., 1.]), fillColorSpace='rgb', fillRGB=array([1., 1., 1.]), interpolate=True, lineColor=array([1., 1., 1.]), lineColorSpace='rgb', lineRGB=array([1., 1., 1.]), lineWidth=1, name='pos180_2', opacity=1.0, ori=array(0.), pos=array([-0.4,  0. ]), size=array([0.1, 0.1]), units='height', vertices=ndarray(...), win=Window(...))
7.4236 	EXP 	Created pos225_2 = Polygon(__class__=<class 'psychopy.visual.polygon.Polygon'>, autoDraw=False, autoLog=True, closeShape=True, color=method-wrapper(...), colorSpace=None, contrast=1.0, depth=-5.0, fillColor=array([1., 1., 1.]), fillColorSpace='rgb', fillRGB=array([1., 1., 1.]), interpolate=True, lineColor=array([1., 1., 1.]), lineColorSpace='rgb', lineRGB=array([1., 1., 1.]), lineWidth=1, name='pos225_2', opacity=1.0, ori=array(0.), pos=array([-0.25, -0.25]), size=array([0.1, 0.1]), units='height', vertices=ndarray(...), win=Window(...))
7.4266 	EXP 	Created pos270_2 = Polygon(__class__=<class 'psychopy.visual.polygon.Polygon'>, autoDraw=False, autoLog=True, closeShape=True, color=method-wrapper(...), colorSpace=None, contrast=1.0, depth=-6.0, fillColor=array([1., 1., 1.]), fillColorSpace='rgb', fillRGB=array([1., 1., 1.]), interpolate=True, lineColor=array([1., 1., 1.]), lineColorSpace='rgb', lineRGB=array([1., 1., 1.]), lineWidth=1, name='pos270_2', opacity=1.0, ori=array(0.), pos=array([ 0. , -0.4]), size=array([0.1, 0.1]), units='height', vertices=ndarray(...), win=Window(...))
7.4295 	EXP 	Created pos315_2 = Polygon(__class__=<class 'psychopy.visual.polygon.Polygon'>, autoDraw=False, autoLog=True, closeShape=True, color=method-wrapper(...), colorSpace=None, contrast=1.0, depth=-7.0, fillColor=array([1., 1., 1.]), fillColorSpace='rgb', fillRGB=array([1., 1., 1.]), interpolate=True, lineColor=array([1., 1., 1.]), lineColorSpace='rgb', lineRGB=array([1., 1., 1.]), lineWidth=1, name='pos315_2', opacity=1.0, ori=array(0.), pos=array([ 0.25, -0.25]), size=array([0.1, 0.1]), units='height', vertices=ndarray(...), win=Window(...))
7.4326 	EXP 	Created response_2 = Polygon(__class__=<class 'psychopy.visual.polygon.Polygon'>, autoDraw=False, autoLog=True, closeShape=True, color=method-wrapper(...), colorSpace=None, contrast=1.0, depth=-8.0, fillColor=array([1., 1., 1.]), fillColorSpace='rgb', fillRGB=array([1., 1., 1.]), interpolate=True, lineColor=array([1., 1., 1.]), lineColorSpace='rgb', lineRGB=array([1., 1., 1.]), lineWidth=1, name='response_2', opacity=1.0, ori=array(0.), pos=array([0., 0.]), size=array([0.1, 0.1]), units='height', vertices=ndarray(...), win=Window(...))
7.4346 	EXP 	Created text_4 = TextStim(__class__=<class 'psychopy.visual.text.TextStim'>, alignHoriz='center', alignVert='center', antialias=True, autoLog=True, bold=False, color='black', colorSpace='named', contrast=1.0, depth=-10.0, flipHoriz=False, flipVert=False, font='Arial', fontFiles=[], height=0.05, italic=False, languageStyle='LTR', name='text_4', opacity=1.0, ori=0, pos=array([0., 0.]), rgb=array([0., 0., 0.]), text='+', units='height', win=Window(...), wrapWidth=1)
7.4462 	EXP 	Created text_2 = TextStim(__class__=<class 'psychopy.visual.text.TextStim'>, alignHoriz='center', alignVert='center', antialias=True, autoLog=True, bold=False, color='white', colorSpace='named', contrast=1.0, depth=0.0, flipHoriz=False, flipVert=False, font='Calibri', fontFiles=[], height=0.025, italic=False, languageStyle='LTR', name='text_2', opacity=1.0, ori=0, pos=array([0., 0.]), rgb=array([255., 255., 255.]), text=str(...), units='height', win=Window(...), wrapWidth=1)
7.4764 	EXP 	text_3: autoDraw = True
10.0700 	DATA 	Keypress: space
12.0831 	DATA 	Keypress: space
13.0472 	EXP 	Imported trials_short_delay.xlsx as conditions, 16 conditions, 13 params
13.0474 	EXP 	Created sequence: random, trialTypes=16, nReps=1, seed=None
13.0477 	EXP 	New trial (rep=0, index=0): OrderedDict([('Color0', [1, 1, -1]), ('Color45', [0, 0, 0]), ('Color90', [1, -1, 1]), ('Color135', [-1, 1, 1]), ('Color180', [-1, 1, -1]), ('Color225', [1, -1, -1]), ('Color270', [1, 1, 1]), ('Color315', [-1, -1, 1]), ('Cueresp', [-1, 1, 1]), ('target_angle', 135), ('load', 7), ('delay', 2), ('trial', 3)])
13.0539 	DATA 	Keypress: space
13.0567 	EXP 	text_3: autoDraw = False
13.0567 	EXP 	pos0: fillColor = '[ 1.  1. -1.] (rgb)'
13.0567 	EXP 	pos0: lineColor = '[ 1.  1. -1.] (rgb)'
13.0567 	EXP 	pos45: fillColor = '[0. 0. 0.] (rgb)'
13.0567 	EXP 	pos45: lineColor = '[0. 0. 0.] (rgb)'
13.0567 	EXP 	pos90: fillColor = '[ 1. -1.  1.] (rgb)'
13.0567 	EXP 	pos90: lineColor = '[ 1. -1.  1.] (rgb)'
13.0567 	EXP 	pos135: fillColor = '[-1.  1.  1.] (rgb)'
13.0567 	EXP 	pos135: lineColor = '[-1.  1.  1.] (rgb)'
13.0567 	EXP 	pos180: fillColor = '[-1.  1. -1.] (rgb)'
13.0567 	EXP 	pos180: lineColor = '[-1.  1. -1.] (rgb)'
13.0567 	EXP 	pos225: fillColor = '[ 1. -1. -1.] (rgb)'
13.0567 	EXP 	pos225: lineColor = '[ 1. -1. -1.] (rgb)'
13.0567 	EXP 	pos270: fillColor = '[1. 1. 1.] (rgb)'
13.0567 	EXP 	pos270: lineColor = '[1. 1. 1.] (rgb)'
13.0567 	EXP 	pos315: fillColor = '[-1. -1.  1.] (rgb)'
13.0567 	EXP 	pos315: lineColor = '[-1. -1.  1.] (rgb)'
13.0567 	EXP 	response: fillColor = '[-1.  1.  1.] (rgb)'
13.0567 	EXP 	response: lineColor = '[-1.  1.  1.] (rgb)'
13.0567 	EXP 	pos0: autoDraw = True
13.0567 	EXP 	pos45: autoDraw = True
13.0567 	EXP 	pos90: autoDraw = True
13.0567 	EXP 	pos135: autoDraw = True
13.0567 	EXP 	pos180: autoDraw = True
13.0567 	EXP 	pos225: autoDraw = True
13.0567 	EXP 	pos270: autoDraw = True
13.0567 	EXP 	pos315: autoDraw = True
13.0567 	EXP 	text: autoDraw = True
18.0622 	EXP 	pos0: autoDraw = False
18.0622 	EXP 	pos45: autoDraw = False
18.0622 	EXP 	pos90: autoDraw = False
18.0622 	EXP 	pos135: autoDraw = False
18.0622 	EXP 	pos180: autoDraw = False
18.0622 	EXP 	pos225: autoDraw = False
18.0622 	EXP 	pos270: autoDraw = False
18.0622 	EXP 	pos315: autoDraw = False
20.0449 	EXP 	response: autoDraw = True
22.1042 	DATA 	Mouse: Left button down, pos=(657,826)
22.2273 	DATA 	Mouse:  Left button up, pos=(657,826)
24.8605 	DATA 	Mouse: Left button down, pos=(654,816)
24.9796 	DATA 	Mouse:  Left button up, pos=(654,816)
25.0274 	DATA 	Mouse: Left button down, pos=(654,816)
25.1772 	DATA 	Mouse:  Left button up, pos=(654,816)
25.6459 	DATA 	Mouse: Left button down, pos=(654,816)
25.7786 	DATA 	Mouse:  Left button up, pos=(654,816)
26.0435 	DATA 	Mouse: Left button down, pos=(654,816)
26.1601 	DATA 	Mouse:  Left button up, pos=(654,816)
26.3103 	DATA 	Mouse: Left button down, pos=(654,816)
26.4428 	DATA 	Mouse:  Left button up, pos=(654,816)
26.6268 	DATA 	Mouse: Left button down, pos=(654,816)
26.7292 	DATA 	Mouse:  Left button up, pos=(654,816)
26.7938 	DATA 	Mouse: Left button down, pos=(654,816)
26.9097 	DATA 	Mouse:  Left button up, pos=(654,816)
28.2591 	DATA 	Keypress: escape
28.4989 	EXP 	window1: mouseVisible = True
