9.5661 	EXP 	Created window1 = Window(allowGUI=False, allowStencil=False, args=UNKNOWN, autoLog=True, bitsMode=UNKNOWN, blendMode='avg', color=array([0., 0., 0.]), colorSpace='rgb', fullscr=<method-wrapper '__getattribute__' of attributeSetter object at 0x000001FD10643550>, gamma=None, gammaErrorPolicy='raise', kwargs=UNKNOWN, lms=UNKNOWN, monitor=<psychopy.monitors.calibTools.Monitor object at 0x000001FD10717780>, multiSample=False, name='window1', numSamples=2, pos=[0.0, 0.0], screen=0, size=array([1920, 1080]), stereo=False, units='height', useFBO=True, useRetina=False, viewOri=0.0, viewPos=None, viewScale=None, waitBlanking=True, winType='pyglet')
9.5661 	EXP 	window1: recordFrameIntervals = False
9.7326 	EXP 	window1: recordFrameIntervals = True
9.9168 	EXP 	window1: recordFrameIntervals = False
10.1853 	EXP 	Created text_3 = TextStim(__class__=<class 'psychopy.visual.text.TextStim'>, alignHoriz='center', alignVert='center', antialias=True, autoLog=True, bold=False, color='white', colorSpace='named', contrast=1.0, depth=0.0, flipHoriz=False, flipVert=False, font='Calibri', fontFiles=[], height=0.025, italic=False, languageStyle='LTR', name='text_3', opacity=1.0, ori=0, pos=array([-0.25,  0.  ]), rgb=array([255., 255., 255.]), text=str(...), units='height', win=Window(...), wrapWidth=1)
10.1901 	EXP 	Created pos0 = Polygon(__class__=<class 'psychopy.visual.polygon.Polygon'>, autoDraw=False, autoLog=True, closeShape=True, color=method-wrapper(...), colorSpace=None, contrast=1.0, depth=0.0, fillColor=array([1., 1., 1.]), fillColorSpace='rgb', fillRGB=array([1., 1., 1.]), interpolate=True, lineColor=array([1., 1., 1.]), lineColorSpace='rgb', lineRGB=array([1., 1., 1.]), lineWidth=0.005, name='pos0', opacity=1.0, ori=array(90.), pos=array([0.4, 0. ]), size=array([0.1, 0.1]), units='height', vertices=ndarray(...), win=Window(...))
10.1930 	EXP 	Created pos45 = Polygon(__class__=<class 'psychopy.visual.polygon.Polygon'>, autoDraw=False, autoLog=True, closeShape=True, color=method-wrapper(...), colorSpace=None, contrast=1.0, depth=-1.0, fillColor=array([1., 1., 1.]), fillColorSpace='rgb', fillRGB=array([1., 1., 1.]), interpolate=True, lineColor=array([1., 1., 1.]), lineColorSpace='rgb', lineRGB=array([1., 1., 1.]), lineWidth=1, name='pos45', opacity=1.0, ori=array(0.), pos=array([0.25, 0.25]), size=array([0.1, 0.1]), units='height', vertices=ndarray(...), win=Window(...))
10.1963 	EXP 	Created pos90 = Polygon(__class__=<class 'psychopy.visual.polygon.Polygon'>, autoDraw=False, autoLog=True, closeShape=True, color=method-wrapper(...), colorSpace=None, contrast=1.0, depth=-2.0, fillColor=array([1., 1., 1.]), fillColorSpace='rgb', fillRGB=array([1., 1., 1.]), interpolate=True, lineColor=array([1., 1., 1.]), lineColorSpace='rgb', lineRGB=array([1., 1., 1.]), lineWidth=0.005, name='pos90', opacity=1.0, ori=array(0.), pos=array([0. , 0.4]), size=array([0.1, 0.1]), units='height', vertices=ndarray(...), win=Window(...))
10.1993 	EXP 	Created pos135 = Polygon(__class__=<class 'psychopy.visual.polygon.Polygon'>, autoDraw=False, autoLog=True, closeShape=True, color=method-wrapper(...), colorSpace=None, contrast=1.0, depth=-3.0, fillColor=array([1., 1., 1.]), fillColorSpace='rgb', fillRGB=array([1., 1., 1.]), interpolate=True, lineColor=array([1., 1., 1.]), lineColorSpace='rgb', lineRGB=array([1., 1., 1.]), lineWidth=1, name='pos135', opacity=1.0, ori=array(0.), pos=array([-0.25,  0.25]), size=array([0.1, 0.1]), units='height', vertices=ndarray(...), win=Window(...))
10.2022 	EXP 	Created pos180 = Polygon(__class__=<class 'psychopy.visual.polygon.Polygon'>, autoDraw=False, autoLog=True, closeShape=True, color=method-wrapper(...), colorSpace=None, contrast=1.0, depth=-4.0, fillColor=array([1., 1., 1.]), fillColorSpace='rgb', fillRGB=array([1., 1., 1.]), interpolate=True, lineColor=array([1., 1., 1.]), lineColorSpace='rgb', lineRGB=array([1., 1., 1.]), lineWidth=1, name='pos180', opacity=1.0, ori=array(0.), pos=array([-0.4,  0. ]), size=array([0.1, 0.1]), units='height', vertices=ndarray(...), win=Window(...))
10.2051 	EXP 	Created pos225 = Polygon(__class__=<class 'psychopy.visual.polygon.Polygon'>, autoDraw=False, autoLog=True, closeShape=True, color=method-wrapper(...), colorSpace=None, contrast=1.0, depth=-5.0, fillColor=array([1., 1., 1.]), fillColorSpace='rgb', fillRGB=array([1., 1., 1.]), interpolate=True, lineColor=array([1., 1., 1.]), lineColorSpace='rgb', lineRGB=array([1., 1., 1.]), lineWidth=1, name='pos225', opacity=1.0, ori=array(0.), pos=array([-0.25, -0.25]), size=array([0.1, 0.1]), units='height', vertices=ndarray(...), win=Window(...))
10.2082 	EXP 	Created pos270 = Polygon(__class__=<class 'psychopy.visual.polygon.Polygon'>, autoDraw=False, autoLog=True, closeShape=True, color=method-wrapper(...), colorSpace=None, contrast=1.0, depth=-6.0, fillColor=array([1., 1., 1.]), fillColorSpace='rgb', fillRGB=array([1., 1., 1.]), interpolate=True, lineColor=array([1., 1., 1.]), lineColorSpace='rgb', lineRGB=array([1., 1., 1.]), lineWidth=1, name='pos270', opacity=1.0, ori=array(0.), pos=array([ 0. , -0.4]), size=array([0.1, 0.1]), units='height', vertices=ndarray(...), win=Window(...))
10.2116 	EXP 	Created pos315 = Polygon(__class__=<class 'psychopy.visual.polygon.Polygon'>, autoDraw=False, autoLog=True, closeShape=True, color=method-wrapper(...), colorSpace=None, contrast=1.0, depth=-7.0, fillColor=array([1., 1., 1.]), fillColorSpace='rgb', fillRGB=array([1., 1., 1.]), interpolate=True, lineColor=array([1., 1., 1.]), lineColorSpace='rgb', lineRGB=array([1., 1., 1.]), lineWidth=1, name='pos315', opacity=1.0, ori=array(0.), pos=array([ 0.25, -0.25]), size=array([0.1, 0.1]), units='height', vertices=ndarray(...), win=Window(...))
10.2147 	EXP 	Created response = Polygon(__class__=<class 'psychopy.visual.polygon.Polygon'>, autoDraw=False, autoLog=True, closeShape=True, color=method-wrapper(...), colorSpace=None, contrast=1.0, depth=-8.0, fillColor=array([1., 1., 1.]), fillColorSpace='rgb', fillRGB=array([1., 1., 1.]), interpolate=True, lineColor=array([1., 1., 1.]), lineColorSpace='rgb', lineRGB=array([1., 1., 1.]), lineWidth=1, name='response', opacity=1.0, ori=array(0.), pos=array([0., 0.]), size=array([0.1, 0.1]), units='height', vertices=ndarray(...), win=Window(...))
10.2222 	EXP 	Created text = TextStim(__class__=<class 'psychopy.visual.text.TextStim'>, alignHoriz='center', alignVert='center', antialias=True, autoLog=True, bold=False, color='black', colorSpace='named', contrast=1.0, depth=-10.0, flipHoriz=False, flipVert=False, font='Arial', fontFiles=[], height=0.05, italic=False, languageStyle='LTR', name='text', opacity=1.0, ori=0, pos=array([0., 0.]), rgb=array([0., 0., 0.]), text='+', units='height', win=Window(...), wrapWidth=1)
10.2253 	EXP 	Created pos0_2 = Polygon(__class__=<class 'psychopy.visual.polygon.Polygon'>, autoDraw=False, autoLog=True, closeShape=True, color=method-wrapper(...), colorSpace=None, contrast=1.0, depth=0.0, fillColor=array([1., 1., 1.]), fillColorSpace='rgb', fillRGB=array([1., 1., 1.]), interpolate=True, lineColor=array([1., 1., 1.]), lineColorSpace='rgb', lineRGB=array([1., 1., 1.]), lineWidth=0.005, name='pos0_2', opacity=1.0, ori=array(90.), pos=array([0.4, 0. ]), size=array([0.1, 0.1]), units='height', vertices=ndarray(...), win=Window(...))
10.2285 	EXP 	Created pos45_2 = Polygon(__class__=<class 'psychopy.visual.polygon.Polygon'>, autoDraw=False, autoLog=True, closeShape=True, color=method-wrapper(...), colorSpace=None, contrast=1.0, depth=-1.0, fillColor=array([1., 1., 1.]), fillColorSpace='rgb', fillRGB=array([1., 1., 1.]), interpolate=True, lineColor=array([1., 1., 1.]), lineColorSpace='rgb', lineRGB=array([1., 1., 1.]), lineWidth=1, name='pos45_2', opacity=1.0, ori=array(0.), pos=array([0.25, 0.25]), size=array([0.1, 0.1]), units='height', vertices=ndarray(...), win=Window(...))
10.2315 	EXP 	Created pos90_2 = Polygon(__class__=<class 'psychopy.visual.polygon.Polygon'>, autoDraw=False, autoLog=True, closeShape=True, color=method-wrapper(...), colorSpace=None, contrast=1.0, depth=-2.0, fillColor=array([1., 1., 1.]), fillColorSpace='rgb', fillRGB=array([1., 1., 1.]), interpolate=True, lineColor=array([1., 1., 1.]), lineColorSpace='rgb', lineRGB=array([1., 1., 1.]), lineWidth=0.005, name='pos90_2', opacity=1.0, ori=array(0.), pos=array([0. , 0.4]), size=array([0.1, 0.1]), units='height', vertices=ndarray(...), win=Window(...))
10.2344 	EXP 	Created pos135_2 = Polygon(__class__=<class 'psychopy.visual.polygon.Polygon'>, autoDraw=False, autoLog=True, closeShape=True, color=method-wrapper(...), colorSpace=None, contrast=1.0, depth=-3.0, fillColor=array([1., 1., 1.]), fillColorSpace='rgb', fillRGB=array([1., 1., 1.]), interpolate=True, lineColor=array([1., 1., 1.]), lineColorSpace='rgb', lineRGB=array([1., 1., 1.]), lineWidth=1, name='pos135_2', opacity=1.0, ori=array(0.), pos=array([-0.25,  0.25]), size=array([0.1, 0.1]), units='height', vertices=ndarray(...), win=Window(...))
10.2374 	EXP 	Created pos180_2 = Polygon(__class__=<class 'psychopy.visual.polygon.Polygon'>, autoDraw=False, autoLog=True, closeShape=True, color=method-wrapper(...), colorSpace=None, contrast=1.0, depth=-4.0, fillColor=array([1., 1., 1.]), fillColorSpace='rgb', fillRGB=array([1., 1., 1.]), interpolate=True, lineColor=array([1., 1., 1.]), lineColorSpace='rgb', lineRGB=array([1., 1., 1.]), lineWidth=1, name='pos180_2', opacity=1.0, ori=array(0.), pos=array([-0.4,  0. ]), size=array([0.1, 0.1]), units='height', vertices=ndarray(...), win=Window(...))
10.2402 	EXP 	Created pos225_2 = Polygon(__class__=<class 'psychopy.visual.polygon.Polygon'>, autoDraw=False, autoLog=True, closeShape=True, color=method-wrapper(...), colorSpace=None, contrast=1.0, depth=-5.0, fillColor=array([1., 1., 1.]), fillColorSpace='rgb', fillRGB=array([1., 1., 1.]), interpolate=True, lineColor=array([1., 1., 1.]), lineColorSpace='rgb', lineRGB=array([1., 1., 1.]), lineWidth=1, name='pos225_2', opacity=1.0, ori=array(0.), pos=array([-0.25, -0.25]), size=array([0.1, 0.1]), units='height', vertices=ndarray(...), win=Window(...))
10.2434 	EXP 	Created pos270_2 = Polygon(__class__=<class 'psychopy.visual.polygon.Polygon'>, autoDraw=False, autoLog=True, closeShape=True, color=method-wrapper(...), colorSpace=None, contrast=1.0, depth=-6.0, fillColor=array([1., 1., 1.]), fillColorSpace='rgb', fillRGB=array([1., 1., 1.]), interpolate=True, lineColor=array([1., 1., 1.]), lineColorSpace='rgb', lineRGB=array([1., 1., 1.]), lineWidth=1, name='pos270_2', opacity=1.0, ori=array(0.), pos=array([ 0. , -0.4]), size=array([0.1, 0.1]), units='height', vertices=ndarray(...), win=Window(...))
10.2465 	EXP 	Created pos315_2 = Polygon(__class__=<class 'psychopy.visual.polygon.Polygon'>, autoDraw=False, autoLog=True, closeShape=True, color=method-wrapper(...), colorSpace=None, contrast=1.0, depth=-7.0, fillColor=array([1., 1., 1.]), fillColorSpace='rgb', fillRGB=array([1., 1., 1.]), interpolate=True, lineColor=array([1., 1., 1.]), lineColorSpace='rgb', lineRGB=array([1., 1., 1.]), lineWidth=1, name='pos315_2', opacity=1.0, ori=array(0.), pos=array([ 0.25, -0.25]), size=array([0.1, 0.1]), units='height', vertices=ndarray(...), win=Window(...))
10.2495 	EXP 	Created response_2 = Polygon(__class__=<class 'psychopy.visual.polygon.Polygon'>, autoDraw=False, autoLog=True, closeShape=True, color=method-wrapper(...), colorSpace=None, contrast=1.0, depth=-8.0, fillColor=array([1., 1., 1.]), fillColorSpace='rgb', fillRGB=array([1., 1., 1.]), interpolate=True, lineColor=array([1., 1., 1.]), lineColorSpace='rgb', lineRGB=array([1., 1., 1.]), lineWidth=1, name='response_2', opacity=1.0, ori=array(0.), pos=array([0., 0.]), size=array([0.1, 0.1]), units='height', vertices=ndarray(...), win=Window(...))
10.2514 	EXP 	Created text_4 = TextStim(__class__=<class 'psychopy.visual.text.TextStim'>, alignHoriz='center', alignVert='center', antialias=True, autoLog=True, bold=False, color='black', colorSpace='named', contrast=1.0, depth=-10.0, flipHoriz=False, flipVert=False, font='Arial', fontFiles=[], height=0.05, italic=False, languageStyle='LTR', name='text_4', opacity=1.0, ori=0, pos=array([0., 0.]), rgb=array([0., 0., 0.]), text='+', units='height', win=Window(...), wrapWidth=1)
10.2628 	EXP 	Created text_2 = TextStim(__class__=<class 'psychopy.visual.text.TextStim'>, alignHoriz='center', alignVert='center', antialias=True, autoLog=True, bold=False, color='white', colorSpace='named', contrast=1.0, depth=0.0, flipHoriz=False, flipVert=False, font='Calibri', fontFiles=[], height=0.025, italic=False, languageStyle='LTR', name='text_2', opacity=1.0, ori=0, pos=array([0., 0.]), rgb=array([255., 255., 255.]), text=str(...), units='height', win=Window(...), wrapWidth=1)
10.2971 	EXP 	text_3: autoDraw = True
16.1268 	EXP 	Imported trials_short_delay.xlsx as conditions, 16 conditions, 13 params
16.1271 	EXP 	Created sequence: random, trialTypes=16, nReps=1, seed=None
16.1275 	EXP 	New trial (rep=0, index=0): OrderedDict([('Color0', [1, -1, -1]), ('Color45', [-1, -1, 1]), ('Color90', [1, -1, 1]), ('Color135', [1, 1, 1]), ('Color180', [-1, 1, -1]), ('Color225', [1, 1, -1]), ('Color270', [-1, 1, 1]), ('Color315', [0, 0, 0]), ('Cueresp', [-1, -1, 1]), ('target_angle', 45), ('load', 7), ('delay', 2), ('trial', 5)])
16.1341 	DATA 	Keypress: space
16.1372 	EXP 	text_3: autoDraw = False
16.1372 	EXP 	pos0: fillColor = '[ 1. -1. -1.] (rgb)'
16.1372 	EXP 	pos0: lineColor = '[ 1. -1. -1.] (rgb)'
16.1372 	EXP 	pos45: fillColor = '[-1. -1.  1.] (rgb)'
16.1372 	EXP 	pos45: lineColor = '[-1. -1.  1.] (rgb)'
16.1372 	EXP 	pos90: fillColor = '[ 1. -1.  1.] (rgb)'
16.1372 	EXP 	pos90: lineColor = '[ 1. -1.  1.] (rgb)'
16.1372 	EXP 	pos135: fillColor = '[1. 1. 1.] (rgb)'
16.1372 	EXP 	pos135: lineColor = '[1. 1. 1.] (rgb)'
16.1372 	EXP 	pos180: fillColor = '[-1.  1. -1.] (rgb)'
16.1372 	EXP 	pos180: lineColor = '[-1.  1. -1.] (rgb)'
16.1372 	EXP 	pos225: fillColor = '[ 1.  1. -1.] (rgb)'
16.1372 	EXP 	pos225: lineColor = '[ 1.  1. -1.] (rgb)'
16.1372 	EXP 	pos270: fillColor = '[-1.  1.  1.] (rgb)'
16.1372 	EXP 	pos270: lineColor = '[-1.  1.  1.] (rgb)'
16.1372 	EXP 	pos315: fillColor = '[0. 0. 0.] (rgb)'
16.1372 	EXP 	pos315: lineColor = '[0. 0. 0.] (rgb)'
16.1372 	EXP 	response: fillColor = '[-1. -1.  1.] (rgb)'
16.1372 	EXP 	response: lineColor = '[-1. -1.  1.] (rgb)'
16.1372 	EXP 	pos0: autoDraw = True
16.1372 	EXP 	pos45: autoDraw = True
16.1372 	EXP 	pos90: autoDraw = True
16.1372 	EXP 	pos135: autoDraw = True
16.1372 	EXP 	pos180: autoDraw = True
16.1372 	EXP 	pos225: autoDraw = True
16.1372 	EXP 	pos270: autoDraw = True
16.1372 	EXP 	pos315: autoDraw = True
16.1372 	EXP 	text: autoDraw = True
21.1450 	EXP 	pos0: autoDraw = False
21.1450 	EXP 	pos45: autoDraw = False
21.1450 	EXP 	pos90: autoDraw = False
21.1450 	EXP 	pos135: autoDraw = False
21.1450 	EXP 	pos180: autoDraw = False
21.1450 	EXP 	pos225: autoDraw = False
21.1450 	EXP 	pos270: autoDraw = False
21.1450 	EXP 	pos315: autoDraw = False
23.1449 	EXP 	response: autoDraw = True
24.7128 	DATA 	Mouse: Left button down, pos=(1245,831)
24.7167 	EXP 	New trial (rep=0, index=1): OrderedDict([('Color0', [0, 0, 0]), ('Color45', [0, 0, 0]), ('Color90', [0, 0, 0]), ('Color135', [-1, 1, 1]), ('Color180', [-1, -1, 1]), ('Color225', [1, 1, -1]), ('Color270', [0, 0, 0]), ('Color315', [0, 0, 0]), ('Cueresp', [-1, 1, 1]), ('target_angle', 135), ('load', 3), ('delay', 2), ('trial', 4)])
24.7274 	EXP 	pos0: autoDraw = False
24.7274 	EXP 	pos45: autoDraw = False
24.7274 	EXP 	pos90: autoDraw = False
24.7274 	EXP 	pos135: autoDraw = False
24.7274 	EXP 	pos180: autoDraw = False
24.7274 	EXP 	pos225: autoDraw = False
24.7274 	EXP 	pos270: autoDraw = False
24.7274 	EXP 	pos315: autoDraw = False
24.7274 	EXP 	response: autoDraw = False
24.7274 	EXP 	text: autoDraw = False
24.7274 	EXP 	pos0: fillColor = '[0. 0. 0.] (rgb)'
24.7274 	EXP 	pos0: lineColor = '[0. 0. 0.] (rgb)'
24.7274 	EXP 	pos45: fillColor = '[0. 0. 0.] (rgb)'
24.7274 	EXP 	pos45: lineColor = '[0. 0. 0.] (rgb)'
24.7274 	EXP 	pos90: fillColor = '[0. 0. 0.] (rgb)'
24.7274 	EXP 	pos90: lineColor = '[0. 0. 0.] (rgb)'
24.7274 	EXP 	pos135: fillColor = '[-1.  1.  1.] (rgb)'
24.7274 	EXP 	pos135: lineColor = '[-1.  1.  1.] (rgb)'
24.7274 	EXP 	pos180: fillColor = '[-1. -1.  1.] (rgb)'
24.7274 	EXP 	pos180: lineColor = '[-1. -1.  1.] (rgb)'
24.7274 	EXP 	pos225: fillColor = '[ 1.  1. -1.] (rgb)'
24.7274 	EXP 	pos225: lineColor = '[ 1.  1. -1.] (rgb)'
24.7274 	EXP 	pos270: fillColor = '[0. 0. 0.] (rgb)'
24.7274 	EXP 	pos270: lineColor = '[0. 0. 0.] (rgb)'
24.7274 	EXP 	pos315: fillColor = '[0. 0. 0.] (rgb)'
24.7274 	EXP 	pos315: lineColor = '[0. 0. 0.] (rgb)'
24.7274 	EXP 	response: fillColor = '[-1.  1.  1.] (rgb)'
24.7274 	EXP 	response: lineColor = '[-1.  1.  1.] (rgb)'
24.7274 	EXP 	pos0: autoDraw = True
24.7274 	EXP 	pos45: autoDraw = True
24.7274 	EXP 	pos90: autoDraw = True
24.7274 	EXP 	pos135: autoDraw = True
24.7274 	EXP 	pos180: autoDraw = True
24.7274 	EXP 	pos225: autoDraw = True
24.7274 	EXP 	pos270: autoDraw = True
24.7274 	EXP 	pos315: autoDraw = True
24.7274 	EXP 	text: autoDraw = True
24.8310 	DATA 	Mouse:  Left button up, pos=(1245,831)
29.7423 	EXP 	pos0: autoDraw = False
29.7423 	EXP 	pos45: autoDraw = False
29.7423 	EXP 	pos90: autoDraw = False
29.7423 	EXP 	pos135: autoDraw = False
29.7423 	EXP 	pos180: autoDraw = False
29.7423 	EXP 	pos225: autoDraw = False
29.7423 	EXP 	pos270: autoDraw = False
29.7423 	EXP 	pos315: autoDraw = False
31.7248 	EXP 	response: autoDraw = True
32.6265 	DATA 	Mouse: Left button down, pos=(634,845)
32.6298 	EXP 	New trial (rep=0, index=2): OrderedDict([('Color0', [0, 0, 0]), ('Color45', [0, 0, 0]), ('Color90', [0, 0, 0]), ('Color135', [0, 0, 0]), ('Color180', [1, -1, -1]), ('Color225', [-1, 1, -1]), ('Color270', [-1, -1, 1]), ('Color315', [0, 0, 0]), ('Cueresp', [-1, -1, 1]), ('target_angle', 270), ('load', 3), ('delay', 2), ('trial', 3)])
32.6415 	EXP 	pos0: autoDraw = False
32.6415 	EXP 	pos45: autoDraw = False
32.6415 	EXP 	pos90: autoDraw = False
32.6415 	EXP 	pos135: autoDraw = False
32.6415 	EXP 	pos180: autoDraw = False
32.6415 	EXP 	pos225: autoDraw = False
32.6415 	EXP 	pos270: autoDraw = False
32.6415 	EXP 	pos315: autoDraw = False
32.6415 	EXP 	response: autoDraw = False
32.6415 	EXP 	text: autoDraw = False
32.6415 	EXP 	pos0: fillColor = '[0. 0. 0.] (rgb)'
32.6415 	EXP 	pos0: lineColor = '[0. 0. 0.] (rgb)'
32.6415 	EXP 	pos45: fillColor = '[0. 0. 0.] (rgb)'
32.6415 	EXP 	pos45: lineColor = '[0. 0. 0.] (rgb)'
32.6415 	EXP 	pos90: fillColor = '[0. 0. 0.] (rgb)'
32.6415 	EXP 	pos90: lineColor = '[0. 0. 0.] (rgb)'
32.6415 	EXP 	pos135: fillColor = '[0. 0. 0.] (rgb)'
32.6415 	EXP 	pos135: lineColor = '[0. 0. 0.] (rgb)'
32.6415 	EXP 	pos180: fillColor = '[ 1. -1. -1.] (rgb)'
32.6415 	EXP 	pos180: lineColor = '[ 1. -1. -1.] (rgb)'
32.6415 	EXP 	pos225: fillColor = '[-1.  1. -1.] (rgb)'
32.6415 	EXP 	pos225: lineColor = '[-1.  1. -1.] (rgb)'
32.6415 	EXP 	pos270: fillColor = '[-1. -1.  1.] (rgb)'
32.6415 	EXP 	pos270: lineColor = '[-1. -1.  1.] (rgb)'
32.6415 	EXP 	pos315: fillColor = '[0. 0. 0.] (rgb)'
32.6415 	EXP 	pos315: lineColor = '[0. 0. 0.] (rgb)'
32.6415 	EXP 	response: fillColor = '[-1. -1.  1.] (rgb)'
32.6415 	EXP 	response: lineColor = '[-1. -1.  1.] (rgb)'
32.6415 	EXP 	pos0: autoDraw = True
32.6415 	EXP 	pos45: autoDraw = True
32.6415 	EXP 	pos90: autoDraw = True
32.6415 	EXP 	pos135: autoDraw = True
32.6415 	EXP 	pos180: autoDraw = True
32.6415 	EXP 	pos225: autoDraw = True
32.6415 	EXP 	pos270: autoDraw = True
32.6415 	EXP 	pos315: autoDraw = True
32.6415 	EXP 	text: autoDraw = True
32.7287 	DATA 	Mouse:  Left button up, pos=(634,845)
33.7107 	DATA 	Keypress: escape
33.9830 	EXP 	window1: mouseVisible = True
