13.9020 	EXP 	Created window1 = Window(allowGUI=False, allowStencil=False, args=UNKNOWN, autoLog=True, bitsMode=UNKNOWN, blendMode='avg', color=array([0., 0., 0.]), colorSpace='rgb', fullscr=<method-wrapper '__getattribute__' of attributeSetter object at 0x0000013158261CF8>, gamma=None, gammaErrorPolicy='raise', kwargs=UNKNOWN, lms=UNKNOWN, monitor=<psychopy.monitors.calibTools.Monitor object at 0x00000131580760B8>, multiSample=False, name='window1', numSamples=2, pos=[0.0, 0.0], screen=0, size=array([1920, 1080]), stereo=False, units='height', useFBO=True, useRetina=False, viewOri=0.0, viewPos=None, viewScale=None, waitBlanking=True, winType='pyglet')
13.9021 	EXP 	window1: recordFrameIntervals = False
14.0670 	EXP 	window1: recordFrameIntervals = True
14.2511 	EXP 	window1: recordFrameIntervals = False
14.8361 	EXP 	Created text_3 = TextStim(__class__=<class 'psychopy.visual.text.TextStim'>, alignHoriz='center', alignVert='center', antialias=True, autoLog=True, bold=False, color='white', colorSpace='named', contrast=1.0, depth=0.0, flipHoriz=False, flipVert=False, font='Calibri', fontFiles=[], height=0.025, italic=False, languageStyle='LTR', name='text_3', opacity=1.0, ori=0, pos=array([-0.25,  0.  ]), rgb=array([255., 255., 255.]), text=str(...), units='height', win=Window(...), wrapWidth=1)
14.8504 	EXP 	Created pos0 = Polygon(__class__=<class 'psychopy.visual.polygon.Polygon'>, autoDraw=False, autoLog=True, closeShape=True, color=method-wrapper(...), colorSpace=None, contrast=1.0, depth=0.0, fillColor=array([1., 1., 1.]), fillColorSpace='rgb', fillRGB=array([1., 1., 1.]), interpolate=True, lineColor=array([1., 1., 1.]), lineColorSpace='rgb', lineRGB=array([1., 1., 1.]), lineWidth=0.005, name='pos0', opacity=1.0, ori=array(90.), pos=array([0.5, 0. ]), size=array([0.1, 0.1]), units='height', vertices=ndarray(...), win=Window(...))
14.8604 	EXP 	Created pos45 = Polygon(__class__=<class 'psychopy.visual.polygon.Polygon'>, autoDraw=False, autoLog=True, closeShape=True, color=method-wrapper(...), colorSpace=None, contrast=1.0, depth=-1.0, fillColor=array([1., 1., 1.]), fillColorSpace='rgb', fillRGB=array([1., 1., 1.]), interpolate=True, lineColor=array([1., 1., 1.]), lineColorSpace='rgb', lineRGB=array([1., 1., 1.]), lineWidth=1, name='pos45', opacity=1.0, ori=array(0.), pos=array([0.25, 0.25]), size=array([0.1, 0.1]), units='height', vertices=ndarray(...), win=Window(...))
14.8703 	EXP 	Created pos90 = Polygon(__class__=<class 'psychopy.visual.polygon.Polygon'>, autoDraw=False, autoLog=True, closeShape=True, color=method-wrapper(...), colorSpace=None, contrast=1.0, depth=-2.0, fillColor=array([1., 1., 1.]), fillColorSpace='rgb', fillRGB=array([1., 1., 1.]), interpolate=True, lineColor=array([1., 1., 1.]), lineColorSpace='rgb', lineRGB=array([1., 1., 1.]), lineWidth=0.005, name='pos90', opacity=1.0, ori=array(0.), pos=array([0. , 0.4]), size=array([0.1, 0.1]), units='height', vertices=ndarray(...), win=Window(...))
14.8801 	EXP 	Created pos135 = Polygon(__class__=<class 'psychopy.visual.polygon.Polygon'>, autoDraw=False, autoLog=True, closeShape=True, color=method-wrapper(...), colorSpace=None, contrast=1.0, depth=-3.0, fillColor=array([1., 1., 1.]), fillColorSpace='rgb', fillRGB=array([1., 1., 1.]), interpolate=True, lineColor=array([1., 1., 1.]), lineColorSpace='rgb', lineRGB=array([1., 1., 1.]), lineWidth=1, name='pos135', opacity=1.0, ori=array(0.), pos=array([-0.25,  0.25]), size=array([0.1, 0.1]), units='height', vertices=ndarray(...), win=Window(...))
14.8909 	EXP 	Created pos180 = Polygon(__class__=<class 'psychopy.visual.polygon.Polygon'>, autoDraw=False, autoLog=True, closeShape=True, color=method-wrapper(...), colorSpace=None, contrast=1.0, depth=-4.0, fillColor=array([1., 1., 1.]), fillColorSpace='rgb', fillRGB=array([1., 1., 1.]), interpolate=True, lineColor=array([1., 1., 1.]), lineColorSpace='rgb', lineRGB=array([1., 1., 1.]), lineWidth=1, name='pos180', opacity=1.0, ori=array(0.), pos=array([-0.5,  0. ]), size=array([0.1, 0.1]), units='height', vertices=ndarray(...), win=Window(...))
14.9024 	EXP 	Created pos225 = Polygon(__class__=<class 'psychopy.visual.polygon.Polygon'>, autoDraw=False, autoLog=True, closeShape=True, color=method-wrapper(...), colorSpace=None, contrast=1.0, depth=-5.0, fillColor=array([1., 1., 1.]), fillColorSpace='rgb', fillRGB=array([1., 1., 1.]), interpolate=True, lineColor=array([1., 1., 1.]), lineColorSpace='rgb', lineRGB=array([1., 1., 1.]), lineWidth=1, name='pos225', opacity=1.0, ori=array(0.), pos=array([-0.25, -0.25]), size=array([0.1, 0.1]), units='height', vertices=ndarray(...), win=Window(...))
14.9140 	EXP 	Created pos270 = Polygon(__class__=<class 'psychopy.visual.polygon.Polygon'>, autoDraw=False, autoLog=True, closeShape=True, color=method-wrapper(...), colorSpace=None, contrast=1.0, depth=-6.0, fillColor=array([1., 1., 1.]), fillColorSpace='rgb', fillRGB=array([1., 1., 1.]), interpolate=True, lineColor=array([1., 1., 1.]), lineColorSpace='rgb', lineRGB=array([1., 1., 1.]), lineWidth=1, name='pos270', opacity=1.0, ori=array(0.), pos=array([ 0. , -0.4]), size=array([0.1, 0.1]), units='height', vertices=ndarray(...), win=Window(...))
14.9265 	EXP 	Created pos315 = Polygon(__class__=<class 'psychopy.visual.polygon.Polygon'>, autoDraw=False, autoLog=True, closeShape=True, color=method-wrapper(...), colorSpace=None, contrast=1.0, depth=-7.0, fillColor=array([1., 1., 1.]), fillColorSpace='rgb', fillRGB=array([1., 1., 1.]), interpolate=True, lineColor=array([1., 1., 1.]), lineColorSpace='rgb', lineRGB=array([1., 1., 1.]), lineWidth=1, name='pos315', opacity=1.0, ori=array(0.), pos=array([ 0.25, -0.25]), size=array([0.1, 0.1]), units='height', vertices=ndarray(...), win=Window(...))
14.9363 	EXP 	Created response = Polygon(__class__=<class 'psychopy.visual.polygon.Polygon'>, autoDraw=False, autoLog=True, closeShape=True, color=method-wrapper(...), colorSpace=None, contrast=1.0, depth=-8.0, fillColor=array([1., 1., 1.]), fillColorSpace='rgb', fillRGB=array([1., 1., 1.]), interpolate=True, lineColor=array([1., 1., 1.]), lineColorSpace='rgb', lineRGB=array([1., 1., 1.]), lineWidth=1, name='response', opacity=1.0, ori=array(0.), pos=array([0., 0.]), size=array([0.1, 0.1]), units='height', vertices=ndarray(...), win=Window(...))
14.9696 	EXP 	Created text_2 = TextStim(__class__=<class 'psychopy.visual.text.TextStim'>, alignHoriz='center', alignVert='center', antialias=True, autoLog=True, bold=False, color='white', colorSpace='named', contrast=1.0, depth=0.0, flipHoriz=False, flipVert=False, font='Calibri', fontFiles=[], height=0.025, italic=False, languageStyle='LTR', name='text_2', opacity=1.0, ori=0, pos=array([0., 0.]), rgb=array([255., 255., 255.]), text=str(...), units='height', win=Window(...), wrapWidth=1)
15.0091 	EXP 	text_3: autoDraw = True
17.1536 	DATA 	Keypress: space
19.7197 	DATA 	Mouse: Left button down, pos=(1119,504)
19.8011 	DATA 	Mouse:  Left button up, pos=(1119,504)
20.7667 	EXP 	Imported Trials_.xlsx as conditions, 3 conditions, 9 params
20.7676 	EXP 	Created sequence: sequential, trialTypes=3, nReps=1, seed=None
20.7690 	EXP 	New trial (rep=0, index=0): OrderedDict([('Color0', [1, 1, 0]), ('Color45', [1, 1, 1]), ('Color90', [0, 0, 1]), ('Color135', [0, 0, 0]), ('Color180', [1, 1, 0]), ('Color225', [1, 1, 0]), ('Color270', [1, 1, 0]), ('Color315', [0, 0, 0]), ('Cueresp', [1, 1, 0])])
20.7868 	DATA 	Keypress: space
20.7912 	EXP 	text_3: autoDraw = False
20.7912 	EXP 	pos0: fillColor = '[1. 1. 0.] (rgb)'
20.7912 	EXP 	pos0: lineColor = '[1. 1. 0.] (rgb)'
20.7912 	EXP 	pos45: fillColor = '[1. 1. 1.] (rgb)'
20.7912 	EXP 	pos45: lineColor = '[1. 1. 1.] (rgb)'
20.7912 	EXP 	pos90: fillColor = '[0. 0. 1.] (rgb)'
20.7912 	EXP 	pos90: lineColor = '[0. 0. 1.] (rgb)'
20.7912 	EXP 	pos135: fillColor = '[0. 0. 0.] (rgb)'
20.7912 	EXP 	pos135: lineColor = '[0. 0. 0.] (rgb)'
20.7912 	EXP 	pos180: fillColor = '[1. 1. 0.] (rgb)'
20.7912 	EXP 	pos180: lineColor = '[1. 1. 0.] (rgb)'
20.7912 	EXP 	pos225: fillColor = '[1. 1. 0.] (rgb)'
20.7912 	EXP 	pos225: lineColor = '[1. 1. 0.] (rgb)'
20.7912 	EXP 	pos270: fillColor = '[1. 1. 0.] (rgb)'
20.7912 	EXP 	pos270: lineColor = '[1. 1. 0.] (rgb)'
20.7912 	EXP 	pos315: fillColor = '[0. 0. 0.] (rgb)'
20.7912 	EXP 	pos315: lineColor = '[0. 0. 0.] (rgb)'
20.7912 	EXP 	response: fillColor = '[1. 1. 0.] (rgb)'
20.7912 	EXP 	response: lineColor = '[1. 1. 0.] (rgb)'
20.7912 	EXP 	pos0: autoDraw = True
20.7912 	EXP 	pos45: autoDraw = True
20.7912 	EXP 	pos90: autoDraw = True
20.7912 	EXP 	pos135: autoDraw = True
20.7912 	EXP 	pos180: autoDraw = True
20.7912 	EXP 	pos225: autoDraw = True
20.7912 	EXP 	pos270: autoDraw = True
20.7912 	EXP 	pos315: autoDraw = True
25.7961 	EXP 	pos0: autoDraw = False
25.7961 	EXP 	pos45: autoDraw = False
25.7961 	EXP 	pos90: autoDraw = False
25.7961 	EXP 	pos135: autoDraw = False
25.7961 	EXP 	pos180: autoDraw = False
25.7961 	EXP 	pos225: autoDraw = False
25.7961 	EXP 	pos270: autoDraw = False
25.7961 	EXP 	pos315: autoDraw = False
27.7790 	EXP 	response: autoDraw = True
32.0357 	DATA 	Mouse: Left button down, pos=(752,241)
32.0502 	EXP 	New trial (rep=0, index=1): OrderedDict([('Color0', [1, 1, 1]), ('Color45', [1, 0.5, 1]), ('Color90', [1, 0.5, 1]), ('Color135', [1, 1, 0]), ('Color180', [1, 1, 0]), ('Color225', [0, 0, 0]), ('Color270', [1, 0.5, 1]), ('Color315', [1, 1, 0]), ('Cueresp', [1, 0.5, 1])])
32.0695 	EXP 	pos0: autoDraw = False
32.0695 	EXP 	pos45: autoDraw = False
32.0695 	EXP 	pos90: autoDraw = False
32.0695 	EXP 	pos135: autoDraw = False
32.0695 	EXP 	pos180: autoDraw = False
32.0695 	EXP 	pos225: autoDraw = False
32.0695 	EXP 	pos270: autoDraw = False
32.0695 	EXP 	pos315: autoDraw = False
32.0695 	EXP 	response: autoDraw = False
32.0695 	EXP 	pos0: fillColor = '[1. 1. 1.] (rgb)'
32.0695 	EXP 	pos0: lineColor = '[1. 1. 1.] (rgb)'
32.0695 	EXP 	pos45: fillColor = '[1.  0.5 1. ] (rgb)'
32.0695 	EXP 	pos45: lineColor = '[1.  0.5 1. ] (rgb)'
32.0695 	EXP 	pos90: fillColor = '[1.  0.5 1. ] (rgb)'
32.0695 	EXP 	pos90: lineColor = '[1.  0.5 1. ] (rgb)'
32.0695 	EXP 	pos135: fillColor = '[1. 1. 0.] (rgb)'
32.0695 	EXP 	pos135: lineColor = '[1. 1. 0.] (rgb)'
32.0695 	EXP 	pos180: fillColor = '[1. 1. 0.] (rgb)'
32.0695 	EXP 	pos180: lineColor = '[1. 1. 0.] (rgb)'
32.0695 	EXP 	pos225: fillColor = '[0. 0. 0.] (rgb)'
32.0695 	EXP 	pos225: lineColor = '[0. 0. 0.] (rgb)'
32.0695 	EXP 	pos270: fillColor = '[1.  0.5 1. ] (rgb)'
32.0695 	EXP 	pos270: lineColor = '[1.  0.5 1. ] (rgb)'
32.0695 	EXP 	pos315: fillColor = '[1. 1. 0.] (rgb)'
32.0695 	EXP 	pos315: lineColor = '[1. 1. 0.] (rgb)'
32.0695 	EXP 	response: fillColor = '[1.  0.5 1. ] (rgb)'
32.0695 	EXP 	response: lineColor = '[1.  0.5 1. ] (rgb)'
32.0695 	EXP 	pos0: autoDraw = True
32.0695 	EXP 	pos45: autoDraw = True
32.0695 	EXP 	pos90: autoDraw = True
32.0695 	EXP 	pos135: autoDraw = True
32.0695 	EXP 	pos180: autoDraw = True
32.0695 	EXP 	pos225: autoDraw = True
32.0695 	EXP 	pos270: autoDraw = True
32.0695 	EXP 	pos315: autoDraw = True
32.1479 	DATA 	Mouse:  Left button up, pos=(752,241)
37.0757 	EXP 	pos0: autoDraw = False
37.0757 	EXP 	pos45: autoDraw = False
37.0757 	EXP 	pos90: autoDraw = False
37.0757 	EXP 	pos135: autoDraw = False
37.0757 	EXP 	pos180: autoDraw = False
37.0757 	EXP 	pos225: autoDraw = False
37.0757 	EXP 	pos270: autoDraw = False
37.0757 	EXP 	pos315: autoDraw = False
39.0748 	EXP 	response: autoDraw = True
40.6760 	DATA 	Mouse: Left button down, pos=(1236,821)
40.6856 	EXP 	New trial (rep=0, index=2): OrderedDict([('Color0', [0, 0, 0]), ('Color45', [1, 1, 1]), ('Color90', [1, 1, 1]), ('Color135', [1, 1, 0]), ('Color180', [0, 0, 0]), ('Color225', [0, 0, 0]), ('Color270', [1, 1, 1]), ('Color315', [1, 1, 0]), ('Cueresp', [1, 1, 0])])
40.7037 	EXP 	pos0: autoDraw = False
40.7037 	EXP 	pos45: autoDraw = False
40.7037 	EXP 	pos90: autoDraw = False
40.7037 	EXP 	pos135: autoDraw = False
40.7037 	EXP 	pos180: autoDraw = False
40.7037 	EXP 	pos225: autoDraw = False
40.7037 	EXP 	pos270: autoDraw = False
40.7037 	EXP 	pos315: autoDraw = False
40.7037 	EXP 	response: autoDraw = False
40.7037 	EXP 	pos0: fillColor = '[0. 0. 0.] (rgb)'
40.7037 	EXP 	pos0: lineColor = '[0. 0. 0.] (rgb)'
40.7037 	EXP 	pos45: fillColor = '[1. 1. 1.] (rgb)'
40.7037 	EXP 	pos45: lineColor = '[1. 1. 1.] (rgb)'
40.7037 	EXP 	pos90: fillColor = '[1. 1. 1.] (rgb)'
40.7037 	EXP 	pos90: lineColor = '[1. 1. 1.] (rgb)'
40.7037 	EXP 	pos135: fillColor = '[1. 1. 0.] (rgb)'
40.7037 	EXP 	pos135: lineColor = '[1. 1. 0.] (rgb)'
40.7037 	EXP 	pos180: fillColor = '[0. 0. 0.] (rgb)'
40.7037 	EXP 	pos180: lineColor = '[0. 0. 0.] (rgb)'
40.7037 	EXP 	pos225: fillColor = '[0. 0. 0.] (rgb)'
40.7037 	EXP 	pos225: lineColor = '[0. 0. 0.] (rgb)'
40.7037 	EXP 	pos270: fillColor = '[1. 1. 1.] (rgb)'
40.7037 	EXP 	pos270: lineColor = '[1. 1. 1.] (rgb)'
40.7037 	EXP 	pos315: fillColor = '[1. 1. 0.] (rgb)'
40.7037 	EXP 	pos315: lineColor = '[1. 1. 0.] (rgb)'
40.7037 	EXP 	response: fillColor = '[1. 1. 0.] (rgb)'
40.7037 	EXP 	response: lineColor = '[1. 1. 0.] (rgb)'
40.7037 	EXP 	pos0: autoDraw = True
40.7037 	EXP 	pos45: autoDraw = True
40.7037 	EXP 	pos90: autoDraw = True
40.7037 	EXP 	pos135: autoDraw = True
40.7037 	EXP 	pos180: autoDraw = True
40.7037 	EXP 	pos225: autoDraw = True
40.7037 	EXP 	pos270: autoDraw = True
40.7037 	EXP 	pos315: autoDraw = True
40.8287 	DATA 	Mouse:  Left button up, pos=(1236,821)
45.7060 	EXP 	pos0: autoDraw = False
45.7060 	EXP 	pos45: autoDraw = False
45.7060 	EXP 	pos90: autoDraw = False
45.7060 	EXP 	pos135: autoDraw = False
45.7060 	EXP 	pos180: autoDraw = False
45.7060 	EXP 	pos225: autoDraw = False
45.7060 	EXP 	pos270: autoDraw = False
45.7060 	EXP 	pos315: autoDraw = False
47.6885 	EXP 	response: autoDraw = True
49.2575 	DATA 	Mouse: Left button down, pos=(718,779)
49.2748 	EXP 	pos0: autoDraw = False
49.2748 	EXP 	pos45: autoDraw = False
49.2748 	EXP 	pos90: autoDraw = False
49.2748 	EXP 	pos135: autoDraw = False
49.2748 	EXP 	pos180: autoDraw = False
49.2748 	EXP 	pos225: autoDraw = False
49.2748 	EXP 	pos270: autoDraw = False
49.2748 	EXP 	pos315: autoDraw = False
49.2748 	EXP 	response: autoDraw = False
49.2748 	EXP 	text_2: autoDraw = True
49.3738 	DATA 	Mouse:  Left button up, pos=(718,779)
52.3248 	DATA 	Keypress: space
54.8740 	DATA 	Keypress: escape
55.2154 	EXP 	window1: mouseVisible = True
