10.4478 	EXP 	Created window1 = Window(allowGUI=False, allowStencil=False, args=UNKNOWN, autoLog=True, bitsMode=UNKNOWN, blendMode='avg', color=array([0., 0., 0.]), colorSpace='rgb', fullscr=<method-wrapper '__getattribute__' of attributeSetter object at 0x0000028D072F3550>, gamma=None, gammaErrorPolicy='raise', kwargs=UNKNOWN, lms=UNKNOWN, monitor=<psychopy.monitors.calibTools.Monitor object at 0x0000028D073C6780>, multiSample=False, name='window1', numSamples=2, pos=[0.0, 0.0], screen=0, size=array([1920, 1080]), stereo=False, units='height', useFBO=True, useRetina=False, viewOri=0.0, viewPos=None, viewScale=None, waitBlanking=True, winType='pyglet')
10.4479 	EXP 	window1: recordFrameIntervals = False
10.6129 	EXP 	window1: recordFrameIntervals = True
10.7968 	EXP 	window1: recordFrameIntervals = False
11.5386 	EXP 	Created text_3 = TextStim(__class__=<class 'psychopy.visual.text.TextStim'>, alignHoriz='center', alignVert='center', antialias=True, autoLog=True, bold=False, color='white', colorSpace='named', contrast=1.0, depth=0.0, flipHoriz=False, flipVert=False, font='Calibri', fontFiles=[], height=0.025, italic=False, languageStyle='LTR', name='text_3', opacity=1.0, ori=0, pos=array([-0.25,  0.  ]), rgb=array([255., 255., 255.]), text=str(...), units='height', win=Window(...), wrapWidth=1)
11.5584 	EXP 	Created pos0 = Polygon(__class__=<class 'psychopy.visual.polygon.Polygon'>, autoDraw=False, autoLog=True, closeShape=True, color=method-wrapper(...), colorSpace=None, contrast=1.0, depth=0.0, fillColor=array([1., 1., 1.]), fillColorSpace='rgb', fillRGB=array([1., 1., 1.]), interpolate=True, lineColor=array([1., 1., 1.]), lineColorSpace='rgb', lineRGB=array([1., 1., 1.]), lineWidth=0.005, name='pos0', opacity=1.0, ori=array(90.), pos=array([0.4, 0. ]), size=array([0.1, 0.1]), units='height', vertices=ndarray(...), win=Window(...))
11.5718 	EXP 	Created pos45 = Polygon(__class__=<class 'psychopy.visual.polygon.Polygon'>, autoDraw=False, autoLog=True, closeShape=True, color=method-wrapper(...), colorSpace=None, contrast=1.0, depth=-1.0, fillColor=array([1., 1., 1.]), fillColorSpace='rgb', fillRGB=array([1., 1., 1.]), interpolate=True, lineColor=array([1., 1., 1.]), lineColorSpace='rgb', lineRGB=array([1., 1., 1.]), lineWidth=1, name='pos45', opacity=1.0, ori=array(0.), pos=array([0.25, 0.25]), size=array([0.1, 0.1]), units='height', vertices=ndarray(...), win=Window(...))
11.5850 	EXP 	Created pos90 = Polygon(__class__=<class 'psychopy.visual.polygon.Polygon'>, autoDraw=False, autoLog=True, closeShape=True, color=method-wrapper(...), colorSpace=None, contrast=1.0, depth=-2.0, fillColor=array([1., 1., 1.]), fillColorSpace='rgb', fillRGB=array([1., 1., 1.]), interpolate=True, lineColor=array([1., 1., 1.]), lineColorSpace='rgb', lineRGB=array([1., 1., 1.]), lineWidth=0.005, name='pos90', opacity=1.0, ori=array(0.), pos=array([0. , 0.4]), size=array([0.1, 0.1]), units='height', vertices=ndarray(...), win=Window(...))
11.5960 	EXP 	Created pos135 = Polygon(__class__=<class 'psychopy.visual.polygon.Polygon'>, autoDraw=False, autoLog=True, closeShape=True, color=method-wrapper(...), colorSpace=None, contrast=1.0, depth=-3.0, fillColor=array([1., 1., 1.]), fillColorSpace='rgb', fillRGB=array([1., 1., 1.]), interpolate=True, lineColor=array([1., 1., 1.]), lineColorSpace='rgb', lineRGB=array([1., 1., 1.]), lineWidth=1, name='pos135', opacity=1.0, ori=array(0.), pos=array([-0.25,  0.25]), size=array([0.1, 0.1]), units='height', vertices=ndarray(...), win=Window(...))
11.6038 	EXP 	Created pos180 = Polygon(__class__=<class 'psychopy.visual.polygon.Polygon'>, autoDraw=False, autoLog=True, closeShape=True, color=method-wrapper(...), colorSpace=None, contrast=1.0, depth=-4.0, fillColor=array([1., 1., 1.]), fillColorSpace='rgb', fillRGB=array([1., 1., 1.]), interpolate=True, lineColor=array([1., 1., 1.]), lineColorSpace='rgb', lineRGB=array([1., 1., 1.]), lineWidth=1, name='pos180', opacity=1.0, ori=array(0.), pos=array([-0.4,  0. ]), size=array([0.1, 0.1]), units='height', vertices=ndarray(...), win=Window(...))
11.6103 	EXP 	Created pos225 = Polygon(__class__=<class 'psychopy.visual.polygon.Polygon'>, autoDraw=False, autoLog=True, closeShape=True, color=method-wrapper(...), colorSpace=None, contrast=1.0, depth=-5.0, fillColor=array([1., 1., 1.]), fillColorSpace='rgb', fillRGB=array([1., 1., 1.]), interpolate=True, lineColor=array([1., 1., 1.]), lineColorSpace='rgb', lineRGB=array([1., 1., 1.]), lineWidth=1, name='pos225', opacity=1.0, ori=array(0.), pos=array([-0.25, -0.25]), size=array([0.1, 0.1]), units='height', vertices=ndarray(...), win=Window(...))
11.6157 	EXP 	Created pos270 = Polygon(__class__=<class 'psychopy.visual.polygon.Polygon'>, autoDraw=False, autoLog=True, closeShape=True, color=method-wrapper(...), colorSpace=None, contrast=1.0, depth=-6.0, fillColor=array([1., 1., 1.]), fillColorSpace='rgb', fillRGB=array([1., 1., 1.]), interpolate=True, lineColor=array([1., 1., 1.]), lineColorSpace='rgb', lineRGB=array([1., 1., 1.]), lineWidth=1, name='pos270', opacity=1.0, ori=array(0.), pos=array([ 0. , -0.4]), size=array([0.1, 0.1]), units='height', vertices=ndarray(...), win=Window(...))
11.6207 	EXP 	Created pos315 = Polygon(__class__=<class 'psychopy.visual.polygon.Polygon'>, autoDraw=False, autoLog=True, closeShape=True, color=method-wrapper(...), colorSpace=None, contrast=1.0, depth=-7.0, fillColor=array([1., 1., 1.]), fillColorSpace='rgb', fillRGB=array([1., 1., 1.]), interpolate=True, lineColor=array([1., 1., 1.]), lineColorSpace='rgb', lineRGB=array([1., 1., 1.]), lineWidth=1, name='pos315', opacity=1.0, ori=array(0.), pos=array([ 0.25, -0.25]), size=array([0.1, 0.1]), units='height', vertices=ndarray(...), win=Window(...))
11.6253 	EXP 	Created response = Polygon(__class__=<class 'psychopy.visual.polygon.Polygon'>, autoDraw=False, autoLog=True, closeShape=True, color=method-wrapper(...), colorSpace=None, contrast=1.0, depth=-8.0, fillColor=array([1., 1., 1.]), fillColorSpace='rgb', fillRGB=array([1., 1., 1.]), interpolate=True, lineColor=array([1., 1., 1.]), lineColorSpace='rgb', lineRGB=array([1., 1., 1.]), lineWidth=1, name='response', opacity=1.0, ori=array(0.), pos=array([0., 0.]), size=array([0.1, 0.1]), units='height', vertices=ndarray(...), win=Window(...))
11.6379 	EXP 	Created text = TextStim(__class__=<class 'psychopy.visual.text.TextStim'>, alignHoriz='center', alignVert='center', antialias=True, autoLog=True, bold=False, color='black', colorSpace='named', contrast=1.0, depth=-10.0, flipHoriz=False, flipVert=False, font='Arial', fontFiles=[], height=0.05, italic=False, languageStyle='LTR', name='text', opacity=1.0, ori=0, pos=array([0., 0.]), rgb=array([0., 0., 0.]), text='+', units='height', win=Window(...), wrapWidth=1)
11.6448 	EXP 	Created pos0_2 = Polygon(__class__=<class 'psychopy.visual.polygon.Polygon'>, autoDraw=False, autoLog=True, closeShape=True, color=method-wrapper(...), colorSpace=None, contrast=1.0, depth=0.0, fillColor=array([1., 1., 1.]), fillColorSpace='rgb', fillRGB=array([1., 1., 1.]), interpolate=True, lineColor=array([1., 1., 1.]), lineColorSpace='rgb', lineRGB=array([1., 1., 1.]), lineWidth=0.005, name='pos0_2', opacity=1.0, ori=array(90.), pos=array([0.4, 0. ]), size=array([0.1, 0.1]), units='height', vertices=ndarray(...), win=Window(...))
11.6522 	EXP 	Created pos45_2 = Polygon(__class__=<class 'psychopy.visual.polygon.Polygon'>, autoDraw=False, autoLog=True, closeShape=True, color=method-wrapper(...), colorSpace=None, contrast=1.0, depth=-1.0, fillColor=array([1., 1., 1.]), fillColorSpace='rgb', fillRGB=array([1., 1., 1.]), interpolate=True, lineColor=array([1., 1., 1.]), lineColorSpace='rgb', lineRGB=array([1., 1., 1.]), lineWidth=1, name='pos45_2', opacity=1.0, ori=array(0.), pos=array([0.25, 0.25]), size=array([0.1, 0.1]), units='height', vertices=ndarray(...), win=Window(...))
11.6600 	EXP 	Created pos90_2 = Polygon(__class__=<class 'psychopy.visual.polygon.Polygon'>, autoDraw=False, autoLog=True, closeShape=True, color=method-wrapper(...), colorSpace=None, contrast=1.0, depth=-2.0, fillColor=array([1., 1., 1.]), fillColorSpace='rgb', fillRGB=array([1., 1., 1.]), interpolate=True, lineColor=array([1., 1., 1.]), lineColorSpace='rgb', lineRGB=array([1., 1., 1.]), lineWidth=0.005, name='pos90_2', opacity=1.0, ori=array(0.), pos=array([0. , 0.4]), size=array([0.1, 0.1]), units='height', vertices=ndarray(...), win=Window(...))
11.6675 	EXP 	Created pos135_2 = Polygon(__class__=<class 'psychopy.visual.polygon.Polygon'>, autoDraw=False, autoLog=True, closeShape=True, color=method-wrapper(...), colorSpace=None, contrast=1.0, depth=-3.0, fillColor=array([1., 1., 1.]), fillColorSpace='rgb', fillRGB=array([1., 1., 1.]), interpolate=True, lineColor=array([1., 1., 1.]), lineColorSpace='rgb', lineRGB=array([1., 1., 1.]), lineWidth=1, name='pos135_2', opacity=1.0, ori=array(0.), pos=array([-0.25,  0.25]), size=array([0.1, 0.1]), units='height', vertices=ndarray(...), win=Window(...))
11.6754 	EXP 	Created pos180_2 = Polygon(__class__=<class 'psychopy.visual.polygon.Polygon'>, autoDraw=False, autoLog=True, closeShape=True, color=method-wrapper(...), colorSpace=None, contrast=1.0, depth=-4.0, fillColor=array([1., 1., 1.]), fillColorSpace='rgb', fillRGB=array([1., 1., 1.]), interpolate=True, lineColor=array([1., 1., 1.]), lineColorSpace='rgb', lineRGB=array([1., 1., 1.]), lineWidth=1, name='pos180_2', opacity=1.0, ori=array(0.), pos=array([-0.4,  0. ]), size=array([0.1, 0.1]), units='height', vertices=ndarray(...), win=Window(...))
11.6831 	EXP 	Created pos225_2 = Polygon(__class__=<class 'psychopy.visual.polygon.Polygon'>, autoDraw=False, autoLog=True, closeShape=True, color=method-wrapper(...), colorSpace=None, contrast=1.0, depth=-5.0, fillColor=array([1., 1., 1.]), fillColorSpace='rgb', fillRGB=array([1., 1., 1.]), interpolate=True, lineColor=array([1., 1., 1.]), lineColorSpace='rgb', lineRGB=array([1., 1., 1.]), lineWidth=1, name='pos225_2', opacity=1.0, ori=array(0.), pos=array([-0.25, -0.25]), size=array([0.1, 0.1]), units='height', vertices=ndarray(...), win=Window(...))
11.6909 	EXP 	Created pos270_2 = Polygon(__class__=<class 'psychopy.visual.polygon.Polygon'>, autoDraw=False, autoLog=True, closeShape=True, color=method-wrapper(...), colorSpace=None, contrast=1.0, depth=-6.0, fillColor=array([1., 1., 1.]), fillColorSpace='rgb', fillRGB=array([1., 1., 1.]), interpolate=True, lineColor=array([1., 1., 1.]), lineColorSpace='rgb', lineRGB=array([1., 1., 1.]), lineWidth=1, name='pos270_2', opacity=1.0, ori=array(0.), pos=array([ 0. , -0.4]), size=array([0.1, 0.1]), units='height', vertices=ndarray(...), win=Window(...))
11.6987 	EXP 	Created pos315_2 = Polygon(__class__=<class 'psychopy.visual.polygon.Polygon'>, autoDraw=False, autoLog=True, closeShape=True, color=method-wrapper(...), colorSpace=None, contrast=1.0, depth=-7.0, fillColor=array([1., 1., 1.]), fillColorSpace='rgb', fillRGB=array([1., 1., 1.]), interpolate=True, lineColor=array([1., 1., 1.]), lineColorSpace='rgb', lineRGB=array([1., 1., 1.]), lineWidth=1, name='pos315_2', opacity=1.0, ori=array(0.), pos=array([ 0.25, -0.25]), size=array([0.1, 0.1]), units='height', vertices=ndarray(...), win=Window(...))
11.7064 	EXP 	Created response_2 = Polygon(__class__=<class 'psychopy.visual.polygon.Polygon'>, autoDraw=False, autoLog=True, closeShape=True, color=method-wrapper(...), colorSpace=None, contrast=1.0, depth=-8.0, fillColor=array([1., 1., 1.]), fillColorSpace='rgb', fillRGB=array([1., 1., 1.]), interpolate=True, lineColor=array([1., 1., 1.]), lineColorSpace='rgb', lineRGB=array([1., 1., 1.]), lineWidth=1, name='response_2', opacity=1.0, ori=array(0.), pos=array([0., 0.]), size=array([0.1, 0.1]), units='height', vertices=ndarray(...), win=Window(...))
11.7108 	EXP 	Created text_4 = TextStim(__class__=<class 'psychopy.visual.text.TextStim'>, alignHoriz='center', alignVert='center', antialias=True, autoLog=True, bold=False, color='black', colorSpace='named', contrast=1.0, depth=-10.0, flipHoriz=False, flipVert=False, font='Arial', fontFiles=[], height=0.05, italic=False, languageStyle='LTR', name='text_4', opacity=1.0, ori=0, pos=array([0., 0.]), rgb=array([0., 0., 0.]), text='+', units='height', win=Window(...), wrapWidth=1)
11.7370 	EXP 	Created text_2 = TextStim(__class__=<class 'psychopy.visual.text.TextStim'>, alignHoriz='center', alignVert='center', antialias=True, autoLog=True, bold=False, color='white', colorSpace='named', contrast=1.0, depth=0.0, flipHoriz=False, flipVert=False, font='Calibri', fontFiles=[], height=0.025, italic=False, languageStyle='LTR', name='text_2', opacity=1.0, ori=0, pos=array([0., 0.]), rgb=array([255., 255., 255.]), text=str(...), units='height', win=Window(...), wrapWidth=1)
11.7826 	EXP 	text_3: autoDraw = True
18.0511 	EXP 	Imported trials_short_delay.xlsx as conditions, 16 conditions, 13 params
18.0517 	EXP 	Created sequence: random, trialTypes=16, nReps=1, seed=None
18.0525 	EXP 	New trial (rep=0, index=0): OrderedDict([('Color0', [1, 1, -1]), ('Color45', [1, -1, 1]), ('Color90', [-1, 1, -1]), ('Color135', [-1, -1, 1]), ('Color180', [-1, 1, 1]), ('Color225', [1, -1, -1]), ('Color270', [1, 1, 1]), ('Color315', [0, 0, 0]), ('Cueresp', [-1, 1, 1]), ('target_angle', 180), ('load', 7), ('delay', 2), ('trial', 0)])
18.0644 	DATA 	Keypress: space
18.0674 	EXP 	text_3: autoDraw = False
18.0674 	EXP 	pos0: fillColor = '[ 1.  1. -1.] (rgb)'
18.0674 	EXP 	pos0: lineColor = '[ 1.  1. -1.] (rgb)'
18.0674 	EXP 	pos45: fillColor = '[ 1. -1.  1.] (rgb)'
18.0674 	EXP 	pos45: lineColor = '[ 1. -1.  1.] (rgb)'
18.0674 	EXP 	pos90: fillColor = '[-1.  1. -1.] (rgb)'
18.0674 	EXP 	pos90: lineColor = '[-1.  1. -1.] (rgb)'
18.0674 	EXP 	pos135: fillColor = '[-1. -1.  1.] (rgb)'
18.0674 	EXP 	pos135: lineColor = '[-1. -1.  1.] (rgb)'
18.0674 	EXP 	pos180: fillColor = '[-1.  1.  1.] (rgb)'
18.0674 	EXP 	pos180: lineColor = '[-1.  1.  1.] (rgb)'
18.0674 	EXP 	pos225: fillColor = '[ 1. -1. -1.] (rgb)'
18.0674 	EXP 	pos225: lineColor = '[ 1. -1. -1.] (rgb)'
18.0674 	EXP 	pos270: fillColor = '[1. 1. 1.] (rgb)'
18.0674 	EXP 	pos270: lineColor = '[1. 1. 1.] (rgb)'
18.0674 	EXP 	pos315: fillColor = '[0. 0. 0.] (rgb)'
18.0674 	EXP 	pos315: lineColor = '[0. 0. 0.] (rgb)'
18.0674 	EXP 	response: fillColor = '[-1.  1.  1.] (rgb)'
18.0674 	EXP 	response: lineColor = '[-1.  1.  1.] (rgb)'
18.0674 	EXP 	pos0: autoDraw = True
18.0674 	EXP 	pos45: autoDraw = True
18.0674 	EXP 	pos90: autoDraw = True
18.0674 	EXP 	pos135: autoDraw = True
18.0674 	EXP 	pos180: autoDraw = True
18.0674 	EXP 	pos225: autoDraw = True
18.0674 	EXP 	pos270: autoDraw = True
18.0674 	EXP 	pos315: autoDraw = True
18.0674 	EXP 	text: autoDraw = True
23.0753 	EXP 	pos0: autoDraw = False
23.0753 	EXP 	pos45: autoDraw = False
23.0753 	EXP 	pos90: autoDraw = False
23.0753 	EXP 	pos135: autoDraw = False
23.0753 	EXP 	pos180: autoDraw = False
23.0753 	EXP 	pos225: autoDraw = False
23.0753 	EXP 	pos270: autoDraw = False
23.0753 	EXP 	pos315: autoDraw = False
25.0578 	EXP 	response: autoDraw = True
26.7928 	DATA 	Mouse: Left button down, pos=(506,545)
26.8084 	EXP 	New trial (rep=0, index=1): OrderedDict([('Color0', [0, 0, 0]), ('Color45', [0, 0, 0]), ('Color90', [0, 0, 0]), ('Color135', [1, 1, 1]), ('Color180', [0, 0, 0]), ('Color225', [1, -1, 1]), ('Color270', [-1, 1, 1]), ('Color315', [0, 0, 0]), ('Cueresp', [1, -1, 1]), ('target_angle', 225), ('load', 3), ('delay', 2), ('trial', 5)])
26.8277 	EXP 	pos0: autoDraw = False
26.8277 	EXP 	pos45: autoDraw = False
26.8277 	EXP 	pos90: autoDraw = False
26.8277 	EXP 	pos135: autoDraw = False
26.8277 	EXP 	pos180: autoDraw = False
26.8277 	EXP 	pos225: autoDraw = False
26.8277 	EXP 	pos270: autoDraw = False
26.8277 	EXP 	pos315: autoDraw = False
26.8277 	EXP 	response: autoDraw = False
26.8277 	EXP 	text: autoDraw = False
26.8277 	EXP 	pos0: fillColor = '[0. 0. 0.] (rgb)'
26.8277 	EXP 	pos0: lineColor = '[0. 0. 0.] (rgb)'
26.8277 	EXP 	pos45: fillColor = '[0. 0. 0.] (rgb)'
26.8277 	EXP 	pos45: lineColor = '[0. 0. 0.] (rgb)'
26.8277 	EXP 	pos90: fillColor = '[0. 0. 0.] (rgb)'
26.8277 	EXP 	pos90: lineColor = '[0. 0. 0.] (rgb)'
26.8277 	EXP 	pos135: fillColor = '[1. 1. 1.] (rgb)'
26.8277 	EXP 	pos135: lineColor = '[1. 1. 1.] (rgb)'
26.8277 	EXP 	pos180: fillColor = '[0. 0. 0.] (rgb)'
26.8277 	EXP 	pos180: lineColor = '[0. 0. 0.] (rgb)'
26.8277 	EXP 	pos225: fillColor = '[ 1. -1.  1.] (rgb)'
26.8277 	EXP 	pos225: lineColor = '[ 1. -1.  1.] (rgb)'
26.8277 	EXP 	pos270: fillColor = '[-1.  1.  1.] (rgb)'
26.8277 	EXP 	pos270: lineColor = '[-1.  1.  1.] (rgb)'
26.8277 	EXP 	pos315: fillColor = '[0. 0. 0.] (rgb)'
26.8277 	EXP 	pos315: lineColor = '[0. 0. 0.] (rgb)'
26.8277 	EXP 	response: fillColor = '[ 1. -1.  1.] (rgb)'
26.8277 	EXP 	response: lineColor = '[ 1. -1.  1.] (rgb)'
26.8277 	EXP 	pos0: autoDraw = True
26.8277 	EXP 	pos45: autoDraw = True
26.8277 	EXP 	pos90: autoDraw = True
26.8277 	EXP 	pos135: autoDraw = True
26.8277 	EXP 	pos180: autoDraw = True
26.8277 	EXP 	pos225: autoDraw = True
26.8277 	EXP 	pos270: autoDraw = True
26.8277 	EXP 	pos315: autoDraw = True
26.8277 	EXP 	text: autoDraw = True
26.8942 	DATA 	Mouse:  Left button up, pos=(506,545)
31.8390 	EXP 	pos0: autoDraw = False
31.8390 	EXP 	pos45: autoDraw = False
31.8390 	EXP 	pos90: autoDraw = False
31.8390 	EXP 	pos135: autoDraw = False
31.8390 	EXP 	pos180: autoDraw = False
31.8390 	EXP 	pos225: autoDraw = False
31.8390 	EXP 	pos270: autoDraw = False
31.8390 	EXP 	pos315: autoDraw = False
33.8216 	EXP 	response: autoDraw = True
35.4292 	DATA 	Mouse: Left button down, pos=(693,293)
35.4484 	EXP 	New trial (rep=0, index=2): OrderedDict([('Color0', [0, 0, 0]), ('Color45', [1, -1, 1]), ('Color90', [-1, -1, 1]), ('Color135', [1, 1, -1]), ('Color180', [-1, 1, 1]), ('Color225', [1, -1, -1]), ('Color270', [-1, 1, -1]), ('Color315', [1, 1, 1]), ('Cueresp', [-1, 1, -1]), ('target_angle', 270), ('load', 7), ('delay', 2), ('trial', 7)])
35.4704 	EXP 	pos0: autoDraw = False
35.4704 	EXP 	pos45: autoDraw = False
35.4704 	EXP 	pos90: autoDraw = False
35.4704 	EXP 	pos135: autoDraw = False
35.4704 	EXP 	pos180: autoDraw = False
35.4704 	EXP 	pos225: autoDraw = False
35.4704 	EXP 	pos270: autoDraw = False
35.4704 	EXP 	pos315: autoDraw = False
35.4704 	EXP 	response: autoDraw = False
35.4704 	EXP 	text: autoDraw = False
35.4704 	EXP 	pos0: fillColor = '[0. 0. 0.] (rgb)'
35.4704 	EXP 	pos0: lineColor = '[0. 0. 0.] (rgb)'
35.4704 	EXP 	pos45: fillColor = '[ 1. -1.  1.] (rgb)'
35.4704 	EXP 	pos45: lineColor = '[ 1. -1.  1.] (rgb)'
35.4704 	EXP 	pos90: fillColor = '[-1. -1.  1.] (rgb)'
35.4704 	EXP 	pos90: lineColor = '[-1. -1.  1.] (rgb)'
35.4704 	EXP 	pos135: fillColor = '[ 1.  1. -1.] (rgb)'
35.4704 	EXP 	pos135: lineColor = '[ 1.  1. -1.] (rgb)'
35.4704 	EXP 	pos180: fillColor = '[-1.  1.  1.] (rgb)'
35.4704 	EXP 	pos180: lineColor = '[-1.  1.  1.] (rgb)'
35.4704 	EXP 	pos225: fillColor = '[ 1. -1. -1.] (rgb)'
35.4704 	EXP 	pos225: lineColor = '[ 1. -1. -1.] (rgb)'
35.4704 	EXP 	pos270: fillColor = '[-1.  1. -1.] (rgb)'
35.4704 	EXP 	pos270: lineColor = '[-1.  1. -1.] (rgb)'
35.4704 	EXP 	pos315: fillColor = '[1. 1. 1.] (rgb)'
35.4704 	EXP 	pos315: lineColor = '[1. 1. 1.] (rgb)'
35.4704 	EXP 	response: fillColor = '[-1.  1. -1.] (rgb)'
35.4704 	EXP 	response: lineColor = '[-1.  1. -1.] (rgb)'
35.4704 	EXP 	pos0: autoDraw = True
35.4704 	EXP 	pos45: autoDraw = True
35.4704 	EXP 	pos90: autoDraw = True
35.4704 	EXP 	pos135: autoDraw = True
35.4704 	EXP 	pos180: autoDraw = True
35.4704 	EXP 	pos225: autoDraw = True
35.4704 	EXP 	pos270: autoDraw = True
35.4704 	EXP 	pos315: autoDraw = True
35.4704 	EXP 	text: autoDraw = True
35.5911 	DATA 	Mouse:  Left button up, pos=(693,293)
38.0271 	DATA 	Keypress: escape
38.2975 	EXP 	window1: mouseVisible = True
