6.0686 	EXP 	Created window1 = Window(allowGUI=False, allowStencil=False, args=UNKNOWN, autoLog=True, bitsMode=UNKNOWN, blendMode='avg', color=array([0., 0., 0.]), colorSpace='rgb', fullscr=<method-wrapper '__getattribute__' of attributeSetter object at 0x00000177D0803588>, gamma=None, gammaErrorPolicy='raise', kwargs=UNKNOWN, lms=UNKNOWN, monitor=<psychopy.monitors.calibTools.Monitor object at 0x00000177D08D77B8>, multiSample=False, name='window1', numSamples=2, pos=[0.0, 0.0], screen=0, size=array([1920, 1080]), stereo=False, units='height', useFBO=True, useRetina=False, viewOri=0.0, viewPos=None, viewScale=None, waitBlanking=True, winType='pyglet')
6.0686 	EXP 	window1: recordFrameIntervals = False
6.2347 	EXP 	window1: recordFrameIntervals = True
6.4184 	EXP 	window1: recordFrameIntervals = False
6.7036 	EXP 	Created text_3 = TextStim(__class__=<class 'psychopy.visual.text.TextStim'>, alignHoriz='center', alignVert='center', antialias=True, autoLog=True, bold=False, color='black', colorSpace='named', contrast=1.0, depth=0.0, flipHoriz=False, flipVert=False, font='Calibri', fontFiles=[], height=0.04, italic=False, languageStyle='LTR', name='text_3', opacity=1.0, ori=0, pos=array([-0.1  ,  0.025]), rgb=array([0., 0., 0.]), text=str(...), units='height', win=Window(...), wrapWidth=1)
6.7091 	EXP 	Created pos0 = Polygon(__class__=<class 'psychopy.visual.polygon.Polygon'>, autoDraw=False, autoLog=True, closeShape=True, color=method-wrapper(...), colorSpace=None, contrast=1.0, depth=0.0, fillColor=array([1., 1., 1.]), fillColorSpace='rgb', fillRGB=array([1., 1., 1.]), interpolate=True, lineColor=array([1., 1., 1.]), lineColorSpace='rgb', lineRGB=array([1., 1., 1.]), lineWidth=0.005, name='pos0', opacity=1.0, ori=array(90.), pos=array([0.4, 0. ]), size=array([0.1, 0.1]), units='height', vertices=ndarray(...), win=Window(...))
6.7120 	EXP 	Created pos45 = Polygon(__class__=<class 'psychopy.visual.polygon.Polygon'>, autoDraw=False, autoLog=True, closeShape=True, color=method-wrapper(...), colorSpace=None, contrast=1.0, depth=-1.0, fillColor=array([1., 1., 1.]), fillColorSpace='rgb', fillRGB=array([1., 1., 1.]), interpolate=True, lineColor=array([1., 1., 1.]), lineColorSpace='rgb', lineRGB=array([1., 1., 1.]), lineWidth=1, name='pos45', opacity=1.0, ori=array(0.), pos=array([0.25, 0.25]), size=array([0.1, 0.1]), units='height', vertices=ndarray(...), win=Window(...))
6.7148 	EXP 	Created pos90 = Polygon(__class__=<class 'psychopy.visual.polygon.Polygon'>, autoDraw=False, autoLog=True, closeShape=True, color=method-wrapper(...), colorSpace=None, contrast=1.0, depth=-2.0, fillColor=array([1., 1., 1.]), fillColorSpace='rgb', fillRGB=array([1., 1., 1.]), interpolate=True, lineColor=array([1., 1., 1.]), lineColorSpace='rgb', lineRGB=array([1., 1., 1.]), lineWidth=0.005, name='pos90', opacity=1.0, ori=array(0.), pos=array([0. , 0.4]), size=array([0.1, 0.1]), units='height', vertices=ndarray(...), win=Window(...))
6.7178 	EXP 	Created pos135 = Polygon(__class__=<class 'psychopy.visual.polygon.Polygon'>, autoDraw=False, autoLog=True, closeShape=True, color=method-wrapper(...), colorSpace=None, contrast=1.0, depth=-3.0, fillColor=array([1., 1., 1.]), fillColorSpace='rgb', fillRGB=array([1., 1., 1.]), interpolate=True, lineColor=array([1., 1., 1.]), lineColorSpace='rgb', lineRGB=array([1., 1., 1.]), lineWidth=1, name='pos135', opacity=1.0, ori=array(0.), pos=array([-0.25,  0.25]), size=array([0.1, 0.1]), units='height', vertices=ndarray(...), win=Window(...))
6.7211 	EXP 	Created pos180 = Polygon(__class__=<class 'psychopy.visual.polygon.Polygon'>, autoDraw=False, autoLog=True, closeShape=True, color=method-wrapper(...), colorSpace=None, contrast=1.0, depth=-4.0, fillColor=array([1., 1., 1.]), fillColorSpace='rgb', fillRGB=array([1., 1., 1.]), interpolate=True, lineColor=array([1., 1., 1.]), lineColorSpace='rgb', lineRGB=array([1., 1., 1.]), lineWidth=1, name='pos180', opacity=1.0, ori=array(0.), pos=array([-0.4,  0. ]), size=array([0.1, 0.1]), units='height', vertices=ndarray(...), win=Window(...))
6.7240 	EXP 	Created pos225 = Polygon(__class__=<class 'psychopy.visual.polygon.Polygon'>, autoDraw=False, autoLog=True, closeShape=True, color=method-wrapper(...), colorSpace=None, contrast=1.0, depth=-5.0, fillColor=array([1., 1., 1.]), fillColorSpace='rgb', fillRGB=array([1., 1., 1.]), interpolate=True, lineColor=array([1., 1., 1.]), lineColorSpace='rgb', lineRGB=array([1., 1., 1.]), lineWidth=1, name='pos225', opacity=1.0, ori=array(0.), pos=array([-0.25, -0.25]), size=array([0.1, 0.1]), units='height', vertices=ndarray(...), win=Window(...))
6.7269 	EXP 	Created pos270 = Polygon(__class__=<class 'psychopy.visual.polygon.Polygon'>, autoDraw=False, autoLog=True, closeShape=True, color=method-wrapper(...), colorSpace=None, contrast=1.0, depth=-6.0, fillColor=array([1., 1., 1.]), fillColorSpace='rgb', fillRGB=array([1., 1., 1.]), interpolate=True, lineColor=array([1., 1., 1.]), lineColorSpace='rgb', lineRGB=array([1., 1., 1.]), lineWidth=1, name='pos270', opacity=1.0, ori=array(0.), pos=array([ 0. , -0.4]), size=array([0.1, 0.1]), units='height', vertices=ndarray(...), win=Window(...))
6.7297 	EXP 	Created pos315 = Polygon(__class__=<class 'psychopy.visual.polygon.Polygon'>, autoDraw=False, autoLog=True, closeShape=True, color=method-wrapper(...), colorSpace=None, contrast=1.0, depth=-7.0, fillColor=array([1., 1., 1.]), fillColorSpace='rgb', fillRGB=array([1., 1., 1.]), interpolate=True, lineColor=array([1., 1., 1.]), lineColorSpace='rgb', lineRGB=array([1., 1., 1.]), lineWidth=1, name='pos315', opacity=1.0, ori=array(0.), pos=array([ 0.25, -0.25]), size=array([0.1, 0.1]), units='height', vertices=ndarray(...), win=Window(...))
6.7326 	EXP 	Created response = Polygon(__class__=<class 'psychopy.visual.polygon.Polygon'>, autoDraw=False, autoLog=True, closeShape=True, color=method-wrapper(...), colorSpace=None, contrast=1.0, depth=-8.0, fillColor=array([1., 1., 1.]), fillColorSpace='rgb', fillRGB=array([1., 1., 1.]), interpolate=True, lineColor=array([1., 1., 1.]), lineColorSpace='rgb', lineRGB=array([1., 1., 1.]), lineWidth=1, name='response', opacity=1.0, ori=array(0.), pos=array([0., 0.]), size=array([0.1, 0.1]), units='height', vertices=ndarray(...), win=Window(...))
6.7414 	EXP 	Created text = TextStim(__class__=<class 'psychopy.visual.text.TextStim'>, alignHoriz='center', alignVert='center', antialias=True, autoLog=True, bold=False, color='black', colorSpace='named', contrast=1.0, depth=-10.0, flipHoriz=False, flipVert=False, font='Arial', fontFiles=[], height=0.05, italic=False, languageStyle='LTR', name='text', opacity=1.0, ori=0, pos=array([0., 0.]), rgb=array([0., 0., 0.]), text='+', units='height', win=Window(...), wrapWidth=1)
6.7448 	EXP 	Created pos0_2 = Polygon(__class__=<class 'psychopy.visual.polygon.Polygon'>, autoDraw=False, autoLog=True, closeShape=True, color=method-wrapper(...), colorSpace=None, contrast=1.0, depth=0.0, fillColor=array([1., 1., 1.]), fillColorSpace='rgb', fillRGB=array([1., 1., 1.]), interpolate=True, lineColor=array([1., 1., 1.]), lineColorSpace='rgb', lineRGB=array([1., 1., 1.]), lineWidth=0.005, name='pos0_2', opacity=1.0, ori=array(90.), pos=array([0.4, 0. ]), size=array([0.1, 0.1]), units='height', vertices=ndarray(...), win=Window(...))
6.7476 	EXP 	Created pos45_2 = Polygon(__class__=<class 'psychopy.visual.polygon.Polygon'>, autoDraw=False, autoLog=True, closeShape=True, color=method-wrapper(...), colorSpace=None, contrast=1.0, depth=-1.0, fillColor=array([1., 1., 1.]), fillColorSpace='rgb', fillRGB=array([1., 1., 1.]), interpolate=True, lineColor=array([1., 1., 1.]), lineColorSpace='rgb', lineRGB=array([1., 1., 1.]), lineWidth=1, name='pos45_2', opacity=1.0, ori=array(0.), pos=array([0.25, 0.25]), size=array([0.1, 0.1]), units='height', vertices=ndarray(...), win=Window(...))
6.7510 	EXP 	Created pos90_2 = Polygon(__class__=<class 'psychopy.visual.polygon.Polygon'>, autoDraw=False, autoLog=True, closeShape=True, color=method-wrapper(...), colorSpace=None, contrast=1.0, depth=-2.0, fillColor=array([1., 1., 1.]), fillColorSpace='rgb', fillRGB=array([1., 1., 1.]), interpolate=True, lineColor=array([1., 1., 1.]), lineColorSpace='rgb', lineRGB=array([1., 1., 1.]), lineWidth=0.005, name='pos90_2', opacity=1.0, ori=array(0.), pos=array([0. , 0.4]), size=array([0.1, 0.1]), units='height', vertices=ndarray(...), win=Window(...))
6.7540 	EXP 	Created pos135_2 = Polygon(__class__=<class 'psychopy.visual.polygon.Polygon'>, autoDraw=False, autoLog=True, closeShape=True, color=method-wrapper(...), colorSpace=None, contrast=1.0, depth=-3.0, fillColor=array([1., 1., 1.]), fillColorSpace='rgb', fillRGB=array([1., 1., 1.]), interpolate=True, lineColor=array([1., 1., 1.]), lineColorSpace='rgb', lineRGB=array([1., 1., 1.]), lineWidth=1, name='pos135_2', opacity=1.0, ori=array(0.), pos=array([-0.25,  0.25]), size=array([0.1, 0.1]), units='height', vertices=ndarray(...), win=Window(...))
6.7568 	EXP 	Created pos180_2 = Polygon(__class__=<class 'psychopy.visual.polygon.Polygon'>, autoDraw=False, autoLog=True, closeShape=True, color=method-wrapper(...), colorSpace=None, contrast=1.0, depth=-4.0, fillColor=array([1., 1., 1.]), fillColorSpace='rgb', fillRGB=array([1., 1., 1.]), interpolate=True, lineColor=array([1., 1., 1.]), lineColorSpace='rgb', lineRGB=array([1., 1., 1.]), lineWidth=1, name='pos180_2', opacity=1.0, ori=array(0.), pos=array([-0.4,  0. ]), size=array([0.1, 0.1]), units='height', vertices=ndarray(...), win=Window(...))
6.7596 	EXP 	Created pos225_2 = Polygon(__class__=<class 'psychopy.visual.polygon.Polygon'>, autoDraw=False, autoLog=True, closeShape=True, color=method-wrapper(...), colorSpace=None, contrast=1.0, depth=-5.0, fillColor=array([1., 1., 1.]), fillColorSpace='rgb', fillRGB=array([1., 1., 1.]), interpolate=True, lineColor=array([1., 1., 1.]), lineColorSpace='rgb', lineRGB=array([1., 1., 1.]), lineWidth=1, name='pos225_2', opacity=1.0, ori=array(0.), pos=array([-0.25, -0.25]), size=array([0.1, 0.1]), units='height', vertices=ndarray(...), win=Window(...))
6.7625 	EXP 	Created pos270_2 = Polygon(__class__=<class 'psychopy.visual.polygon.Polygon'>, autoDraw=False, autoLog=True, closeShape=True, color=method-wrapper(...), colorSpace=None, contrast=1.0, depth=-6.0, fillColor=array([1., 1., 1.]), fillColorSpace='rgb', fillRGB=array([1., 1., 1.]), interpolate=True, lineColor=array([1., 1., 1.]), lineColorSpace='rgb', lineRGB=array([1., 1., 1.]), lineWidth=1, name='pos270_2', opacity=1.0, ori=array(0.), pos=array([ 0. , -0.4]), size=array([0.1, 0.1]), units='height', vertices=ndarray(...), win=Window(...))
6.7654 	EXP 	Created pos315_2 = Polygon(__class__=<class 'psychopy.visual.polygon.Polygon'>, autoDraw=False, autoLog=True, closeShape=True, color=method-wrapper(...), colorSpace=None, contrast=1.0, depth=-7.0, fillColor=array([1., 1., 1.]), fillColorSpace='rgb', fillRGB=array([1., 1., 1.]), interpolate=True, lineColor=array([1., 1., 1.]), lineColorSpace='rgb', lineRGB=array([1., 1., 1.]), lineWidth=1, name='pos315_2', opacity=1.0, ori=array(0.), pos=array([ 0.25, -0.25]), size=array([0.1, 0.1]), units='height', vertices=ndarray(...), win=Window(...))
6.7687 	EXP 	Created response_2 = Polygon(__class__=<class 'psychopy.visual.polygon.Polygon'>, autoDraw=False, autoLog=True, closeShape=True, color=method-wrapper(...), colorSpace=None, contrast=1.0, depth=-8.0, fillColor=array([1., 1., 1.]), fillColorSpace='rgb', fillRGB=array([1., 1., 1.]), interpolate=True, lineColor=array([1., 1., 1.]), lineColorSpace='rgb', lineRGB=array([1., 1., 1.]), lineWidth=1, name='response_2', opacity=1.0, ori=array(0.), pos=array([0., 0.]), size=array([0.1, 0.1]), units='height', vertices=ndarray(...), win=Window(...))
6.7706 	EXP 	Created text_4 = TextStim(__class__=<class 'psychopy.visual.text.TextStim'>, alignHoriz='center', alignVert='center', antialias=True, autoLog=True, bold=False, color='black', colorSpace='named', contrast=1.0, depth=-10.0, flipHoriz=False, flipVert=False, font='Arial', fontFiles=[], height=0.05, italic=False, languageStyle='LTR', name='text_4', opacity=1.0, ori=0, pos=array([0., 0.]), rgb=array([0., 0., 0.]), text='+', units='height', win=Window(...), wrapWidth=1)
6.7904 	EXP 	Created text_2 = TextStim(__class__=<class 'psychopy.visual.text.TextStim'>, alignHoriz='center', alignVert='center', antialias=True, autoLog=True, bold=False, color='black', colorSpace='named', contrast=1.0, depth=0.0, flipHoriz=False, flipVert=False, font='Calibri', fontFiles=[], height=0.025, italic=False, languageStyle='LTR', name='text_2', opacity=1.0, ori=0, pos=array([0., 0.]), rgb=array([0., 0., 0.]), text=str(...), units='height', win=Window(...), wrapWidth=1)
6.8292 	EXP 	text_3: autoDraw = True
24.2173 	DATA 	Keypress: space
24.9513 	EXP 	Imported trials_short_delay.xlsx as conditions, 16 conditions, 13 params
24.9517 	EXP 	Created sequence: random, trialTypes=16, nReps=1, seed=None
24.9520 	EXP 	New trial (rep=0, index=0): OrderedDict([('Color0', [0, 0, 0]), ('Color45', [-1, -1, 1]), ('Color90', [0, 0, 0]), ('Color135', [0, 0, 0]), ('Color180', [0, 0, 0]), ('Color225', [-1, 1, 1]), ('Color270', [1, 1, 1]), ('Color315', [0, 0, 0]), ('Cueresp', [-1, -1, 1]), ('target_angle', 45), ('load', 3), ('delay', 2), ('trial', 6)])
24.9602 	EXP 	text_3: autoDraw = False
24.9602 	EXP 	pos0: fillColor = '[0. 0. 0.] (rgb)'
24.9602 	EXP 	pos0: lineColor = '[0. 0. 0.] (rgb)'
24.9602 	EXP 	pos45: fillColor = '[-1. -1.  1.] (rgb)'
24.9602 	EXP 	pos45: lineColor = '[-1. -1.  1.] (rgb)'
24.9602 	EXP 	pos90: fillColor = '[0. 0. 0.] (rgb)'
24.9602 	EXP 	pos90: lineColor = '[0. 0. 0.] (rgb)'
24.9602 	EXP 	pos135: fillColor = '[0. 0. 0.] (rgb)'
24.9602 	EXP 	pos135: lineColor = '[0. 0. 0.] (rgb)'
24.9602 	EXP 	pos180: fillColor = '[0. 0. 0.] (rgb)'
24.9602 	EXP 	pos180: lineColor = '[0. 0. 0.] (rgb)'
24.9602 	EXP 	pos225: fillColor = '[-1.  1.  1.] (rgb)'
24.9602 	EXP 	pos225: lineColor = '[-1.  1.  1.] (rgb)'
24.9602 	EXP 	pos270: fillColor = '[1. 1. 1.] (rgb)'
24.9602 	EXP 	pos270: lineColor = '[1. 1. 1.] (rgb)'
24.9602 	EXP 	pos315: fillColor = '[0. 0. 0.] (rgb)'
24.9602 	EXP 	pos315: lineColor = '[0. 0. 0.] (rgb)'
24.9602 	EXP 	response: fillColor = '[-1. -1.  1.] (rgb)'
24.9602 	EXP 	response: lineColor = '[-1. -1.  1.] (rgb)'
24.9602 	EXP 	pos0: autoDraw = True
24.9602 	EXP 	pos45: autoDraw = True
24.9602 	EXP 	pos90: autoDraw = True
24.9602 	EXP 	pos135: autoDraw = True
24.9602 	EXP 	pos180: autoDraw = True
24.9602 	EXP 	pos225: autoDraw = True
24.9602 	EXP 	pos270: autoDraw = True
24.9602 	EXP 	pos315: autoDraw = True
24.9602 	EXP 	text: autoDraw = True
29.9602 	EXP 	pos0: autoDraw = False
29.9602 	EXP 	pos45: autoDraw = False
29.9602 	EXP 	pos90: autoDraw = False
29.9602 	EXP 	pos135: autoDraw = False
29.9602 	EXP 	pos180: autoDraw = False
29.9602 	EXP 	pos225: autoDraw = False
29.9602 	EXP 	pos270: autoDraw = False
29.9602 	EXP 	pos315: autoDraw = False
31.9601 	EXP 	response: autoDraw = True
34.4772 	DATA 	Mouse: Left button down, pos=(1255,812)
34.4923 	EXP 	New trial (rep=0, index=1): OrderedDict([('Color0', [-1, -1, 1]), ('Color45', [1, -1, 1]), ('Color90', [-1, 1, -1]), ('Color135', [1, -1, -1]), ('Color180', [-1, 1, 1]), ('Color225', [1, 1, 1]), ('Color270', [0, 0, 0]), ('Color315', [1, 1, -1]), ('Cueresp', [-1, 1, 1]), ('target_angle', 180), ('load', 7), ('delay', 2), ('trial', 1)])
34.5075 	EXP 	pos0: autoDraw = False
34.5075 	EXP 	pos45: autoDraw = False
34.5075 	EXP 	pos90: autoDraw = False
34.5075 	EXP 	pos135: autoDraw = False
34.5075 	EXP 	pos180: autoDraw = False
34.5075 	EXP 	pos225: autoDraw = False
34.5075 	EXP 	pos270: autoDraw = False
34.5075 	EXP 	pos315: autoDraw = False
34.5075 	EXP 	response: autoDraw = False
34.5075 	EXP 	text: autoDraw = False
34.5075 	EXP 	pos0: fillColor = '[-1. -1.  1.] (rgb)'
34.5075 	EXP 	pos0: lineColor = '[-1. -1.  1.] (rgb)'
34.5075 	EXP 	pos45: fillColor = '[ 1. -1.  1.] (rgb)'
34.5075 	EXP 	pos45: lineColor = '[ 1. -1.  1.] (rgb)'
34.5075 	EXP 	pos90: fillColor = '[-1.  1. -1.] (rgb)'
34.5075 	EXP 	pos90: lineColor = '[-1.  1. -1.] (rgb)'
34.5075 	EXP 	pos135: fillColor = '[ 1. -1. -1.] (rgb)'
34.5075 	EXP 	pos135: lineColor = '[ 1. -1. -1.] (rgb)'
34.5075 	EXP 	pos180: fillColor = '[-1.  1.  1.] (rgb)'
34.5075 	EXP 	pos180: lineColor = '[-1.  1.  1.] (rgb)'
34.5075 	EXP 	pos225: fillColor = '[1. 1. 1.] (rgb)'
34.5075 	EXP 	pos225: lineColor = '[1. 1. 1.] (rgb)'
34.5075 	EXP 	pos270: fillColor = '[0. 0. 0.] (rgb)'
34.5075 	EXP 	pos270: lineColor = '[0. 0. 0.] (rgb)'
34.5075 	EXP 	pos315: fillColor = '[ 1.  1. -1.] (rgb)'
34.5075 	EXP 	pos315: lineColor = '[ 1.  1. -1.] (rgb)'
34.5075 	EXP 	response: fillColor = '[-1.  1.  1.] (rgb)'
34.5075 	EXP 	response: lineColor = '[-1.  1.  1.] (rgb)'
34.5075 	EXP 	pos0: autoDraw = True
34.5075 	EXP 	pos45: autoDraw = True
34.5075 	EXP 	pos90: autoDraw = True
34.5075 	EXP 	pos135: autoDraw = True
34.5075 	EXP 	pos180: autoDraw = True
34.5075 	EXP 	pos225: autoDraw = True
34.5075 	EXP 	pos270: autoDraw = True
34.5075 	EXP 	pos315: autoDraw = True
34.5075 	EXP 	text: autoDraw = True
34.6122 	DATA 	Mouse:  Left button up, pos=(1256,812)
39.5074 	EXP 	pos0: autoDraw = False
39.5074 	EXP 	pos45: autoDraw = False
39.5074 	EXP 	pos90: autoDraw = False
39.5074 	EXP 	pos135: autoDraw = False
39.5074 	EXP 	pos180: autoDraw = False
39.5074 	EXP 	pos225: autoDraw = False
39.5074 	EXP 	pos270: autoDraw = False
39.5074 	EXP 	pos315: autoDraw = False
40.0453 	DATA 	Keypress: escape
40.3338 	EXP 	window1: mouseVisible = True
