10.3117 	EXP 	Created window1 = Window(allowGUI=False, allowStencil=False, args=UNKNOWN, autoLog=True, bitsMode=UNKNOWN, blendMode='avg', color=array([0., 0., 0.]), colorSpace='rgb', fullscr=<method-wrapper '__getattribute__' of attributeSetter object at 0x0000027C8AB64630>, gamma=None, gammaErrorPolicy='raise', kwargs=UNKNOWN, lms=UNKNOWN, monitor=<psychopy.monitors.calibTools.Monitor object at 0x0000027C8AC37860>, multiSample=False, name='window1', numSamples=2, pos=[0.0, 0.0], screen=0, size=array([1920, 1080]), stereo=False, units='height', useFBO=True, useRetina=False, viewOri=0.0, viewPos=None, viewScale=None, waitBlanking=True, winType='pyglet')
10.3118 	EXP 	window1: recordFrameIntervals = False
10.4774 	EXP 	window1: recordFrameIntervals = True
10.6618 	EXP 	window1: recordFrameIntervals = False
11.4190 	EXP 	Created text_3 = TextStim(__class__=<class 'psychopy.visual.text.TextStim'>, alignHoriz='center', alignVert='center', antialias=True, autoLog=True, bold=False, color='black', colorSpace='named', contrast=1.0, depth=0.0, flipHoriz=False, flipVert=False, font='Calibri', fontFiles=[], height=0.04, italic=False, languageStyle='LTR', name='text_3', opacity=1.0, ori=0, pos=array([-0.1  ,  0.025]), rgb=array([0., 0., 0.]), text=str(...), units='height', win=Window(...), wrapWidth=1)
11.4242 	EXP 	Created pos0 = Rect(__class__=<class 'psychopy.visual.rect.Rect'>, autoDraw=False, autoLog=True, closeShape=True, color=method-wrapper(...), colorSpace=None, contrast=1.0, depth=0.0, fillColor=array([1., 1., 1.]), fillColorSpace='rgb', fillRGB=array([1., 1., 1.]), interpolate=True, lineColor=array([1., 1., 1.]), lineColorSpace='rgb', lineRGB=array([1., 1., 1.]), lineWidth=0.005, name='pos0', opacity=1.0, ori=array(90.), pos=array([0.4, 0. ]), size=array([1., 1.]), units='height', vertices=ndarray(...), win=Window(...))
11.4259 	EXP 	Created pos45 = Rect(__class__=<class 'psychopy.visual.rect.Rect'>, autoDraw=False, autoLog=True, closeShape=True, color=method-wrapper(...), colorSpace=None, contrast=1.0, depth=-1.0, fillColor=array([1., 1., 1.]), fillColorSpace='rgb', fillRGB=array([1., 1., 1.]), interpolate=True, lineColor=array([1., 1., 1.]), lineColorSpace='rgb', lineRGB=array([1., 1., 1.]), lineWidth=1, name='pos45', opacity=1.0, ori=array(0.), pos=array([0.25, 0.25]), size=array([1., 1.]), units='height', vertices=ndarray(...), win=Window(...))
11.4276 	EXP 	Created pos90 = Rect(__class__=<class 'psychopy.visual.rect.Rect'>, autoDraw=False, autoLog=True, closeShape=True, color=method-wrapper(...), colorSpace=None, contrast=1.0, depth=-2.0, fillColor=array([1., 1., 1.]), fillColorSpace='rgb', fillRGB=array([1., 1., 1.]), interpolate=True, lineColor=array([1., 1., 1.]), lineColorSpace='rgb', lineRGB=array([1., 1., 1.]), lineWidth=0.005, name='pos90', opacity=1.0, ori=array(0.), pos=array([0. , 0.4]), size=array([1., 1.]), units='height', vertices=ndarray(...), win=Window(...))
11.4293 	EXP 	Created pos135 = Rect(__class__=<class 'psychopy.visual.rect.Rect'>, autoDraw=False, autoLog=True, closeShape=True, color=method-wrapper(...), colorSpace=None, contrast=1.0, depth=-3.0, fillColor=array([1., 1., 1.]), fillColorSpace='rgb', fillRGB=array([1., 1., 1.]), interpolate=True, lineColor=array([1., 1., 1.]), lineColorSpace='rgb', lineRGB=array([1., 1., 1.]), lineWidth=1, name='pos135', opacity=1.0, ori=array(0.), pos=array([-0.25,  0.25]), size=array([1., 1.]), units='height', vertices=ndarray(...), win=Window(...))
11.4310 	EXP 	Created pos180 = Rect(__class__=<class 'psychopy.visual.rect.Rect'>, autoDraw=False, autoLog=True, closeShape=True, color=method-wrapper(...), colorSpace=None, contrast=1.0, depth=-4.0, fillColor=array([1., 1., 1.]), fillColorSpace='rgb', fillRGB=array([1., 1., 1.]), interpolate=True, lineColor=array([1., 1., 1.]), lineColorSpace='rgb', lineRGB=array([1., 1., 1.]), lineWidth=1, name='pos180', opacity=1.0, ori=array(0.), pos=array([-0.4,  0. ]), size=array([1., 1.]), units='height', vertices=ndarray(...), win=Window(...))
11.4330 	EXP 	Created pos225 = Rect(__class__=<class 'psychopy.visual.rect.Rect'>, autoDraw=False, autoLog=True, closeShape=True, color=method-wrapper(...), colorSpace=None, contrast=1.0, depth=-5.0, fillColor=array([1., 1., 1.]), fillColorSpace='rgb', fillRGB=array([1., 1., 1.]), interpolate=True, lineColor=array([1., 1., 1.]), lineColorSpace='rgb', lineRGB=array([1., 1., 1.]), lineWidth=1, name='pos225', opacity=1.0, ori=array(0.), pos=array([-0.25, -0.25]), size=array([1., 1.]), units='height', vertices=ndarray(...), win=Window(...))
11.4346 	EXP 	Created pos270 = Rect(__class__=<class 'psychopy.visual.rect.Rect'>, autoDraw=False, autoLog=True, closeShape=True, color=method-wrapper(...), colorSpace=None, contrast=1.0, depth=-6.0, fillColor=array([1., 1., 1.]), fillColorSpace='rgb', fillRGB=array([1., 1., 1.]), interpolate=True, lineColor=array([1., 1., 1.]), lineColorSpace='rgb', lineRGB=array([1., 1., 1.]), lineWidth=1, name='pos270', opacity=1.0, ori=array(0.), pos=array([ 0. , -0.4]), size=array([1., 1.]), units='height', vertices=ndarray(...), win=Window(...))
11.4361 	EXP 	Created pos315 = Rect(__class__=<class 'psychopy.visual.rect.Rect'>, autoDraw=False, autoLog=True, closeShape=True, color=method-wrapper(...), colorSpace=None, contrast=1.0, depth=-7.0, fillColor=array([1., 1., 1.]), fillColorSpace='rgb', fillRGB=array([1., 1., 1.]), interpolate=True, lineColor=array([1., 1., 1.]), lineColorSpace='rgb', lineRGB=array([1., 1., 1.]), lineWidth=1, name='pos315', opacity=1.0, ori=array(0.), pos=array([ 0.25, -0.25]), size=array([1., 1.]), units='height', vertices=ndarray(...), win=Window(...))
11.4376 	EXP 	Created response = Rect(__class__=<class 'psychopy.visual.rect.Rect'>, autoDraw=False, autoLog=True, closeShape=True, color=method-wrapper(...), colorSpace=None, contrast=1.0, depth=-8.0, fillColor=array([1., 1., 1.]), fillColorSpace='rgb', fillRGB=array([1., 1., 1.]), interpolate=True, lineColor=array([1., 1., 1.]), lineColorSpace='rgb', lineRGB=array([1., 1., 1.]), lineWidth=1, name='response', opacity=1.0, ori=array(0.), pos=array([0., 0.]), size=array([1., 1.]), units='height', vertices=ndarray(...), win=Window(...))
11.4500 	EXP 	Created text = TextStim(__class__=<class 'psychopy.visual.text.TextStim'>, alignHoriz='center', alignVert='center', antialias=True, autoLog=True, bold=False, color='black', colorSpace='named', contrast=1.0, depth=-10.0, flipHoriz=False, flipVert=False, font='Arial', fontFiles=[], height=0.05, italic=False, languageStyle='LTR', name='text', opacity=1.0, ori=0, pos=array([0., 0.]), rgb=array([0., 0., 0.]), text='+', units='height', win=Window(...), wrapWidth=1)
11.4519 	EXP 	Created pos0_2 = Rect(__class__=<class 'psychopy.visual.rect.Rect'>, autoDraw=False, autoLog=True, closeShape=True, color=method-wrapper(...), colorSpace=None, contrast=1.0, depth=0.0, fillColor=array([1., 1., 1.]), fillColorSpace='rgb', fillRGB=array([1., 1., 1.]), interpolate=True, lineColor=array([1., 1., 1.]), lineColorSpace='rgb', lineRGB=array([1., 1., 1.]), lineWidth=0.005, name='pos0_2', opacity=1.0, ori=array(90.), pos=array([0.4, 0. ]), size=array([1., 1.]), units='height', vertices=ndarray(...), win=Window(...))
11.4559 	EXP 	Created pos45_2 = Rect(__class__=<class 'psychopy.visual.rect.Rect'>, autoDraw=False, autoLog=True, closeShape=True, color=method-wrapper(...), colorSpace=None, contrast=1.0, depth=-1.0, fillColor=array([1., 1., 1.]), fillColorSpace='rgb', fillRGB=array([1., 1., 1.]), interpolate=True, lineColor=array([1., 1., 1.]), lineColorSpace='rgb', lineRGB=array([1., 1., 1.]), lineWidth=1, name='pos45_2', opacity=1.0, ori=array(0.), pos=array([0.25, 0.25]), size=array([1., 1.]), units='height', vertices=ndarray(...), win=Window(...))
11.4580 	EXP 	Created pos90_2 = Rect(__class__=<class 'psychopy.visual.rect.Rect'>, autoDraw=False, autoLog=True, closeShape=True, color=method-wrapper(...), colorSpace=None, contrast=1.0, depth=-2.0, fillColor=array([1., 1., 1.]), fillColorSpace='rgb', fillRGB=array([1., 1., 1.]), interpolate=True, lineColor=array([1., 1., 1.]), lineColorSpace='rgb', lineRGB=array([1., 1., 1.]), lineWidth=0.005, name='pos90_2', opacity=1.0, ori=array(0.), pos=array([0. , 0.4]), size=array([1., 1.]), units='height', vertices=ndarray(...), win=Window(...))
11.4601 	EXP 	Created pos135_2 = Rect(__class__=<class 'psychopy.visual.rect.Rect'>, autoDraw=False, autoLog=True, closeShape=True, color=method-wrapper(...), colorSpace=None, contrast=1.0, depth=-3.0, fillColor=array([1., 1., 1.]), fillColorSpace='rgb', fillRGB=array([1., 1., 1.]), interpolate=True, lineColor=array([1., 1., 1.]), lineColorSpace='rgb', lineRGB=array([1., 1., 1.]), lineWidth=1, name='pos135_2', opacity=1.0, ori=array(0.), pos=array([-0.25,  0.25]), size=array([1., 1.]), units='height', vertices=ndarray(...), win=Window(...))
11.4625 	EXP 	Created pos180_2 = Rect(__class__=<class 'psychopy.visual.rect.Rect'>, autoDraw=False, autoLog=True, closeShape=True, color=method-wrapper(...), colorSpace=None, contrast=1.0, depth=-4.0, fillColor=array([1., 1., 1.]), fillColorSpace='rgb', fillRGB=array([1., 1., 1.]), interpolate=True, lineColor=array([1., 1., 1.]), lineColorSpace='rgb', lineRGB=array([1., 1., 1.]), lineWidth=1, name='pos180_2', opacity=1.0, ori=array(0.), pos=array([-0.4,  0. ]), size=array([1., 1.]), units='height', vertices=ndarray(...), win=Window(...))
11.4646 	EXP 	Created pos225_2 = Rect(__class__=<class 'psychopy.visual.rect.Rect'>, autoDraw=False, autoLog=True, closeShape=True, color=method-wrapper(...), colorSpace=None, contrast=1.0, depth=-5.0, fillColor=array([1., 1., 1.]), fillColorSpace='rgb', fillRGB=array([1., 1., 1.]), interpolate=True, lineColor=array([1., 1., 1.]), lineColorSpace='rgb', lineRGB=array([1., 1., 1.]), lineWidth=1, name='pos225_2', opacity=1.0, ori=array(0.), pos=array([-0.25, -0.25]), size=array([1., 1.]), units='height', vertices=ndarray(...), win=Window(...))
11.4670 	EXP 	Created pos270_2 = Rect(__class__=<class 'psychopy.visual.rect.Rect'>, autoDraw=False, autoLog=True, closeShape=True, color=method-wrapper(...), colorSpace=None, contrast=1.0, depth=-6.0, fillColor=array([1., 1., 1.]), fillColorSpace='rgb', fillRGB=array([1., 1., 1.]), interpolate=True, lineColor=array([1., 1., 1.]), lineColorSpace='rgb', lineRGB=array([1., 1., 1.]), lineWidth=1, name='pos270_2', opacity=1.0, ori=array(0.), pos=array([ 0. , -0.4]), size=array([1., 1.]), units='height', vertices=ndarray(...), win=Window(...))
11.4696 	EXP 	Created pos315_2 = Rect(__class__=<class 'psychopy.visual.rect.Rect'>, autoDraw=False, autoLog=True, closeShape=True, color=method-wrapper(...), colorSpace=None, contrast=1.0, depth=-7.0, fillColor=array([1., 1., 1.]), fillColorSpace='rgb', fillRGB=array([1., 1., 1.]), interpolate=True, lineColor=array([1., 1., 1.]), lineColorSpace='rgb', lineRGB=array([1., 1., 1.]), lineWidth=1, name='pos315_2', opacity=1.0, ori=array(0.), pos=array([ 0.25, -0.25]), size=array([1., 1.]), units='height', vertices=ndarray(...), win=Window(...))
11.4721 	EXP 	Created response_2 = Rect(__class__=<class 'psychopy.visual.rect.Rect'>, autoDraw=False, autoLog=True, closeShape=True, color=method-wrapper(...), colorSpace=None, contrast=1.0, depth=-8.0, fillColor=array([1., 1., 1.]), fillColorSpace='rgb', fillRGB=array([1., 1., 1.]), interpolate=True, lineColor=array([1., 1., 1.]), lineColorSpace='rgb', lineRGB=array([1., 1., 1.]), lineWidth=1, name='response_2', opacity=1.0, ori=array(0.), pos=array([0., 0.]), size=array([1., 1.]), units='height', vertices=ndarray(...), win=Window(...))
11.4769 	EXP 	Created text_4 = TextStim(__class__=<class 'psychopy.visual.text.TextStim'>, alignHoriz='center', alignVert='center', antialias=True, autoLog=True, bold=False, color='black', colorSpace='named', contrast=1.0, depth=-10.0, flipHoriz=False, flipVert=False, font='Arial', fontFiles=[], height=0.05, italic=False, languageStyle='LTR', name='text_4', opacity=1.0, ori=0, pos=array([0., 0.]), rgb=array([0., 0., 0.]), text='+', units='height', win=Window(...), wrapWidth=1)
11.5224 	EXP 	Created text_2 = TextStim(__class__=<class 'psychopy.visual.text.TextStim'>, alignHoriz='center', alignVert='center', antialias=True, autoLog=True, bold=False, color='black', colorSpace='named', contrast=1.0, depth=0.0, flipHoriz=False, flipVert=False, font='Calibri', fontFiles=[], height=0.025, italic=False, languageStyle='LTR', name='text_2', opacity=1.0, ori=0, pos=array([0., 0.]), rgb=array([0., 0., 0.]), text=str(...), units='height', win=Window(...), wrapWidth=1)
11.5673 	EXP 	text_3: autoDraw = True
16.8330 	DATA 	Keypress: space
16.9889 	EXP 	Imported trials_short_delay.xlsx as conditions, 16 conditions, 13 params
16.9901 	EXP 	Created sequence: random, trialTypes=16, nReps=1, seed=None
16.9915 	EXP 	New trial (rep=0, index=0): OrderedDict([('Color0', [0, 0, 0]), ('Color45', [0, 0, 0]), ('Color90', [-1, 1, 1]), ('Color135', [0, 0, 0]), ('Color180', [1, -1, 1]), ('Color225', [0, 0, 0]), ('Color270', [0, 0, 0]), ('Color315', [-1, -1, 1]), ('Cueresp', [-1, -1, 1]), ('target_angle', 315), ('load', 3), ('delay', 2), ('trial', 0)])
17.0130 	EXP 	text_3: autoDraw = False
17.0130 	EXP 	pos0: fillColor = '[0. 0. 0.] (rgb)'
17.0130 	EXP 	pos0: lineColor = '[0. 0. 0.] (rgb)'
17.0130 	EXP 	pos45: fillColor = '[0. 0. 0.] (rgb)'
17.0130 	EXP 	pos45: lineColor = '[0. 0. 0.] (rgb)'
17.0130 	EXP 	pos90: fillColor = '[-1.  1.  1.] (rgb)'
17.0130 	EXP 	pos90: lineColor = '[-1.  1.  1.] (rgb)'
17.0130 	EXP 	pos135: fillColor = '[0. 0. 0.] (rgb)'
17.0130 	EXP 	pos135: lineColor = '[0. 0. 0.] (rgb)'
17.0130 	EXP 	pos180: fillColor = '[ 1. -1.  1.] (rgb)'
17.0130 	EXP 	pos180: lineColor = '[ 1. -1.  1.] (rgb)'
17.0130 	EXP 	pos225: fillColor = '[0. 0. 0.] (rgb)'
17.0130 	EXP 	pos225: lineColor = '[0. 0. 0.] (rgb)'
17.0130 	EXP 	pos270: fillColor = '[0. 0. 0.] (rgb)'
17.0130 	EXP 	pos270: lineColor = '[0. 0. 0.] (rgb)'
17.0130 	EXP 	pos315: fillColor = '[-1. -1.  1.] (rgb)'
17.0130 	EXP 	pos315: lineColor = '[-1. -1.  1.] (rgb)'
17.0130 	EXP 	response: fillColor = '[-1. -1.  1.] (rgb)'
17.0130 	EXP 	response: lineColor = '[-1. -1.  1.] (rgb)'
17.0130 	EXP 	pos0: autoDraw = True
17.0130 	EXP 	pos45: autoDraw = True
17.0130 	EXP 	pos90: autoDraw = True
17.0130 	EXP 	pos135: autoDraw = True
17.0130 	EXP 	pos180: autoDraw = True
17.0130 	EXP 	pos225: autoDraw = True
17.0130 	EXP 	pos270: autoDraw = True
17.0130 	EXP 	pos315: autoDraw = True
17.0130 	EXP 	text: autoDraw = True
22.0239 	EXP 	pos0: autoDraw = False
22.0239 	EXP 	pos45: autoDraw = False
22.0239 	EXP 	pos90: autoDraw = False
22.0239 	EXP 	pos135: autoDraw = False
22.0239 	EXP 	pos180: autoDraw = False
22.0239 	EXP 	pos225: autoDraw = False
22.0239 	EXP 	pos270: autoDraw = False
22.0239 	EXP 	pos315: autoDraw = False
24.0069 	EXP 	response: autoDraw = True
25.6509 	DATA 	Mouse: Left button down, pos=(1250,320)
25.6707 	EXP 	New trial (rep=0, index=1): OrderedDict([('Color0', [1, 1, -1]), ('Color45', [1, 1, 1]), ('Color90', [1, -1, -1]), ('Color135', [0, 0, 0]), ('Color180', [1, -1, 1]), ('Color225', [-1, 1, 1]), ('Color270', [-1, 1, -1]), ('Color315', [-1, -1, 1]), ('Cueresp', [1, -1, 1]), ('target_angle', 180), ('load', 7), ('delay', 2), ('trial', 2)])
25.6925 	EXP 	pos0: autoDraw = False
25.6925 	EXP 	pos45: autoDraw = False
25.6925 	EXP 	pos90: autoDraw = False
25.6925 	EXP 	pos135: autoDraw = False
25.6925 	EXP 	pos180: autoDraw = False
25.6925 	EXP 	pos225: autoDraw = False
25.6925 	EXP 	pos270: autoDraw = False
25.6925 	EXP 	pos315: autoDraw = False
25.6925 	EXP 	response: autoDraw = False
25.6925 	EXP 	text: autoDraw = False
25.6925 	EXP 	pos0: fillColor = '[ 1.  1. -1.] (rgb)'
25.6925 	EXP 	pos0: lineColor = '[ 1.  1. -1.] (rgb)'
25.6925 	EXP 	pos45: fillColor = '[1. 1. 1.] (rgb)'
25.6925 	EXP 	pos45: lineColor = '[1. 1. 1.] (rgb)'
25.6925 	EXP 	pos90: fillColor = '[ 1. -1. -1.] (rgb)'
25.6925 	EXP 	pos90: lineColor = '[ 1. -1. -1.] (rgb)'
25.6925 	EXP 	pos135: fillColor = '[0. 0. 0.] (rgb)'
25.6925 	EXP 	pos135: lineColor = '[0. 0. 0.] (rgb)'
25.6925 	EXP 	pos180: fillColor = '[ 1. -1.  1.] (rgb)'
25.6925 	EXP 	pos180: lineColor = '[ 1. -1.  1.] (rgb)'
25.6925 	EXP 	pos225: fillColor = '[-1.  1.  1.] (rgb)'
25.6925 	EXP 	pos225: lineColor = '[-1.  1.  1.] (rgb)'
25.6925 	EXP 	pos270: fillColor = '[-1.  1. -1.] (rgb)'
25.6925 	EXP 	pos270: lineColor = '[-1.  1. -1.] (rgb)'
25.6925 	EXP 	pos315: fillColor = '[-1. -1.  1.] (rgb)'
25.6925 	EXP 	pos315: lineColor = '[-1. -1.  1.] (rgb)'
25.6925 	EXP 	response: fillColor = '[ 1. -1.  1.] (rgb)'
25.6925 	EXP 	response: lineColor = '[ 1. -1.  1.] (rgb)'
25.6925 	EXP 	pos0: autoDraw = True
25.6925 	EXP 	pos45: autoDraw = True
25.6925 	EXP 	pos90: autoDraw = True
25.6925 	EXP 	pos135: autoDraw = True
25.6925 	EXP 	pos180: autoDraw = True
25.6925 	EXP 	pos225: autoDraw = True
25.6925 	EXP 	pos270: autoDraw = True
25.6925 	EXP 	pos315: autoDraw = True
25.6925 	EXP 	text: autoDraw = True
25.7932 	DATA 	Mouse:  Left button up, pos=(1250,320)
29.1448 	DATA 	Keypress: escape
29.5034 	EXP 	window1: mouseVisible = True
