10.5327 	EXP 	Created window1 = Window(allowGUI=False, allowStencil=False, args=UNKNOWN, autoLog=True, bitsMode=UNKNOWN, blendMode='avg', color=array([0., 0., 0.]), colorSpace='rgb', fullscr=<method-wrapper '__getattribute__' of attributeSetter object at 0x00000299C08D7BA8>, gamma=None, gammaErrorPolicy='raise', kwargs=UNKNOWN, lms=UNKNOWN, monitor=<psychopy.monitors.calibTools.Monitor object at 0x00000299C09A5DD8>, multiSample=False, name='window1', numSamples=2, pos=[0.0, 0.0], screen=0, size=array([1920, 1080]), stereo=False, units='height', useFBO=True, useRetina=False, viewOri=0.0, viewPos=None, viewScale=None, waitBlanking=True, winType='pyglet')
10.5328 	EXP 	window1: recordFrameIntervals = False
10.6979 	EXP 	window1: recordFrameIntervals = True
10.8815 	EXP 	window1: recordFrameIntervals = False
11.5590 	EXP 	Created text_3 = TextStim(__class__=<class 'psychopy.visual.text.TextStim'>, alignHoriz='center', alignVert='center', antialias=True, autoLog=True, bold=False, color='white', colorSpace='named', contrast=1.0, depth=0.0, flipHoriz=False, flipVert=False, font='Calibri', fontFiles=[], height=0.025, italic=False, languageStyle='LTR', name='text_3', opacity=1.0, ori=0, pos=array([-0.25,  0.  ]), rgb=array([255., 255., 255.]), text=str(...), units='height', win=Window(...), wrapWidth=1)
11.5762 	EXP 	Created pos0 = Polygon(__class__=<class 'psychopy.visual.polygon.Polygon'>, autoDraw=False, autoLog=True, closeShape=True, color=method-wrapper(...), colorSpace=None, contrast=1.0, depth=0.0, fillColor=array([1., 1., 1.]), fillColorSpace='rgb', fillRGB=array([1., 1., 1.]), interpolate=True, lineColor=array([1., 1., 1.]), lineColorSpace='rgb', lineRGB=array([1., 1., 1.]), lineWidth=0.005, name='pos0', opacity=1.0, ori=array(90.), pos=array([0.5, 0. ]), size=array([0.1, 0.1]), units='height', vertices=ndarray(...), win=Window(...))
11.5867 	EXP 	Created pos45 = Polygon(__class__=<class 'psychopy.visual.polygon.Polygon'>, autoDraw=False, autoLog=True, closeShape=True, color=method-wrapper(...), colorSpace=None, contrast=1.0, depth=-1.0, fillColor=array([1., 1., 1.]), fillColorSpace='rgb', fillRGB=array([1., 1., 1.]), interpolate=True, lineColor=array([1., 1., 1.]), lineColorSpace='rgb', lineRGB=array([1., 1., 1.]), lineWidth=1, name='pos45', opacity=1.0, ori=array(0.), pos=array([0.25, 0.25]), size=array([0.1, 0.1]), units='height', vertices=ndarray(...), win=Window(...))
11.5959 	EXP 	Created pos90 = Polygon(__class__=<class 'psychopy.visual.polygon.Polygon'>, autoDraw=False, autoLog=True, closeShape=True, color=method-wrapper(...), colorSpace=None, contrast=1.0, depth=-2.0, fillColor=array([1., 1., 1.]), fillColorSpace='rgb', fillRGB=array([1., 1., 1.]), interpolate=True, lineColor=array([1., 1., 1.]), lineColorSpace='rgb', lineRGB=array([1., 1., 1.]), lineWidth=0.005, name='pos90', opacity=1.0, ori=array(0.), pos=array([0. , 0.5]), size=array([0.1, 0.1]), units='height', vertices=ndarray(...), win=Window(...))
11.6029 	EXP 	Created pos135 = Polygon(__class__=<class 'psychopy.visual.polygon.Polygon'>, autoDraw=False, autoLog=True, closeShape=True, color=method-wrapper(...), colorSpace=None, contrast=1.0, depth=-3.0, fillColor=array([1., 1., 1.]), fillColorSpace='rgb', fillRGB=array([1., 1., 1.]), interpolate=True, lineColor=array([1., 1., 1.]), lineColorSpace='rgb', lineRGB=array([1., 1., 1.]), lineWidth=1, name='pos135', opacity=1.0, ori=array(0.), pos=array([-0.25,  0.25]), size=array([0.1, 0.1]), units='height', vertices=ndarray(...), win=Window(...))
11.6087 	EXP 	Created pos180 = Polygon(__class__=<class 'psychopy.visual.polygon.Polygon'>, autoDraw=False, autoLog=True, closeShape=True, color=method-wrapper(...), colorSpace=None, contrast=1.0, depth=-4.0, fillColor=array([1., 1., 1.]), fillColorSpace='rgb', fillRGB=array([1., 1., 1.]), interpolate=True, lineColor=array([1., 1., 1.]), lineColorSpace='rgb', lineRGB=array([1., 1., 1.]), lineWidth=1, name='pos180', opacity=1.0, ori=array(0.), pos=array([-0.5,  0. ]), size=array([0.1, 0.1]), units='height', vertices=ndarray(...), win=Window(...))
11.6142 	EXP 	Created pos225 = Polygon(__class__=<class 'psychopy.visual.polygon.Polygon'>, autoDraw=False, autoLog=True, closeShape=True, color=method-wrapper(...), colorSpace=None, contrast=1.0, depth=-5.0, fillColor=array([1., 1., 1.]), fillColorSpace='rgb', fillRGB=array([1., 1., 1.]), interpolate=True, lineColor=array([1., 1., 1.]), lineColorSpace='rgb', lineRGB=array([1., 1., 1.]), lineWidth=1, name='pos225', opacity=1.0, ori=array(0.), pos=array([-0.25, -0.25]), size=array([0.1, 0.1]), units='height', vertices=ndarray(...), win=Window(...))
11.6189 	EXP 	Created pos270 = Polygon(__class__=<class 'psychopy.visual.polygon.Polygon'>, autoDraw=False, autoLog=True, closeShape=True, color=method-wrapper(...), colorSpace=None, contrast=1.0, depth=-6.0, fillColor=array([1., 1., 1.]), fillColorSpace='rgb', fillRGB=array([1., 1., 1.]), interpolate=True, lineColor=array([1., 1., 1.]), lineColorSpace='rgb', lineRGB=array([1., 1., 1.]), lineWidth=1, name='pos270', opacity=1.0, ori=array(0.), pos=array([ 0. , -0.5]), size=array([0.1, 0.1]), units='height', vertices=ndarray(...), win=Window(...))
11.6236 	EXP 	Created pos315 = Polygon(__class__=<class 'psychopy.visual.polygon.Polygon'>, autoDraw=False, autoLog=True, closeShape=True, color=method-wrapper(...), colorSpace=None, contrast=1.0, depth=-7.0, fillColor=array([1., 1., 1.]), fillColorSpace='rgb', fillRGB=array([1., 1., 1.]), interpolate=True, lineColor=array([1., 1., 1.]), lineColorSpace='rgb', lineRGB=array([1., 1., 1.]), lineWidth=1, name='pos315', opacity=1.0, ori=array(0.), pos=array([ 0.25, -0.25]), size=array([0.1, 0.1]), units='height', vertices=ndarray(...), win=Window(...))
11.6425 	EXP 	Created text_2 = TextStim(__class__=<class 'psychopy.visual.text.TextStim'>, alignHoriz='center', alignVert='center', antialias=True, autoLog=True, bold=False, color='white', colorSpace='named', contrast=1.0, depth=0.0, flipHoriz=False, flipVert=False, font='Calibri', fontFiles=[], height=0.025, italic=False, languageStyle='LTR', name='text_2', opacity=1.0, ori=0, pos=array([0., 0.]), rgb=array([255., 255., 255.]), text=str(...), units='height', win=Window(...), wrapWidth=1)
11.6803 	EXP 	text_3: autoDraw = True
14.2344 	DATA 	Keypress: space
16.1001 	DATA 	Keypress: space
17.5906 	DATA 	Mouse: Left button down, pos=(662,274)
17.7006 	DATA 	Mouse:  Left button up, pos=(662,274)
18.0575 	EXP 	Imported Trials_.xlsx as conditions, 3 conditions, 8 params
18.0583 	EXP 	Created sequence: sequential, trialTypes=3, nReps=1, seed=None
18.0593 	EXP 	New trial (rep=0, index=0): OrderedDict([('Color0', [1, 1, 0]), ('Color45', [1, 1, 1]), ('Color90', [0, 0, 1]), ('Color135', [0, 0, 0]), ('Color180', [1, 1, 0]), ('Color225', [1, 1, 0]), ('Color270', [1, 1, 0]), ('Color315', [0, 0, 0])])
18.0698 	DATA 	Keypress: space
18.0729 	EXP 	text_3: autoDraw = False
18.0729 	EXP 	pos0: fillColor = '[1. 1. 0.] (rgb)'
18.0729 	EXP 	pos0: lineColor = '[1. 1. 0.] (rgb)'
18.0729 	EXP 	pos45: fillColor = '[1. 1. 1.] (rgb)'
18.0729 	EXP 	pos45: lineColor = '[1. 1. 1.] (rgb)'
18.0729 	EXP 	pos90: fillColor = '[0. 0. 1.] (rgb)'
18.0729 	EXP 	pos90: lineColor = '[0. 0. 1.] (rgb)'
18.0729 	EXP 	pos135: fillColor = '[0. 0. 0.] (rgb)'
18.0729 	EXP 	pos135: lineColor = '[0. 0. 0.] (rgb)'
18.0729 	EXP 	pos180: fillColor = '[1. 1. 0.] (rgb)'
18.0729 	EXP 	pos180: lineColor = '[1. 1. 0.] (rgb)'
18.0729 	EXP 	pos225: fillColor = '[1. 1. 0.] (rgb)'
18.0729 	EXP 	pos225: lineColor = '[1. 1. 0.] (rgb)'
18.0729 	EXP 	pos270: fillColor = '[1. 1. 0.] (rgb)'
18.0729 	EXP 	pos270: lineColor = '[1. 1. 0.] (rgb)'
18.0729 	EXP 	pos315: fillColor = '[0. 0. 0.] (rgb)'
18.0729 	EXP 	pos315: lineColor = '[0. 0. 0.] (rgb)'
18.0729 	EXP 	pos0: autoDraw = True
18.0729 	EXP 	pos45: autoDraw = True
18.0729 	EXP 	pos90: autoDraw = True
18.0729 	EXP 	pos135: autoDraw = True
18.0729 	EXP 	pos180: autoDraw = True
18.0729 	EXP 	pos225: autoDraw = True
18.0729 	EXP 	pos270: autoDraw = True
18.0729 	EXP 	pos315: autoDraw = True
19.9365 	EXP 	New trial (rep=0, index=1): OrderedDict([('Color0', [1, 1, 1]), ('Color45', [1, 0.5, 1]), ('Color90', [1, 0.5, 1]), ('Color135', [1, 1, 0]), ('Color180', [1, 1, 0]), ('Color225', [0, 0, 0]), ('Color270', [1, 0.5, 1]), ('Color315', [1, 1, 0])])
19.9543 	EXP 	pos0: autoDraw = False
19.9543 	EXP 	pos45: autoDraw = False
19.9543 	EXP 	pos90: autoDraw = False
19.9543 	EXP 	pos135: autoDraw = False
19.9543 	EXP 	pos180: autoDraw = False
19.9543 	EXP 	pos225: autoDraw = False
19.9543 	EXP 	pos270: autoDraw = False
19.9543 	EXP 	pos315: autoDraw = False
19.9543 	EXP 	pos0: fillColor = '[1. 1. 1.] (rgb)'
19.9543 	EXP 	pos0: lineColor = '[1. 1. 1.] (rgb)'
19.9543 	EXP 	pos45: fillColor = '[1.  0.5 1. ] (rgb)'
19.9543 	EXP 	pos45: lineColor = '[1.  0.5 1. ] (rgb)'
19.9543 	EXP 	pos90: fillColor = '[1.  0.5 1. ] (rgb)'
19.9543 	EXP 	pos90: lineColor = '[1.  0.5 1. ] (rgb)'
19.9543 	EXP 	pos135: fillColor = '[1. 1. 0.] (rgb)'
19.9543 	EXP 	pos135: lineColor = '[1. 1. 0.] (rgb)'
19.9543 	EXP 	pos180: fillColor = '[1. 1. 0.] (rgb)'
19.9543 	EXP 	pos180: lineColor = '[1. 1. 0.] (rgb)'
19.9543 	EXP 	pos225: fillColor = '[0. 0. 0.] (rgb)'
19.9543 	EXP 	pos225: lineColor = '[0. 0. 0.] (rgb)'
19.9543 	EXP 	pos270: fillColor = '[1.  0.5 1. ] (rgb)'
19.9543 	EXP 	pos270: lineColor = '[1.  0.5 1. ] (rgb)'
19.9543 	EXP 	pos315: fillColor = '[1. 1. 0.] (rgb)'
19.9543 	EXP 	pos315: lineColor = '[1. 1. 0.] (rgb)'
19.9543 	EXP 	pos0: autoDraw = True
19.9543 	EXP 	pos45: autoDraw = True
19.9543 	EXP 	pos90: autoDraw = True
19.9543 	EXP 	pos135: autoDraw = True
19.9543 	EXP 	pos180: autoDraw = True
19.9543 	EXP 	pos225: autoDraw = True
19.9543 	EXP 	pos270: autoDraw = True
19.9543 	EXP 	pos315: autoDraw = True
21.9332 	EXP 	New trial (rep=0, index=2): OrderedDict([('Color0', [0, 0, 0]), ('Color45', [1, 1, 1]), ('Color90', [1, 1, 1]), ('Color135', [1, 1, 0]), ('Color180', [0, 0, 0]), ('Color225', [0, 0, 0]), ('Color270', [1, 1, 1]), ('Color315', [1, 1, 0])])
21.9513 	EXP 	pos0: autoDraw = False
21.9513 	EXP 	pos45: autoDraw = False
21.9513 	EXP 	pos90: autoDraw = False
21.9513 	EXP 	pos135: autoDraw = False
21.9513 	EXP 	pos180: autoDraw = False
21.9513 	EXP 	pos225: autoDraw = False
21.9513 	EXP 	pos270: autoDraw = False
21.9513 	EXP 	pos315: autoDraw = False
21.9513 	EXP 	pos0: fillColor = '[0. 0. 0.] (rgb)'
21.9513 	EXP 	pos0: lineColor = '[0. 0. 0.] (rgb)'
21.9513 	EXP 	pos45: fillColor = '[1. 1. 1.] (rgb)'
21.9513 	EXP 	pos45: lineColor = '[1. 1. 1.] (rgb)'
21.9513 	EXP 	pos90: fillColor = '[1. 1. 1.] (rgb)'
21.9513 	EXP 	pos90: lineColor = '[1. 1. 1.] (rgb)'
21.9513 	EXP 	pos135: fillColor = '[1. 1. 0.] (rgb)'
21.9513 	EXP 	pos135: lineColor = '[1. 1. 0.] (rgb)'
21.9513 	EXP 	pos180: fillColor = '[0. 0. 0.] (rgb)'
21.9513 	EXP 	pos180: lineColor = '[0. 0. 0.] (rgb)'
21.9513 	EXP 	pos225: fillColor = '[0. 0. 0.] (rgb)'
21.9513 	EXP 	pos225: lineColor = '[0. 0. 0.] (rgb)'
21.9513 	EXP 	pos270: fillColor = '[1. 1. 1.] (rgb)'
21.9513 	EXP 	pos270: lineColor = '[1. 1. 1.] (rgb)'
21.9513 	EXP 	pos315: fillColor = '[1. 1. 0.] (rgb)'
21.9513 	EXP 	pos315: lineColor = '[1. 1. 0.] (rgb)'
21.9513 	EXP 	pos0: autoDraw = True
21.9513 	EXP 	pos45: autoDraw = True
21.9513 	EXP 	pos90: autoDraw = True
21.9513 	EXP 	pos135: autoDraw = True
21.9513 	EXP 	pos180: autoDraw = True
21.9513 	EXP 	pos225: autoDraw = True
21.9513 	EXP 	pos270: autoDraw = True
21.9513 	EXP 	pos315: autoDraw = True
23.9432 	EXP 	pos0: autoDraw = False
23.9432 	EXP 	pos45: autoDraw = False
23.9432 	EXP 	pos90: autoDraw = False
23.9432 	EXP 	pos135: autoDraw = False
23.9432 	EXP 	pos180: autoDraw = False
23.9432 	EXP 	pos225: autoDraw = False
23.9432 	EXP 	pos270: autoDraw = False
23.9432 	EXP 	pos315: autoDraw = False
23.9432 	EXP 	text_2: autoDraw = True
32.0280 	DATA 	Keypress: space
32.8275 	DATA 	Keypress: escape
33.1616 	EXP 	window1: mouseVisible = True
